#
# There is insufficient memory for the Java Runtime Environment to continue.
# Native memory allocation (malloc) failed to allocate 1987376 bytes for Chunk::new
# Possible reasons:
#   The system is out of physical RAM or swap space
#   The process is running with CompressedOops enabled, and the Java Heap may be blocking the growth of the native heap
# Possible solutions:
#   Reduce memory load on the system
#   Increase physical memory or swap space
#   Check if swap backing store is full
#   Decrease Java heap size (-Xmx/-Xms)
#   Decrease number of Java threads
#   Decrease Java thread stack sizes (-Xss)
#   Set larger code cache with -XX:ReservedCodeCacheSize=
#   JVM is running with Unscaled Compressed Oops mode in which the Java heap is
#     placed in the first 4GB address space. The Java Heap base address is the
#     maximum limit for the native heap growth. Please use -XX:HeapBaseMinAddress
#     to set the Java Heap base and to place the Java Heap above 4GB virtual address.
# This output file may be truncated or incomplete.
#
#  Out of Memory Error (./src/hotspot/share/memory/arena.cpp:197), pid=21476, tid=23772
#
# JRE version: OpenJDK Runtime Environment (11.0.12+7) (build 11.0.12+7-b1504.28-7817840)
# Java VM: OpenJDK 64-Bit Server VM (11.0.12+7-b1504.28-7817840, mixed mode, tiered, compressed oops, g1 gc, windows-amd64)
# No core dump will be written. Minidumps are not enabled by default on client versions of Windows
#

---------------  S U M M A R Y ------------

Command Line: --add-opens=java.base/java.util=ALL-UNNAMED --add-opens=java.base/java.lang=ALL-UNNAMED --add-opens=java.base/java.lang.invoke=ALL-UNNAMED --add-opens=java.base/java.util=ALL-UNNAMED --add-opens=java.prefs/java.util.prefs=ALL-UNNAMED --add-opens=java.prefs/java.util.prefs=ALL-UNNAMED --add-opens=java.base/java.nio.charset=ALL-UNNAMED --add-opens=java.base/java.net=ALL-UNNAMED --add-opens=java.base/java.util.concurrent.atomic=ALL-UNNAMED -Xmx2048m -Dfile.encoding=UTF-8 -Duser.country=KR -Duser.language=ko -Duser.variant org.gradle.launcher.daemon.bootstrap.GradleDaemon 7.0.2

Host: Intel(R) Core(TM) i7-1065G7 CPU @ 1.30GHz, 8 cores, 15G,  Windows 10 , 64 bit Build 19041 (10.0.19041.1889)
Time: Sun Aug 14 01:12:05 2022 대한민국 표준시 elapsed time: 48.030195 seconds (0d 0h 0m 48s)

---------------  T H R E A D  ---------------

Current thread (0x00000166be6e2000):  JavaThread "C2 CompilerThread2" daemon [_thread_in_native, id=23772, stack(0x0000003413800000,0x0000003413900000)]


Current CompileTask:
C2:  48030 10619   !   4       org.gradle.internal.instantiation.generator.DependencyInjectingInstantiator::doCreate (64 bytes)

Stack: [0x0000003413800000,0x0000003413900000]
Native frames: (J=compiled Java code, j=interpreted, Vv=VM code, C=native code)
V  [jvm.dll+0x5fbcea]
V  [jvm.dll+0x731905]
V  [jvm.dll+0x732f1d]
V  [jvm.dll+0x7335d3]
V  [jvm.dll+0x247bf8]
V  [jvm.dll+0xc018c]
V  [jvm.dll+0xc06cc]
V  [jvm.dll+0x35b31d]
V  [jvm.dll+0x328803]
V  [jvm.dll+0x327cfa]
V  [jvm.dll+0x200602]
V  [jvm.dll+0x1ff794]
V  [jvm.dll+0x18868c]
V  [jvm.dll+0x20e0d7]
V  [jvm.dll+0x20c901]
V  [jvm.dll+0x6f9b7f]
V  [jvm.dll+0x6f26a5]
V  [jvm.dll+0x5fabf6]
C  [ucrtbase.dll+0x21bb2]
C  [KERNEL32.DLL+0x17034]
C  [ntdll.dll+0x52651]


---------------  P R O C E S S  ---------------

Threads class SMR info:
_java_thread_list=0x00000166bb0e5790, length=64, elements={
0x000001669c05e800, 0x00000166b6d60800, 0x00000166b6d62000, 0x00000166b6ddc800,
0x00000166b6de0800, 0x00000166b6de1800, 0x00000166b6de2800, 0x00000166b6de6000,
0x00000166b6de7000, 0x00000166b6f59000, 0x00000166b898e800, 0x00000166b81a3000,
0x00000166b7734800, 0x00000166b892c000, 0x00000166b70ac800, 0x00000166b9af1800,
0x00000166b9aef800, 0x00000166b6faa000, 0x00000166b9c0d800, 0x00000166b7252000,
0x00000166b7250800, 0x00000166b7253800, 0x00000166b7251000, 0x00000166b7253000,
0x00000166b7254800, 0x00000166b7255800, 0x00000166b724f800, 0x00000166b7256000,
0x00000166bbaa4800, 0x00000166bbaa4000, 0x00000166bbaa6800, 0x00000166bbaa9000,
0x00000166bbaa3000, 0x00000166bbaa9800, 0x00000166bbaaa800, 0x00000166bbaa8000,
0x00000166bbab0000, 0x00000166bbab1000, 0x00000166bbaad800, 0x00000166bbaab800,
0x00000166bbaac000, 0x00000166bbaad000, 0x00000166bbad4000, 0x00000166bbad2000,
0x00000166bbad4800, 0x00000166bbad3000, 0x00000166bbad5800, 0x00000166bbad1800,
0x00000166bbad0000, 0x00000166bbad0800, 0x00000166bbad6800, 0x00000166bbadd000,
0x00000166bbadd800, 0x00000166bbad8000, 0x00000166bbade800, 0x00000166bbad9800,
0x00000166bbada800, 0x00000166bbadb000, 0x00000166bbaa7000, 0x00000166be6e1000,
0x00000166be6de800, 0x00000166be6e0000, 0x00000166be6de000, 0x00000166be6e2000
}

Java Threads: ( => current thread )
  0x000001669c05e800 JavaThread "main" [_thread_blocked, id=23352, stack(0x000000340e800000,0x000000340e900000)]
  0x00000166b6d60800 JavaThread "Reference Handler" daemon [_thread_blocked, id=21360, stack(0x000000340ef00000,0x000000340f000000)]
  0x00000166b6d62000 JavaThread "Finalizer" daemon [_thread_blocked, id=18032, stack(0x000000340f000000,0x000000340f100000)]
  0x00000166b6ddc800 JavaThread "Signal Dispatcher" daemon [_thread_blocked, id=25592, stack(0x000000340f100000,0x000000340f200000)]
  0x00000166b6de0800 JavaThread "Attach Listener" daemon [_thread_blocked, id=13496, stack(0x000000340f200000,0x000000340f300000)]
  0x00000166b6de1800 JavaThread "Service Thread" daemon [_thread_blocked, id=11872, stack(0x000000340f300000,0x000000340f400000)]
  0x00000166b6de2800 JavaThread "C2 CompilerThread0" daemon [_thread_in_native, id=19288, stack(0x000000340f400000,0x000000340f500000)]
  0x00000166b6de6000 JavaThread "C1 CompilerThread0" daemon [_thread_blocked, id=24120, stack(0x000000340f500000,0x000000340f600000)]
  0x00000166b6de7000 JavaThread "Sweeper thread" daemon [_thread_blocked, id=23600, stack(0x000000340f600000,0x000000340f700000)]
  0x00000166b6f59000 JavaThread "Common-Cleaner" daemon [_thread_blocked, id=13964, stack(0x000000340f700000,0x000000340f800000)]
  0x00000166b898e800 JavaThread "Daemon health stats" [_thread_blocked, id=8280, stack(0x000000340ff00000,0x0000003410000000)]
  0x00000166b81a3000 JavaThread "Incoming local TCP Connector on port 60807" [_thread_in_native, id=16468, stack(0x000000340fe00000,0x000000340ff00000)]
  0x00000166b7734800 JavaThread "Daemon periodic checks" [_thread_blocked, id=24744, stack(0x0000003410000000,0x0000003410100000)]
  0x00000166b892c000 JavaThread "Daemon" [_thread_blocked, id=2848, stack(0x0000003410100000,0x0000003410200000)]
  0x00000166b70ac800 JavaThread "Handler for socket connection from /127.0.0.1:60807 to /127.0.0.1:60808" [_thread_in_native, id=8980, stack(0x0000003410200000,0x0000003410300000)]
  0x00000166b9af1800 JavaThread "Cancel handler" [_thread_blocked, id=2272, stack(0x0000003410300000,0x0000003410400000)]
  0x00000166b9aef800 JavaThread "Daemon worker" [_thread_blocked, id=5688, stack(0x0000003410400000,0x0000003410500000)]
  0x00000166b6faa000 JavaThread "Asynchronous log dispatcher for DefaultDaemonConnection: socket connection from /127.0.0.1:60807 to /127.0.0.1:60808" [_thread_blocked, id=17480, stack(0x0000003410500000,0x0000003410600000)]
  0x00000166b9c0d800 JavaThread "Stdin handler" [_thread_blocked, id=15624, stack(0x0000003410600000,0x0000003410700000)]
  0x00000166b7252000 JavaThread "Daemon client event forwarder" [_thread_blocked, id=9860, stack(0x0000003410700000,0x0000003410800000)]
  0x00000166b7250800 JavaThread "Cache worker for file hash cache (C:\Users\min20\.gradle\caches\7.0.2\fileHashes)" [_thread_blocked, id=25072, stack(0x0000003410800000,0x0000003410900000)]
  0x00000166b7253800 JavaThread "File lock request listener" [_thread_in_native, id=19932, stack(0x0000003410900000,0x0000003410a00000)]
  0x00000166b7251000 JavaThread "Cache worker for journal cache (C:\Users\min20\.gradle\caches\journal-1)" [_thread_blocked, id=6948, stack(0x0000003410d00000,0x0000003410e00000)]
  0x00000166b7253000 JavaThread "Cache worker for file hash cache (C:\Android\Android Project\2022meit\backup2\.gradle\7.0.2\fileHashes)" [_thread_blocked, id=11240, stack(0x0000003410f00000,0x0000003411000000)]
  0x00000166b7254800 JavaThread "File watcher server" daemon [_thread_in_native, id=10012, stack(0x0000003411000000,0x0000003411100000)]
  0x00000166b7255800 JavaThread "File watcher consumer" daemon [_thread_blocked, id=3632, stack(0x0000003411100000,0x0000003411200000)]
  0x00000166b724f800 JavaThread "Cache worker for checksums cache (C:\Android\Android Project\2022meit\backup2\.gradle\checksums)" [_thread_blocked, id=16940, stack(0x0000003410e00000,0x0000003410f00000)]
  0x00000166b7256000 JavaThread "Cache worker for cache directory md-supplier (C:\Users\min20\.gradle\caches\7.0.2\md-supplier)" [_thread_blocked, id=23116, stack(0x0000003411200000,0x0000003411300000)]
  0x00000166bbaa4800 JavaThread "Cache worker for cache directory md-rule (C:\Users\min20\.gradle\caches\7.0.2\md-rule)" [_thread_blocked, id=13132, stack(0x0000003411400000,0x0000003411500000)]
  0x00000166bbaa4000 JavaThread "Cache worker for execution history cache (C:\Users\min20\.gradle\caches\7.0.2\executionHistory)" [_thread_blocked, id=3024, stack(0x0000003411500000,0x0000003411600000)]
  0x00000166bbaa6800 JavaThread "jar transforms" [_thread_blocked, id=10296, stack(0x0000003411700000,0x0000003411800000)]
  0x00000166bbaa9000 JavaThread "jar transforms Thread 2" [_thread_blocked, id=11396, stack(0x0000003411800000,0x0000003411900000)]
  0x00000166bbaa3000 JavaThread "Cache worker for file content cache (C:\Users\min20\.gradle\caches\7.0.2\fileContent)" [_thread_blocked, id=2240, stack(0x0000003411900000,0x0000003411a00000)]
  0x00000166bbaa9800 JavaThread "Cache worker for dependencies-accessors (C:\Android\Android Project\2022meit\backup2\.gradle\7.0.2\dependencies-accessors)" [_thread_blocked, id=19864, stack(0x0000003411a00000,0x0000003411b00000)]
  0x00000166bbaaa800 JavaThread "jar transforms Thread 3" [_thread_blocked, id=13792, stack(0x0000003411300000,0x0000003411400000)]
  0x00000166bbaa8000 JavaThread "Cache worker for Build Output Cleanup Cache (C:\Android\Android Project\2022meit\backup2\.gradle\buildOutputCleanup)" [_thread_blocked, id=13204, stack(0x0000003411600000,0x0000003411700000)]
  0x00000166bbab0000 JavaThread "Build operations" [_thread_in_native, id=16588, stack(0x0000003411c00000,0x0000003411d00000)]
  0x00000166bbab1000 JavaThread "Build operations Thread 2" [_thread_blocked, id=22628, stack(0x0000003411d00000,0x0000003411e00000)]
  0x00000166bbaad800 JavaThread "Build operations Thread 3" [_thread_in_native, id=16568, stack(0x0000003411e00000,0x0000003411f00000)]
  0x00000166bbaab800 JavaThread "Build operations Thread 4" [_thread_blocked, id=13552, stack(0x0000003411f00000,0x0000003412000000)]
  0x00000166bbaac000 JavaThread "Build operations Thread 5" [_thread_blocked, id=12792, stack(0x0000003412000000,0x0000003412100000)]
  0x00000166bbaad000 JavaThread "Build operations Thread 6" [_thread_in_native, id=5888, stack(0x0000003412100000,0x0000003412200000)]
  0x00000166bbad4000 JavaThread "Build operations Thread 7" [_thread_blocked, id=8948, stack(0x0000003412200000,0x0000003412300000)]
  0x00000166bbad2000 JavaThread "Build operations Thread 8" [_thread_in_native, id=3440, stack(0x0000003412300000,0x0000003412400000)]
  0x00000166bbad4800 JavaThread "jar transforms Thread 4" [_thread_blocked, id=22332, stack(0x0000003412400000,0x0000003412500000)]
  0x00000166bbad3000 JavaThread "jar transforms Thread 5" [_thread_blocked, id=6688, stack(0x0000003412500000,0x0000003412600000)]
  0x00000166bbad5800 JavaThread "jar transforms Thread 6" [_thread_blocked, id=14532, stack(0x0000003412600000,0x0000003412700000)]
  0x00000166bbad1800 JavaThread "jar transforms Thread 7" [_thread_blocked, id=11524, stack(0x0000003412700000,0x0000003412800000)]
  0x00000166bbad0000 JavaThread "jar transforms Thread 8" [_thread_blocked, id=6432, stack(0x0000003412800000,0x0000003412900000)]
  0x00000166bbad0800 JavaThread "Memory manager" [_thread_blocked, id=15372, stack(0x0000003412900000,0x0000003412a00000)]
  0x00000166bbad6800 JavaThread "build event listener" [_thread_blocked, id=3140, stack(0x0000003412b00000,0x0000003412c00000)]
  0x00000166bbadd000 JavaThread "pool-3-thread-1" [_thread_blocked, id=21316, stack(0x0000003412a00000,0x0000003412b00000)]
  0x00000166bbadd800 JavaThread "build event listener" [_thread_blocked, id=16340, stack(0x0000003412c00000,0x0000003412d00000)]
  0x00000166bbad8000 JavaThread "Execution worker for ':'" [_thread_blocked, id=12372, stack(0x0000003412d00000,0x0000003412e00000)]
  0x00000166bbade800 JavaThread "Execution worker for ':' Thread 2" [_thread_blocked, id=6036, stack(0x0000003412e00000,0x0000003412f00000)]
  0x00000166bbad9800 JavaThread "Execution worker for ':' Thread 3" [_thread_blocked, id=11216, stack(0x0000003412f00000,0x0000003413000000)]
  0x00000166bbada800 JavaThread "Execution worker for ':' Thread 4" [_thread_blocked, id=13872, stack(0x0000003413000000,0x0000003413100000)]
  0x00000166bbadb000 JavaThread "Execution worker for ':' Thread 5" [_thread_blocked, id=13020, stack(0x0000003413100000,0x0000003413200000)]
  0x00000166bbaa7000 JavaThread "Execution worker for ':' Thread 6" [_thread_blocked, id=17092, stack(0x0000003413200000,0x0000003413300000)]
  0x00000166be6e1000 JavaThread "Execution worker for ':' Thread 7" [_thread_blocked, id=15288, stack(0x0000003413300000,0x0000003413400000)]
  0x00000166be6de800 JavaThread "Cache worker for execution history cache (C:\Android\Android Project\2022meit\backup2\.gradle\7.0.2\executionHistory)" [_thread_blocked, id=12100, stack(0x0000003411b00000,0x0000003411c00000)]
  0x00000166be6e0000 JavaThread "WorkerExecutor Queue" [_thread_in_vm, id=20616, stack(0x0000003413600000,0x0000003413700000)]
  0x00000166be6de000 JavaThread "C2 CompilerThread1" daemon [_thread_in_native, id=3176, stack(0x0000003413700000,0x0000003413800000)]
=>0x00000166be6e2000 JavaThread "C2 CompilerThread2" daemon [_thread_in_native, id=23772, stack(0x0000003413800000,0x0000003413900000)]

Other Threads:
  0x00000166b6d5c800 VMThread "VM Thread" [stack: 0x000000340ee00000,0x000000340ef00000] [id=20488]
  0x00000166b6fb8800 WatcherThread [stack: 0x000000340f800000,0x000000340f900000] [id=11372]
  0x000001669c078000 GCTaskThread "GC Thread#0" [stack: 0x000000340e900000,0x000000340ea00000] [id=21532]
  0x00000166b7be9800 GCTaskThread "GC Thread#1" [stack: 0x000000340f900000,0x000000340fa00000] [id=25048]
  0x00000166b7b98800 GCTaskThread "GC Thread#2" [stack: 0x000000340fa00000,0x000000340fb00000] [id=23016]
  0x00000166b7b99800 GCTaskThread "GC Thread#3" [stack: 0x000000340fb00000,0x000000340fc00000] [id=19276]
  0x00000166b7bb6800 GCTaskThread "GC Thread#4" [stack: 0x000000340fc00000,0x000000340fd00000] [id=18872]
  0x00000166b7bb7000 GCTaskThread "GC Thread#5" [stack: 0x000000340fd00000,0x000000340fe00000] [id=12520]
  0x00000166b91e1800 GCTaskThread "GC Thread#6" [stack: 0x0000003410a00000,0x0000003410b00000] [id=18960]
  0x00000166b7ee6000 GCTaskThread "GC Thread#7" [stack: 0x0000003410b00000,0x0000003410c00000] [id=18248]
  0x000001669c0a8800 ConcurrentGCThread "G1 Main Marker" [stack: 0x000000340ea00000,0x000000340eb00000] [id=18160]
  0x000001669c0a9800 ConcurrentGCThread "G1 Conc#0" [stack: 0x000000340eb00000,0x000000340ec00000] [id=16316]
  0x00000166b7437800 ConcurrentGCThread "G1 Conc#1" [stack: 0x0000003410c00000,0x0000003410d00000] [id=20692]
  0x00000166b63a8800 ConcurrentGCThread "G1 Refine#0" [stack: 0x000000340ec00000,0x000000340ed00000] [id=25136]
  0x00000166b63a9800 ConcurrentGCThread "G1 Young RemSet Sampling" [stack: 0x000000340ed00000,0x000000340ee00000] [id=18944]

Threads with active compile tasks:
C2 CompilerThread0  48095 10518       4       org.gradle.internal.instantiation.generator.AbstractClassGenerator$PropertyMetadata::hasAnnotation (40 bytes)
C2 CompilerThread1  48095 10640       4       org.gradle.tooling.internal.provider.runner.TaskOriginTracker::started (62 bytes)
C2 CompilerThread2  48095 10619   !   4       org.gradle.internal.instantiation.generator.DependencyInjectingInstantiator::doCreate (64 bytes)

VM state:not at safepoint (normal execution)

VM Mutex/Monitor currently owned by a thread: None

Heap address: 0x0000000080000000, size: 2048 MB, Compressed Oops mode: 32-bit
Narrow klass base: 0x0000000000000000, Narrow klass shift: 3
Compressed class space size: 1073741824 Address: 0x0000000100000000

Heap:
 garbage-first heap   total 260096K, used 155391K [0x0000000080000000, 0x0000000100000000)
  region size 1024K, 87 young (89088K), 8 survivors (8192K)
 Metaspace       used 86035K, capacity 88225K, committed 88448K, reserved 1126400K
  class space    used 11037K, capacity 11841K, committed 11904K, reserved 1048576K
Heap Regions: E=young(eden), S=young(survivor), O=old, HS=humongous(starts), HC=humongous(continues), CS=collection set, F=free, A=archive, TAMS=top-at-mark-start (previous, next)
|   0|0x0000000080000000, 0x0000000080100000, 0x0000000080100000|100%| O|  |TAMS 0x0000000080100000, 0x0000000080000000| Untracked 
|   1|0x0000000080100000, 0x0000000080200000, 0x0000000080200000|100%| O|  |TAMS 0x0000000080200000, 0x0000000080100000| Untracked 
|   2|0x0000000080200000, 0x0000000080300000, 0x0000000080300000|100%| O|  |TAMS 0x0000000080300000, 0x0000000080200000| Untracked 
|   3|0x0000000080300000, 0x0000000080400000, 0x0000000080400000|100%|HS|  |TAMS 0x0000000080400000, 0x0000000080300000| Complete 
|   4|0x0000000080400000, 0x0000000080500000, 0x0000000080500000|100%|HC|  |TAMS 0x0000000080500000, 0x0000000080400000| Complete 
|   5|0x0000000080500000, 0x0000000080600000, 0x0000000080600000|100%|HC|  |TAMS 0x0000000080600000, 0x0000000080500000| Complete 
|   6|0x0000000080600000, 0x0000000080700000, 0x0000000080700000|100%| O|  |TAMS 0x0000000080700000, 0x0000000080600000| Untracked 
|   7|0x0000000080700000, 0x0000000080800000, 0x0000000080800000|100%| O|  |TAMS 0x0000000080800000, 0x0000000080700000| Untracked 
|   8|0x0000000080800000, 0x0000000080900000, 0x0000000080900000|100%| O|  |TAMS 0x0000000080900000, 0x0000000080800000| Untracked 
|   9|0x0000000080900000, 0x0000000080a00000, 0x0000000080a00000|100%| O|  |TAMS 0x0000000080a00000, 0x0000000080900000| Untracked 
|  10|0x0000000080a00000, 0x0000000080b00000, 0x0000000080b00000|100%| O|  |TAMS 0x0000000080b00000, 0x0000000080a00000| Untracked 
|  11|0x0000000080b00000, 0x0000000080c00000, 0x0000000080c00000|100%| O|  |TAMS 0x0000000080c00000, 0x0000000080b00000| Untracked 
|  12|0x0000000080c00000, 0x0000000080d00000, 0x0000000080d00000|100%| O|  |TAMS 0x0000000080d00000, 0x0000000080c00000| Untracked 
|  13|0x0000000080d00000, 0x0000000080e00000, 0x0000000080e00000|100%| O|  |TAMS 0x0000000080e00000, 0x0000000080d00000| Untracked 
|  14|0x0000000080e00000, 0x0000000080f00000, 0x0000000080f00000|100%| O|  |TAMS 0x0000000080f00000, 0x0000000080e00000| Untracked 
|  15|0x0000000080f00000, 0x0000000081000000, 0x0000000081000000|100%| O|  |TAMS 0x0000000081000000, 0x0000000080f00000| Untracked 
|  16|0x0000000081000000, 0x0000000081100000, 0x0000000081100000|100%| O|  |TAMS 0x0000000081100000, 0x0000000081000000| Untracked 
|  17|0x0000000081100000, 0x0000000081200000, 0x0000000081200000|100%|HS|  |TAMS 0x0000000081200000, 0x0000000081100000| Complete 
|  18|0x0000000081200000, 0x0000000081300000, 0x0000000081300000|100%|HS|  |TAMS 0x0000000081300000, 0x0000000081200000| Complete 
|  19|0x0000000081300000, 0x0000000081400000, 0x0000000081400000|100%|HS|  |TAMS 0x0000000081400000, 0x0000000081300000| Complete 
|  20|0x0000000081400000, 0x0000000081500000, 0x0000000081500000|100%|HC|  |TAMS 0x0000000081500000, 0x0000000081400000| Complete 
|  21|0x0000000081500000, 0x0000000081600000, 0x0000000081600000|100%| O|  |TAMS 0x0000000081600000, 0x0000000081500000| Untracked 
|  22|0x0000000081600000, 0x0000000081700000, 0x0000000081700000|100%| O|  |TAMS 0x0000000081700000, 0x0000000081600000| Untracked 
|  23|0x0000000081700000, 0x0000000081800000, 0x0000000081800000|100%| O|  |TAMS 0x0000000081800000, 0x0000000081700000| Untracked 
|  24|0x0000000081800000, 0x0000000081900000, 0x0000000081900000|100%| O|  |TAMS 0x0000000081900000, 0x0000000081800000| Untracked 
|  25|0x0000000081900000, 0x0000000081a00000, 0x0000000081a00000|100%| O|  |TAMS 0x0000000081a00000, 0x0000000081900000| Untracked 
|  26|0x0000000081a00000, 0x0000000081b00000, 0x0000000081b00000|100%| O|  |TAMS 0x0000000081b00000, 0x0000000081a00000| Untracked 
|  27|0x0000000081b00000, 0x0000000081c00000, 0x0000000081c00000|100%| O|  |TAMS 0x0000000081c00000, 0x0000000081b00000| Untracked 
|  28|0x0000000081c00000, 0x0000000081d00000, 0x0000000081d00000|100%| O|  |TAMS 0x0000000081d00000, 0x0000000081c00000| Untracked 
|  29|0x0000000081d00000, 0x0000000081e00000, 0x0000000081e00000|100%| O|  |TAMS 0x0000000081e00000, 0x0000000081d00000| Untracked 
|  30|0x0000000081e00000, 0x0000000081f00000, 0x0000000081f00000|100%| O|  |TAMS 0x0000000081f00000, 0x0000000081e00000| Untracked 
|  31|0x0000000081f00000, 0x0000000082000000, 0x0000000082000000|100%| O|  |TAMS 0x0000000082000000, 0x0000000081f00000| Untracked 
|  32|0x0000000082000000, 0x0000000082100000, 0x0000000082100000|100%| O|  |TAMS 0x0000000082100000, 0x0000000082000000| Untracked 
|  33|0x0000000082100000, 0x0000000082200000, 0x0000000082200000|100%| O|  |TAMS 0x0000000082200000, 0x0000000082100000| Untracked 
|  34|0x0000000082200000, 0x0000000082300000, 0x0000000082300000|100%| O|  |TAMS 0x0000000082300000, 0x0000000082200000| Untracked 
|  35|0x0000000082300000, 0x0000000082400000, 0x0000000082400000|100%| O|  |TAMS 0x0000000082400000, 0x0000000082300000| Untracked 
|  36|0x0000000082400000, 0x0000000082500000, 0x0000000082500000|100%| O|  |TAMS 0x0000000082500000, 0x0000000082400000| Untracked 
|  37|0x0000000082500000, 0x0000000082600000, 0x0000000082600000|100%| O|  |TAMS 0x0000000082600000, 0x0000000082500000| Untracked 
|  38|0x0000000082600000, 0x0000000082700000, 0x0000000082700000|100%| O|  |TAMS 0x0000000082700000, 0x0000000082600000| Untracked 
|  39|0x0000000082700000, 0x0000000082800000, 0x0000000082800000|100%| O|  |TAMS 0x0000000082800000, 0x0000000082700000| Untracked 
|  40|0x0000000082800000, 0x0000000082900000, 0x0000000082900000|100%| O|  |TAMS 0x00000000828ec800, 0x0000000082800000| Untracked 
|  41|0x0000000082900000, 0x0000000082a00000, 0x0000000082a00000|100%| O|  |TAMS 0x0000000082900000, 0x0000000082900000| Untracked 
|  42|0x0000000082a00000, 0x0000000082b00000, 0x0000000082b00000|100%| O|  |TAMS 0x0000000082a00000, 0x0000000082a00000| Untracked 
|  43|0x0000000082b00000, 0x0000000082c00000, 0x0000000082c00000|100%| O|  |TAMS 0x0000000082b00000, 0x0000000082b00000| Untracked 
|  44|0x0000000082c00000, 0x0000000082d00000, 0x0000000082d00000|100%| O|  |TAMS 0x0000000082c00000, 0x0000000082c00000| Untracked 
|  45|0x0000000082d00000, 0x0000000082e00000, 0x0000000082e00000|100%| O|  |TAMS 0x0000000082d00000, 0x0000000082d00000| Untracked 
|  46|0x0000000082e00000, 0x0000000082f00000, 0x0000000082f00000|100%| O|  |TAMS 0x0000000082e00000, 0x0000000082e00000| Untracked 
|  47|0x0000000082f00000, 0x0000000083000000, 0x0000000083000000|100%| O|  |TAMS 0x0000000082f00000, 0x0000000082f00000| Untracked 
|  48|0x0000000083000000, 0x0000000083100000, 0x0000000083100000|100%| O|  |TAMS 0x0000000083000000, 0x0000000083000000| Untracked 
|  49|0x0000000083100000, 0x0000000083200000, 0x0000000083200000|100%| O|  |TAMS 0x0000000083100000, 0x0000000083100000| Untracked 
|  50|0x0000000083200000, 0x0000000083300000, 0x0000000083300000|100%| O|  |TAMS 0x0000000083200000, 0x0000000083200000| Untracked 
|  51|0x0000000083300000, 0x0000000083400000, 0x0000000083400000|100%| O|  |TAMS 0x0000000083300000, 0x0000000083300000| Untracked 
|  52|0x0000000083400000, 0x0000000083500000, 0x0000000083500000|100%| O|  |TAMS 0x0000000083400000, 0x0000000083400000| Untracked 
|  53|0x0000000083500000, 0x0000000083600000, 0x0000000083600000|100%| O|  |TAMS 0x0000000083500000, 0x0000000083500000| Untracked 
|  54|0x0000000083600000, 0x0000000083700000, 0x0000000083700000|100%| O|  |TAMS 0x0000000083600000, 0x0000000083600000| Untracked 
|  55|0x0000000083700000, 0x0000000083800000, 0x0000000083800000|100%| O|  |TAMS 0x0000000083700000, 0x0000000083700000| Untracked 
|  56|0x0000000083800000, 0x0000000083900000, 0x0000000083900000|100%| O|  |TAMS 0x0000000083800000, 0x0000000083800000| Untracked 
|  57|0x0000000083900000, 0x0000000083a00000, 0x0000000083a00000|100%| O|  |TAMS 0x0000000083900000, 0x0000000083900000| Untracked 
|  58|0x0000000083a00000, 0x0000000083b00000, 0x0000000083b00000|100%| O|  |TAMS 0x0000000083a00000, 0x0000000083a00000| Untracked 
|  59|0x0000000083b00000, 0x0000000083c00000, 0x0000000083c00000|100%| O|  |TAMS 0x0000000083b00000, 0x0000000083b00000| Untracked 
|  60|0x0000000083c00000, 0x0000000083d00000, 0x0000000083d00000|100%| O|  |TAMS 0x0000000083c00000, 0x0000000083c00000| Untracked 
|  61|0x0000000083d00000, 0x0000000083e00000, 0x0000000083e00000|100%| O|  |TAMS 0x0000000083d00000, 0x0000000083d00000| Untracked 
|  62|0x0000000083e00000, 0x0000000083f00000, 0x0000000083f00000|100%| O|  |TAMS 0x0000000083e00000, 0x0000000083e00000| Untracked 
|  63|0x0000000083f00000, 0x0000000084000000, 0x0000000084000000|100%| O|  |TAMS 0x0000000083f00000, 0x0000000083f00000| Untracked 
|  64|0x0000000084000000, 0x0000000084100000, 0x0000000084100000|100%| O|  |TAMS 0x0000000084000000, 0x0000000084000000| Untracked 
|  65|0x0000000084100000, 0x0000000084200000, 0x0000000084200000|100%| O|  |TAMS 0x0000000084100000, 0x0000000084100000| Untracked 
|  66|0x0000000084200000, 0x0000000084300000, 0x0000000084300000|100%| O|  |TAMS 0x0000000084200000, 0x0000000084200000| Untracked 
|  67|0x0000000084300000, 0x0000000084327e00, 0x0000000084400000| 15%| O|  |TAMS 0x0000000084300000, 0x0000000084300000| Untracked 
|  68|0x0000000084400000, 0x0000000084400000, 0x0000000084500000|  0%| F|  |TAMS 0x0000000084400000, 0x0000000084400000| Untracked 
|  69|0x0000000084500000, 0x0000000084500000, 0x0000000084600000|  0%| F|  |TAMS 0x0000000084500000, 0x0000000084500000| Untracked 
|  70|0x0000000084600000, 0x0000000084600000, 0x0000000084700000|  0%| F|  |TAMS 0x0000000084600000, 0x0000000084600000| Untracked 
|  71|0x0000000084700000, 0x0000000084700000, 0x0000000084800000|  0%| F|  |TAMS 0x0000000084700000, 0x0000000084700000| Untracked 
|  72|0x0000000084800000, 0x0000000084800000, 0x0000000084900000|  0%| F|  |TAMS 0x0000000084800000, 0x0000000084800000| Untracked 
|  73|0x0000000084900000, 0x0000000084900000, 0x0000000084a00000|  0%| F|  |TAMS 0x0000000084900000, 0x0000000084900000| Untracked 
|  74|0x0000000084a00000, 0x0000000084a00000, 0x0000000084b00000|  0%| F|  |TAMS 0x0000000084a00000, 0x0000000084a00000| Untracked 
|  75|0x0000000084b00000, 0x0000000084b00000, 0x0000000084c00000|  0%| F|  |TAMS 0x0000000084b00000, 0x0000000084b00000| Untracked 
|  76|0x0000000084c00000, 0x0000000084c00000, 0x0000000084d00000|  0%| F|  |TAMS 0x0000000084c00000, 0x0000000084c00000| Untracked 
|  77|0x0000000084d00000, 0x0000000084d00000, 0x0000000084e00000|  0%| F|  |TAMS 0x0000000084d00000, 0x0000000084d00000| Untracked 
|  78|0x0000000084e00000, 0x0000000084e00000, 0x0000000084f00000|  0%| F|  |TAMS 0x0000000084e00000, 0x0000000084e00000| Untracked 
|  79|0x0000000084f00000, 0x0000000084f00000, 0x0000000085000000|  0%| F|  |TAMS 0x0000000084f00000, 0x0000000084f00000| Untracked 
|  80|0x0000000085000000, 0x0000000085000000, 0x0000000085100000|  0%| F|  |TAMS 0x0000000085000000, 0x0000000085000000| Untracked 
|  81|0x0000000085100000, 0x0000000085100000, 0x0000000085200000|  0%| F|  |TAMS 0x0000000085100000, 0x0000000085100000| Untracked 
|  82|0x0000000085200000, 0x0000000085200000, 0x0000000085300000|  0%| F|  |TAMS 0x0000000085200000, 0x0000000085200000| Untracked 
|  83|0x0000000085300000, 0x0000000085300000, 0x0000000085400000|  0%| F|  |TAMS 0x0000000085300000, 0x0000000085300000| Untracked 
|  84|0x0000000085400000, 0x0000000085400000, 0x0000000085500000|  0%| F|  |TAMS 0x0000000085400000, 0x0000000085400000| Untracked 
|  85|0x0000000085500000, 0x0000000085500000, 0x0000000085600000|  0%| F|  |TAMS 0x0000000085500000, 0x0000000085500000| Untracked 
|  86|0x0000000085600000, 0x0000000085600000, 0x0000000085700000|  0%| F|  |TAMS 0x0000000085600000, 0x0000000085600000| Untracked 
|  87|0x0000000085700000, 0x0000000085700000, 0x0000000085800000|  0%| F|  |TAMS 0x0000000085700000, 0x0000000085700000| Untracked 
|  88|0x0000000085800000, 0x0000000085800000, 0x0000000085900000|  0%| F|  |TAMS 0x0000000085800000, 0x0000000085800000| Untracked 
|  89|0x0000000085900000, 0x0000000085900000, 0x0000000085a00000|  0%| F|  |TAMS 0x0000000085900000, 0x0000000085900000| Untracked 
|  90|0x0000000085a00000, 0x0000000085a00000, 0x0000000085b00000|  0%| F|  |TAMS 0x0000000085a00000, 0x0000000085a00000| Untracked 
|  91|0x0000000085b00000, 0x0000000085b00000, 0x0000000085c00000|  0%| F|  |TAMS 0x0000000085b00000, 0x0000000085b00000| Untracked 
|  92|0x0000000085c00000, 0x0000000085c00000, 0x0000000085d00000|  0%| F|  |TAMS 0x0000000085c00000, 0x0000000085c00000| Untracked 
|  93|0x0000000085d00000, 0x0000000085d00000, 0x0000000085e00000|  0%| F|  |TAMS 0x0000000085d00000, 0x0000000085d00000| Untracked 
|  94|0x0000000085e00000, 0x0000000085e00000, 0x0000000085f00000|  0%| F|  |TAMS 0x0000000085e00000, 0x0000000085e00000| Untracked 
|  95|0x0000000085f00000, 0x0000000085f00000, 0x0000000086000000|  0%| F|  |TAMS 0x0000000085f00000, 0x0000000085f00000| Untracked 
|  96|0x0000000086000000, 0x0000000086000000, 0x0000000086100000|  0%| F|  |TAMS 0x0000000086000000, 0x0000000086000000| Untracked 
|  97|0x0000000086100000, 0x0000000086100000, 0x0000000086200000|  0%| F|  |TAMS 0x0000000086100000, 0x0000000086100000| Untracked 
|  98|0x0000000086200000, 0x0000000086200000, 0x0000000086300000|  0%| F|  |TAMS 0x0000000086200000, 0x0000000086200000| Untracked 
|  99|0x0000000086300000, 0x0000000086300000, 0x0000000086400000|  0%| F|  |TAMS 0x0000000086300000, 0x0000000086300000| Untracked 
| 100|0x0000000086400000, 0x0000000086400000, 0x0000000086500000|  0%| F|  |TAMS 0x0000000086400000, 0x0000000086400000| Untracked 
| 101|0x0000000086500000, 0x0000000086500000, 0x0000000086600000|  0%| F|  |TAMS 0x0000000086500000, 0x0000000086500000| Untracked 
| 102|0x0000000086600000, 0x0000000086600000, 0x0000000086700000|  0%| F|  |TAMS 0x0000000086600000, 0x0000000086600000| Untracked 
| 103|0x0000000086700000, 0x0000000086700000, 0x0000000086800000|  0%| F|  |TAMS 0x0000000086700000, 0x0000000086700000| Untracked 
| 104|0x0000000086800000, 0x0000000086800000, 0x0000000086900000|  0%| F|  |TAMS 0x0000000086800000, 0x0000000086800000| Untracked 
| 105|0x0000000086900000, 0x0000000086900000, 0x0000000086a00000|  0%| F|  |TAMS 0x0000000086900000, 0x0000000086900000| Untracked 
| 106|0x0000000086a00000, 0x0000000086a00000, 0x0000000086b00000|  0%| F|  |TAMS 0x0000000086a00000, 0x0000000086a00000| Untracked 
| 107|0x0000000086b00000, 0x0000000086b00000, 0x0000000086c00000|  0%| F|  |TAMS 0x0000000086b00000, 0x0000000086b00000| Untracked 
| 108|0x0000000086c00000, 0x0000000086c00000, 0x0000000086d00000|  0%| F|  |TAMS 0x0000000086c00000, 0x0000000086c00000| Untracked 
| 109|0x0000000086d00000, 0x0000000086d00000, 0x0000000086e00000|  0%| F|  |TAMS 0x0000000086d00000, 0x0000000086d00000| Untracked 
| 110|0x0000000086e00000, 0x0000000086e00000, 0x0000000086f00000|  0%| F|  |TAMS 0x0000000086e00000, 0x0000000086e00000| Untracked 
| 111|0x0000000086f00000, 0x0000000086f00000, 0x0000000087000000|  0%| F|  |TAMS 0x0000000086f00000, 0x0000000086f00000| Untracked 
| 112|0x0000000087000000, 0x0000000087000000, 0x0000000087100000|  0%| F|  |TAMS 0x0000000087000000, 0x0000000087000000| Untracked 
| 113|0x0000000087100000, 0x0000000087100000, 0x0000000087200000|  0%| F|  |TAMS 0x0000000087100000, 0x0000000087100000| Untracked 
| 114|0x0000000087200000, 0x0000000087200000, 0x0000000087300000|  0%| F|  |TAMS 0x0000000087200000, 0x0000000087200000| Untracked 
| 115|0x0000000087300000, 0x0000000087300000, 0x0000000087400000|  0%| F|  |TAMS 0x0000000087300000, 0x0000000087300000| Untracked 
| 116|0x0000000087400000, 0x0000000087400000, 0x0000000087500000|  0%| F|  |TAMS 0x0000000087400000, 0x0000000087400000| Untracked 
| 117|0x0000000087500000, 0x0000000087500000, 0x0000000087600000|  0%| F|  |TAMS 0x0000000087500000, 0x0000000087500000| Untracked 
| 118|0x0000000087600000, 0x0000000087600000, 0x0000000087700000|  0%| F|  |TAMS 0x0000000087600000, 0x0000000087600000| Untracked 
| 119|0x0000000087700000, 0x0000000087700000, 0x0000000087800000|  0%| F|  |TAMS 0x0000000087700000, 0x0000000087700000| Untracked 
| 120|0x0000000087800000, 0x0000000087800000, 0x0000000087900000|  0%| F|  |TAMS 0x0000000087800000, 0x0000000087800000| Untracked 
| 121|0x0000000087900000, 0x0000000087900000, 0x0000000087a00000|  0%| F|  |TAMS 0x0000000087900000, 0x0000000087900000| Untracked 
| 122|0x0000000087a00000, 0x0000000087a00000, 0x0000000087b00000|  0%| F|  |TAMS 0x0000000087a00000, 0x0000000087a00000| Untracked 
| 123|0x0000000087b00000, 0x0000000087b00000, 0x0000000087c00000|  0%| F|  |TAMS 0x0000000087b00000, 0x0000000087b00000| Untracked 
| 124|0x0000000087c00000, 0x0000000087c00000, 0x0000000087d00000|  0%| F|  |TAMS 0x0000000087c00000, 0x0000000087c00000| Untracked 
| 125|0x0000000087d00000, 0x0000000087d00000, 0x0000000087e00000|  0%| F|  |TAMS 0x0000000087d00000, 0x0000000087d00000| Untracked 
| 126|0x0000000087e00000, 0x0000000087e97ea0, 0x0000000087f00000| 59%| S|CS|TAMS 0x0000000087e00000, 0x0000000087e00000| Complete 
| 127|0x0000000087f00000, 0x0000000088000000, 0x0000000088000000|100%| S|CS|TAMS 0x0000000087f00000, 0x0000000087f00000| Complete 
| 128|0x0000000088000000, 0x0000000088100000, 0x0000000088100000|100%| S|CS|TAMS 0x0000000088000000, 0x0000000088000000| Complete 
| 129|0x0000000088100000, 0x0000000088100000, 0x0000000088200000|  0%| F|  |TAMS 0x0000000088100000, 0x0000000088100000| Untracked 
| 130|0x0000000088200000, 0x0000000088200000, 0x0000000088300000|  0%| F|  |TAMS 0x0000000088200000, 0x0000000088200000| Untracked 
| 131|0x0000000088300000, 0x0000000088300000, 0x0000000088400000|  0%| F|  |TAMS 0x0000000088300000, 0x0000000088300000| Untracked 
| 132|0x0000000088400000, 0x0000000088400000, 0x0000000088500000|  0%| F|  |TAMS 0x0000000088400000, 0x0000000088400000| Untracked 
| 133|0x0000000088500000, 0x0000000088500000, 0x0000000088600000|  0%| F|  |TAMS 0x0000000088500000, 0x0000000088500000| Untracked 
| 134|0x0000000088600000, 0x0000000088600000, 0x0000000088700000|  0%| F|  |TAMS 0x0000000088600000, 0x0000000088600000| Untracked 
| 135|0x0000000088700000, 0x0000000088800000, 0x0000000088800000|100%| S|CS|TAMS 0x0000000088700000, 0x0000000088700000| Complete 
| 136|0x0000000088800000, 0x0000000088900000, 0x0000000088900000|100%| S|CS|TAMS 0x0000000088800000, 0x0000000088800000| Complete 
| 137|0x0000000088900000, 0x0000000088a00000, 0x0000000088a00000|100%| S|CS|TAMS 0x0000000088900000, 0x0000000088900000| Complete 
| 138|0x0000000088a00000, 0x0000000088b00000, 0x0000000088b00000|100%| S|CS|TAMS 0x0000000088a00000, 0x0000000088a00000| Complete 
| 139|0x0000000088b00000, 0x0000000088c00000, 0x0000000088c00000|100%| S|CS|TAMS 0x0000000088b00000, 0x0000000088b00000| Complete 
| 140|0x0000000088c00000, 0x0000000088c00000, 0x0000000088d00000|  0%| F|  |TAMS 0x0000000088c00000, 0x0000000088c00000| Untracked 
| 141|0x0000000088d00000, 0x0000000088d00000, 0x0000000088e00000|  0%| F|  |TAMS 0x0000000088d00000, 0x0000000088d00000| Untracked 
| 142|0x0000000088e00000, 0x0000000088e00000, 0x0000000088f00000|  0%| F|  |TAMS 0x0000000088e00000, 0x0000000088e00000| Untracked 
| 143|0x0000000088f00000, 0x0000000088f00000, 0x0000000089000000|  0%| F|  |TAMS 0x0000000088f00000, 0x0000000088f00000| Untracked 
| 144|0x0000000089000000, 0x0000000089000000, 0x0000000089100000|  0%| F|  |TAMS 0x0000000089000000, 0x0000000089000000| Untracked 
| 145|0x0000000089100000, 0x0000000089100000, 0x0000000089200000|  0%| F|  |TAMS 0x0000000089100000, 0x0000000089100000| Untracked 
| 146|0x0000000089200000, 0x0000000089200000, 0x0000000089300000|  0%| F|  |TAMS 0x0000000089200000, 0x0000000089200000| Untracked 
| 147|0x0000000089300000, 0x0000000089300000, 0x0000000089400000|  0%| F|  |TAMS 0x0000000089300000, 0x0000000089300000| Untracked 
| 148|0x0000000089400000, 0x0000000089400000, 0x0000000089500000|  0%| F|  |TAMS 0x0000000089400000, 0x0000000089400000| Untracked 
| 149|0x0000000089500000, 0x0000000089500000, 0x0000000089600000|  0%| F|  |TAMS 0x0000000089500000, 0x0000000089500000| Untracked 
| 150|0x0000000089600000, 0x0000000089600000, 0x0000000089700000|  0%| F|  |TAMS 0x0000000089600000, 0x0000000089600000| Untracked 
| 151|0x0000000089700000, 0x0000000089700000, 0x0000000089800000|  0%| F|  |TAMS 0x0000000089700000, 0x0000000089700000| Untracked 
| 152|0x0000000089800000, 0x0000000089800000, 0x0000000089900000|  0%| F|  |TAMS 0x0000000089800000, 0x0000000089800000| Untracked 
| 153|0x0000000089900000, 0x0000000089900000, 0x0000000089a00000|  0%| F|  |TAMS 0x0000000089900000, 0x0000000089900000| Untracked 
| 154|0x0000000089a00000, 0x0000000089a00000, 0x0000000089b00000|  0%| F|  |TAMS 0x0000000089a00000, 0x0000000089a00000| Untracked 
| 155|0x0000000089b00000, 0x0000000089b00000, 0x0000000089c00000|  0%| F|  |TAMS 0x0000000089b00000, 0x0000000089b00000| Untracked 
| 156|0x0000000089c00000, 0x0000000089c00000, 0x0000000089d00000|  0%| F|  |TAMS 0x0000000089c00000, 0x0000000089c00000| Untracked 
| 157|0x0000000089d00000, 0x0000000089d00000, 0x0000000089e00000|  0%| F|  |TAMS 0x0000000089d00000, 0x0000000089d00000| Untracked 
| 158|0x0000000089e00000, 0x0000000089e00000, 0x0000000089f00000|  0%| F|  |TAMS 0x0000000089e00000, 0x0000000089e00000| Untracked 
| 159|0x0000000089f00000, 0x0000000089f00000, 0x000000008a000000|  0%| F|  |TAMS 0x0000000089f00000, 0x0000000089f00000| Untracked 
| 160|0x000000008a000000, 0x000000008a000000, 0x000000008a100000|  0%| F|  |TAMS 0x000000008a000000, 0x000000008a000000| Untracked 
| 161|0x000000008a100000, 0x000000008a100000, 0x000000008a200000|  0%| F|  |TAMS 0x000000008a100000, 0x000000008a100000| Untracked 
| 162|0x000000008a200000, 0x000000008a200000, 0x000000008a300000|  0%| F|  |TAMS 0x000000008a200000, 0x000000008a200000| Untracked 
| 163|0x000000008a300000, 0x000000008a300000, 0x000000008a400000|  0%| F|  |TAMS 0x000000008a300000, 0x000000008a300000| Untracked 
| 164|0x000000008a400000, 0x000000008a400000, 0x000000008a500000|  0%| F|  |TAMS 0x000000008a400000, 0x000000008a400000| Untracked 
| 165|0x000000008a500000, 0x000000008a500000, 0x000000008a600000|  0%| F|  |TAMS 0x000000008a500000, 0x000000008a500000| Untracked 
| 166|0x000000008a600000, 0x000000008a600000, 0x000000008a700000|  0%| F|  |TAMS 0x000000008a600000, 0x000000008a600000| Untracked 
| 167|0x000000008a700000, 0x000000008a700000, 0x000000008a800000|  0%| F|  |TAMS 0x000000008a700000, 0x000000008a700000| Untracked 
| 168|0x000000008a800000, 0x000000008a800000, 0x000000008a900000|  0%| F|  |TAMS 0x000000008a800000, 0x000000008a800000| Untracked 
| 169|0x000000008a900000, 0x000000008a900000, 0x000000008aa00000|  0%| F|  |TAMS 0x000000008a900000, 0x000000008a900000| Untracked 
| 170|0x000000008aa00000, 0x000000008aa00000, 0x000000008ab00000|  0%| F|  |TAMS 0x000000008aa00000, 0x000000008aa00000| Untracked 
| 171|0x000000008ab00000, 0x000000008ab00000, 0x000000008ac00000|  0%| F|  |TAMS 0x000000008ab00000, 0x000000008ab00000| Untracked 
| 172|0x000000008ac00000, 0x000000008ac00000, 0x000000008ad00000|  0%| F|  |TAMS 0x000000008ac00000, 0x000000008ac00000| Untracked 
| 173|0x000000008ad00000, 0x000000008ad00000, 0x000000008ae00000|  0%| F|  |TAMS 0x000000008ad00000, 0x000000008ad00000| Untracked 
| 174|0x000000008ae00000, 0x000000008ae30790, 0x000000008af00000| 18%| E|  |TAMS 0x000000008ae00000, 0x000000008ae00000| Complete 
| 175|0x000000008af00000, 0x000000008b000000, 0x000000008b000000|100%| E|CS|TAMS 0x000000008af00000, 0x000000008af00000| Complete 
| 176|0x000000008b000000, 0x000000008b100000, 0x000000008b100000|100%| E|CS|TAMS 0x000000008b000000, 0x000000008b000000| Complete 
| 177|0x000000008b100000, 0x000000008b200000, 0x000000008b200000|100%| E|CS|TAMS 0x000000008b100000, 0x000000008b100000| Complete 
| 178|0x000000008b200000, 0x000000008b300000, 0x000000008b300000|100%| E|CS|TAMS 0x000000008b200000, 0x000000008b200000| Complete 
| 179|0x000000008b300000, 0x000000008b400000, 0x000000008b400000|100%| E|CS|TAMS 0x000000008b300000, 0x000000008b300000| Complete 
| 180|0x000000008b400000, 0x000000008b500000, 0x000000008b500000|100%| E|CS|TAMS 0x000000008b400000, 0x000000008b400000| Complete 
| 181|0x000000008b500000, 0x000000008b600000, 0x000000008b600000|100%| E|CS|TAMS 0x000000008b500000, 0x000000008b500000| Complete 
| 182|0x000000008b600000, 0x000000008b700000, 0x000000008b700000|100%| E|CS|TAMS 0x000000008b600000, 0x000000008b600000| Complete 
| 183|0x000000008b700000, 0x000000008b800000, 0x000000008b800000|100%| E|CS|TAMS 0x000000008b700000, 0x000000008b700000| Complete 
| 184|0x000000008b800000, 0x000000008b900000, 0x000000008b900000|100%| E|CS|TAMS 0x000000008b800000, 0x000000008b800000| Complete 
| 185|0x000000008b900000, 0x000000008ba00000, 0x000000008ba00000|100%| E|CS|TAMS 0x000000008b900000, 0x000000008b900000| Complete 
| 186|0x000000008ba00000, 0x000000008bb00000, 0x000000008bb00000|100%| E|  |TAMS 0x000000008ba00000, 0x000000008ba00000| Complete 
| 187|0x000000008bb00000, 0x000000008bc00000, 0x000000008bc00000|100%| E|CS|TAMS 0x000000008bb00000, 0x000000008bb00000| Complete 
| 188|0x000000008bc00000, 0x000000008bd00000, 0x000000008bd00000|100%| E|CS|TAMS 0x000000008bc00000, 0x000000008bc00000| Complete 
| 189|0x000000008bd00000, 0x000000008be00000, 0x000000008be00000|100%| E|CS|TAMS 0x000000008bd00000, 0x000000008bd00000| Complete 
| 190|0x000000008be00000, 0x000000008bf00000, 0x000000008bf00000|100%| E|CS|TAMS 0x000000008be00000, 0x000000008be00000| Complete 
| 191|0x000000008bf00000, 0x000000008c000000, 0x000000008c000000|100%| E|CS|TAMS 0x000000008bf00000, 0x000000008bf00000| Complete 
| 192|0x000000008c000000, 0x000000008c100000, 0x000000008c100000|100%| E|CS|TAMS 0x000000008c000000, 0x000000008c000000| Complete 
| 193|0x000000008c100000, 0x000000008c200000, 0x000000008c200000|100%| E|CS|TAMS 0x000000008c100000, 0x000000008c100000| Complete 
| 194|0x000000008c200000, 0x000000008c300000, 0x000000008c300000|100%| E|CS|TAMS 0x000000008c200000, 0x000000008c200000| Complete 
| 195|0x000000008c300000, 0x000000008c400000, 0x000000008c400000|100%| E|CS|TAMS 0x000000008c300000, 0x000000008c300000| Complete 
| 196|0x000000008c400000, 0x000000008c500000, 0x000000008c500000|100%| E|CS|TAMS 0x000000008c400000, 0x000000008c400000| Complete 
| 197|0x000000008c500000, 0x000000008c600000, 0x000000008c600000|100%| E|CS|TAMS 0x000000008c500000, 0x000000008c500000| Complete 
| 198|0x000000008c600000, 0x000000008c700000, 0x000000008c700000|100%| E|CS|TAMS 0x000000008c600000, 0x000000008c600000| Complete 
| 199|0x000000008c700000, 0x000000008c800000, 0x000000008c800000|100%| E|CS|TAMS 0x000000008c700000, 0x000000008c700000| Complete 
| 200|0x000000008c800000, 0x000000008c900000, 0x000000008c900000|100%| E|CS|TAMS 0x000000008c800000, 0x000000008c800000| Complete 
| 201|0x000000008c900000, 0x000000008ca00000, 0x000000008ca00000|100%| E|CS|TAMS 0x000000008c900000, 0x000000008c900000| Complete 
| 202|0x000000008ca00000, 0x000000008cb00000, 0x000000008cb00000|100%| E|CS|TAMS 0x000000008ca00000, 0x000000008ca00000| Complete 
| 203|0x000000008cb00000, 0x000000008cc00000, 0x000000008cc00000|100%| E|CS|TAMS 0x000000008cb00000, 0x000000008cb00000| Complete 
| 204|0x000000008cc00000, 0x000000008cd00000, 0x000000008cd00000|100%| E|CS|TAMS 0x000000008cc00000, 0x000000008cc00000| Complete 
| 205|0x000000008cd00000, 0x000000008ce00000, 0x000000008ce00000|100%| E|CS|TAMS 0x000000008cd00000, 0x000000008cd00000| Complete 
| 206|0x000000008ce00000, 0x000000008cf00000, 0x000000008cf00000|100%| E|CS|TAMS 0x000000008ce00000, 0x000000008ce00000| Complete 
| 207|0x000000008cf00000, 0x000000008d000000, 0x000000008d000000|100%| E|CS|TAMS 0x000000008cf00000, 0x000000008cf00000| Complete 
| 208|0x000000008d000000, 0x000000008d100000, 0x000000008d100000|100%| E|CS|TAMS 0x000000008d000000, 0x000000008d000000| Complete 
| 209|0x000000008d100000, 0x000000008d200000, 0x000000008d200000|100%| E|CS|TAMS 0x000000008d100000, 0x000000008d100000| Complete 
| 210|0x000000008d200000, 0x000000008d300000, 0x000000008d300000|100%| E|CS|TAMS 0x000000008d200000, 0x000000008d200000| Complete 
| 211|0x000000008d300000, 0x000000008d400000, 0x000000008d400000|100%| E|CS|TAMS 0x000000008d300000, 0x000000008d300000| Complete 
| 212|0x000000008d400000, 0x000000008d500000, 0x000000008d500000|100%| E|CS|TAMS 0x000000008d400000, 0x000000008d400000| Complete 
| 213|0x000000008d500000, 0x000000008d600000, 0x000000008d600000|100%| E|CS|TAMS 0x000000008d500000, 0x000000008d500000| Complete 
| 214|0x000000008d600000, 0x000000008d700000, 0x000000008d700000|100%| E|CS|TAMS 0x000000008d600000, 0x000000008d600000| Complete 
| 215|0x000000008d700000, 0x000000008d800000, 0x000000008d800000|100%| E|CS|TAMS 0x000000008d700000, 0x000000008d700000| Complete 
| 216|0x000000008d800000, 0x000000008d900000, 0x000000008d900000|100%| E|CS|TAMS 0x000000008d800000, 0x000000008d800000| Complete 
| 217|0x000000008d900000, 0x000000008da00000, 0x000000008da00000|100%| E|CS|TAMS 0x000000008d900000, 0x000000008d900000| Complete 
| 218|0x000000008da00000, 0x000000008db00000, 0x000000008db00000|100%| E|CS|TAMS 0x000000008da00000, 0x000000008da00000| Complete 
| 219|0x000000008db00000, 0x000000008dc00000, 0x000000008dc00000|100%| E|CS|TAMS 0x000000008db00000, 0x000000008db00000| Complete 
| 220|0x000000008dc00000, 0x000000008dd00000, 0x000000008dd00000|100%| E|CS|TAMS 0x000000008dc00000, 0x000000008dc00000| Complete 
| 221|0x000000008dd00000, 0x000000008de00000, 0x000000008de00000|100%| E|CS|TAMS 0x000000008dd00000, 0x000000008dd00000| Complete 
| 222|0x000000008de00000, 0x000000008df00000, 0x000000008df00000|100%| E|CS|TAMS 0x000000008de00000, 0x000000008de00000| Complete 
| 223|0x000000008df00000, 0x000000008e000000, 0x000000008e000000|100%| E|CS|TAMS 0x000000008df00000, 0x000000008df00000| Complete 
| 224|0x000000008e000000, 0x000000008e100000, 0x000000008e100000|100%| E|CS|TAMS 0x000000008e000000, 0x000000008e000000| Complete 
| 225|0x000000008e100000, 0x000000008e200000, 0x000000008e200000|100%| E|CS|TAMS 0x000000008e100000, 0x000000008e100000| Complete 
| 226|0x000000008e200000, 0x000000008e300000, 0x000000008e300000|100%| E|CS|TAMS 0x000000008e200000, 0x000000008e200000| Complete 
| 227|0x000000008e300000, 0x000000008e400000, 0x000000008e400000|100%| E|CS|TAMS 0x000000008e300000, 0x000000008e300000| Complete 
| 228|0x000000008e400000, 0x000000008e500000, 0x000000008e500000|100%| E|CS|TAMS 0x000000008e400000, 0x000000008e400000| Complete 
| 229|0x000000008e500000, 0x000000008e600000, 0x000000008e600000|100%| E|CS|TAMS 0x000000008e500000, 0x000000008e500000| Complete 
| 230|0x000000008e600000, 0x000000008e700000, 0x000000008e700000|100%| E|CS|TAMS 0x000000008e600000, 0x000000008e600000| Complete 
| 231|0x000000008e700000, 0x000000008e800000, 0x000000008e800000|100%| E|CS|TAMS 0x000000008e700000, 0x000000008e700000| Complete 
| 232|0x000000008e800000, 0x000000008e900000, 0x000000008e900000|100%| E|CS|TAMS 0x000000008e800000, 0x000000008e800000| Complete 
| 233|0x000000008e900000, 0x000000008ea00000, 0x000000008ea00000|100%| E|CS|TAMS 0x000000008e900000, 0x000000008e900000| Complete 
| 234|0x000000008ea00000, 0x000000008eb00000, 0x000000008eb00000|100%| E|CS|TAMS 0x000000008ea00000, 0x000000008ea00000| Complete 
| 235|0x000000008eb00000, 0x000000008ec00000, 0x000000008ec00000|100%| E|CS|TAMS 0x000000008eb00000, 0x000000008eb00000| Complete 
| 236|0x000000008ec00000, 0x000000008ed00000, 0x000000008ed00000|100%| E|CS|TAMS 0x000000008ec00000, 0x000000008ec00000| Complete 
| 237|0x000000008ed00000, 0x000000008ee00000, 0x000000008ee00000|100%| E|CS|TAMS 0x000000008ed00000, 0x000000008ed00000| Complete 
| 238|0x000000008ee00000, 0x000000008ef00000, 0x000000008ef00000|100%| E|CS|TAMS 0x000000008ee00000, 0x000000008ee00000| Complete 
| 239|0x000000008ef00000, 0x000000008f000000, 0x000000008f000000|100%| E|CS|TAMS 0x000000008ef00000, 0x000000008ef00000| Complete 
| 240|0x000000008f000000, 0x000000008f100000, 0x000000008f100000|100%| E|CS|TAMS 0x000000008f000000, 0x000000008f000000| Complete 
| 241|0x000000008f100000, 0x000000008f200000, 0x000000008f200000|100%| E|CS|TAMS 0x000000008f100000, 0x000000008f100000| Complete 
| 242|0x000000008f200000, 0x000000008f300000, 0x000000008f300000|100%| E|CS|TAMS 0x000000008f200000, 0x000000008f200000| Complete 
| 243|0x000000008f300000, 0x000000008f400000, 0x000000008f400000|100%| E|CS|TAMS 0x000000008f300000, 0x000000008f300000| Complete 
| 244|0x000000008f400000, 0x000000008f500000, 0x000000008f500000|100%| E|CS|TAMS 0x000000008f400000, 0x000000008f400000| Complete 
| 245|0x000000008f500000, 0x000000008f600000, 0x000000008f600000|100%| E|CS|TAMS 0x000000008f500000, 0x000000008f500000| Complete 
| 246|0x000000008f600000, 0x000000008f700000, 0x000000008f700000|100%| E|CS|TAMS 0x000000008f600000, 0x000000008f600000| Complete 
| 247|0x000000008f700000, 0x000000008f800000, 0x000000008f800000|100%| E|CS|TAMS 0x000000008f700000, 0x000000008f700000| Complete 
| 248|0x000000008f800000, 0x000000008f900000, 0x000000008f900000|100%| E|CS|TAMS 0x000000008f800000, 0x000000008f800000| Complete 
| 249|0x000000008f900000, 0x000000008fa00000, 0x000000008fa00000|100%| E|CS|TAMS 0x000000008f900000, 0x000000008f900000| Complete 
| 250|0x000000008fa00000, 0x000000008fb00000, 0x000000008fb00000|100%| E|CS|TAMS 0x000000008fa00000, 0x000000008fa00000| Complete 
| 251|0x000000008fb00000, 0x000000008fc00000, 0x000000008fc00000|100%| E|CS|TAMS 0x000000008fb00000, 0x000000008fb00000| Complete 
| 252|0x000000008fc00000, 0x000000008fd00000, 0x000000008fd00000|100%| E|CS|TAMS 0x000000008fc00000, 0x000000008fc00000| Complete 
| 253|0x000000008fd00000, 0x000000008fe00000, 0x000000008fe00000|100%| E|CS|TAMS 0x000000008fd00000, 0x000000008fd00000| Complete 

Card table byte_map: [0x00000166af2b0000,0x00000166af6b0000] _byte_map_base: 0x00000166aeeb0000

Marking Bits (Prev, Next): (CMBitMap*) 0x000001669c09f8e0, (CMBitMap*) 0x000001669c09f8a8
 Prev Bits: [0x00000166b1ab0000, 0x00000166b3ab0000)
 Next Bits: [0x00000166afab0000, 0x00000166b1ab0000)

Polling page: 0x000001669a000000

Metaspace:

Usage:
  Non-class:     74.66 MB capacity,    73.27 MB ( 98%) used,     1.15 MB (  2%) free+waste,   239.75 KB ( <1%) overhead. 
      Class:     11.56 MB capacity,    10.78 MB ( 93%) used,   689.81 KB (  6%) free+waste,   107.63 KB ( <1%) overhead. 
       Both:     86.22 MB capacity,    84.05 MB ( 97%) used,     1.83 MB (  2%) free+waste,   347.38 KB ( <1%) overhead. 

Virtual space:
  Non-class space:       76.00 MB reserved,      74.75 MB ( 98%) committed 
      Class space:        1.00 GB reserved,      11.63 MB (  1%) committed 
             Both:        1.07 GB reserved,      86.38 MB (  8%) committed 

Chunk freelists:
   Non-Class:  32.00 KB
       Class:  31.00 KB
        Both:  63.00 KB

MaxMetaspaceSize: 17179869184.00 GB
CompressedClassSpaceSize: 1.00 GB
Initial GC threshold: 20.80 MB
Current GC threshold: 98.13 MB
CDS: off

CodeHeap 'non-profiled nmethods': size=120000Kb used=7385Kb max_used=7385Kb free=112614Kb
 bounds [0x00000166a7640000, 0x00000166a7d80000, 0x00000166aeb70000]
CodeHeap 'profiled nmethods': size=120000Kb used=23241Kb max_used=23241Kb free=96758Kb
 bounds [0x00000166a0110000, 0x00000166a17d0000, 0x00000166a7640000]
CodeHeap 'non-nmethods': size=5760Kb used=2376Kb max_used=2425Kb free=3383Kb
 bounds [0x000001669fb70000, 0x000001669fde0000, 0x00000166a0110000]
 total_blobs=11505 nmethods=10625 adapters=792
 compilation: enabled
              stopped_count=0, restarted_count=0
 full_count=0

Compilation events (20 events):
Event: 47.806 Thread 0x00000166b6de6000 10631       3       org.gradle.internal.execution.steps.CaptureStateBeforeExecutionStep::execute (42 bytes)
Event: 47.807 Thread 0x00000166b6de6000 nmethod 10631 0x00000166a17b1a10 code [0x00000166a17b1d00, 0x00000166a17b2fd8]
Event: 47.808 Thread 0x00000166b6de6000 10632       3       org.gradle.internal.execution.steps.CaptureStateBeforeExecutionStep::captureExecutionState (307 bytes)
Event: 47.817 Thread 0x00000166b6de6000 nmethod 10632 0x00000166a17b3590 code [0x00000166a17b3fe0, 0x00000166a17bad58]
Event: 47.817 Thread 0x00000166b6de6000 10633       3       org.gradle.internal.execution.steps.CaptureStateBeforeExecutionStep$ImplementationsBuilder::<init> (17 bytes)
Event: 47.818 Thread 0x00000166b6de6000 nmethod 10633 0x00000166a17bd290 code [0x00000166a17bd480, 0x00000166a17bd868]
Event: 47.827 Thread 0x00000166b6de6000 10634       3       org.gradle.api.internal.tasks.properties.annotations.NoOpPropertyAnnotationHandler::getAllowedModifiers (4 bytes)
Event: 47.827 Thread 0x00000166b6de6000 nmethod 10634 0x00000166a17bda10 code [0x00000166a17bdbc0, 0x00000166a17bdd18]
Event: 47.828 Thread 0x00000166b6de6000 10635       3       org.gradle.internal.execution.steps.ResolveChangesStep$$Lambda$810/0x0000000100af3040::<init> (20 bytes)
Event: 47.828 Thread 0x00000166b6de6000 nmethod 10635 0x00000166a17bde10 code [0x00000166a17bdfc0, 0x00000166a17be238]
Event: 47.837 Thread 0x00000166b6de6000 10637       3       org.gradle.internal.execution.steps.ResolveChangesStep$$Lambda$809/0x0000000100af2c40::<init> (26 bytes)
Event: 47.837 Thread 0x00000166b6de6000 nmethod 10637 0x00000166a17be310 code [0x00000166a17be4e0, 0x00000166a17be7b8]
Event: 47.842 Thread 0x00000166b6de6000 10638       3       org.gradle.internal.execution.steps.ResolveChangesStep$$Lambda$813/0x0000000100af3c40::<init> (26 bytes)
Event: 47.843 Thread 0x00000166b6de6000 nmethod 10638 0x00000166a17be890 code [0x00000166a17bea60, 0x00000166a17bed38]
Event: 47.849 Thread 0x00000166be6de000 10639       4       java.net.URLClassLoader$1::run (5 bytes)
Event: 47.917 Thread 0x00000166b6de6000 10644       3       com.google.common.collect.Collections2::cast (5 bytes)
Event: 47.917 Thread 0x00000166b6de6000 nmethod 10644 0x00000166a17bee10 code [0x00000166a17befc0, 0x00000166a17bf198]
Event: 47.943 Thread 0x00000166b6de6000 10645       3       java.util.ArrayDeque::push (6 bytes)
Event: 47.944 Thread 0x00000166b6de6000 nmethod 10645 0x00000166a17bf290 code [0x00000166a17bf440, 0x00000166a17bf568]
Event: 47.987 Thread 0x00000166b6de6000 10646   !   3       java.nio.file.FileTreeWalker::visit (204 bytes)

GC Heap History (20 events):
Event: 18.519 GC heap before
{Heap before GC invocations=3 (full 0):
 garbage-first heap   total 260096K, used 38336K [0x0000000080000000, 0x0000000100000000)
  region size 1024K, 31 young (31744K), 10 survivors (10240K)
 Metaspace       used 22325K, capacity 22962K, committed 23040K, reserved 1069056K
  class space    used 2837K, capacity 3042K, committed 3072K, reserved 1048576K
}
Event: 18.529 GC heap after
{Heap after GC invocations=4 (full 0):
 garbage-first heap   total 260096K, used 17425K [0x0000000080000000, 0x0000000100000000)
  region size 1024K, 1 young (1024K), 1 survivors (1024K)
 Metaspace       used 22325K, capacity 22962K, committed 23040K, reserved 1069056K
  class space    used 2837K, capacity 3042K, committed 3072K, reserved 1048576K
}
Event: 20.975 GC heap before
{Heap before GC invocations=4 (full 0):
 garbage-first heap   total 260096K, used 83985K [0x0000000080000000, 0x0000000100000000)
  region size 1024K, 66 young (67584K), 1 survivors (1024K)
 Metaspace       used 29126K, capacity 29861K, committed 30080K, reserved 1075200K
  class space    used 3896K, capacity 4173K, committed 4224K, reserved 1048576K
}
Event: 20.979 GC heap after
{Heap after GC invocations=5 (full 0):
 garbage-first heap   total 260096K, used 19416K [0x0000000080000000, 0x0000000100000000)
  region size 1024K, 3 young (3072K), 3 survivors (3072K)
 Metaspace       used 29126K, capacity 29861K, committed 30080K, reserved 1075200K
  class space    used 3896K, capacity 4173K, committed 4224K, reserved 1048576K
}
Event: 21.975 GC heap before
{Heap before GC invocations=5 (full 0):
 garbage-first heap   total 260096K, used 40920K [0x0000000080000000, 0x0000000100000000)
  region size 1024K, 26 young (26624K), 3 survivors (3072K)
 Metaspace       used 35021K, capacity 35790K, committed 35840K, reserved 1081344K
  class space    used 4537K, capacity 4832K, committed 4864K, reserved 1048576K
}
Event: 21.986 GC heap after
{Heap after GC invocations=6 (full 0):
 garbage-first heap   total 260096K, used 22498K [0x0000000080000000, 0x0000000100000000)
  region size 1024K, 6 young (6144K), 6 survivors (6144K)
 Metaspace       used 35021K, capacity 35790K, committed 35840K, reserved 1081344K
  class space    used 4537K, capacity 4832K, committed 4864K, reserved 1048576K
}
Event: 24.892 GC heap before
{Heap before GC invocations=7 (full 0):
 garbage-first heap   total 260096K, used 120802K [0x0000000080000000, 0x0000000100000000)
  region size 1024K, 99 young (101376K), 6 survivors (6144K)
 Metaspace       used 42729K, capacity 43735K, committed 44032K, reserved 1087488K
  class space    used 5414K, capacity 5786K, committed 5888K, reserved 1048576K
}
Event: 24.901 GC heap after
{Heap after GC invocations=8 (full 0):
 garbage-first heap   total 260096K, used 28188K [0x0000000080000000, 0x0000000100000000)
  region size 1024K, 12 young (12288K), 12 survivors (12288K)
 Metaspace       used 42729K, capacity 43735K, committed 44032K, reserved 1087488K
  class space    used 5414K, capacity 5786K, committed 5888K, reserved 1048576K
}
Event: 28.708 GC heap before
{Heap before GC invocations=8 (full 0):
 garbage-first heap   total 260096K, used 134684K [0x0000000080000000, 0x0000000100000000)
  region size 1024K, 113 young (115712K), 12 survivors (12288K)
 Metaspace       used 49433K, capacity 50805K, committed 50944K, reserved 1093632K
  class space    used 6314K, capacity 6804K, committed 6912K, reserved 1048576K
}
Event: 28.726 GC heap after
{Heap after GC invocations=9 (full 0):
 garbage-first heap   total 260096K, used 41462K [0x0000000080000000, 0x0000000100000000)
  region size 1024K, 15 young (15360K), 15 survivors (15360K)
 Metaspace       used 49433K, capacity 50805K, committed 50944K, reserved 1093632K
  class space    used 6314K, capacity 6804K, committed 6912K, reserved 1048576K
}
Event: 30.724 GC heap before
{Heap before GC invocations=9 (full 0):
 garbage-first heap   total 260096K, used 98806K [0x0000000080000000, 0x0000000100000000)
  region size 1024K, 72 young (73728K), 15 survivors (15360K)
 Metaspace       used 58540K, capacity 59968K, committed 60160K, reserved 1101824K
  class space    used 7379K, capacity 7913K, committed 7936K, reserved 1048576K
}
Event: 30.757 GC heap after
{Heap after GC invocations=10 (full 0):
 garbage-first heap   total 260096K, used 44978K [0x0000000080000000, 0x0000000100000000)
  region size 1024K, 3 young (3072K), 3 survivors (3072K)
 Metaspace       used 58540K, capacity 59968K, committed 60160K, reserved 1101824K
  class space    used 7379K, capacity 7913K, committed 7936K, reserved 1048576K
}
Event: 34.052 GC heap before
{Heap before GC invocations=11 (full 0):
 garbage-first heap   total 260096K, used 145330K [0x0000000080000000, 0x0000000100000000)
  region size 1024K, 101 young (103424K), 3 survivors (3072K)
 Metaspace       used 65790K, capacity 67377K, committed 67584K, reserved 1107968K
  class space    used 8316K, capacity 8893K, committed 8960K, reserved 1048576K
}
Event: 34.064 GC heap after
{Heap after GC invocations=12 (full 0):
 garbage-first heap   total 260096K, used 52720K [0x0000000080000000, 0x0000000100000000)
  region size 1024K, 11 young (11264K), 11 survivors (11264K)
 Metaspace       used 65790K, capacity 67377K, committed 67584K, reserved 1107968K
  class space    used 8316K, capacity 8893K, committed 8960K, reserved 1048576K
}
Event: 37.456 GC heap before
{Heap before GC invocations=12 (full 0):
 garbage-first heap   total 260096K, used 155120K [0x0000000080000000, 0x0000000100000000)
  region size 1024K, 111 young (113664K), 11 survivors (11264K)
 Metaspace       used 73578K, capacity 75399K, committed 75520K, reserved 1114112K
  class space    used 9529K, capacity 10208K, committed 10240K, reserved 1048576K
}
Event: 37.475 GC heap after
{Heap after GC invocations=13 (full 0):
 garbage-first heap   total 260096K, used 59866K [0x0000000080000000, 0x0000000100000000)
  region size 1024K, 8 young (8192K), 8 survivors (8192K)
 Metaspace       used 73578K, capacity 75399K, committed 75520K, reserved 1114112K
  class space    used 9529K, capacity 10208K, committed 10240K, reserved 1048576K
}
Event: 42.105 GC heap before
{Heap before GC invocations=13 (full 0):
 garbage-first heap   total 260096K, used 164314K [0x0000000080000000, 0x0000000100000000)
  region size 1024K, 111 young (113664K), 8 survivors (8192K)
 Metaspace       used 82098K, capacity 84244K, committed 84352K, reserved 1122304K
  class space    used 10601K, capacity 11382K, committed 11392K, reserved 1048576K
}
Event: 42.125 GC heap after
{Heap after GC invocations=14 (full 0):
 garbage-first heap   total 260096K, used 69016K [0x0000000080000000, 0x0000000100000000)
  region size 1024K, 14 young (14336K), 14 survivors (14336K)
 Metaspace       used 82098K, capacity 84244K, committed 84352K, reserved 1122304K
  class space    used 10601K, capacity 11382K, committed 11392K, reserved 1048576K
}
Event: 45.923 GC heap before
{Heap before GC invocations=14 (full 0):
 garbage-first heap   total 260096K, used 176536K [0x0000000080000000, 0x0000000100000000)
  region size 1024K, 120 young (122880K), 14 survivors (14336K)
 Metaspace       used 83045K, capacity 85181K, committed 85248K, reserved 1122304K
  class space    used 10662K, capacity 11453K, committed 11520K, reserved 1048576K
}
Event: 45.944 GC heap after
{Heap after GC invocations=15 (full 0):
 garbage-first heap   total 260096K, used 76543K [0x0000000080000000, 0x0000000100000000)
  region size 1024K, 8 young (8192K), 8 survivors (8192K)
 Metaspace       used 83045K, capacity 85181K, committed 85248K, reserved 1122304K
  class space    used 10662K, capacity 11453K, committed 11520K, reserved 1048576K
}

Deoptimization events (20 events):
Event: 47.227 Thread 0x00000166bbad9800 DEOPT PACKING pc=0x00000166a7c9e1a8 sp=0x0000003412ffd220
Event: 47.227 Thread 0x00000166bbad9800 DEOPT UNPACKING pc=0x000001669fb785af sp=0x0000003412ffd230 mode 2
Event: 47.337 Thread 0x00000166bbaad000 DEOPT PACKING pc=0x00000166a7d517f0 sp=0x00000034121fc6d0
Event: 47.337 Thread 0x00000166bbaad000 DEOPT UNPACKING pc=0x000001669fbb9d0e sp=0x00000034121fba90 mode 0
Event: 47.691 Thread 0x00000166bbad9800 Uncommon trap: trap_request=0xffffffd6 fr.pc=0x00000166a7d4e428 relative=0x0000000000000348
Event: 47.691 Thread 0x00000166bbad9800 Uncommon trap: reason=array_check action=maybe_recompile pc=0x00000166a7d4e428 method=java.util.AbstractCollection.toArray([Ljava/lang/Object;)[Ljava/lang/Object; @ 116 c2
Event: 47.691 Thread 0x00000166bbad9800 DEOPT PACKING pc=0x00000166a7d4e428 sp=0x0000003412ffd230
Event: 47.691 Thread 0x00000166bbad9800 DEOPT UNPACKING pc=0x000001669fb785af sp=0x0000003412ffd1e0 mode 2
Event: 47.691 Thread 0x00000166bbad9800 Uncommon trap: trap_request=0xffffffd6 fr.pc=0x00000166a7d4e428 relative=0x0000000000000348
Event: 47.691 Thread 0x00000166bbad9800 Uncommon trap: reason=array_check action=maybe_recompile pc=0x00000166a7d4e428 method=java.util.AbstractCollection.toArray([Ljava/lang/Object;)[Ljava/lang/Object; @ 116 c2
Event: 47.691 Thread 0x00000166bbad9800 DEOPT PACKING pc=0x00000166a7d4e428 sp=0x0000003412ffd230
Event: 47.691 Thread 0x00000166bbad9800 DEOPT UNPACKING pc=0x000001669fb785af sp=0x0000003412ffd1e0 mode 2
Event: 47.692 Thread 0x00000166bbad9800 Uncommon trap: trap_request=0xffffffd6 fr.pc=0x00000166a7d4e428 relative=0x0000000000000348
Event: 47.692 Thread 0x00000166bbad9800 Uncommon trap: reason=array_check action=maybe_recompile pc=0x00000166a7d4e428 method=java.util.AbstractCollection.toArray([Ljava/lang/Object;)[Ljava/lang/Object; @ 116 c2
Event: 47.692 Thread 0x00000166bbad9800 DEOPT PACKING pc=0x00000166a7d4e428 sp=0x0000003412ffd230
Event: 47.692 Thread 0x00000166bbad9800 DEOPT UNPACKING pc=0x000001669fb785af sp=0x0000003412ffd1e0 mode 2
Event: 47.692 Thread 0x00000166bbad9800 Uncommon trap: trap_request=0xffffffd6 fr.pc=0x00000166a7d4e428 relative=0x0000000000000348
Event: 47.692 Thread 0x00000166bbad9800 Uncommon trap: reason=array_check action=maybe_recompile pc=0x00000166a7d4e428 method=java.util.AbstractCollection.toArray([Ljava/lang/Object;)[Ljava/lang/Object; @ 116 c2
Event: 47.692 Thread 0x00000166bbad9800 DEOPT PACKING pc=0x00000166a7d4e428 sp=0x0000003412ffd230
Event: 47.692 Thread 0x00000166bbad9800 DEOPT UNPACKING pc=0x000001669fb785af sp=0x0000003412ffd1e0 mode 2

Classes redefined (0 events):
No events

Internal exceptions (20 events):
Event: 40.198 Thread 0x00000166be6e1000 Exception <a 'java/lang/NoSuchMethodError'{0x000000008b79a520}: 'int java.lang.invoke.DirectMethodHandle$Holder.invokeStaticInit(java.lang.Object, java.lang.Object, java.lang.Object, java.lang.Object, java.lang.Object)'> (0x000000008b79a520) thrown at [./src/hotspot/share/interpreter/linkResolver.cpp, line 773]
Event: 41.546 Thread 0x00000166bbab1000 Exception <a 'java/lang/NoSuchMethodError'{0x000000008a7a2768}: 'java.lang.Object java.lang.invoke.DirectMethodHandle$Holder.invokeSpecialIFC(java.lang.Object, java.lang.Object, java.lang.Object)'> (0x000000008a7a2768) thrown at [./src/hotspot/share/interpreter/linkResolver.cpp, line 773]
Event: 42.935 Thread 0x00000166bbaad800 Exception <a 'java/lang/NoSuchMethodError'{0x000000008f3fbaa0}: 'void java.lang.invoke.DirectMethodHandle$Holder.invokeVirtual(java.lang.Object, java.lang.Object)'> (0x000000008f3fbaa0) thrown at [./src/hotspot/share/interpreter/linkResolver.cpp, line 773]
Event: 42.935 Thread 0x00000166bbad4000 Exception <a 'java/lang/NoSuchMethodError'{0x000000008ed06498}: 'void java.lang.invoke.DirectMethodHandle$Holder.invokeVirtual(java.lang.Object, java.lang.Object)'> (0x000000008ed06498) thrown at [./src/hotspot/share/interpreter/linkResolver.cpp, line 773]
Event: 42.935 Thread 0x00000166bbab1000 Exception <a 'java/lang/NoSuchMethodError'{0x000000008eb69ee8}: 'void java.lang.invoke.DirectMethodHandle$Holder.invokeVirtual(java.lang.Object, java.lang.Object)'> (0x000000008eb69ee8) thrown at [./src/hotspot/share/interpreter/linkResolver.cpp, line 773]
Event: 43.998 Thread 0x00000166bbaad000 Implicit null exception at 0x00000166a7c89c3e to 0x00000166a7c8a518
Event: 45.838 Thread 0x00000166bbaab800 Implicit null exception at 0x00000166a7cf7852 to 0x00000166a7cf7c58
Event: 47.030 Thread 0x00000166be6e1000 Exception <a 'java/lang/NoSuchMethodError'{0x000000008e6e0b88}: <clinit>> (0x000000008e6e0b88) thrown at [./src/hotspot/share/prims/jni.cpp, line 1365]
Event: 47.030 Thread 0x00000166be6e1000 Exception <a 'java/lang/NoSuchMethodError'{0x000000008e6e1ec0}: <clinit>> (0x000000008e6e1ec0) thrown at [./src/hotspot/share/prims/jni.cpp, line 1365]
Event: 47.030 Thread 0x00000166be6e1000 Exception <a 'java/lang/NoSuchMethodError'{0x000000008e6e4610}: <clinit>> (0x000000008e6e4610) thrown at [./src/hotspot/share/prims/jni.cpp, line 1365]
Event: 47.032 Thread 0x00000166be6e1000 Exception <a 'java/lang/NoSuchMethodError'{0x000000008e6fdcb8}: <clinit>> (0x000000008e6fdcb8) thrown at [./src/hotspot/share/prims/jni.cpp, line 1365]
Event: 47.033 Thread 0x00000166be6e1000 Exception <a 'java/lang/NoSuchMethodError'{0x000000008e6ff198}: <clinit>> (0x000000008e6ff198) thrown at [./src/hotspot/share/prims/jni.cpp, line 1365]
Event: 47.087 Thread 0x00000166be6e1000 Exception <a 'sun/nio/fs/WindowsException'{0x000000008e4c2fb8}> (0x000000008e4c2fb8) thrown at [./src/hotspot/share/prims/jni.cpp, line 615]
Event: 47.088 Thread 0x00000166be6e1000 Exception <a 'sun/nio/fs/WindowsException'{0x000000008e4c3e70}> (0x000000008e4c3e70) thrown at [./src/hotspot/share/prims/jni.cpp, line 615]
Event: 47.103 Thread 0x00000166be6e1000 Exception <a 'sun/nio/fs/WindowsException'{0x000000008e4c52f8}> (0x000000008e4c52f8) thrown at [./src/hotspot/share/prims/jni.cpp, line 615]
Event: 47.104 Thread 0x00000166be6e1000 Exception <a 'sun/nio/fs/WindowsException'{0x000000008e4c61a8}> (0x000000008e4c61a8) thrown at [./src/hotspot/share/prims/jni.cpp, line 615]
Event: 47.134 Thread 0x00000166be6e1000 Exception <a 'java/lang/NoSuchMethodError'{0x000000008e24b130}: <clinit>> (0x000000008e24b130) thrown at [./src/hotspot/share/prims/jni.cpp, line 1365]
Event: 47.138 Thread 0x00000166be6e1000 Exception <a 'java/lang/NoSuchMethodError'{0x000000008e281288}: <clinit>> (0x000000008e281288) thrown at [./src/hotspot/share/prims/jni.cpp, line 1365]
Event: 47.143 Thread 0x00000166be6e1000 Exception <a 'java/lang/NoSuchMethodError'{0x000000008e2bb428}: <clinit>> (0x000000008e2bb428) thrown at [./src/hotspot/share/prims/jni.cpp, line 1365]
Event: 47.145 Thread 0x00000166be6e1000 Exception <a 'java/lang/NoSuchMethodError'{0x000000008e2cdf80}: <clinit>> (0x000000008e2cdf80) thrown at [./src/hotspot/share/prims/jni.cpp, line 1365]

Events (20 events):
Event: 47.979 loading class kotlin/reflect/jvm/internal/impl/metadata/jvm/JvmProtoBuf$JvmFieldSignature
Event: 47.979 loading class kotlin/reflect/jvm/internal/impl/metadata/jvm/JvmProtoBuf$JvmFieldSignature done
Event: 47.980 loading class kotlin/reflect/jvm/internal/impl/metadata/jvm/JvmProtoBuf$JvmFieldSignatureOrBuilder
Event: 47.980 loading class kotlin/reflect/jvm/internal/impl/metadata/jvm/JvmProtoBuf$JvmFieldSignatureOrBuilder done
Event: 47.981 loading class kotlin/reflect/jvm/internal/impl/metadata/jvm/JvmProtoBuf$JvmFieldSignature$1
Event: 47.981 loading class kotlin/reflect/jvm/internal/impl/metadata/jvm/JvmProtoBuf$JvmFieldSignature$1 done
Event: 47.982 loading class kotlin/reflect/jvm/internal/impl/metadata/ProtoBuf$Annotation
Event: 47.982 loading class kotlin/reflect/jvm/internal/impl/metadata/ProtoBuf$Annotation done
Event: 47.983 loading class kotlin/reflect/jvm/internal/impl/metadata/ProtoBuf$AnnotationOrBuilder
Event: 47.983 loading class kotlin/reflect/jvm/internal/impl/metadata/ProtoBuf$AnnotationOrBuilder done
Event: 47.984 loading class kotlin/reflect/jvm/internal/impl/metadata/ProtoBuf$Annotation$1
Event: 47.984 loading class kotlin/reflect/jvm/internal/impl/metadata/ProtoBuf$Annotation$1 done
Event: 47.985 loading class kotlin/reflect/jvm/internal/impl/metadata/ProtoBuf$TypeParameter
Event: 47.985 loading class kotlin/reflect/jvm/internal/impl/metadata/ProtoBuf$TypeParameter done
Event: 47.986 loading class kotlin/reflect/jvm/internal/impl/metadata/ProtoBuf$TypeParameterOrBuilder
Event: 47.986 loading class kotlin/reflect/jvm/internal/impl/metadata/ProtoBuf$TypeParameterOrBuilder done
Event: 47.987 loading class kotlin/reflect/jvm/internal/impl/metadata/ProtoBuf$TypeParameter$1
Event: 47.987 loading class kotlin/reflect/jvm/internal/impl/metadata/ProtoBuf$TypeParameter$1 done
Event: 47.988 loading class kotlin/reflect/jvm/internal/impl/metadata/ProtoBuf$TypeParameter$Variance
Event: 47.988 loading class kotlin/reflect/jvm/internal/impl/metadata/ProtoBuf$TypeParameter$Variance done


Dynamic libraries:
0x00007ff77aab0000 - 0x00007ff77aaba000 	C:\Program Files\Android\Android Studio\jre\bin\java.exe
0x00007fff14d30000 - 0x00007fff14f28000 	C:\WINDOWS\SYSTEM32\ntdll.dll
0x00007fff13190000 - 0x00007fff1324d000 	C:\WINDOWS\System32\KERNEL32.DLL
0x00007fff12a30000 - 0x00007fff12cfe000 	C:\WINDOWS\System32\KERNELBASE.dll
0x00007fff12450000 - 0x00007fff12550000 	C:\WINDOWS\System32\ucrtbase.dll
0x00007fff0bd40000 - 0x00007fff0bd59000 	C:\Program Files\Android\Android Studio\jre\bin\jli.dll
0x00007fff14130000 - 0x00007fff142d0000 	C:\WINDOWS\System32\USER32.dll
0x00007fff12740000 - 0x00007fff12762000 	C:\WINDOWS\System32\win32u.dll
0x00007fff143c0000 - 0x00007fff143ea000 	C:\WINDOWS\System32\GDI32.dll
0x00007fff12770000 - 0x00007fff1287b000 	C:\WINDOWS\System32\gdi32full.dll
0x00007fff126a0000 - 0x00007fff1273d000 	C:\WINDOWS\System32\msvcp_win.dll
0x00007fff06a00000 - 0x00007fff06c9a000 	C:\WINDOWS\WinSxS\amd64_microsoft.windows.common-controls_6595b64144ccf1df_6.0.19041.1110_none_60b5254171f9507e\COMCTL32.dll
0x00007fff13dc0000 - 0x00007fff13e5e000 	C:\WINDOWS\System32\msvcrt.dll
0x00007fff061c0000 - 0x00007fff061d7000 	C:\Program Files\Android\Android Studio\jre\bin\VCRUNTIME140.dll
0x00007fff135b0000 - 0x00007fff135e0000 	C:\WINDOWS\System32\IMM32.DLL
0x00007ffec4860000 - 0x00007ffec48fd000 	C:\Program Files\Android\Android Studio\jre\bin\msvcp140.dll
0x00007ffe8d400000 - 0x00007ffe8dee5000 	C:\Program Files\Android\Android Studio\jre\bin\server\jvm.dll
0x00007fff13b80000 - 0x00007fff13c2e000 	C:\WINDOWS\System32\ADVAPI32.dll
0x00007fff13650000 - 0x00007fff136ec000 	C:\WINDOWS\System32\sechost.dll
0x00007fff13c30000 - 0x00007fff13d55000 	C:\WINDOWS\System32\RPCRT4.dll
0x00007fff142d0000 - 0x00007fff142d8000 	C:\WINDOWS\System32\PSAPI.DLL
0x00007ffef63f0000 - 0x00007ffef63f9000 	C:\WINDOWS\SYSTEM32\WSOCK32.dll
0x00007fff140c0000 - 0x00007fff1412b000 	C:\WINDOWS\System32\WS2_32.dll
0x00007fff0c3e0000 - 0x00007fff0c3ea000 	C:\WINDOWS\SYSTEM32\VERSION.dll
0x00007ffef8dc0000 - 0x00007ffef8de7000 	C:\WINDOWS\SYSTEM32\WINMM.dll
0x00007fff10ce0000 - 0x00007fff10cf2000 	C:\WINDOWS\SYSTEM32\kernel.appcore.dll
0x00007fff0a100000 - 0x00007fff0a111000 	C:\Program Files\Android\Android Studio\jre\bin\verify.dll
0x00007fff102e0000 - 0x00007fff104c4000 	C:\WINDOWS\SYSTEM32\DBGHELP.DLL
0x00007fff09580000 - 0x00007fff095ac000 	C:\WINDOWS\SYSTEM32\dbgcore.DLL
0x00007fff12d00000 - 0x00007fff12d82000 	C:\WINDOWS\System32\bcryptPrimitives.dll
0x00007ffec29f0000 - 0x00007ffec2a19000 	C:\Program Files\Android\Android Studio\jre\bin\java.dll
0x00007fff06210000 - 0x00007fff0621b000 	C:\Program Files\Android\Android Studio\jre\bin\jimage.dll
0x00007ffec29d0000 - 0x00007ffec29e8000 	C:\Program Files\Android\Android Studio\jre\bin\zip.dll
0x00007fff143f0000 - 0x00007fff14b34000 	C:\WINDOWS\System32\SHELL32.dll
0x00007fff10530000 - 0x00007fff10cc4000 	C:\WINDOWS\SYSTEM32\windows.storage.dll
0x00007fff13250000 - 0x00007fff135a4000 	C:\WINDOWS\System32\combase.dll
0x00007fff11eb0000 - 0x00007fff11ee0000 	C:\WINDOWS\SYSTEM32\Wldp.dll
0x00007fff12df0000 - 0x00007fff12e9d000 	C:\WINDOWS\System32\SHCORE.dll
0x00007fff135e0000 - 0x00007fff13635000 	C:\WINDOWS\System32\shlwapi.dll
0x00007fff12390000 - 0x00007fff123af000 	C:\WINDOWS\SYSTEM32\profapi.dll
0x00007ffece2a0000 - 0x00007ffece2ba000 	C:\Program Files\Android\Android Studio\jre\bin\net.dll
0x00007fff0d490000 - 0x00007fff0d59a000 	C:\WINDOWS\SYSTEM32\WINHTTP.dll
0x00007fff11c10000 - 0x00007fff11c7a000 	C:\WINDOWS\system32\mswsock.dll
0x00007ffec3670000 - 0x00007ffec3684000 	C:\Program Files\Android\Android Studio\jre\bin\nio.dll
0x00007ffece240000 - 0x00007ffece267000 	C:\Users\min20\.gradle\native\8bec1ad78214c89d9ad589b4d07fe93259594b29d510b10fafb7a158f7737e5d\windows-amd64\native-platform.dll
0x00007ffe8c410000 - 0x00007ffe8c54d000 	C:\Users\min20\.gradle\native\53dbd7edfb1c66fb8903c78663c9afc45aea4f116125fa6feffd364cf09443e8\windows-amd64\native-platform-file-events.dll
0x00007fff0d0a0000 - 0x00007fff0d0aa000 	C:\Program Files\Android\Android Studio\jre\bin\management.dll
0x00007fff06140000 - 0x00007fff0614d000 	C:\Program Files\Android\Android Studio\jre\bin\management_ext.dll
0x00007fff11e00000 - 0x00007fff11e18000 	C:\WINDOWS\SYSTEM32\CRYPTSP.dll
0x00007fff11520000 - 0x00007fff11554000 	C:\WINDOWS\system32\rsaenh.dll
0x00007fff12550000 - 0x00007fff12577000 	C:\WINDOWS\System32\bcrypt.dll
0x00007fff12310000 - 0x00007fff1233e000 	C:\WINDOWS\SYSTEM32\USERENV.dll
0x00007fff11e20000 - 0x00007fff11e2c000 	C:\WINDOWS\SYSTEM32\CRYPTBASE.dll
0x00007fff118b0000 - 0x00007fff118eb000 	C:\WINDOWS\SYSTEM32\IPHLPAPI.DLL
0x00007fff13640000 - 0x00007fff13648000 	C:\WINDOWS\System32\NSI.dll
0x00007fff0b290000 - 0x00007fff0b2a7000 	C:\WINDOWS\SYSTEM32\dhcpcsvc6.DLL
0x00007fff0c070000 - 0x00007fff0c08d000 	C:\WINDOWS\SYSTEM32\dhcpcsvc.DLL
0x00007fff118f0000 - 0x00007fff119ba000 	C:\WINDOWS\SYSTEM32\DNSAPI.dll

dbghelp: loaded successfully - version: 4.0.5 - missing functions: none
symbol engine: initialized successfully - sym options: 0x614 - pdb path: .;C:\Program Files\Android\Android Studio\jre\bin;C:\WINDOWS\SYSTEM32;C:\WINDOWS\WinSxS\amd64_microsoft.windows.common-controls_6595b64144ccf1df_6.0.19041.1110_none_60b5254171f9507e;C:\Program Files\Android\Android Studio\jre\bin\server;C:\Users\min20\.gradle\native\8bec1ad78214c89d9ad589b4d07fe93259594b29d510b10fafb7a158f7737e5d\windows-amd64;C:\Users\min20\.gradle\native\53dbd7edfb1c66fb8903c78663c9afc45aea4f116125fa6feffd364cf09443e8\windows-amd64

VM Arguments:
jvm_args: --add-opens=java.base/java.util=ALL-UNNAMED --add-opens=java.base/java.lang=ALL-UNNAMED --add-opens=java.base/java.lang.invoke=ALL-UNNAMED --add-opens=java.base/java.util=ALL-UNNAMED --add-opens=java.prefs/java.util.prefs=ALL-UNNAMED --add-opens=java.prefs/java.util.prefs=ALL-UNNAMED --add-opens=java.base/java.nio.charset=ALL-UNNAMED --add-opens=java.base/java.net=ALL-UNNAMED --add-opens=java.base/java.util.concurrent.atomic=ALL-UNNAMED -Xmx2048m -Dfile.encoding=UTF-8 -Duser.country=KR -Duser.language=ko -Duser.variant 
java_command: org.gradle.launcher.daemon.bootstrap.GradleDaemon 7.0.2
java_class_path (initial): C:\Users\min20\.gradle\wrapper\dists\gradle-7.0.2-bin\857tjihv64xamwrf0h14cai3r\gradle-7.0.2\lib\gradle-launcher-7.0.2.jar
Launcher Type: SUN_STANDARD

[Global flags]
     intx CICompilerCount                          = 4                                         {product} {ergonomic}
     uint ConcGCThreads                            = 2                                         {product} {ergonomic}
     uint G1ConcRefinementThreads                  = 8                                         {product} {ergonomic}
   size_t G1HeapRegionSize                         = 1048576                                   {product} {ergonomic}
    uintx GCDrainStackTargetSize                   = 64                                        {product} {ergonomic}
   size_t InitialHeapSize                          = 266338304                                 {product} {ergonomic}
   size_t MarkStackSize                            = 4194304                                   {product} {ergonomic}
   size_t MaxHeapSize                              = 2147483648                                {product} {command line}
   size_t MaxNewSize                               = 1287651328                                {product} {ergonomic}
   size_t MinHeapDeltaBytes                        = 1048576                                   {product} {ergonomic}
    uintx NonNMethodCodeHeapSize                   = 5836300                                {pd product} {ergonomic}
    uintx NonProfiledCodeHeapSize                  = 122910970                              {pd product} {ergonomic}
    uintx ProfiledCodeHeapSize                     = 122910970                              {pd product} {ergonomic}
    uintx ReservedCodeCacheSize                    = 251658240                              {pd product} {ergonomic}
     bool SegmentedCodeCache                       = true                                      {product} {ergonomic}
     bool UseCompressedClassPointers               = true                                 {lp64_product} {ergonomic}
     bool UseCompressedOops                        = true                                 {lp64_product} {ergonomic}
     bool UseG1GC                                  = true                                      {product} {ergonomic}
     bool UseLargePagesIndividualAllocation        = false                                  {pd product} {ergonomic}

Logging:
Log output configuration:
 #0: stdout all=warning uptime,level,tags
 #1: stderr all=off uptime,level,tags

Environment Variables:
JAVA_HOME=C:\Program Files\Java\jdk-11.0.10
PATH=C:\Program Files\Common Files\Oracle\Java\javapath;C:\Program Files (x86)\Common Files\Oracle\Java\javapath;C:\windows\system32;C:\windows;C:\windows\System32\Wbem;C:\windows\System32\WindowsPowerShell\v1.0\;C:\windows\System32\OpenSSH\;C:\Program Files (x86)\NVIDIA Corporation\PhysX\Common;C:\Program Files\NVIDIA Corporation\NVIDIA NvDLISR;C:\Program Files\Intel\WiFi\bin\;C:\Program Files\Common Files\Intel\WirelessCommon\;C:\Users\min20\miniconda3\Scripts;C:\Program Files\Git\cmd;C:\Users\min20\devtool\apache-maven-3.6.3-bin\apache-maven-3.6.3\bin;C:\Users\min20\devtool\gradle-6.0-all\gradle-6.0\bin;C:\Program Files\Java\jdk1.8.0_271\bin;C:\Program Files\Java\jdk1.8.0_271\bin;C:\WINDOWS\system32;C:\WINDOWS;C:\WINDOWS\System32\Wbem;C:\WINDOWS\System32\WindowsPowerShell\v1.0\;C:\WINDOWS\System32\OpenSSH\;C:\MinGW\bin;C:\FlutterSDK\flutter\bin;C:\Program Files\nodejs\;C:\Users\min20\AppData\Local\Microsoft\WindowsApps;C:\users\min20\miniconda3\lib\site-packages (1.0.2);C:\Program Files\MySQL\MySQL Shell 8.0\bin\;C:\Users\min20\devtool\apache-maven-3.6.3-bin\apache-maven-3.6.3\bin;C:\Program Files\Java\jdk1.8.0_271\bin;C:\Users\min20\AppData\Local\atom\bin;C:\Users\min20\AppData\Local\Programs\Microsoft VS Code\bin;C:\Users\min20\AppData\Local\Microsoft\WindowsApps;C:\MinGW\bin;C:\Users\min20\AppData\Roaming\npm;C:\Users\min20\AppData\Local\GitHubDesktop\bin
USERNAME=min20
OS=Windows_NT
PROCESSOR_IDENTIFIER=Intel64 Family 6 Model 126 Stepping 5, GenuineIntel



---------------  S Y S T E M  ---------------

OS: Windows 10 , 64 bit Build 19041 (10.0.19041.1889)
OS uptime: 1 days 22:02 hours

CPU:total 8 (initial active 8) (4 cores per cpu, 2 threads per core) family 6 model 126 stepping 5 microcode 0xa0, cmov, cx8, fxsr, mmx, sse, sse2, sse3, ssse3, sse4.1, sse4.2, popcnt, avx, avx2, aes, clmul, erms, 3dnowpref, lzcnt, ht, tsc, tscinvbit, bmi1, bmi2, adx, evex, sha, fma

Memory: 4k page, system-wide physical 16145M (3008M free)
TotalPageFile size 17486M (AvailPageFile size 11M)
current process WorkingSet (physical memory assigned to process): 463M, peak: 468M
current process commit charge ("private bytes"): 561M, peak: 568M

vm_info: OpenJDK 64-Bit Server VM (11.0.12+7-b1504.28-7817840) for windows-amd64 JRE (11.0.12+7-b1504.28-7817840), built on Oct 13 2021 22:12:33 by "builder" with MS VC++ 14.0 (VS2015)

END.
