#
# There is insufficient memory for the Java Runtime Environment to continue.
# Native memory allocation (malloc) failed to allocate 1084896 bytes for Chunk::new
# Possible reasons:
#   The system is out of physical RAM or swap space
#   The process is running with CompressedOops enabled, and the Java Heap may be blocking the growth of the native heap
# Possible solutions:
#   Reduce memory load on the system
#   Increase physical memory or swap space
#   Check if swap backing store is full
#   Decrease Java heap size (-Xmx/-Xms)
#   Decrease number of Java threads
#   Decrease Java thread stack sizes (-Xss)
#   Set larger code cache with -XX:ReservedCodeCacheSize=
#   JVM is running with Unscaled Compressed Oops mode in which the Java heap is
#     placed in the first 4GB address space. The Java Heap base address is the
#     maximum limit for the native heap growth. Please use -XX:HeapBaseMinAddress
#     to set the Java Heap base and to place the Java Heap above 4GB virtual address.
# This output file may be truncated or incomplete.
#
#  Out of Memory Error (./src/hotspot/share/memory/arena.cpp:197), pid=18012, tid=23268
#
# JRE version: OpenJDK Runtime Environment (11.0.12+7) (build 11.0.12+7-b1504.28-7817840)
# Java VM: OpenJDK 64-Bit Server VM (11.0.12+7-b1504.28-7817840, mixed mode, tiered, compressed oops, g1 gc, windows-amd64)
# No core dump will be written. Minidumps are not enabled by default on client versions of Windows
#

---------------  S U M M A R Y ------------

Command Line: --add-opens=java.base/java.util=ALL-UNNAMED --add-opens=java.base/java.lang=ALL-UNNAMED --add-opens=java.base/java.lang.invoke=ALL-UNNAMED --add-opens=java.base/java.util=ALL-UNNAMED --add-opens=java.prefs/java.util.prefs=ALL-UNNAMED --add-opens=java.prefs/java.util.prefs=ALL-UNNAMED --add-opens=java.base/java.nio.charset=ALL-UNNAMED --add-opens=java.base/java.net=ALL-UNNAMED --add-opens=java.base/java.util.concurrent.atomic=ALL-UNNAMED -Xmx2048m -Dfile.encoding=UTF-8 -Duser.country=KR -Duser.language=ko -Duser.variant org.gradle.launcher.daemon.bootstrap.GradleDaemon 7.0.2

Host: Intel(R) Core(TM) i7-1065G7 CPU @ 1.30GHz, 8 cores, 15G,  Windows 10 , 64 bit Build 19041 (10.0.19041.1889)
Time: Sun Aug 14 01:11:07 2022 대한민국 표준시 elapsed time: 42.305671 seconds (0d 0h 0m 42s)

---------------  T H R E A D  ---------------

Current thread (0x00000246e3e21000):  JavaThread "C2 CompilerThread2" daemon [_thread_in_native, id=23268, stack(0x000000c16f300000,0x000000c16f400000)]


Current CompileTask:
C2:  42305 6980       4       com.sun.beans.TypeResolver::resolve (37 bytes)

Stack: [0x000000c16f300000,0x000000c16f400000]
Native frames: (J=compiled Java code, j=interpreted, Vv=VM code, C=native code)
V  [jvm.dll+0x5fbcea]
V  [jvm.dll+0x731905]
V  [jvm.dll+0x732f1d]
V  [jvm.dll+0x7335d3]
V  [jvm.dll+0x247bf8]
V  [jvm.dll+0xc018c]
V  [jvm.dll+0xc06cc]
V  [jvm.dll+0x2bcc04]
V  [jvm.dll+0x5113a8]
V  [jvm.dll+0x208303]
V  [jvm.dll+0x201fe0]
V  [jvm.dll+0x1ff71f]
V  [jvm.dll+0x18868c]
V  [jvm.dll+0x20e0d7]
V  [jvm.dll+0x20c901]
V  [jvm.dll+0x6f9b7f]
V  [jvm.dll+0x6f26a5]
V  [jvm.dll+0x5fabf6]
C  [ucrtbase.dll+0x21bb2]
C  [KERNEL32.DLL+0x17034]
C  [ntdll.dll+0x52651]


---------------  P R O C E S S  ---------------

Threads class SMR info:
_java_thread_list=0x00000246e2477610, length=52, elements={
0x00000246c538f000, 0x00000246e0093800, 0x00000246e009c800, 0x00000246e0111000,
0x00000246e0113000, 0x00000246e0114000, 0x00000246e0115000, 0x00000246e011d800,
0x00000246e0126800, 0x00000246e028b800, 0x00000246e22a2800, 0x00000246e214a000,
0x00000246e3437000, 0x00000246e29bb800, 0x00000246e29bc800, 0x00000246e29bd800,
0x00000246e08ea800, 0x00000246e08ec000, 0x00000246e08ed000, 0x00000246e2bd5800,
0x00000246e2bd3000, 0x00000246e2bd4000, 0x00000246e2bd4800, 0x00000246e0a57000,
0x00000246e0a55800, 0x00000246e0a56800, 0x00000246e0a51800, 0x00000246e0a54000,
0x00000246e0a58000, 0x00000246e0a58800, 0x00000246e0a5e800, 0x00000246e0a5c000,
0x00000246e0a5d800, 0x00000246e0a5f800, 0x00000246e0a60000, 0x00000246e3e18000,
0x00000246e3e19000, 0x00000246e3e1a000, 0x00000246e3e16000, 0x00000246e3e16800,
0x00000246e3e17800, 0x00000246e3e14000, 0x00000246e3e1a800, 0x00000246e3e15000,
0x00000246e3e1f800, 0x00000246e3e1e000, 0x00000246e3e20800, 0x00000246e3e1d000,
0x00000246e3e1b800, 0x00000246e3e22000, 0x00000246e3e1e800, 0x00000246e3e21000
}

Java Threads: ( => current thread )
  0x00000246c538f000 JavaThread "main" [_thread_blocked, id=15300, stack(0x000000c16b000000,0x000000c16b100000)]
  0x00000246e0093800 JavaThread "Reference Handler" daemon [_thread_blocked, id=13592, stack(0x000000c16b700000,0x000000c16b800000)]
  0x00000246e009c800 JavaThread "Finalizer" daemon [_thread_blocked, id=15492, stack(0x000000c16b800000,0x000000c16b900000)]
  0x00000246e0111000 JavaThread "Signal Dispatcher" daemon [_thread_blocked, id=284, stack(0x000000c16b900000,0x000000c16ba00000)]
  0x00000246e0113000 JavaThread "Attach Listener" daemon [_thread_blocked, id=3116, stack(0x000000c16ba00000,0x000000c16bb00000)]
  0x00000246e0114000 JavaThread "Service Thread" daemon [_thread_blocked, id=25064, stack(0x000000c16bb00000,0x000000c16bc00000)]
  0x00000246e0115000 JavaThread "C2 CompilerThread0" daemon [_thread_in_native, id=15284, stack(0x000000c16bc00000,0x000000c16bd00000)]
  0x00000246e011d800 JavaThread "C1 CompilerThread0" daemon [_thread_blocked, id=18932, stack(0x000000c16bd00000,0x000000c16be00000)]
  0x00000246e0126800 JavaThread "Sweeper thread" daemon [_thread_blocked, id=17988, stack(0x000000c16be00000,0x000000c16bf00000)]
  0x00000246e028b800 JavaThread "Common-Cleaner" daemon [_thread_blocked, id=19780, stack(0x000000c16bf00000,0x000000c16c000000)]
  0x00000246e22a2800 JavaThread "Daemon health stats" [_thread_blocked, id=15824, stack(0x000000c16c700000,0x000000c16c800000)]
  0x00000246e214a000 JavaThread "Incoming local TCP Connector on port 60787" [_thread_in_native, id=5960, stack(0x000000c16c100000,0x000000c16c200000)]
  0x00000246e3437000 JavaThread "Daemon periodic checks" [_thread_blocked, id=21924, stack(0x000000c16c800000,0x000000c16c900000)]
  0x00000246e29bb800 JavaThread "Daemon" [_thread_blocked, id=4688, stack(0x000000c16c900000,0x000000c16ca00000)]
  0x00000246e29bc800 JavaThread "Handler for socket connection from /127.0.0.1:60787 to /127.0.0.1:60788" [_thread_in_native, id=9000, stack(0x000000c16ca00000,0x000000c16cb00000)]
  0x00000246e29bd800 JavaThread "Cancel handler" [_thread_blocked, id=13424, stack(0x000000c16cb00000,0x000000c16cc00000)]
  0x00000246e08ea800 JavaThread "Daemon worker" [_thread_in_vm, id=11556, stack(0x000000c16cc00000,0x000000c16cd00000)]
  0x00000246e08ec000 JavaThread "Asynchronous log dispatcher for DefaultDaemonConnection: socket connection from /127.0.0.1:60787 to /127.0.0.1:60788" [_thread_blocked, id=6036, stack(0x000000c16cd00000,0x000000c16ce00000)]
  0x00000246e08ed000 JavaThread "Stdin handler" [_thread_blocked, id=19292, stack(0x000000c16ce00000,0x000000c16cf00000)]
  0x00000246e2bd5800 JavaThread "Daemon client event forwarder" [_thread_blocked, id=13928, stack(0x000000c16cf00000,0x000000c16d000000)]
  0x00000246e2bd3000 JavaThread "Cache worker for file hash cache (C:\Users\min20\.gradle\caches\7.0.2\fileHashes)" [_thread_blocked, id=14032, stack(0x000000c16d100000,0x000000c16d200000)]
  0x00000246e2bd4000 JavaThread "File lock request listener" [_thread_in_native, id=16924, stack(0x000000c16d200000,0x000000c16d300000)]
  0x00000246e2bd4800 JavaThread "Cache worker for journal cache (C:\Users\min20\.gradle\caches\journal-1)" [_thread_blocked, id=21316, stack(0x000000c16d500000,0x000000c16d600000)]
  0x00000246e0a57000 JavaThread "Cache worker for file hash cache (C:\Android\Android Project\2022meit\backup2\.gradle\7.0.2\fileHashes)" [_thread_blocked, id=12372, stack(0x000000c16d700000,0x000000c16d800000)]
  0x00000246e0a55800 JavaThread "File watcher server" daemon [_thread_in_native, id=11216, stack(0x000000c16d800000,0x000000c16d900000)]
  0x00000246e0a56800 JavaThread "File watcher consumer" daemon [_thread_blocked, id=13872, stack(0x000000c16d900000,0x000000c16da00000)]
  0x00000246e0a51800 JavaThread "Cache worker for checksums cache (C:\Android\Android Project\2022meit\backup2\.gradle\checksums)" [_thread_blocked, id=13020, stack(0x000000c16da00000,0x000000c16db00000)]
  0x00000246e0a54000 JavaThread "Cache worker for cache directory md-supplier (C:\Users\min20\.gradle\caches\7.0.2\md-supplier)" [_thread_blocked, id=17092, stack(0x000000c16db00000,0x000000c16dc00000)]
  0x00000246e0a58000 JavaThread "Cache worker for cache directory md-rule (C:\Users\min20\.gradle\caches\7.0.2\md-rule)" [_thread_blocked, id=19572, stack(0x000000c16dd00000,0x000000c16de00000)]
  0x00000246e0a58800 JavaThread "Cache worker for execution history cache (C:\Users\min20\.gradle\caches\7.0.2\executionHistory)" [_thread_blocked, id=3544, stack(0x000000c16de00000,0x000000c16df00000)]
  0x00000246e0a5e800 JavaThread "jar transforms" [_thread_blocked, id=12100, stack(0x000000c16df00000,0x000000c16e000000)]
  0x00000246e0a5c000 JavaThread "jar transforms Thread 2" [_thread_blocked, id=19648, stack(0x000000c16e000000,0x000000c16e100000)]
  0x00000246e0a5d800 JavaThread "Cache worker for file content cache (C:\Users\min20\.gradle\caches\7.0.2\fileContent)" [_thread_blocked, id=15612, stack(0x000000c16e100000,0x000000c16e200000)]
  0x00000246e0a5f800 JavaThread "Cache worker for dependencies-accessors (C:\Android\Android Project\2022meit\backup2\.gradle\7.0.2\dependencies-accessors)" [_thread_blocked, id=25088, stack(0x000000c16e200000,0x000000c16e300000)]
  0x00000246e0a60000 JavaThread "jar transforms Thread 3" [_thread_blocked, id=19992, stack(0x000000c16e300000,0x000000c16e400000)]
  0x00000246e3e18000 JavaThread "Cache worker for Build Output Cleanup Cache (C:\Android\Android Project\2022meit\backup2\.gradle\buildOutputCleanup)" [_thread_blocked, id=11800, stack(0x000000c16e400000,0x000000c16e500000)]
  0x00000246e3e19000 JavaThread "Build operations" [_thread_blocked, id=22544, stack(0x000000c16e500000,0x000000c16e600000)]
  0x00000246e3e1a000 JavaThread "Build operations Thread 2" [_thread_blocked, id=12128, stack(0x000000c16e600000,0x000000c16e700000)]
  0x00000246e3e16000 JavaThread "Build operations Thread 3" [_thread_blocked, id=16228, stack(0x000000c16e700000,0x000000c16e800000)]
  0x00000246e3e16800 JavaThread "Build operations Thread 4" [_thread_blocked, id=32, stack(0x000000c16e800000,0x000000c16e900000)]
  0x00000246e3e17800 JavaThread "Build operations Thread 5" [_thread_blocked, id=15344, stack(0x000000c16e900000,0x000000c16ea00000)]
  0x00000246e3e14000 JavaThread "Build operations Thread 6" [_thread_blocked, id=15792, stack(0x000000c16ea00000,0x000000c16eb00000)]
  0x00000246e3e1a800 JavaThread "Build operations Thread 7" [_thread_blocked, id=1144, stack(0x000000c16eb00000,0x000000c16ec00000)]
  0x00000246e3e15000 JavaThread "Build operations Thread 8" [_thread_blocked, id=11940, stack(0x000000c16ec00000,0x000000c16ed00000)]
  0x00000246e3e1f800 JavaThread "jar transforms Thread 4" [_thread_blocked, id=15288, stack(0x000000c16dc00000,0x000000c16dd00000)]
  0x00000246e3e1e000 JavaThread "jar transforms Thread 5" [_thread_blocked, id=16340, stack(0x000000c16d600000,0x000000c16d700000)]
  0x00000246e3e20800 JavaThread "jar transforms Thread 6" [_thread_blocked, id=10896, stack(0x000000c16ed00000,0x000000c16ee00000)]
  0x00000246e3e1d000 JavaThread "jar transforms Thread 7" [_thread_blocked, id=21832, stack(0x000000c16ee00000,0x000000c16ef00000)]
  0x00000246e3e1b800 JavaThread "jar transforms Thread 8" [_thread_blocked, id=14636, stack(0x000000c16ef00000,0x000000c16f000000)]
  0x00000246e3e22000 JavaThread "Memory manager" [_thread_blocked, id=14260, stack(0x000000c16f200000,0x000000c16f300000)]
  0x00000246e3e1e800 JavaThread "C2 CompilerThread1" daemon [_thread_in_native, id=22500, stack(0x000000c16af00000,0x000000c16b000000)]
=>0x00000246e3e21000 JavaThread "C2 CompilerThread2" daemon [_thread_in_native, id=23268, stack(0x000000c16f300000,0x000000c16f400000)]

Other Threads:
  0x00000246e008d800 VMThread "VM Thread" [stack: 0x000000c16b600000,0x000000c16b700000] [id=15752]
  0x00000246e02b5000 WatcherThread [stack: 0x000000c16c000000,0x000000c16c100000] [id=14396]
  0x00000246c53a9800 GCTaskThread "GC Thread#0" [stack: 0x000000c16b100000,0x000000c16b200000] [id=7544]
  0x00000246e0fd5800 GCTaskThread "GC Thread#1" [stack: 0x000000c16c200000,0x000000c16c300000] [id=21884]
  0x00000246e10ca800 GCTaskThread "GC Thread#2" [stack: 0x000000c16c300000,0x000000c16c400000] [id=13116]
  0x00000246e0dca800 GCTaskThread "GC Thread#3" [stack: 0x000000c16c400000,0x000000c16c500000] [id=5684]
  0x00000246e0dcb000 GCTaskThread "GC Thread#4" [stack: 0x000000c16c500000,0x000000c16c600000] [id=20636]
  0x00000246e0deb000 GCTaskThread "GC Thread#5" [stack: 0x000000c16c600000,0x000000c16c700000] [id=10816]
  0x00000246e02a4000 GCTaskThread "GC Thread#6" [stack: 0x000000c16d000000,0x000000c16d100000] [id=3140]
  0x00000246e2768800 GCTaskThread "GC Thread#7" [stack: 0x000000c16d300000,0x000000c16d400000] [id=12576]
  0x00000246c53d9800 ConcurrentGCThread "G1 Main Marker" [stack: 0x000000c16b200000,0x000000c16b300000] [id=4636]
  0x00000246c53db000 ConcurrentGCThread "G1 Conc#0" [stack: 0x000000c16b300000,0x000000c16b400000] [id=24536]
  0x00000246e210f000 ConcurrentGCThread "G1 Conc#1" [stack: 0x000000c16d400000,0x000000c16d500000] [id=23340]
  0x00000246df6d8800 ConcurrentGCThread "G1 Refine#0" [stack: 0x000000c16b400000,0x000000c16b500000] [id=13616]
  0x00000246df6d9800 ConcurrentGCThread "G1 Young RemSet Sampling" [stack: 0x000000c16b500000,0x000000c16b600000] [id=21844]

Threads with active compile tasks:
C2 CompilerThread0  42366 6919   !   4       com.sun.beans.TypeResolver::resolve (261 bytes)
C2 CompilerThread1  42366 6975       4       groovy.lang.MetaClassImpl::inheritInterfaceNewMetaMethods (195 bytes)
C2 CompilerThread2  42367 6980       4       com.sun.beans.TypeResolver::resolve (37 bytes)

VM state:not at safepoint (normal execution)

VM Mutex/Monitor currently owned by a thread: None

Heap address: 0x0000000080000000, size: 2048 MB, Compressed Oops mode: 32-bit
Narrow klass base: 0x0000000000000000, Narrow klass shift: 3
Compressed class space size: 1073741824 Address: 0x0000000100000000

Heap:
 garbage-first heap   total 260096K, used 106787K [0x0000000080000000, 0x0000000100000000)
  region size 1024K, 65 young (66560K), 12 survivors (12288K)
 Metaspace       used 71094K, capacity 72831K, committed 73164K, reserved 1112064K
  class space    used 9168K, capacity 9798K, committed 9932K, reserved 1048576K
Heap Regions: E=young(eden), S=young(survivor), O=old, HS=humongous(starts), HC=humongous(continues), CS=collection set, F=free, A=archive, TAMS=top-at-mark-start (previous, next)
|   0|0x0000000080000000, 0x0000000080100000, 0x0000000080100000|100%| O|  |TAMS 0x0000000080100000, 0x0000000080000000| Untracked 
|   1|0x0000000080100000, 0x0000000080200000, 0x0000000080200000|100%| O|  |TAMS 0x0000000080200000, 0x0000000080100000| Untracked 
|   2|0x0000000080200000, 0x0000000080300000, 0x0000000080300000|100%| O|  |TAMS 0x0000000080300000, 0x0000000080200000| Untracked 
|   3|0x0000000080300000, 0x0000000080400000, 0x0000000080400000|100%|HS|  |TAMS 0x0000000080400000, 0x0000000080300000| Complete 
|   4|0x0000000080400000, 0x0000000080500000, 0x0000000080500000|100%|HC|  |TAMS 0x0000000080500000, 0x0000000080400000| Complete 
|   5|0x0000000080500000, 0x0000000080600000, 0x0000000080600000|100%|HC|  |TAMS 0x0000000080600000, 0x0000000080500000| Complete 
|   6|0x0000000080600000, 0x0000000080700000, 0x0000000080700000|100%| O|  |TAMS 0x0000000080700000, 0x0000000080600000| Untracked 
|   7|0x0000000080700000, 0x0000000080800000, 0x0000000080800000|100%| O|  |TAMS 0x0000000080800000, 0x0000000080700000| Untracked 
|   8|0x0000000080800000, 0x0000000080900000, 0x0000000080900000|100%| O|  |TAMS 0x0000000080900000, 0x0000000080800000| Untracked 
|   9|0x0000000080900000, 0x0000000080a00000, 0x0000000080a00000|100%| O|  |TAMS 0x0000000080a00000, 0x0000000080900000| Untracked 
|  10|0x0000000080a00000, 0x0000000080b00000, 0x0000000080b00000|100%| O|  |TAMS 0x0000000080b00000, 0x0000000080a00000| Untracked 
|  11|0x0000000080b00000, 0x0000000080c00000, 0x0000000080c00000|100%| O|  |TAMS 0x0000000080c00000, 0x0000000080b00000| Untracked 
|  12|0x0000000080c00000, 0x0000000080d00000, 0x0000000080d00000|100%| O|  |TAMS 0x0000000080d00000, 0x0000000080c00000| Untracked 
|  13|0x0000000080d00000, 0x0000000080e00000, 0x0000000080e00000|100%| O|  |TAMS 0x0000000080e00000, 0x0000000080d00000| Untracked 
|  14|0x0000000080e00000, 0x0000000080f00000, 0x0000000080f00000|100%| O|  |TAMS 0x0000000080f00000, 0x0000000080e00000| Untracked 
|  15|0x0000000080f00000, 0x0000000081000000, 0x0000000081000000|100%| O|  |TAMS 0x0000000081000000, 0x0000000080f00000| Untracked 
|  16|0x0000000081000000, 0x0000000081100000, 0x0000000081100000|100%|HS|  |TAMS 0x0000000081100000, 0x0000000081000000| Complete 
|  17|0x0000000081100000, 0x0000000081200000, 0x0000000081200000|100%|HS|  |TAMS 0x0000000081200000, 0x0000000081100000| Complete 
|  18|0x0000000081200000, 0x0000000081300000, 0x0000000081300000|100%|HS|  |TAMS 0x0000000081300000, 0x0000000081200000| Complete 
|  19|0x0000000081300000, 0x0000000081400000, 0x0000000081400000|100%|HC|  |TAMS 0x0000000081400000, 0x0000000081300000| Complete 
|  20|0x0000000081400000, 0x0000000081500000, 0x0000000081500000|100%| O|  |TAMS 0x0000000081500000, 0x0000000081400000| Untracked 
|  21|0x0000000081500000, 0x0000000081600000, 0x0000000081600000|100%| O|  |TAMS 0x0000000081600000, 0x0000000081500000| Untracked 
|  22|0x0000000081600000, 0x0000000081700000, 0x0000000081700000|100%| O|  |TAMS 0x0000000081700000, 0x0000000081600000| Untracked 
|  23|0x0000000081700000, 0x0000000081800000, 0x0000000081800000|100%| O|  |TAMS 0x0000000081800000, 0x0000000081700000| Untracked 
|  24|0x0000000081800000, 0x0000000081900000, 0x0000000081900000|100%| O|  |TAMS 0x0000000081900000, 0x0000000081800000| Untracked 
|  25|0x0000000081900000, 0x0000000081a00000, 0x0000000081a00000|100%| O|  |TAMS 0x0000000081a00000, 0x0000000081900000| Untracked 
|  26|0x0000000081a00000, 0x0000000081b00000, 0x0000000081b00000|100%| O|  |TAMS 0x0000000081b00000, 0x0000000081a00000| Untracked 
|  27|0x0000000081b00000, 0x0000000081c00000, 0x0000000081c00000|100%| O|  |TAMS 0x0000000081c00000, 0x0000000081b00000| Untracked 
|  28|0x0000000081c00000, 0x0000000081d00000, 0x0000000081d00000|100%| O|  |TAMS 0x0000000081d00000, 0x0000000081c00000| Untracked 
|  29|0x0000000081d00000, 0x0000000081e00000, 0x0000000081e00000|100%| O|  |TAMS 0x0000000081e00000, 0x0000000081d00000| Untracked 
|  30|0x0000000081e00000, 0x0000000081f00000, 0x0000000081f00000|100%| O|  |TAMS 0x0000000081f00000, 0x0000000081e00000| Untracked 
|  31|0x0000000081f00000, 0x0000000082000000, 0x0000000082000000|100%| O|  |TAMS 0x0000000082000000, 0x0000000081f00000| Untracked 
|  32|0x0000000082000000, 0x0000000082100000, 0x0000000082100000|100%| O|  |TAMS 0x0000000082100000, 0x0000000082000000| Untracked 
|  33|0x0000000082100000, 0x0000000082200000, 0x0000000082200000|100%| O|  |TAMS 0x0000000082200000, 0x0000000082100000| Untracked 
|  34|0x0000000082200000, 0x0000000082300000, 0x0000000082300000|100%| O|  |TAMS 0x0000000082300000, 0x0000000082200000| Untracked 
|  35|0x0000000082300000, 0x0000000082400000, 0x0000000082400000|100%| O|  |TAMS 0x0000000082400000, 0x0000000082300000| Untracked 
|  36|0x0000000082400000, 0x0000000082500000, 0x0000000082500000|100%| O|  |TAMS 0x0000000082500000, 0x0000000082400000| Untracked 
|  37|0x0000000082500000, 0x0000000082600000, 0x0000000082600000|100%| O|  |TAMS 0x0000000082600000, 0x0000000082500000| Untracked 
|  38|0x0000000082600000, 0x0000000082700000, 0x0000000082700000|100%| O|  |TAMS 0x0000000082700000, 0x0000000082600000| Untracked 
|  39|0x0000000082700000, 0x0000000082800000, 0x0000000082800000|100%| O|  |TAMS 0x0000000082800000, 0x0000000082700000| Untracked 
|  40|0x0000000082800000, 0x0000000082900000, 0x0000000082900000|100%| O|  |TAMS 0x0000000082900000, 0x0000000082800000| Untracked 
|  41|0x0000000082900000, 0x000000008292e800, 0x0000000082a00000| 18%| O|  |TAMS 0x000000008292e800, 0x0000000082900000| Untracked 
|  42|0x0000000082a00000, 0x0000000082a00000, 0x0000000082b00000|  0%| F|  |TAMS 0x0000000082a00000, 0x0000000082a00000| Untracked 
|  43|0x0000000082b00000, 0x0000000082b00000, 0x0000000082c00000|  0%| F|  |TAMS 0x0000000082b00000, 0x0000000082b00000| Untracked 
|  44|0x0000000082c00000, 0x0000000082c00000, 0x0000000082d00000|  0%| F|  |TAMS 0x0000000082c00000, 0x0000000082c00000| Untracked 
|  45|0x0000000082d00000, 0x0000000082d00000, 0x0000000082e00000|  0%| F|  |TAMS 0x0000000082d00000, 0x0000000082d00000| Untracked 
|  46|0x0000000082e00000, 0x0000000082e00000, 0x0000000082f00000|  0%| F|  |TAMS 0x0000000082e00000, 0x0000000082e00000| Untracked 
|  47|0x0000000082f00000, 0x0000000082f00000, 0x0000000083000000|  0%| F|  |TAMS 0x0000000082f00000, 0x0000000082f00000| Untracked 
|  48|0x0000000083000000, 0x0000000083000000, 0x0000000083100000|  0%| F|  |TAMS 0x0000000083000000, 0x0000000083000000| Untracked 
|  49|0x0000000083100000, 0x0000000083100000, 0x0000000083200000|  0%| F|  |TAMS 0x0000000083100000, 0x0000000083100000| Untracked 
|  50|0x0000000083200000, 0x0000000083200000, 0x0000000083300000|  0%| F|  |TAMS 0x0000000083200000, 0x0000000083200000| Untracked 
|  51|0x0000000083300000, 0x0000000083300000, 0x0000000083400000|  0%| F|  |TAMS 0x0000000083300000, 0x0000000083300000| Untracked 
|  52|0x0000000083400000, 0x0000000083400000, 0x0000000083500000|  0%| F|  |TAMS 0x0000000083400000, 0x0000000083400000| Untracked 
|  53|0x0000000083500000, 0x0000000083500000, 0x0000000083600000|  0%| F|  |TAMS 0x0000000083500000, 0x0000000083500000| Untracked 
|  54|0x0000000083600000, 0x0000000083600000, 0x0000000083700000|  0%| F|  |TAMS 0x0000000083600000, 0x0000000083600000| Untracked 
|  55|0x0000000083700000, 0x0000000083700000, 0x0000000083800000|  0%| F|  |TAMS 0x0000000083700000, 0x0000000083700000| Untracked 
|  56|0x0000000083800000, 0x0000000083800000, 0x0000000083900000|  0%| F|  |TAMS 0x0000000083800000, 0x0000000083800000| Untracked 
|  57|0x0000000083900000, 0x0000000083900000, 0x0000000083a00000|  0%| F|  |TAMS 0x0000000083900000, 0x0000000083900000| Untracked 
|  58|0x0000000083a00000, 0x0000000083a00000, 0x0000000083b00000|  0%| F|  |TAMS 0x0000000083a00000, 0x0000000083a00000| Untracked 
|  59|0x0000000083b00000, 0x0000000083b00000, 0x0000000083c00000|  0%| F|  |TAMS 0x0000000083b00000, 0x0000000083b00000| Untracked 
|  60|0x0000000083c00000, 0x0000000083c00000, 0x0000000083d00000|  0%| F|  |TAMS 0x0000000083c00000, 0x0000000083c00000| Untracked 
|  61|0x0000000083d00000, 0x0000000083d00000, 0x0000000083e00000|  0%| F|  |TAMS 0x0000000083d00000, 0x0000000083d00000| Untracked 
|  62|0x0000000083e00000, 0x0000000083e00000, 0x0000000083f00000|  0%| F|  |TAMS 0x0000000083e00000, 0x0000000083e00000| Untracked 
|  63|0x0000000083f00000, 0x0000000083f00000, 0x0000000084000000|  0%| F|  |TAMS 0x0000000083f00000, 0x0000000083f00000| Untracked 
|  64|0x0000000084000000, 0x0000000084000000, 0x0000000084100000|  0%| F|  |TAMS 0x0000000084000000, 0x0000000084000000| Untracked 
|  65|0x0000000084100000, 0x0000000084100000, 0x0000000084200000|  0%| F|  |TAMS 0x0000000084100000, 0x0000000084100000| Untracked 
|  66|0x0000000084200000, 0x0000000084200000, 0x0000000084300000|  0%| F|  |TAMS 0x0000000084200000, 0x0000000084200000| Untracked 
|  67|0x0000000084300000, 0x0000000084300000, 0x0000000084400000|  0%| F|  |TAMS 0x0000000084300000, 0x0000000084300000| Untracked 
|  68|0x0000000084400000, 0x0000000084400000, 0x0000000084500000|  0%| F|  |TAMS 0x0000000084400000, 0x0000000084400000| Untracked 
|  69|0x0000000084500000, 0x0000000084500000, 0x0000000084600000|  0%| F|  |TAMS 0x0000000084500000, 0x0000000084500000| Untracked 
|  70|0x0000000084600000, 0x0000000084600000, 0x0000000084700000|  0%| F|  |TAMS 0x0000000084600000, 0x0000000084600000| Untracked 
|  71|0x0000000084700000, 0x0000000084700000, 0x0000000084800000|  0%| F|  |TAMS 0x0000000084700000, 0x0000000084700000| Untracked 
|  72|0x0000000084800000, 0x0000000084800000, 0x0000000084900000|  0%| F|  |TAMS 0x0000000084800000, 0x0000000084800000| Untracked 
|  73|0x0000000084900000, 0x0000000084900000, 0x0000000084a00000|  0%| F|  |TAMS 0x0000000084900000, 0x0000000084900000| Untracked 
|  74|0x0000000084a00000, 0x0000000084a00000, 0x0000000084b00000|  0%| F|  |TAMS 0x0000000084a00000, 0x0000000084a00000| Untracked 
|  75|0x0000000084b00000, 0x0000000084b00000, 0x0000000084c00000|  0%| F|  |TAMS 0x0000000084b00000, 0x0000000084b00000| Untracked 
|  76|0x0000000084c00000, 0x0000000084c00000, 0x0000000084d00000|  0%| F|  |TAMS 0x0000000084c00000, 0x0000000084c00000| Untracked 
|  77|0x0000000084d00000, 0x0000000084d00000, 0x0000000084e00000|  0%| F|  |TAMS 0x0000000084d00000, 0x0000000084d00000| Untracked 
|  78|0x0000000084e00000, 0x0000000084e00000, 0x0000000084f00000|  0%| F|  |TAMS 0x0000000084e00000, 0x0000000084e00000| Untracked 
|  79|0x0000000084f00000, 0x0000000084f00000, 0x0000000085000000|  0%| F|  |TAMS 0x0000000084f00000, 0x0000000084f00000| Untracked 
|  80|0x0000000085000000, 0x0000000085000000, 0x0000000085100000|  0%| F|  |TAMS 0x0000000085000000, 0x0000000085000000| Untracked 
|  81|0x0000000085100000, 0x0000000085100000, 0x0000000085200000|  0%| F|  |TAMS 0x0000000085100000, 0x0000000085100000| Untracked 
|  82|0x0000000085200000, 0x0000000085200000, 0x0000000085300000|  0%| F|  |TAMS 0x0000000085200000, 0x0000000085200000| Untracked 
|  83|0x0000000085300000, 0x0000000085300000, 0x0000000085400000|  0%| F|  |TAMS 0x0000000085300000, 0x0000000085300000| Untracked 
|  84|0x0000000085400000, 0x0000000085400000, 0x0000000085500000|  0%| F|  |TAMS 0x0000000085400000, 0x0000000085400000| Untracked 
|  85|0x0000000085500000, 0x0000000085500000, 0x0000000085600000|  0%| F|  |TAMS 0x0000000085500000, 0x0000000085500000| Untracked 
|  86|0x0000000085600000, 0x0000000085600000, 0x0000000085700000|  0%| F|  |TAMS 0x0000000085600000, 0x0000000085600000| Untracked 
|  87|0x0000000085700000, 0x0000000085700000, 0x0000000085800000|  0%| F|  |TAMS 0x0000000085700000, 0x0000000085700000| Untracked 
|  88|0x0000000085800000, 0x0000000085800000, 0x0000000085900000|  0%| F|  |TAMS 0x0000000085800000, 0x0000000085800000| Untracked 
|  89|0x0000000085900000, 0x0000000085900000, 0x0000000085a00000|  0%| F|  |TAMS 0x0000000085900000, 0x0000000085900000| Untracked 
|  90|0x0000000085a00000, 0x0000000085a00000, 0x0000000085b00000|  0%| F|  |TAMS 0x0000000085a00000, 0x0000000085a00000| Untracked 
|  91|0x0000000085b00000, 0x0000000085b00000, 0x0000000085c00000|  0%| F|  |TAMS 0x0000000085b00000, 0x0000000085b00000| Untracked 
|  92|0x0000000085c00000, 0x0000000085c00000, 0x0000000085d00000|  0%| F|  |TAMS 0x0000000085c00000, 0x0000000085c00000| Untracked 
|  93|0x0000000085d00000, 0x0000000085d00000, 0x0000000085e00000|  0%| F|  |TAMS 0x0000000085d00000, 0x0000000085d00000| Untracked 
|  94|0x0000000085e00000, 0x0000000085e00000, 0x0000000085f00000|  0%| F|  |TAMS 0x0000000085e00000, 0x0000000085e00000| Untracked 
|  95|0x0000000085f00000, 0x0000000085f00000, 0x0000000086000000|  0%| F|  |TAMS 0x0000000085f00000, 0x0000000085f00000| Untracked 
|  96|0x0000000086000000, 0x0000000086000000, 0x0000000086100000|  0%| F|  |TAMS 0x0000000086000000, 0x0000000086000000| Untracked 
|  97|0x0000000086100000, 0x0000000086100000, 0x0000000086200000|  0%| F|  |TAMS 0x0000000086100000, 0x0000000086100000| Untracked 
|  98|0x0000000086200000, 0x0000000086200000, 0x0000000086300000|  0%| F|  |TAMS 0x0000000086200000, 0x0000000086200000| Untracked 
|  99|0x0000000086300000, 0x0000000086300000, 0x0000000086400000|  0%| F|  |TAMS 0x0000000086300000, 0x0000000086300000| Untracked 
| 100|0x0000000086400000, 0x0000000086400000, 0x0000000086500000|  0%| F|  |TAMS 0x0000000086400000, 0x0000000086400000| Untracked 
| 101|0x0000000086500000, 0x0000000086500000, 0x0000000086600000|  0%| F|  |TAMS 0x0000000086500000, 0x0000000086500000| Untracked 
| 102|0x0000000086600000, 0x0000000086600000, 0x0000000086700000|  0%| F|  |TAMS 0x0000000086600000, 0x0000000086600000| Untracked 
| 103|0x0000000086700000, 0x0000000086700000, 0x0000000086800000|  0%| F|  |TAMS 0x0000000086700000, 0x0000000086700000| Untracked 
| 104|0x0000000086800000, 0x0000000086800000, 0x0000000086900000|  0%| F|  |TAMS 0x0000000086800000, 0x0000000086800000| Untracked 
| 105|0x0000000086900000, 0x0000000086900000, 0x0000000086a00000|  0%| F|  |TAMS 0x0000000086900000, 0x0000000086900000| Untracked 
| 106|0x0000000086a00000, 0x0000000086a00000, 0x0000000086b00000|  0%| F|  |TAMS 0x0000000086a00000, 0x0000000086a00000| Untracked 
| 107|0x0000000086b00000, 0x0000000086b00000, 0x0000000086c00000|  0%| F|  |TAMS 0x0000000086b00000, 0x0000000086b00000| Untracked 
| 108|0x0000000086c00000, 0x0000000086c00000, 0x0000000086d00000|  0%| F|  |TAMS 0x0000000086c00000, 0x0000000086c00000| Untracked 
| 109|0x0000000086d00000, 0x0000000086d00000, 0x0000000086e00000|  0%| F|  |TAMS 0x0000000086d00000, 0x0000000086d00000| Untracked 
| 110|0x0000000086e00000, 0x0000000086e00000, 0x0000000086f00000|  0%| F|  |TAMS 0x0000000086e00000, 0x0000000086e00000| Untracked 
| 111|0x0000000086f00000, 0x0000000086f00000, 0x0000000087000000|  0%| F|  |TAMS 0x0000000086f00000, 0x0000000086f00000| Untracked 
| 112|0x0000000087000000, 0x0000000087000000, 0x0000000087100000|  0%| F|  |TAMS 0x0000000087000000, 0x0000000087000000| Untracked 
| 113|0x0000000087100000, 0x0000000087100000, 0x0000000087200000|  0%| F|  |TAMS 0x0000000087100000, 0x0000000087100000| Untracked 
| 114|0x0000000087200000, 0x0000000087200000, 0x0000000087300000|  0%| F|  |TAMS 0x0000000087200000, 0x0000000087200000| Untracked 
| 115|0x0000000087300000, 0x0000000087300000, 0x0000000087400000|  0%| F|  |TAMS 0x0000000087300000, 0x0000000087300000| Untracked 
| 116|0x0000000087400000, 0x0000000087400000, 0x0000000087500000|  0%| F|  |TAMS 0x0000000087400000, 0x0000000087400000| Untracked 
| 117|0x0000000087500000, 0x0000000087500000, 0x0000000087600000|  0%| F|  |TAMS 0x0000000087500000, 0x0000000087500000| Untracked 
| 118|0x0000000087600000, 0x0000000087600000, 0x0000000087700000|  0%| F|  |TAMS 0x0000000087600000, 0x0000000087600000| Untracked 
| 119|0x0000000087700000, 0x000000008771a6f8, 0x0000000087800000| 10%| S|CS|TAMS 0x0000000087700000, 0x0000000087700000| Complete 
| 120|0x0000000087800000, 0x0000000087900000, 0x0000000087900000|100%| S|CS|TAMS 0x0000000087800000, 0x0000000087800000| Complete 
| 121|0x0000000087900000, 0x0000000087a00000, 0x0000000087a00000|100%| S|CS|TAMS 0x0000000087900000, 0x0000000087900000| Complete 
| 122|0x0000000087a00000, 0x0000000087b00000, 0x0000000087b00000|100%| S|CS|TAMS 0x0000000087a00000, 0x0000000087a00000| Complete 
| 123|0x0000000087b00000, 0x0000000087c00000, 0x0000000087c00000|100%| S|CS|TAMS 0x0000000087b00000, 0x0000000087b00000| Complete 
| 124|0x0000000087c00000, 0x0000000087d00000, 0x0000000087d00000|100%| S|CS|TAMS 0x0000000087c00000, 0x0000000087c00000| Complete 
| 125|0x0000000087d00000, 0x0000000087e00000, 0x0000000087e00000|100%| S|CS|TAMS 0x0000000087d00000, 0x0000000087d00000| Complete 
| 126|0x0000000087e00000, 0x0000000087f00000, 0x0000000087f00000|100%| S|CS|TAMS 0x0000000087e00000, 0x0000000087e00000| Complete 
| 127|0x0000000087f00000, 0x0000000088000000, 0x0000000088000000|100%| S|CS|TAMS 0x0000000087f00000, 0x0000000087f00000| Complete 
| 128|0x0000000088000000, 0x0000000088100000, 0x0000000088100000|100%| S|CS|TAMS 0x0000000088000000, 0x0000000088000000| Complete 
| 129|0x0000000088100000, 0x0000000088200000, 0x0000000088200000|100%| S|CS|TAMS 0x0000000088100000, 0x0000000088100000| Complete 
| 130|0x0000000088200000, 0x0000000088300000, 0x0000000088300000|100%| S|CS|TAMS 0x0000000088200000, 0x0000000088200000| Complete 
| 131|0x0000000088300000, 0x0000000088300000, 0x0000000088400000|  0%| F|  |TAMS 0x0000000088300000, 0x0000000088300000| Untracked 
| 132|0x0000000088400000, 0x0000000088400000, 0x0000000088500000|  0%| F|  |TAMS 0x0000000088400000, 0x0000000088400000| Untracked 
| 133|0x0000000088500000, 0x0000000088500000, 0x0000000088600000|  0%| F|  |TAMS 0x0000000088500000, 0x0000000088500000| Untracked 
| 134|0x0000000088600000, 0x0000000088600000, 0x0000000088700000|  0%| F|  |TAMS 0x0000000088600000, 0x0000000088600000| Untracked 
| 135|0x0000000088700000, 0x0000000088700000, 0x0000000088800000|  0%| F|  |TAMS 0x0000000088700000, 0x0000000088700000| Untracked 
| 136|0x0000000088800000, 0x0000000088800000, 0x0000000088900000|  0%| F|  |TAMS 0x0000000088800000, 0x0000000088800000| Untracked 
| 137|0x0000000088900000, 0x0000000088900000, 0x0000000088a00000|  0%| F|  |TAMS 0x0000000088900000, 0x0000000088900000| Untracked 
| 138|0x0000000088a00000, 0x0000000088a00000, 0x0000000088b00000|  0%| F|  |TAMS 0x0000000088a00000, 0x0000000088a00000| Untracked 
| 139|0x0000000088b00000, 0x0000000088b00000, 0x0000000088c00000|  0%| F|  |TAMS 0x0000000088b00000, 0x0000000088b00000| Untracked 
| 140|0x0000000088c00000, 0x0000000088c00000, 0x0000000088d00000|  0%| F|  |TAMS 0x0000000088c00000, 0x0000000088c00000| Untracked 
| 141|0x0000000088d00000, 0x0000000088d00000, 0x0000000088e00000|  0%| F|  |TAMS 0x0000000088d00000, 0x0000000088d00000| Untracked 
| 142|0x0000000088e00000, 0x0000000088e00000, 0x0000000088f00000|  0%| F|  |TAMS 0x0000000088e00000, 0x0000000088e00000| Untracked 
| 143|0x0000000088f00000, 0x0000000088f00000, 0x0000000089000000|  0%| F|  |TAMS 0x0000000088f00000, 0x0000000088f00000| Untracked 
| 144|0x0000000089000000, 0x0000000089000000, 0x0000000089100000|  0%| F|  |TAMS 0x0000000089000000, 0x0000000089000000| Untracked 
| 145|0x0000000089100000, 0x0000000089100000, 0x0000000089200000|  0%| F|  |TAMS 0x0000000089100000, 0x0000000089100000| Untracked 
| 146|0x0000000089200000, 0x0000000089200000, 0x0000000089300000|  0%| F|  |TAMS 0x0000000089200000, 0x0000000089200000| Untracked 
| 147|0x0000000089300000, 0x0000000089300000, 0x0000000089400000|  0%| F|  |TAMS 0x0000000089300000, 0x0000000089300000| Untracked 
| 148|0x0000000089400000, 0x0000000089400000, 0x0000000089500000|  0%| F|  |TAMS 0x0000000089400000, 0x0000000089400000| Untracked 
| 149|0x0000000089500000, 0x0000000089500000, 0x0000000089600000|  0%| F|  |TAMS 0x0000000089500000, 0x0000000089500000| Untracked 
| 150|0x0000000089600000, 0x0000000089600000, 0x0000000089700000|  0%| F|  |TAMS 0x0000000089600000, 0x0000000089600000| Untracked 
| 151|0x0000000089700000, 0x0000000089700000, 0x0000000089800000|  0%| F|  |TAMS 0x0000000089700000, 0x0000000089700000| Untracked 
| 152|0x0000000089800000, 0x0000000089800000, 0x0000000089900000|  0%| F|  |TAMS 0x0000000089800000, 0x0000000089800000| Untracked 
| 153|0x0000000089900000, 0x0000000089900000, 0x0000000089a00000|  0%| F|  |TAMS 0x0000000089900000, 0x0000000089900000| Untracked 
| 154|0x0000000089a00000, 0x0000000089a00000, 0x0000000089b00000|  0%| F|  |TAMS 0x0000000089a00000, 0x0000000089a00000| Untracked 
| 155|0x0000000089b00000, 0x0000000089b00000, 0x0000000089c00000|  0%| F|  |TAMS 0x0000000089b00000, 0x0000000089b00000| Untracked 
| 156|0x0000000089c00000, 0x0000000089c00000, 0x0000000089d00000|  0%| F|  |TAMS 0x0000000089c00000, 0x0000000089c00000| Untracked 
| 157|0x0000000089d00000, 0x0000000089d00000, 0x0000000089e00000|  0%| F|  |TAMS 0x0000000089d00000, 0x0000000089d00000| Untracked 
| 158|0x0000000089e00000, 0x0000000089e00000, 0x0000000089f00000|  0%| F|  |TAMS 0x0000000089e00000, 0x0000000089e00000| Untracked 
| 159|0x0000000089f00000, 0x0000000089f00000, 0x000000008a000000|  0%| F|  |TAMS 0x0000000089f00000, 0x0000000089f00000| Untracked 
| 160|0x000000008a000000, 0x000000008a000000, 0x000000008a100000|  0%| F|  |TAMS 0x000000008a000000, 0x000000008a000000| Untracked 
| 161|0x000000008a100000, 0x000000008a100000, 0x000000008a200000|  0%| F|  |TAMS 0x000000008a100000, 0x000000008a100000| Untracked 
| 162|0x000000008a200000, 0x000000008a200000, 0x000000008a300000|  0%| F|  |TAMS 0x000000008a200000, 0x000000008a200000| Untracked 
| 163|0x000000008a300000, 0x000000008a300000, 0x000000008a400000|  0%| F|  |TAMS 0x000000008a300000, 0x000000008a300000| Untracked 
| 164|0x000000008a400000, 0x000000008a400000, 0x000000008a500000|  0%| F|  |TAMS 0x000000008a400000, 0x000000008a400000| Untracked 
| 165|0x000000008a500000, 0x000000008a500000, 0x000000008a600000|  0%| F|  |TAMS 0x000000008a500000, 0x000000008a500000| Untracked 
| 166|0x000000008a600000, 0x000000008a600000, 0x000000008a700000|  0%| F|  |TAMS 0x000000008a600000, 0x000000008a600000| Untracked 
| 167|0x000000008a700000, 0x000000008a700000, 0x000000008a800000|  0%| F|  |TAMS 0x000000008a700000, 0x000000008a700000| Untracked 
| 168|0x000000008a800000, 0x000000008a800000, 0x000000008a900000|  0%| F|  |TAMS 0x000000008a800000, 0x000000008a800000| Untracked 
| 169|0x000000008a900000, 0x000000008a900000, 0x000000008aa00000|  0%| F|  |TAMS 0x000000008a900000, 0x000000008a900000| Untracked 
| 170|0x000000008aa00000, 0x000000008aa00000, 0x000000008ab00000|  0%| F|  |TAMS 0x000000008aa00000, 0x000000008aa00000| Untracked 
| 171|0x000000008ab00000, 0x000000008ab00000, 0x000000008ac00000|  0%| F|  |TAMS 0x000000008ab00000, 0x000000008ab00000| Untracked 
| 172|0x000000008ac00000, 0x000000008ac00000, 0x000000008ad00000|  0%| F|  |TAMS 0x000000008ac00000, 0x000000008ac00000| Untracked 
| 173|0x000000008ad00000, 0x000000008ad00000, 0x000000008ae00000|  0%| F|  |TAMS 0x000000008ad00000, 0x000000008ad00000| Untracked 
| 174|0x000000008ae00000, 0x000000008ae00000, 0x000000008af00000|  0%| F|  |TAMS 0x000000008ae00000, 0x000000008ae00000| Untracked 
| 175|0x000000008af00000, 0x000000008af00000, 0x000000008b000000|  0%| F|  |TAMS 0x000000008af00000, 0x000000008af00000| Untracked 
| 176|0x000000008b000000, 0x000000008b000000, 0x000000008b100000|  0%| F|  |TAMS 0x000000008b000000, 0x000000008b000000| Untracked 
| 177|0x000000008b100000, 0x000000008b100000, 0x000000008b200000|  0%| F|  |TAMS 0x000000008b100000, 0x000000008b100000| Untracked 
| 178|0x000000008b200000, 0x000000008b200000, 0x000000008b300000|  0%| F|  |TAMS 0x000000008b200000, 0x000000008b200000| Untracked 
| 179|0x000000008b300000, 0x000000008b300000, 0x000000008b400000|  0%| F|  |TAMS 0x000000008b300000, 0x000000008b300000| Untracked 
| 180|0x000000008b400000, 0x000000008b400000, 0x000000008b500000|  0%| F|  |TAMS 0x000000008b400000, 0x000000008b400000| Untracked 
| 181|0x000000008b500000, 0x000000008b500000, 0x000000008b600000|  0%| F|  |TAMS 0x000000008b500000, 0x000000008b500000| Untracked 
| 182|0x000000008b600000, 0x000000008b600000, 0x000000008b700000|  0%| F|  |TAMS 0x000000008b600000, 0x000000008b600000| Untracked 
| 183|0x000000008b700000, 0x000000008b700000, 0x000000008b800000|  0%| F|  |TAMS 0x000000008b700000, 0x000000008b700000| Untracked 
| 184|0x000000008b800000, 0x000000008b800000, 0x000000008b900000|  0%| F|  |TAMS 0x000000008b800000, 0x000000008b800000| Untracked 
| 185|0x000000008b900000, 0x000000008b900000, 0x000000008ba00000|  0%| F|  |TAMS 0x000000008b900000, 0x000000008b900000| Untracked 
| 186|0x000000008ba00000, 0x000000008ba00000, 0x000000008bb00000|  0%| F|  |TAMS 0x000000008ba00000, 0x000000008ba00000| Untracked 
| 187|0x000000008bb00000, 0x000000008bb00000, 0x000000008bc00000|  0%| F|  |TAMS 0x000000008bb00000, 0x000000008bb00000| Untracked 
| 188|0x000000008bc00000, 0x000000008bc00000, 0x000000008bd00000|  0%| F|  |TAMS 0x000000008bc00000, 0x000000008bc00000| Untracked 
| 189|0x000000008bd00000, 0x000000008bd00000, 0x000000008be00000|  0%| F|  |TAMS 0x000000008bd00000, 0x000000008bd00000| Untracked 
| 190|0x000000008be00000, 0x000000008be00000, 0x000000008bf00000|  0%| F|  |TAMS 0x000000008be00000, 0x000000008be00000| Untracked 
| 191|0x000000008bf00000, 0x000000008bf00000, 0x000000008c000000|  0%| F|  |TAMS 0x000000008bf00000, 0x000000008bf00000| Untracked 
| 192|0x000000008c000000, 0x000000008c000000, 0x000000008c100000|  0%| F|  |TAMS 0x000000008c000000, 0x000000008c000000| Untracked 
| 193|0x000000008c100000, 0x000000008c100000, 0x000000008c200000|  0%| F|  |TAMS 0x000000008c100000, 0x000000008c100000| Untracked 
| 194|0x000000008c200000, 0x000000008c200000, 0x000000008c300000|  0%| F|  |TAMS 0x000000008c200000, 0x000000008c200000| Untracked 
| 195|0x000000008c300000, 0x000000008c300000, 0x000000008c400000|  0%| F|  |TAMS 0x000000008c300000, 0x000000008c300000| Untracked 
| 196|0x000000008c400000, 0x000000008c400000, 0x000000008c500000|  0%| F|  |TAMS 0x000000008c400000, 0x000000008c400000| Untracked 
| 197|0x000000008c500000, 0x000000008c500000, 0x000000008c600000|  0%| F|  |TAMS 0x000000008c500000, 0x000000008c500000| Untracked 
| 198|0x000000008c600000, 0x000000008c600000, 0x000000008c700000|  0%| F|  |TAMS 0x000000008c600000, 0x000000008c600000| Untracked 
| 199|0x000000008c700000, 0x000000008c700000, 0x000000008c800000|  0%| F|  |TAMS 0x000000008c700000, 0x000000008c700000| Untracked 
| 200|0x000000008c800000, 0x000000008c800000, 0x000000008c900000|  0%| F|  |TAMS 0x000000008c800000, 0x000000008c800000| Untracked 
| 201|0x000000008c900000, 0x000000008c980800, 0x000000008ca00000| 50%| E|  |TAMS 0x000000008c900000, 0x000000008c900000| Complete 
| 202|0x000000008ca00000, 0x000000008cb00000, 0x000000008cb00000|100%| E|CS|TAMS 0x000000008ca00000, 0x000000008ca00000| Complete 
| 203|0x000000008cb00000, 0x000000008cc00000, 0x000000008cc00000|100%| E|CS|TAMS 0x000000008cb00000, 0x000000008cb00000| Complete 
| 204|0x000000008cc00000, 0x000000008cd00000, 0x000000008cd00000|100%| E|CS|TAMS 0x000000008cc00000, 0x000000008cc00000| Complete 
| 205|0x000000008cd00000, 0x000000008ce00000, 0x000000008ce00000|100%| E|CS|TAMS 0x000000008cd00000, 0x000000008cd00000| Complete 
| 206|0x000000008ce00000, 0x000000008cf00000, 0x000000008cf00000|100%| E|CS|TAMS 0x000000008ce00000, 0x000000008ce00000| Complete 
| 207|0x000000008cf00000, 0x000000008d000000, 0x000000008d000000|100%| E|CS|TAMS 0x000000008cf00000, 0x000000008cf00000| Complete 
| 208|0x000000008d000000, 0x000000008d100000, 0x000000008d100000|100%| E|CS|TAMS 0x000000008d000000, 0x000000008d000000| Complete 
| 209|0x000000008d100000, 0x000000008d200000, 0x000000008d200000|100%| E|CS|TAMS 0x000000008d100000, 0x000000008d100000| Complete 
| 210|0x000000008d200000, 0x000000008d300000, 0x000000008d300000|100%| E|CS|TAMS 0x000000008d200000, 0x000000008d200000| Complete 
| 211|0x000000008d300000, 0x000000008d400000, 0x000000008d400000|100%| E|CS|TAMS 0x000000008d300000, 0x000000008d300000| Complete 
| 212|0x000000008d400000, 0x000000008d500000, 0x000000008d500000|100%| E|CS|TAMS 0x000000008d400000, 0x000000008d400000| Complete 
| 213|0x000000008d500000, 0x000000008d600000, 0x000000008d600000|100%| E|CS|TAMS 0x000000008d500000, 0x000000008d500000| Complete 
| 214|0x000000008d600000, 0x000000008d700000, 0x000000008d700000|100%| E|CS|TAMS 0x000000008d600000, 0x000000008d600000| Complete 
| 215|0x000000008d700000, 0x000000008d800000, 0x000000008d800000|100%| E|CS|TAMS 0x000000008d700000, 0x000000008d700000| Complete 
| 216|0x000000008d800000, 0x000000008d900000, 0x000000008d900000|100%| E|CS|TAMS 0x000000008d800000, 0x000000008d800000| Complete 
| 217|0x000000008d900000, 0x000000008da00000, 0x000000008da00000|100%| E|CS|TAMS 0x000000008d900000, 0x000000008d900000| Complete 
| 218|0x000000008da00000, 0x000000008db00000, 0x000000008db00000|100%| E|CS|TAMS 0x000000008da00000, 0x000000008da00000| Complete 
| 219|0x000000008db00000, 0x000000008dc00000, 0x000000008dc00000|100%| E|CS|TAMS 0x000000008db00000, 0x000000008db00000| Complete 
| 220|0x000000008dc00000, 0x000000008dd00000, 0x000000008dd00000|100%| E|CS|TAMS 0x000000008dc00000, 0x000000008dc00000| Complete 
| 221|0x000000008dd00000, 0x000000008de00000, 0x000000008de00000|100%| E|CS|TAMS 0x000000008dd00000, 0x000000008dd00000| Complete 
| 222|0x000000008de00000, 0x000000008df00000, 0x000000008df00000|100%| E|CS|TAMS 0x000000008de00000, 0x000000008de00000| Complete 
| 223|0x000000008df00000, 0x000000008e000000, 0x000000008e000000|100%| E|CS|TAMS 0x000000008df00000, 0x000000008df00000| Complete 
| 224|0x000000008e000000, 0x000000008e100000, 0x000000008e100000|100%| E|CS|TAMS 0x000000008e000000, 0x000000008e000000| Complete 
| 225|0x000000008e100000, 0x000000008e200000, 0x000000008e200000|100%| E|CS|TAMS 0x000000008e100000, 0x000000008e100000| Complete 
| 226|0x000000008e200000, 0x000000008e300000, 0x000000008e300000|100%| E|CS|TAMS 0x000000008e200000, 0x000000008e200000| Complete 
| 227|0x000000008e300000, 0x000000008e400000, 0x000000008e400000|100%| E|CS|TAMS 0x000000008e300000, 0x000000008e300000| Complete 
| 228|0x000000008e400000, 0x000000008e500000, 0x000000008e500000|100%| E|CS|TAMS 0x000000008e400000, 0x000000008e400000| Complete 
| 229|0x000000008e500000, 0x000000008e600000, 0x000000008e600000|100%| E|CS|TAMS 0x000000008e500000, 0x000000008e500000| Complete 
| 230|0x000000008e600000, 0x000000008e700000, 0x000000008e700000|100%| E|CS|TAMS 0x000000008e600000, 0x000000008e600000| Complete 
| 231|0x000000008e700000, 0x000000008e800000, 0x000000008e800000|100%| E|CS|TAMS 0x000000008e700000, 0x000000008e700000| Complete 
| 232|0x000000008e800000, 0x000000008e900000, 0x000000008e900000|100%| E|CS|TAMS 0x000000008e800000, 0x000000008e800000| Complete 
| 233|0x000000008e900000, 0x000000008ea00000, 0x000000008ea00000|100%| E|CS|TAMS 0x000000008e900000, 0x000000008e900000| Complete 
| 234|0x000000008ea00000, 0x000000008eb00000, 0x000000008eb00000|100%| E|CS|TAMS 0x000000008ea00000, 0x000000008ea00000| Complete 
| 235|0x000000008eb00000, 0x000000008ec00000, 0x000000008ec00000|100%| E|CS|TAMS 0x000000008eb00000, 0x000000008eb00000| Complete 
| 236|0x000000008ec00000, 0x000000008ed00000, 0x000000008ed00000|100%| E|CS|TAMS 0x000000008ec00000, 0x000000008ec00000| Complete 
| 237|0x000000008ed00000, 0x000000008ee00000, 0x000000008ee00000|100%| E|CS|TAMS 0x000000008ed00000, 0x000000008ed00000| Complete 
| 238|0x000000008ee00000, 0x000000008ef00000, 0x000000008ef00000|100%| E|CS|TAMS 0x000000008ee00000, 0x000000008ee00000| Complete 
| 239|0x000000008ef00000, 0x000000008f000000, 0x000000008f000000|100%| E|CS|TAMS 0x000000008ef00000, 0x000000008ef00000| Complete 
| 240|0x000000008f000000, 0x000000008f100000, 0x000000008f100000|100%| E|CS|TAMS 0x000000008f000000, 0x000000008f000000| Complete 
| 241|0x000000008f100000, 0x000000008f200000, 0x000000008f200000|100%| E|CS|TAMS 0x000000008f100000, 0x000000008f100000| Complete 
| 242|0x000000008f200000, 0x000000008f300000, 0x000000008f300000|100%| E|CS|TAMS 0x000000008f200000, 0x000000008f200000| Complete 
| 243|0x000000008f300000, 0x000000008f400000, 0x000000008f400000|100%| E|CS|TAMS 0x000000008f300000, 0x000000008f300000| Complete 
| 244|0x000000008f400000, 0x000000008f500000, 0x000000008f500000|100%| E|CS|TAMS 0x000000008f400000, 0x000000008f400000| Complete 
| 245|0x000000008f500000, 0x000000008f600000, 0x000000008f600000|100%| E|CS|TAMS 0x000000008f500000, 0x000000008f500000| Complete 
| 246|0x000000008f600000, 0x000000008f700000, 0x000000008f700000|100%| E|CS|TAMS 0x000000008f600000, 0x000000008f600000| Complete 
| 247|0x000000008f700000, 0x000000008f800000, 0x000000008f800000|100%| E|CS|TAMS 0x000000008f700000, 0x000000008f700000| Complete 
| 248|0x000000008f800000, 0x000000008f900000, 0x000000008f900000|100%| E|CS|TAMS 0x000000008f800000, 0x000000008f800000| Complete 
| 249|0x000000008f900000, 0x000000008fa00000, 0x000000008fa00000|100%| E|CS|TAMS 0x000000008f900000, 0x000000008f900000| Complete 
| 250|0x000000008fa00000, 0x000000008fb00000, 0x000000008fb00000|100%| E|CS|TAMS 0x000000008fa00000, 0x000000008fa00000| Complete 
| 251|0x000000008fb00000, 0x000000008fc00000, 0x000000008fc00000|100%| E|CS|TAMS 0x000000008fb00000, 0x000000008fb00000| Complete 
| 252|0x000000008fc00000, 0x000000008fd00000, 0x000000008fd00000|100%| E|CS|TAMS 0x000000008fc00000, 0x000000008fc00000| Complete 
| 253|0x000000008fd00000, 0x000000008fe00000, 0x000000008fe00000|100%| E|CS|TAMS 0x000000008fd00000, 0x000000008fd00000| Complete 

Card table byte_map: [0x00000246d85d0000,0x00000246d89d0000] _byte_map_base: 0x00000246d81d0000

Marking Bits (Prev, Next): (CMBitMap*) 0x00000246c53d0a40, (CMBitMap*) 0x00000246c53d0a08
 Prev Bits: [0x00000246dadd0000, 0x00000246dcdd0000)
 Next Bits: [0x00000246d8dd0000, 0x00000246dadd0000)

Polling page: 0x00000246c33b0000

Metaspace:

Usage:
  Non-class:     61.56 MB capacity,    60.51 MB ( 98%) used,   893.72 KB (  1%) free+waste,   177.69 KB ( <1%) overhead. 
      Class:      9.57 MB capacity,     8.96 MB ( 94%) used,   537.65 KB (  5%) free+waste,    82.88 KB ( <1%) overhead. 
       Both:     71.13 MB capacity,    69.47 MB ( 98%) used,     1.40 MB (  2%) free+waste,   260.56 KB ( <1%) overhead. 

Virtual space:
  Non-class space:       62.00 MB reserved,      61.75 MB (>99%) committed 
      Class space:        1.00 GB reserved,       9.70 MB ( <1%) committed 
             Both:        1.06 GB reserved,      71.45 MB (  7%) committed 

Chunk freelists:
   Non-Class:  5.00 KB
       Class:  25.00 KB
        Both:  30.00 KB

MaxMetaspaceSize: 17179869184.00 GB
CompressedClassSpaceSize: 1.00 GB
Initial GC threshold: 20.80 MB
Current GC threshold: 98.46 MB
CDS: off

CodeHeap 'non-profiled nmethods': size=120000Kb used=4708Kb max_used=4708Kb free=115291Kb
 bounds [0x00000246d0970000, 0x00000246d0e10000, 0x00000246d7ea0000]
CodeHeap 'profiled nmethods': size=120000Kb used=15151Kb max_used=15151Kb free=104848Kb
 bounds [0x00000246c9440000, 0x00000246ca310000, 0x00000246d0970000]
CodeHeap 'non-nmethods': size=5760Kb used=2361Kb max_used=2402Kb free=3398Kb
 bounds [0x00000246c8ea0000, 0x00000246c9110000, 0x00000246c9440000]
 total_blobs=7880 nmethods=7019 adapters=773
 compilation: enabled
              stopped_count=0, restarted_count=0
 full_count=0

Compilation events (20 events):
Event: 42.258 Thread 0x00000246e011d800 7048       3       org.gradle.internal.Actions$NullAction::execute (1 bytes)
Event: 42.258 Thread 0x00000246e011d800 nmethod 7048 0x00000246ca2ec390 code [0x00000246ca2ec540, 0x00000246ca2ec638]
Event: 42.258 Thread 0x00000246e011d800 7047       1       org.gradle.api.internal.artifacts.result.DefaultResolvedDependencyResult::getSelected (5 bytes)
Event: 42.259 Thread 0x00000246e011d800 nmethod 7047 0x00000246d0e01490 code [0x00000246d0e01640, 0x00000246d0e016f8]
Event: 42.259 Thread 0x00000246e011d800 7045  s    3       java.io.FileDescriptor::close (9 bytes)
Event: 42.259 Thread 0x00000246e011d800 nmethod 7045 0x00000246ca2ec710 code [0x00000246ca2ec900, 0x00000246ca2eceb8]
Event: 42.259 Thread 0x00000246e011d800 7050       3       org.gradle.api.internal.artifacts.result.DefaultResolutionResult::eachElement (92 bytes)
Event: 42.260 Thread 0x00000246e011d800 nmethod 7050 0x00000246ca2ed010 code [0x00000246ca2ed300, 0x00000246ca2ee518]
Event: 42.260 Thread 0x00000246e011d800 7052       1       com.android.build.gradle.internal.utils.ViolatingPluginDetector::access$getPluginToSearch$p (5 bytes)
Event: 42.260 Thread 0x00000246e011d800 nmethod 7052 0x00000246d0e01790 code [0x00000246d0e01940, 0x00000246d0e019d8]
Event: 42.260 Thread 0x00000246e011d800 7049       3       java.util.Collections::unmodifiableSet (9 bytes)
Event: 42.261 Thread 0x00000246e011d800 nmethod 7049 0x00000246ca2eeb10 code [0x00000246ca2eed00, 0x00000246ca2ef0a8]
Event: 42.261 Thread 0x00000246e011d800 7051       1       org.gradle.api.internal.artifacts.result.DefaultResolvedComponentResult::getId (5 bytes)
Event: 42.261 Thread 0x00000246e011d800 nmethod 7051 0x00000246d0e01a90 code [0x00000246d0e01c40, 0x00000246d0e01cf8]
Event: 42.261 Thread 0x00000246e011d800 7053       1       com.android.build.gradle.internal.utils.DependencyInfo::getDependencyGroup (5 bytes)
Event: 42.261 Thread 0x00000246e011d800 nmethod 7053 0x00000246d0e01d90 code [0x00000246d0e01f40, 0x00000246d0e01ff8]
Event: 42.261 Thread 0x00000246e011d800 7046  s    3       java.io.FileDescriptor::unregisterCleanup (20 bytes)
Event: 42.261 Thread 0x00000246e011d800 nmethod 7046 0x00000246ca2ef210 code [0x00000246ca2ef3e0, 0x00000246ca2ef788]
Event: 42.261 Thread 0x00000246e011d800 7055       1       org.gradle.api.internal.project.DefaultProjectStateRegistry::access$000 (5 bytes)
Event: 42.261 Thread 0x00000246e011d800 nmethod 7055 0x00000246d0e02090 code [0x00000246d0e02240, 0x00000246d0e022d8]

GC Heap History (16 events):
Event: 2.367 GC heap before
{Heap before GC invocations=0 (full 0):
 garbage-first heap   total 260096K, used 29696K [0x0000000080000000, 0x0000000100000000)
  region size 1024K, 24 young (24576K), 0 survivors (0K)
 Metaspace       used 10161K, capacity 10403K, committed 10624K, reserved 1058816K
  class space    used 1059K, capacity 1106K, committed 1152K, reserved 1048576K
}
Event: 2.371 GC heap after
{Heap after GC invocations=1 (full 0):
 garbage-first heap   total 260096K, used 9329K [0x0000000080000000, 0x0000000100000000)
  region size 1024K, 3 young (3072K), 3 survivors (3072K)
 Metaspace       used 10161K, capacity 10403K, committed 10624K, reserved 1058816K
  class space    used 1059K, capacity 1106K, committed 1152K, reserved 1048576K
}
Event: 6.925 GC heap before
{Heap before GC invocations=1 (full 0):
 garbage-first heap   total 260096K, used 105585K [0x0000000080000000, 0x0000000100000000)
  region size 1024K, 98 young (100352K), 3 survivors (3072K)
 Metaspace       used 20587K, capacity 21104K, committed 21248K, reserved 1067008K
  class space    used 2510K, capacity 2690K, committed 2816K, reserved 1048576K
}
Event: 6.935 GC heap after
{Heap after GC invocations=2 (full 0):
 garbage-first heap   total 260096K, used 16454K [0x0000000080000000, 0x0000000100000000)
  region size 1024K, 10 young (10240K), 10 survivors (10240K)
 Metaspace       used 20587K, capacity 21104K, committed 21248K, reserved 1067008K
  class space    used 2510K, capacity 2690K, committed 2816K, reserved 1048576K
}
Event: 7.492 GC heap before
{Heap before GC invocations=3 (full 0):
 garbage-first heap   total 260096K, used 59462K [0x0000000080000000, 0x0000000100000000)
  region size 1024K, 52 young (53248K), 10 survivors (10240K)
 Metaspace       used 24878K, capacity 25452K, committed 25728K, reserved 1071104K
  class space    used 3214K, capacity 3420K, committed 3456K, reserved 1048576K
}
Event: 7.500 GC heap after
{Heap after GC invocations=4 (full 0):
 garbage-first heap   total 260096K, used 18189K [0x0000000080000000, 0x0000000100000000)
  region size 1024K, 2 young (2048K), 2 survivors (2048K)
 Metaspace       used 24878K, capacity 25452K, committed 25728K, reserved 1071104K
  class space    used 3214K, capacity 3420K, committed 3456K, reserved 1048576K
}
Event: 8.860 GC heap before
{Heap before GC invocations=4 (full 0):
 garbage-first heap   total 260096K, used 86797K [0x0000000080000000, 0x0000000100000000)
  region size 1024K, 70 young (71680K), 2 survivors (2048K)
 Metaspace       used 35085K, capacity 35838K, committed 35840K, reserved 1081344K
  class space    used 4552K, capacity 4864K, committed 4864K, reserved 1048576K
}
Event: 8.870 GC heap after
{Heap after GC invocations=5 (full 0):
 garbage-first heap   total 260096K, used 21758K [0x0000000080000000, 0x0000000100000000)
  region size 1024K, 6 young (6144K), 6 survivors (6144K)
 Metaspace       used 35085K, capacity 35838K, committed 35840K, reserved 1081344K
  class space    used 4552K, capacity 4864K, committed 4864K, reserved 1048576K
}
Event: 10.348 GC heap before
{Heap before GC invocations=6 (full 0):
 garbage-first heap   total 260096K, used 123134K [0x0000000080000000, 0x0000000100000000)
  region size 1024K, 102 young (104448K), 6 survivors (6144K)
 Metaspace       used 42891K, capacity 44026K, committed 44364K, reserved 1087488K
  class space    used 5463K, capacity 5855K, committed 5964K, reserved 1048576K
}
Event: 10.361 GC heap after
{Heap after GC invocations=7 (full 0):
 garbage-first heap   total 260096K, used 28896K [0x0000000080000000, 0x0000000100000000)
  region size 1024K, 13 young (13312K), 13 survivors (13312K)
 Metaspace       used 42891K, capacity 44026K, committed 44364K, reserved 1087488K
  class space    used 5463K, capacity 5855K, committed 5964K, reserved 1048576K
}
Event: 31.779 GC heap before
{Heap before GC invocations=7 (full 0):
 garbage-first heap   total 260096K, used 150752K [0x0000000080000000, 0x0000000100000000)
  region size 1024K, 129 young (132096K), 13 survivors (13312K)
 Metaspace       used 51884K, capacity 53277K, committed 53580K, reserved 1095680K
  class space    used 6611K, capacity 7153K, committed 7244K, reserved 1048576K
}
Event: 31.796 GC heap after
{Heap after GC invocations=8 (full 0):
 garbage-first heap   total 260096K, used 42782K [0x0000000080000000, 0x0000000100000000)
  region size 1024K, 17 young (17408K), 17 survivors (17408K)
 Metaspace       used 51884K, capacity 53277K, committed 53580K, reserved 1095680K
  class space    used 6611K, capacity 7153K, committed 7244K, reserved 1048576K
}
Event: 34.277 GC heap before
{Heap before GC invocations=8 (full 0):
 garbage-first heap   total 260096K, used 83742K [0x0000000080000000, 0x0000000100000000)
  region size 1024K, 58 young (59392K), 17 survivors (17408K)
 Metaspace       used 58634K, capacity 60127K, committed 60236K, reserved 1101824K
  class space    used 7397K, capacity 7960K, committed 8012K, reserved 1048576K
}
Event: 34.313 GC heap after
{Heap after GC invocations=9 (full 0):
 garbage-first heap   total 260096K, used 45167K [0x0000000080000000, 0x0000000100000000)
  region size 1024K, 3 young (3072K), 3 survivors (3072K)
 Metaspace       used 58634K, capacity 60127K, committed 60236K, reserved 1101824K
  class space    used 7397K, capacity 7960K, committed 8012K, reserved 1048576K
}
Event: 40.730 GC heap before
{Heap before GC invocations=10 (full 0):
 garbage-first heap   total 260096K, used 168047K [0x0000000080000000, 0x0000000100000000)
  region size 1024K, 123 young (125952K), 3 survivors (3072K)
 Metaspace       used 68862K, capacity 70620K, committed 70732K, reserved 1110016K
  class space    used 8861K, capacity 9496K, committed 9548K, reserved 1048576K
}
Event: 40.741 GC heap after
{Heap after GC invocations=11 (full 0):
 garbage-first heap   total 260096K, used 53539K [0x0000000080000000, 0x0000000100000000)
  region size 1024K, 12 young (12288K), 12 survivors (12288K)
 Metaspace       used 68862K, capacity 70620K, committed 70732K, reserved 1110016K
  class space    used 8861K, capacity 9496K, committed 9548K, reserved 1048576K
}

Deoptimization events (20 events):
Event: 41.210 Thread 0x00000246e08ea800 DEOPT PACKING pc=0x00000246d0dc2088 sp=0x000000c16ccf8cf0
Event: 41.210 Thread 0x00000246e08ea800 DEOPT UNPACKING pc=0x00000246c8ea85af sp=0x000000c16ccf8c80 mode 2
Event: 42.074 Thread 0x00000246e08ea800 DEOPT PACKING pc=0x00000246ca1c8070 sp=0x000000c16ccf6b40
Event: 42.074 Thread 0x00000246e08ea800 DEOPT UNPACKING pc=0x00000246c8ee9d0e sp=0x000000c16ccf6020 mode 0
Event: 42.188 Thread 0x00000246e08ea800 Uncommon trap: trap_request=0xffffffc6 fr.pc=0x00000246d0b3d684 relative=0x0000000000003b64
Event: 42.188 Thread 0x00000246e08ea800 Uncommon trap: reason=bimorphic_or_optimized_type_check action=maybe_recompile pc=0x00000246d0b3d684 method=java.util.AbstractCollection.addAll(Ljava/util/Collection;)Z @ 29 c2
Event: 42.188 Thread 0x00000246e08ea800 DEOPT PACKING pc=0x00000246d0b3d684 sp=0x000000c16ccfaaf0
Event: 42.188 Thread 0x00000246e08ea800 DEOPT UNPACKING pc=0x00000246c8ea85af sp=0x000000c16ccfaaf0 mode 2
Event: 42.194 Thread 0x00000246e08ea800 Uncommon trap: trap_request=0xffffffc6 fr.pc=0x00000246d0b3d684 relative=0x0000000000003b64
Event: 42.194 Thread 0x00000246e08ea800 Uncommon trap: reason=bimorphic_or_optimized_type_check action=maybe_recompile pc=0x00000246d0b3d684 method=java.util.AbstractCollection.addAll(Ljava/util/Collection;)Z @ 29 c2
Event: 42.194 Thread 0x00000246e08ea800 DEOPT PACKING pc=0x00000246d0b3d684 sp=0x000000c16ccfaaf0
Event: 42.194 Thread 0x00000246e08ea800 DEOPT UNPACKING pc=0x00000246c8ea85af sp=0x000000c16ccfaaf0 mode 2
Event: 42.218 Thread 0x00000246e08ea800 Uncommon trap: trap_request=0xffffff4d fr.pc=0x00000246d0bf1d2c relative=0x0000000000000d8c
Event: 42.218 Thread 0x00000246e08ea800 Uncommon trap: reason=unstable_if action=reinterpret pc=0x00000246d0bf1d2c method=com.esotericsoftware.kryo.io.Input.readString()Ljava/lang/String; @ 28 c2
Event: 42.218 Thread 0x00000246e08ea800 DEOPT PACKING pc=0x00000246d0bf1d2c sp=0x000000c16ccf8f60
Event: 42.218 Thread 0x00000246e08ea800 DEOPT UNPACKING pc=0x00000246c8ea85af sp=0x000000c16ccf8f38 mode 2
Event: 42.234 Thread 0x00000246e08ea800 Uncommon trap: trap_request=0xffffff4d fr.pc=0x00000246d0bba274 relative=0x00000000000001b4
Event: 42.234 Thread 0x00000246e08ea800 Uncommon trap: reason=unstable_if action=reinterpret pc=0x00000246d0bba274 method=com.esotericsoftware.kryo.io.Input.require(I)I @ 65 c2
Event: 42.234 Thread 0x00000246e08ea800 DEOPT PACKING pc=0x00000246d0bba274 sp=0x000000c16ccf8cb0
Event: 42.234 Thread 0x00000246e08ea800 DEOPT UNPACKING pc=0x00000246c8ea85af sp=0x000000c16ccf8c60 mode 2

Classes redefined (0 events):
No events

Internal exceptions (20 events):
Event: 42.018 Thread 0x00000246e08ea800 Exception <a 'java/lang/ClassNotFoundException'{0x000000008dac70d0}: com/google/android/gms/dependencies/DependencyInspectorBeanInfo> (0x000000008dac70d0) thrown at [./src/hotspot/share/classfile/systemDictionary.cpp, line 231]
Event: 42.019 Thread 0x00000246e08ea800 Exception <a 'java/lang/ClassNotFoundException'{0x000000008dae0498}: com/google/android/gms/dependencies/DependencyInspectorCustomizer> (0x000000008dae0498) thrown at [./src/hotspot/share/classfile/systemDictionary.cpp, line 231]
Event: 42.045 Thread 0x00000246e08ea800 Exception <a 'java/lang/ClassNotFoundException'{0x000000008d778540}: org/gradle/api/internal/artifacts/configurations/DefaultConfigurationContainer_DecoratedBeanInfo> (0x000000008d778540) thrown at [./src/hotspot/share/classfile/systemDictionary.cpp, line 231]
Event: 42.046 Thread 0x00000246e08ea800 Exception <a 'java/lang/ClassNotFoundException'{0x000000008d7a2e10}: org/gradle/api/internal/artifacts/configurations/DefaultConfigurationContainerBeanInfo> (0x000000008d7a2e10) thrown at [./src/hotspot/share/classfile/systemDictionary.cpp, line 231]
Event: 42.046 Thread 0x00000246e08ea800 Exception <a 'java/lang/ClassNotFoundException'{0x000000008d7bd530}: org/gradle/api/internal/AbstractValidatingNamedDomainObjectContainerBeanInfo> (0x000000008d7bd530) thrown at [./src/hotspot/share/classfile/systemDictionary.cpp, line 231]
Event: 42.047 Thread 0x00000246e08ea800 Exception <a 'java/lang/ClassNotFoundException'{0x000000008d7d7df0}: org/gradle/api/internal/AbstractValidatingNamedDomainObjectContainerCustomizer> (0x000000008d7d7df0) thrown at [./src/hotspot/share/classfile/systemDictionary.cpp, line 231]
Event: 42.055 Thread 0x00000246e08ea800 Exception <a 'java/lang/ClassNotFoundException'{0x000000008d60d7e8}: org/gradle/api/internal/artifacts/configurations/DefaultConfigurationContainerCustomizer> (0x000000008d60d7e8) thrown at [./src/hotspot/share/classfile/systemDictionary.cpp, line 231]
Event: 42.057 Thread 0x00000246e08ea800 Exception <a 'java/lang/ClassNotFoundException'{0x000000008d64e080}: org/gradle/api/internal/artifacts/configurations/DefaultConfigurationContainer_DecoratedCustomizer> (0x000000008d64e080) thrown at [./src/hotspot/share/classfile/systemDictionary.cpp, line 231]
Event: 42.078 Thread 0x00000246e08ea800 Exception <a 'java/lang/ClassNotFoundException'{0x000000008d4cd1d8}: org/gradle/api/internal/artifacts/configurations/DefaultConfiguration_DecoratedBeanInfo> (0x000000008d4cd1d8) thrown at [./src/hotspot/share/classfile/systemDictionary.cpp, line 231]
Event: 42.079 Thread 0x00000246e08ea800 Exception <a 'java/lang/ClassNotFoundException'{0x000000008d4f6b18}: org/gradle/api/internal/artifacts/configurations/DefaultConfigurationBeanInfo> (0x000000008d4f6b18) thrown at [./src/hotspot/share/classfile/systemDictionary.cpp, line 231]
Event: 42.080 Thread 0x00000246e08ea800 Exception <a 'java/lang/ClassNotFoundException'{0x000000008d310598}: org/gradle/api/internal/file/AbstractFileCollectionBeanInfo> (0x000000008d310598) thrown at [./src/hotspot/share/classfile/systemDictionary.cpp, line 231]
Event: 42.082 Thread 0x00000246e08ea800 Exception <a 'java/lang/ClassNotFoundException'{0x000000008d329bc8}: org/gradle/api/internal/file/AbstractFileCollectionCustomizer> (0x000000008d329bc8) thrown at [./src/hotspot/share/classfile/systemDictionary.cpp, line 231]
Event: 42.086 Thread 0x00000246e08ea800 Exception <a 'java/lang/ClassNotFoundException'{0x000000008d365558}: org/gradle/api/internal/artifacts/configurations/DefaultConfigurationCustomizer> (0x000000008d365558) thrown at [./src/hotspot/share/classfile/systemDictionary.cpp, line 231]
Event: 42.096 Thread 0x00000246e08ea800 Exception <a 'java/lang/ClassNotFoundException'{0x000000008d3e0650}: org/gradle/api/internal/artifacts/configurations/DefaultConfiguration_DecoratedCustomizer> (0x000000008d3e0650) thrown at [./src/hotspot/share/classfile/systemDictionary.cpp, line 231]
Event: 42.117 Thread 0x00000246e08ea800 Exception <a 'java/lang/ClassNotFoundException'{0x000000008d067b70}: org/codehaus/groovy/runtime/MethodClosureBeanInfo> (0x000000008d067b70) thrown at [./src/hotspot/share/classfile/systemDictionary.cpp, line 231]
Event: 42.121 Thread 0x00000246e08ea800 Exception <a 'java/lang/ClassNotFoundException'{0x000000008ce40390}: org/codehaus/groovy/runtime/MethodClosureCustomizer> (0x000000008ce40390) thrown at [./src/hotspot/share/classfile/systemDictionary.cpp, line 231]
Event: 42.126 Thread 0x00000246e08ea800 Exception <a 'java/lang/ClassNotFoundException'{0x000000008cea90e8}: org/gradle/api/internal/artifacts/configurations/DefaultConfiguration$ConfigurationResolvableDependencies_DecoratedBeanInfo> (0x000000008cea90e8) thrown at [./src/hotspot/share/classfile/systemDictionary.cpp, line 231]
Event: 42.136 Thread 0x00000246e08ea800 Exception <a 'java/lang/ClassNotFoundException'{0x000000008cedad08}: org/gradle/api/internal/artifacts/configurations/DefaultConfiguration$ConfigurationResolvableDependenciesBeanInfo> (0x000000008cedad08) thrown at [./src/hotspot/share/classfile/systemDictionary.cpp, line 231]
Event: 42.139 Thread 0x00000246e08ea800 Exception <a 'java/lang/ClassNotFoundException'{0x000000008cd0e7e8}: org/gradle/api/internal/artifacts/configurations/DefaultConfiguration$ConfigurationResolvableDependenciesCustomizer> (0x000000008cd0e7e8) thrown at [./src/hotspot/share/classfile/systemDictionary.cpp, line 231]
Event: 42.141 Thread 0x00000246e08ea800 Exception <a 'java/lang/ClassNotFoundException'{0x000000008cd532c0}: org/gradle/api/internal/artifacts/configurations/DefaultConfiguration$ConfigurationResolvableDependencies_DecoratedCustomizer> (0x000000008cd532c0) thrown at [./src/hotspot/share/classfile/systemDictionary.cpp, line 231]

Events (20 events):
Event: 42.230 loading class org/gradle/api/artifacts/result/ComponentSelectionCause
Event: 42.230 loading class org/gradle/api/artifacts/result/ComponentSelectionCause done
Event: 42.249 loading class org/gradle/api/internal/artifacts/ivyservice/resolveengine/result/DetachedResolvedGraphDependency
Event: 42.249 loading class org/gradle/api/internal/artifacts/ivyservice/resolveengine/result/DetachedResolvedGraphDependency done
Event: 42.250 loading class org/gradle/api/internal/artifacts/result/DefaultResolvedDependencyResult
Event: 42.250 loading class org/gradle/api/internal/artifacts/result/DefaultResolvedDependencyResult done
Event: 42.251 loading class org/gradle/api/artifacts/result/ResolvedDependencyResult
Event: 42.251 loading class org/gradle/api/artifacts/result/ResolvedDependencyResult done
Event: 42.251 loading class org/gradle/api/internal/artifacts/result/AbstractDependencyResult
Event: 42.251 loading class org/gradle/api/internal/artifacts/result/AbstractDependencyResult done
Event: 42.256 loading class org/gradle/api/internal/artifacts/ivyservice/resolveengine/result/DefaultResolutionResultBuilder$RootFactory
Event: 42.256 loading class org/gradle/api/internal/artifacts/ivyservice/resolveengine/result/DefaultResolutionResultBuilder$RootFactory done
Event: 42.258 loading class org/gradle/api/artifacts/result/ResolvedComponentResult
Event: 42.258 loading class org/gradle/api/artifacts/result/ResolvedComponentResult done
Event: 42.258 loading class org/gradle/api/artifacts/component/ModuleComponentIdentifier
Event: 42.258 loading class org/gradle/api/artifacts/component/ModuleComponentIdentifier done
Event: 42.261 loading class org/gradle/api/internal/artifacts/ivyservice/ShortCircuitEmptyConfigurationResolver$EmptyResults
Event: 42.261 loading class org/gradle/api/internal/artifacts/ivyservice/ShortCircuitEmptyConfigurationResolver$EmptyResults done
Event: 42.262 loading class org/gradle/api/internal/artifacts/ivyservice/ShortCircuitEmptyConfigurationResolver$EmptyResolvedConfiguration
Event: 42.262 loading class org/gradle/api/internal/artifacts/ivyservice/ShortCircuitEmptyConfigurationResolver$EmptyResolvedConfiguration done


Dynamic libraries:
0x00007ff77aab0000 - 0x00007ff77aaba000 	C:\Program Files\Android\Android Studio\jre\bin\java.exe
0x00007fff14d30000 - 0x00007fff14f28000 	C:\WINDOWS\SYSTEM32\ntdll.dll
0x00007fff13190000 - 0x00007fff1324d000 	C:\WINDOWS\System32\KERNEL32.DLL
0x00007fff12a30000 - 0x00007fff12cfe000 	C:\WINDOWS\System32\KERNELBASE.dll
0x00007fff12450000 - 0x00007fff12550000 	C:\WINDOWS\System32\ucrtbase.dll
0x00007fff011b0000 - 0x00007fff011c9000 	C:\Program Files\Android\Android Studio\jre\bin\jli.dll
0x00007ffed8080000 - 0x00007ffed8097000 	C:\Program Files\Android\Android Studio\jre\bin\VCRUNTIME140.dll
0x00007fff14130000 - 0x00007fff142d0000 	C:\WINDOWS\System32\USER32.dll
0x00007fff12740000 - 0x00007fff12762000 	C:\WINDOWS\System32\win32u.dll
0x00007fff143c0000 - 0x00007fff143ea000 	C:\WINDOWS\System32\GDI32.dll
0x00007fff12770000 - 0x00007fff1287b000 	C:\WINDOWS\System32\gdi32full.dll
0x00007fff126a0000 - 0x00007fff1273d000 	C:\WINDOWS\System32\msvcp_win.dll
0x00007fff06a00000 - 0x00007fff06c9a000 	C:\WINDOWS\WinSxS\amd64_microsoft.windows.common-controls_6595b64144ccf1df_6.0.19041.1110_none_60b5254171f9507e\COMCTL32.dll
0x00007fff13dc0000 - 0x00007fff13e5e000 	C:\WINDOWS\System32\msvcrt.dll
0x00007fff135b0000 - 0x00007fff135e0000 	C:\WINDOWS\System32\IMM32.DLL
0x00007ffec00d0000 - 0x00007ffec016d000 	C:\Program Files\Android\Android Studio\jre\bin\msvcp140.dll
0x00007ffe8d400000 - 0x00007ffe8dee5000 	C:\Program Files\Android\Android Studio\jre\bin\server\jvm.dll
0x00007fff13b80000 - 0x00007fff13c2e000 	C:\WINDOWS\System32\ADVAPI32.dll
0x00007fff13650000 - 0x00007fff136ec000 	C:\WINDOWS\System32\sechost.dll
0x00007fff13c30000 - 0x00007fff13d55000 	C:\WINDOWS\System32\RPCRT4.dll
0x00007fff142d0000 - 0x00007fff142d8000 	C:\WINDOWS\System32\PSAPI.DLL
0x00007fff0c3e0000 - 0x00007fff0c3ea000 	C:\WINDOWS\SYSTEM32\VERSION.dll
0x00007ffef63f0000 - 0x00007ffef63f9000 	C:\WINDOWS\SYSTEM32\WSOCK32.dll
0x00007ffef8dc0000 - 0x00007ffef8de7000 	C:\WINDOWS\SYSTEM32\WINMM.dll
0x00007fff140c0000 - 0x00007fff1412b000 	C:\WINDOWS\System32\WS2_32.dll
0x00007fff10ce0000 - 0x00007fff10cf2000 	C:\WINDOWS\SYSTEM32\kernel.appcore.dll
0x00007fff0a100000 - 0x00007fff0a111000 	C:\Program Files\Android\Android Studio\jre\bin\verify.dll
0x00007fff102e0000 - 0x00007fff104c4000 	C:\WINDOWS\SYSTEM32\DBGHELP.DLL
0x00007fff09580000 - 0x00007fff095ac000 	C:\WINDOWS\SYSTEM32\dbgcore.DLL
0x00007fff12d00000 - 0x00007fff12d82000 	C:\WINDOWS\System32\bcryptPrimitives.dll
0x00007ffec29f0000 - 0x00007ffec2a19000 	C:\Program Files\Android\Android Studio\jre\bin\java.dll
0x00007fff06210000 - 0x00007fff0621b000 	C:\Program Files\Android\Android Studio\jre\bin\jimage.dll
0x00007ffec29d0000 - 0x00007ffec29e8000 	C:\Program Files\Android\Android Studio\jre\bin\zip.dll
0x00007fff143f0000 - 0x00007fff14b34000 	C:\WINDOWS\System32\SHELL32.dll
0x00007fff10530000 - 0x00007fff10cc4000 	C:\WINDOWS\SYSTEM32\windows.storage.dll
0x00007fff13250000 - 0x00007fff135a4000 	C:\WINDOWS\System32\combase.dll
0x00007fff11eb0000 - 0x00007fff11ee0000 	C:\WINDOWS\SYSTEM32\Wldp.dll
0x00007fff12df0000 - 0x00007fff12e9d000 	C:\WINDOWS\System32\SHCORE.dll
0x00007fff135e0000 - 0x00007fff13635000 	C:\WINDOWS\System32\shlwapi.dll
0x00007fff12390000 - 0x00007fff123af000 	C:\WINDOWS\SYSTEM32\profapi.dll
0x00007ffece2a0000 - 0x00007ffece2ba000 	C:\Program Files\Android\Android Studio\jre\bin\net.dll
0x00007fff0d490000 - 0x00007fff0d59a000 	C:\WINDOWS\SYSTEM32\WINHTTP.dll
0x00007fff11c10000 - 0x00007fff11c7a000 	C:\WINDOWS\system32\mswsock.dll
0x00007ffec3670000 - 0x00007ffec3684000 	C:\Program Files\Android\Android Studio\jre\bin\nio.dll
0x00007ffece240000 - 0x00007ffece267000 	C:\Users\min20\.gradle\native\8bec1ad78214c89d9ad589b4d07fe93259594b29d510b10fafb7a158f7737e5d\windows-amd64\native-platform.dll
0x00007ffe8c410000 - 0x00007ffe8c54d000 	C:\Users\min20\.gradle\native\53dbd7edfb1c66fb8903c78663c9afc45aea4f116125fa6feffd364cf09443e8\windows-amd64\native-platform-file-events.dll
0x00007fff0d0a0000 - 0x00007fff0d0aa000 	C:\Program Files\Android\Android Studio\jre\bin\management.dll
0x00007fff06140000 - 0x00007fff0614d000 	C:\Program Files\Android\Android Studio\jre\bin\management_ext.dll
0x00007fff11e00000 - 0x00007fff11e18000 	C:\WINDOWS\SYSTEM32\CRYPTSP.dll
0x00007fff11520000 - 0x00007fff11554000 	C:\WINDOWS\system32\rsaenh.dll
0x00007fff12550000 - 0x00007fff12577000 	C:\WINDOWS\System32\bcrypt.dll
0x00007fff12310000 - 0x00007fff1233e000 	C:\WINDOWS\SYSTEM32\USERENV.dll
0x00007fff11e20000 - 0x00007fff11e2c000 	C:\WINDOWS\SYSTEM32\CRYPTBASE.dll
0x00007fff118b0000 - 0x00007fff118eb000 	C:\WINDOWS\SYSTEM32\IPHLPAPI.DLL
0x00007fff13640000 - 0x00007fff13648000 	C:\WINDOWS\System32\NSI.dll
0x00007fff0b290000 - 0x00007fff0b2a7000 	C:\WINDOWS\SYSTEM32\dhcpcsvc6.DLL
0x00007fff0c070000 - 0x00007fff0c08d000 	C:\WINDOWS\SYSTEM32\dhcpcsvc.DLL
0x00007fff118f0000 - 0x00007fff119ba000 	C:\WINDOWS\SYSTEM32\DNSAPI.dll

dbghelp: loaded successfully - version: 4.0.5 - missing functions: none
symbol engine: initialized successfully - sym options: 0x614 - pdb path: .;C:\Program Files\Android\Android Studio\jre\bin;C:\WINDOWS\SYSTEM32;C:\WINDOWS\WinSxS\amd64_microsoft.windows.common-controls_6595b64144ccf1df_6.0.19041.1110_none_60b5254171f9507e;C:\Program Files\Android\Android Studio\jre\bin\server;C:\Users\min20\.gradle\native\8bec1ad78214c89d9ad589b4d07fe93259594b29d510b10fafb7a158f7737e5d\windows-amd64;C:\Users\min20\.gradle\native\53dbd7edfb1c66fb8903c78663c9afc45aea4f116125fa6feffd364cf09443e8\windows-amd64

VM Arguments:
jvm_args: --add-opens=java.base/java.util=ALL-UNNAMED --add-opens=java.base/java.lang=ALL-UNNAMED --add-opens=java.base/java.lang.invoke=ALL-UNNAMED --add-opens=java.base/java.util=ALL-UNNAMED --add-opens=java.prefs/java.util.prefs=ALL-UNNAMED --add-opens=java.prefs/java.util.prefs=ALL-UNNAMED --add-opens=java.base/java.nio.charset=ALL-UNNAMED --add-opens=java.base/java.net=ALL-UNNAMED --add-opens=java.base/java.util.concurrent.atomic=ALL-UNNAMED -Xmx2048m -Dfile.encoding=UTF-8 -Duser.country=KR -Duser.language=ko -Duser.variant 
java_command: org.gradle.launcher.daemon.bootstrap.GradleDaemon 7.0.2
java_class_path (initial): C:\Users\min20\.gradle\wrapper\dists\gradle-7.0.2-bin\857tjihv64xamwrf0h14cai3r\gradle-7.0.2\lib\gradle-launcher-7.0.2.jar
Launcher Type: SUN_STANDARD

[Global flags]
     intx CICompilerCount                          = 4                                         {product} {ergonomic}
     uint ConcGCThreads                            = 2                                         {product} {ergonomic}
     uint G1ConcRefinementThreads                  = 8                                         {product} {ergonomic}
   size_t G1HeapRegionSize                         = 1048576                                   {product} {ergonomic}
    uintx GCDrainStackTargetSize                   = 64                                        {product} {ergonomic}
   size_t InitialHeapSize                          = 266338304                                 {product} {ergonomic}
   size_t MarkStackSize                            = 4194304                                   {product} {ergonomic}
   size_t MaxHeapSize                              = 2147483648                                {product} {command line}
   size_t MaxNewSize                               = 1287651328                                {product} {ergonomic}
   size_t MinHeapDeltaBytes                        = 1048576                                   {product} {ergonomic}
    uintx NonNMethodCodeHeapSize                   = 5836300                                {pd product} {ergonomic}
    uintx NonProfiledCodeHeapSize                  = 122910970                              {pd product} {ergonomic}
    uintx ProfiledCodeHeapSize                     = 122910970                              {pd product} {ergonomic}
    uintx ReservedCodeCacheSize                    = 251658240                              {pd product} {ergonomic}
     bool SegmentedCodeCache                       = true                                      {product} {ergonomic}
     bool UseCompressedClassPointers               = true                                 {lp64_product} {ergonomic}
     bool UseCompressedOops                        = true                                 {lp64_product} {ergonomic}
     bool UseG1GC                                  = true                                      {product} {ergonomic}
     bool UseLargePagesIndividualAllocation        = false                                  {pd product} {ergonomic}

Logging:
Log output configuration:
 #0: stdout all=warning uptime,level,tags
 #1: stderr all=off uptime,level,tags

Environment Variables:
JAVA_HOME=C:\Program Files\Java\jdk-11.0.10
PATH=C:\Program Files\Common Files\Oracle\Java\javapath;C:\Program Files (x86)\Common Files\Oracle\Java\javapath;C:\windows\system32;C:\windows;C:\windows\System32\Wbem;C:\windows\System32\WindowsPowerShell\v1.0\;C:\windows\System32\OpenSSH\;C:\Program Files (x86)\NVIDIA Corporation\PhysX\Common;C:\Program Files\NVIDIA Corporation\NVIDIA NvDLISR;C:\Program Files\Intel\WiFi\bin\;C:\Program Files\Common Files\Intel\WirelessCommon\;C:\Users\min20\miniconda3\Scripts;C:\Program Files\Git\cmd;C:\Users\min20\devtool\apache-maven-3.6.3-bin\apache-maven-3.6.3\bin;C:\Users\min20\devtool\gradle-6.0-all\gradle-6.0\bin;C:\Program Files\Java\jdk1.8.0_271\bin;C:\Program Files\Java\jdk1.8.0_271\bin;C:\WINDOWS\system32;C:\WINDOWS;C:\WINDOWS\System32\Wbem;C:\WINDOWS\System32\WindowsPowerShell\v1.0\;C:\WINDOWS\System32\OpenSSH\;C:\MinGW\bin;C:\FlutterSDK\flutter\bin;C:\Program Files\nodejs\;C:\Users\min20\AppData\Local\Microsoft\WindowsApps;C:\users\min20\miniconda3\lib\site-packages (1.0.2);C:\Program Files\MySQL\MySQL Shell 8.0\bin\;C:\Users\min20\devtool\apache-maven-3.6.3-bin\apache-maven-3.6.3\bin;C:\Program Files\Java\jdk1.8.0_271\bin;C:\Users\min20\AppData\Local\atom\bin;C:\Users\min20\AppData\Local\Programs\Microsoft VS Code\bin;C:\Users\min20\AppData\Local\Microsoft\WindowsApps;C:\MinGW\bin;C:\Users\min20\AppData\Roaming\npm;C:\Users\min20\AppData\Local\GitHubDesktop\bin
USERNAME=min20
OS=Windows_NT
PROCESSOR_IDENTIFIER=Intel64 Family 6 Model 126 Stepping 5, GenuineIntel



---------------  S Y S T E M  ---------------

OS: Windows 10 , 64 bit Build 19041 (10.0.19041.1889)
OS uptime: 1 days 22:01 hours

CPU:total 8 (initial active 8) (4 cores per cpu, 2 threads per core) family 6 model 126 stepping 5 microcode 0xa0, cmov, cx8, fxsr, mmx, sse, sse2, sse3, ssse3, sse4.1, sse4.2, popcnt, avx, avx2, aes, clmul, erms, 3dnowpref, lzcnt, ht, tsc, tscinvbit, bmi1, bmi2, adx, evex, sha, fma

Memory: 4k page, system-wide physical 16145M (3053M free)
TotalPageFile size 17486M (AvailPageFile size 7M)
current process WorkingSet (physical memory assigned to process): 413M, peak: 416M
current process commit charge ("private bytes"): 517M, peak: 521M

vm_info: OpenJDK 64-Bit Server VM (11.0.12+7-b1504.28-7817840) for windows-amd64 JRE (11.0.12+7-b1504.28-7817840), built on Oct 13 2021 22:12:33 by "builder" with MS VC++ 14.0 (VS2015)

END.
