#
# There is insufficient memory for the Java Runtime Environment to continue.
# Native memory allocation (malloc) failed to allocate 1106416 bytes for Chunk::new
# Possible reasons:
#   The system is out of physical RAM or swap space
#   The process is running with CompressedOops enabled, and the Java Heap may be blocking the growth of the native heap
# Possible solutions:
#   Reduce memory load on the system
#   Increase physical memory or swap space
#   Check if swap backing store is full
#   Decrease Java heap size (-Xmx/-Xms)
#   Decrease number of Java threads
#   Decrease Java thread stack sizes (-Xss)
#   Set larger code cache with -XX:ReservedCodeCacheSize=
#   JVM is running with Unscaled Compressed Oops mode in which the Java heap is
#     placed in the first 4GB address space. The Java Heap base address is the
#     maximum limit for the native heap growth. Please use -XX:HeapBaseMinAddress
#     to set the Java Heap base and to place the Java Heap above 4GB virtual address.
# This output file may be truncated or incomplete.
#
#  Out of Memory Error (./src/hotspot/share/memory/arena.cpp:197), pid=19524, tid=22124
#
# JRE version: OpenJDK Runtime Environment (11.0.12+7) (build 11.0.12+7-b1504.28-7817840)
# Java VM: OpenJDK 64-Bit Server VM (11.0.12+7-b1504.28-7817840, mixed mode, tiered, compressed oops, g1 gc, windows-amd64)
# No core dump will be written. Minidumps are not enabled by default on client versions of Windows
#

---------------  S U M M A R Y ------------

Command Line: --add-opens=java.base/java.util=ALL-UNNAMED --add-opens=java.base/java.lang=ALL-UNNAMED --add-opens=java.base/java.lang.invoke=ALL-UNNAMED --add-opens=java.base/java.util=ALL-UNNAMED --add-opens=java.prefs/java.util.prefs=ALL-UNNAMED --add-opens=java.prefs/java.util.prefs=ALL-UNNAMED --add-opens=java.base/java.nio.charset=ALL-UNNAMED --add-opens=java.base/java.net=ALL-UNNAMED --add-opens=java.base/java.util.concurrent.atomic=ALL-UNNAMED -Xmx2048m -Dfile.encoding=UTF-8 -Duser.country=KR -Duser.language=ko -Duser.variant org.gradle.launcher.daemon.bootstrap.GradleDaemon 7.0.2

Host: Intel(R) Core(TM) i7-1065G7 CPU @ 1.30GHz, 8 cores, 15G,  Windows 10 , 64 bit Build 19041 (10.0.19041.1806)
Time: Thu Aug  4 16:42:00 2022 대한민국 표준시 elapsed time: 24.513784 seconds (0d 0h 0m 24s)

---------------  T H R E A D  ---------------

Current thread (0x000002696bab8800):  JavaThread "C2 CompilerThread2" daemon [_thread_in_native, id=22124, stack(0x000000f6a4a00000,0x000000f6a4b00000)]


Current CompileTask:
C2:  24514 10203       4       org.gradle.internal.fingerprint.classpath.impl.ClasspathFingerprintingStrategy$ClasspathFingerprintingVisitor::access$100 (7 bytes)

Stack: [0x000000f6a4a00000,0x000000f6a4b00000]
Native frames: (J=compiled Java code, j=interpreted, Vv=VM code, C=native code)
V  [jvm.dll+0x5fbcea]
V  [jvm.dll+0x731905]
V  [jvm.dll+0x732f1d]
V  [jvm.dll+0x7335d3]
V  [jvm.dll+0x247bf8]
V  [jvm.dll+0xc018c]
V  [jvm.dll+0xc06cc]
V  [jvm.dll+0x35b2db]
V  [jvm.dll+0x328803]
V  [jvm.dll+0x327cfa]
V  [jvm.dll+0x200602]
V  [jvm.dll+0x1ff794]
V  [jvm.dll+0x18868c]
V  [jvm.dll+0x20e0d7]
V  [jvm.dll+0x20c901]
V  [jvm.dll+0x6f9b7f]
V  [jvm.dll+0x6f26a5]
V  [jvm.dll+0x5fabf6]
C  [ucrtbase.dll+0x21bb2]
C  [KERNEL32.DLL+0x17034]
C  [ntdll.dll+0x52651]


---------------  P R O C E S S  ---------------

Threads class SMR info:
_java_thread_list=0x000002696d0c0b60, length=64, elements={
0x0000026947075800, 0x0000026963d12000, 0x0000026963d1a800, 0x0000026963d8c800,
0x0000026963d92000, 0x0000026963d93800, 0x0000026963d98800, 0x0000026963d9c000,
0x0000026963dae000, 0x0000026963efb800, 0x000002696735a800, 0x0000026965367800,
0x000002696594e800, 0x0000026966041000, 0x0000026966610000, 0x0000026964b99000,
0x0000026965660000, 0x0000026965661000, 0x0000026964e68000, 0x0000026965531800,
0x0000026965538000, 0x0000026965534000, 0x0000026965532800, 0x0000026965533000,
0x0000026965535800, 0x0000026965535000, 0x0000026965536800, 0x0000026965537800,
0x00000269671bf800, 0x00000269671c0800, 0x00000269671c2000, 0x00000269671bd800,
0x00000269671c4000, 0x00000269671bf000, 0x00000269671c7000, 0x00000269671ca800,
0x00000269671c8000, 0x00000269671cb000, 0x00000269671c8800, 0x00000269671c9800,
0x00000269671c5800, 0x00000269671cc000, 0x00000269671c6800, 0x0000026967c76800,
0x0000026967c75800, 0x0000026967c77800, 0x0000026967c78000, 0x0000026967c79000,
0x0000026967c7a000, 0x0000026967c7c800, 0x0000026967c7f800, 0x0000026967c80800,
0x0000026967c7e800, 0x0000026967c81000, 0x0000026967c7e000, 0x0000026967c7b800,
0x0000026967c82000, 0x0000026967c83000, 0x0000026967c83800, 0x000002696bab7000,
0x000002696bab7800, 0x000002696bab9800, 0x000002696babb000, 0x000002696bab8800
}

Java Threads: ( => current thread )
  0x0000026947075800 JavaThread "main" [_thread_blocked, id=15996, stack(0x000000f69fc00000,0x000000f69fd00000)]
  0x0000026963d12000 JavaThread "Reference Handler" daemon [_thread_blocked, id=18156, stack(0x000000f6a0300000,0x000000f6a0400000)]
  0x0000026963d1a800 JavaThread "Finalizer" daemon [_thread_blocked, id=20888, stack(0x000000f6a0400000,0x000000f6a0500000)]
  0x0000026963d8c800 JavaThread "Signal Dispatcher" daemon [_thread_blocked, id=16008, stack(0x000000f6a0500000,0x000000f6a0600000)]
  0x0000026963d92000 JavaThread "Attach Listener" daemon [_thread_blocked, id=19908, stack(0x000000f6a0600000,0x000000f6a0700000)]
  0x0000026963d93800 JavaThread "Service Thread" daemon [_thread_blocked, id=10500, stack(0x000000f6a0700000,0x000000f6a0800000)]
  0x0000026963d98800 JavaThread "C2 CompilerThread0" daemon [_thread_in_native, id=13540, stack(0x000000f6a0800000,0x000000f6a0900000)]
  0x0000026963d9c000 JavaThread "C1 CompilerThread0" daemon [_thread_blocked, id=20380, stack(0x000000f6a0900000,0x000000f6a0a00000)]
  0x0000026963dae000 JavaThread "Sweeper thread" daemon [_thread_blocked, id=20436, stack(0x000000f6a0a00000,0x000000f6a0b00000)]
  0x0000026963efb800 JavaThread "Common-Cleaner" daemon [_thread_blocked, id=15968, stack(0x000000f6a0b00000,0x000000f6a0c00000)]
  0x000002696735a800 JavaThread "Daemon health stats" [_thread_blocked, id=15940, stack(0x000000f6a1400000,0x000000f6a1500000)]
  0x0000026965367800 JavaThread "Incoming local TCP Connector on port 65248" [_thread_in_native, id=17584, stack(0x000000f6a0d00000,0x000000f6a0e00000)]
  0x000002696594e800 JavaThread "Daemon periodic checks" [_thread_blocked, id=4088, stack(0x000000f6a1300000,0x000000f6a1400000)]
  0x0000026966041000 JavaThread "Daemon" [_thread_blocked, id=2716, stack(0x000000f6a1500000,0x000000f6a1600000)]
  0x0000026966610000 JavaThread "Handler for socket connection from /127.0.0.1:65248 to /127.0.0.1:65249" [_thread_in_native, id=3288, stack(0x000000f6a1600000,0x000000f6a1700000)]
  0x0000026964b99000 JavaThread "Cancel handler" [_thread_blocked, id=11204, stack(0x000000f6a1700000,0x000000f6a1800000)]
  0x0000026965660000 JavaThread "Daemon worker" [_thread_blocked, id=20256, stack(0x000000f6a1800000,0x000000f6a1900000)]
  0x0000026965661000 JavaThread "Asynchronous log dispatcher for DefaultDaemonConnection: socket connection from /127.0.0.1:65248 to /127.0.0.1:65249" [_thread_blocked, id=13368, stack(0x000000f6a1900000,0x000000f6a1a00000)]
  0x0000026964e68000 JavaThread "Stdin handler" [_thread_blocked, id=17988, stack(0x000000f6a1a00000,0x000000f6a1b00000)]
  0x0000026965531800 JavaThread "Daemon client event forwarder" [_thread_blocked, id=15920, stack(0x000000f6a1b00000,0x000000f6a1c00000)]
  0x0000026965538000 JavaThread "Cache worker for file hash cache (C:\Users\min20\.gradle\caches\7.0.2\fileHashes)" [_thread_in_Java, id=10840, stack(0x000000f6a1c00000,0x000000f6a1d00000)]
  0x0000026965534000 JavaThread "File lock request listener" [_thread_in_native, id=14548, stack(0x000000f6a1d00000,0x000000f6a1e00000)]
  0x0000026965532800 JavaThread "Cache worker for journal cache (C:\Users\min20\.gradle\caches\journal-1)" [_thread_blocked, id=2456, stack(0x000000f6a2100000,0x000000f6a2200000)]
  0x0000026965533000 JavaThread "Cache worker for file hash cache (C:\Android\Android Project\2022meit\backup2\.gradle\7.0.2\fileHashes)" [_thread_blocked, id=1120, stack(0x000000f6a2300000,0x000000f6a2400000)]
  0x0000026965535800 JavaThread "File watcher server" daemon [_thread_in_native, id=9028, stack(0x000000f6a2400000,0x000000f6a2500000)]
  0x0000026965535000 JavaThread "File watcher consumer" daemon [_thread_blocked, id=15984, stack(0x000000f6a2500000,0x000000f6a2600000)]
  0x0000026965536800 JavaThread "Cache worker for checksums cache (C:\Android\Android Project\2022meit\backup2\.gradle\checksums)" [_thread_blocked, id=21700, stack(0x000000f6a2600000,0x000000f6a2700000)]
  0x0000026965537800 JavaThread "Cache worker for cache directory md-supplier (C:\Users\min20\.gradle\caches\7.0.2\md-supplier)" [_thread_blocked, id=17056, stack(0x000000f6a2700000,0x000000f6a2800000)]
  0x00000269671bf800 JavaThread "Cache worker for cache directory md-rule (C:\Users\min20\.gradle\caches\7.0.2\md-rule)" [_thread_blocked, id=1464, stack(0x000000f6a2800000,0x000000f6a2900000)]
  0x00000269671c0800 JavaThread "Cache worker for execution history cache (C:\Users\min20\.gradle\caches\7.0.2\executionHistory)" [_thread_blocked, id=15740, stack(0x000000f6a2900000,0x000000f6a2a00000)]
  0x00000269671c2000 JavaThread "jar transforms" [_thread_blocked, id=21572, stack(0x000000f6a2b00000,0x000000f6a2c00000)]
  0x00000269671bd800 JavaThread "jar transforms Thread 2" [_thread_blocked, id=18820, stack(0x000000f6a2c00000,0x000000f6a2d00000)]
  0x00000269671c4000 JavaThread "Cache worker for file content cache (C:\Users\min20\.gradle\caches\7.0.2\fileContent)" [_thread_blocked, id=11216, stack(0x000000f6a2d00000,0x000000f6a2e00000)]
  0x00000269671bf000 JavaThread "Cache worker for dependencies-accessors (C:\Android\Android Project\2022meit\backup2\.gradle\7.0.2\dependencies-accessors)" [_thread_blocked, id=7668, stack(0x000000f6a2e00000,0x000000f6a2f00000)]
  0x00000269671c7000 JavaThread "jar transforms Thread 3" [_thread_blocked, id=6592, stack(0x000000f6a2f00000,0x000000f6a3000000)]
  0x00000269671ca800 JavaThread "Cache worker for Build Output Cleanup Cache (C:\Android\Android Project\2022meit\backup2\.gradle\buildOutputCleanup)" [_thread_blocked, id=20564, stack(0x000000f6a3000000,0x000000f6a3100000)]
  0x00000269671c8000 JavaThread "Build operations" [_thread_in_native, id=5436, stack(0x000000f6a3100000,0x000000f6a3200000)]
  0x00000269671cb000 JavaThread "Build operations Thread 2" [_thread_blocked, id=11576, stack(0x000000f6a3200000,0x000000f6a3300000)]
  0x00000269671c8800 JavaThread "Build operations Thread 3" [_thread_blocked, id=20544, stack(0x000000f6a3300000,0x000000f6a3400000)]
  0x00000269671c9800 JavaThread "Build operations Thread 4" [_thread_blocked, id=16836, stack(0x000000f6a3400000,0x000000f6a3500000)]
  0x00000269671c5800 JavaThread "Build operations Thread 5" [_thread_blocked, id=14108, stack(0x000000f6a3500000,0x000000f6a3600000)]
  0x00000269671cc000 JavaThread "Build operations Thread 6" [_thread_in_vm, id=15656, stack(0x000000f6a3600000,0x000000f6a3700000)]
  0x00000269671c6800 JavaThread "Build operations Thread 7" [_thread_blocked, id=22312, stack(0x000000f6a3700000,0x000000f6a3800000)]
  0x0000026967c76800 JavaThread "Build operations Thread 8" [_thread_in_native, id=2264, stack(0x000000f6a3800000,0x000000f6a3900000)]
  0x0000026967c75800 JavaThread "jar transforms Thread 4" [_thread_blocked, id=8844, stack(0x000000f6a3900000,0x000000f6a3a00000)]
  0x0000026967c77800 JavaThread "jar transforms Thread 5" [_thread_blocked, id=13636, stack(0x000000f6a3a00000,0x000000f6a3b00000)]
  0x0000026967c78000 JavaThread "jar transforms Thread 6" [_thread_blocked, id=19184, stack(0x000000f6a3b00000,0x000000f6a3c00000)]
  0x0000026967c79000 JavaThread "jar transforms Thread 7" [_thread_blocked, id=3996, stack(0x000000f6a3c00000,0x000000f6a3d00000)]
  0x0000026967c7a000 JavaThread "jar transforms Thread 8" [_thread_blocked, id=12300, stack(0x000000f6a3d00000,0x000000f6a3e00000)]
  0x0000026967c7c800 JavaThread "Memory manager" [_thread_blocked, id=10872, stack(0x000000f6a3e00000,0x000000f6a3f00000)]
  0x0000026967c7f800 JavaThread "build event listener" [_thread_blocked, id=10120, stack(0x000000f6a3f00000,0x000000f6a4000000)]
  0x0000026967c80800 JavaThread "pool-3-thread-1" [_thread_blocked, id=3460, stack(0x000000f6a4000000,0x000000f6a4100000)]
  0x0000026967c7e800 JavaThread "build event listener" [_thread_blocked, id=4996, stack(0x000000f6a4100000,0x000000f6a4200000)]
  0x0000026967c81000 JavaThread "Execution worker for ':'" [_thread_blocked, id=21728, stack(0x000000f6a4200000,0x000000f6a4300000)]
  0x0000026967c7e000 JavaThread "Execution worker for ':' Thread 2" [_thread_blocked, id=15292, stack(0x000000f6a4300000,0x000000f6a4400000)]
  0x0000026967c7b800 JavaThread "Execution worker for ':' Thread 3" [_thread_blocked, id=17776, stack(0x000000f6a4400000,0x000000f6a4500000)]
  0x0000026967c82000 JavaThread "Execution worker for ':' Thread 4" [_thread_blocked, id=18792, stack(0x000000f6a4500000,0x000000f6a4600000)]
  0x0000026967c83000 JavaThread "Execution worker for ':' Thread 5" [_thread_blocked, id=3008, stack(0x000000f6a4600000,0x000000f6a4700000)]
  0x0000026967c83800 JavaThread "Execution worker for ':' Thread 6" [_thread_blocked, id=5032, stack(0x000000f6a4700000,0x000000f6a4800000)]
  0x000002696bab7000 JavaThread "Execution worker for ':' Thread 7" [_thread_blocked, id=3488, stack(0x000000f6a4800000,0x000000f6a4900000)]
  0x000002696bab7800 JavaThread "Cache worker for execution history cache (C:\Android\Android Project\2022meit\backup2\.gradle\7.0.2\executionHistory)" [_thread_blocked, id=19064, stack(0x000000f6a4900000,0x000000f6a4a00000)]
  0x000002696bab9800 JavaThread "WorkerExecutor Queue" [_thread_in_Java, id=21684, stack(0x000000f6a2200000,0x000000f6a2300000)]
  0x000002696babb000 JavaThread "C2 CompilerThread1" daemon [_thread_in_native, id=5492, stack(0x000000f6a2a00000,0x000000f6a2b00000)]
=>0x000002696bab8800 JavaThread "C2 CompilerThread2" daemon [_thread_in_native, id=22124, stack(0x000000f6a4a00000,0x000000f6a4b00000)]

Other Threads:
  0x0000026963d0d800 VMThread "VM Thread" [stack: 0x000000f6a0200000,0x000000f6a0300000] [id=15848]
  0x0000026963f19800 WatcherThread [stack: 0x000000f6a0c00000,0x000000f6a0d00000] [id=15964]
  0x000002694708a000 GCTaskThread "GC Thread#0" [stack: 0x000000f69fd00000,0x000000f69fe00000] [id=16000]
  0x0000026964c6e000 GCTaskThread "GC Thread#1" [stack: 0x000000f6a0e00000,0x000000f6a0f00000] [id=288]
  0x0000026964b51000 GCTaskThread "GC Thread#2" [stack: 0x000000f6a0f00000,0x000000f6a1000000] [id=9272]
  0x0000026964d51000 GCTaskThread "GC Thread#3" [stack: 0x000000f6a1000000,0x000000f6a1100000] [id=15912]
  0x0000026964d52000 GCTaskThread "GC Thread#4" [stack: 0x000000f6a1100000,0x000000f6a1200000] [id=12208]
  0x0000026964b9e800 GCTaskThread "GC Thread#5" [stack: 0x000000f6a1200000,0x000000f6a1300000] [id=11760]
  0x0000026964e67000 GCTaskThread "GC Thread#6" [stack: 0x000000f6a1e00000,0x000000f6a1f00000] [id=10880]
  0x0000026966278000 GCTaskThread "GC Thread#7" [stack: 0x000000f6a1f00000,0x000000f6a2000000] [id=15140]
  0x00000269470bb800 ConcurrentGCThread "G1 Main Marker" [stack: 0x000000f69fe00000,0x000000f69ff00000] [id=16012]
  0x00000269470bd000 ConcurrentGCThread "G1 Conc#0" [stack: 0x000000f69ff00000,0x000000f6a0000000] [id=11344]
  0x0000026966d1e800 ConcurrentGCThread "G1 Conc#1" [stack: 0x000000f6a2000000,0x000000f6a2100000] [id=15564]
  0x000002694714e000 ConcurrentGCThread "G1 Refine#0" [stack: 0x000000f6a0000000,0x000000f6a0100000] [id=19888]
  0x0000026963358800 ConcurrentGCThread "G1 Young RemSet Sampling" [stack: 0x000000f6a0100000,0x000000f6a0200000] [id=2160]

Threads with active compile tasks:
C2 CompilerThread0  24586 10209       4       org.gradle.api.internal.changedetection.state.ZipHasher::isZipFile (19 bytes)
C2 CompilerThread1  24587 10205       4       org.gradle.internal.fingerprint.classpath.impl.ClasspathFingerprintingStrategy$ClasspathFingerprintingVisitor::hashContent (96 bytes)
C2 CompilerThread2  24587 10203       4       org.gradle.internal.fingerprint.classpath.impl.ClasspathFingerprintingStrategy$ClasspathFingerprintingVisitor::access$100 (7 bytes)

VM state:not at safepoint (normal execution)

VM Mutex/Monitor currently owned by a thread:  ([mutex/lock_event])
[0x0000026947070ba0] MethodCompileQueue_lock - owner thread: 0x0000000000000000

Heap address: 0x0000000080000000, size: 2048 MB, Compressed Oops mode: 32-bit
Narrow klass base: 0x0000000000000000, Narrow klass shift: 3
Compressed class space size: 1073741824 Address: 0x0000000100000000

Heap:
 garbage-first heap   total 260096K, used 128232K [0x0000000080000000, 0x0000000100000000)
  region size 1024K, 61 young (62464K), 9 survivors (9216K)
 Metaspace       used 84278K, capacity 86598K, committed 86732K, reserved 1124352K
  class space    used 10841K, capacity 11702K, committed 11724K, reserved 1048576K
Heap Regions: E=young(eden), S=young(survivor), O=old, HS=humongous(starts), HC=humongous(continues), CS=collection set, F=free, A=archive, TAMS=top-at-mark-start (previous, next)
|   0|0x0000000080000000, 0x0000000080100000, 0x0000000080100000|100%| O|  |TAMS 0x0000000080100000, 0x0000000080000000| Untracked 
|   1|0x0000000080100000, 0x0000000080200000, 0x0000000080200000|100%| O|  |TAMS 0x0000000080200000, 0x0000000080100000| Untracked 
|   2|0x0000000080200000, 0x0000000080300000, 0x0000000080300000|100%| O|  |TAMS 0x0000000080300000, 0x0000000080200000| Untracked 
|   3|0x0000000080300000, 0x0000000080400000, 0x0000000080400000|100%|HS|  |TAMS 0x0000000080400000, 0x0000000080300000| Complete 
|   4|0x0000000080400000, 0x0000000080500000, 0x0000000080500000|100%|HC|  |TAMS 0x0000000080500000, 0x0000000080400000| Complete 
|   5|0x0000000080500000, 0x0000000080600000, 0x0000000080600000|100%|HC|  |TAMS 0x0000000080600000, 0x0000000080500000| Complete 
|   6|0x0000000080600000, 0x0000000080700000, 0x0000000080700000|100%| O|  |TAMS 0x0000000080700000, 0x0000000080600000| Untracked 
|   7|0x0000000080700000, 0x0000000080800000, 0x0000000080800000|100%| O|  |TAMS 0x0000000080800000, 0x0000000080700000| Untracked 
|   8|0x0000000080800000, 0x0000000080900000, 0x0000000080900000|100%| O|  |TAMS 0x0000000080900000, 0x0000000080800000| Untracked 
|   9|0x0000000080900000, 0x0000000080a00000, 0x0000000080a00000|100%| O|  |TAMS 0x0000000080a00000, 0x0000000080900000| Untracked 
|  10|0x0000000080a00000, 0x0000000080b00000, 0x0000000080b00000|100%| O|  |TAMS 0x0000000080b00000, 0x0000000080a00000| Untracked 
|  11|0x0000000080b00000, 0x0000000080c00000, 0x0000000080c00000|100%| O|  |TAMS 0x0000000080c00000, 0x0000000080b00000| Untracked 
|  12|0x0000000080c00000, 0x0000000080d00000, 0x0000000080d00000|100%| O|  |TAMS 0x0000000080d00000, 0x0000000080c00000| Untracked 
|  13|0x0000000080d00000, 0x0000000080e00000, 0x0000000080e00000|100%| O|  |TAMS 0x0000000080e00000, 0x0000000080d00000| Untracked 
|  14|0x0000000080e00000, 0x0000000080f00000, 0x0000000080f00000|100%| O|  |TAMS 0x0000000080f00000, 0x0000000080e00000| Untracked 
|  15|0x0000000080f00000, 0x0000000081000000, 0x0000000081000000|100%| O|  |TAMS 0x0000000081000000, 0x0000000080f00000| Untracked 
|  16|0x0000000081000000, 0x0000000081100000, 0x0000000081100000|100%|HS|  |TAMS 0x0000000081100000, 0x0000000081000000| Complete 
|  17|0x0000000081100000, 0x0000000081200000, 0x0000000081200000|100%|HS|  |TAMS 0x0000000081200000, 0x0000000081100000| Complete 
|  18|0x0000000081200000, 0x0000000081300000, 0x0000000081300000|100%|HS|  |TAMS 0x0000000081300000, 0x0000000081200000| Complete 
|  19|0x0000000081300000, 0x0000000081400000, 0x0000000081400000|100%|HC|  |TAMS 0x0000000081400000, 0x0000000081300000| Complete 
|  20|0x0000000081400000, 0x0000000081500000, 0x0000000081500000|100%| O|  |TAMS 0x0000000081500000, 0x0000000081400000| Untracked 
|  21|0x0000000081500000, 0x0000000081600000, 0x0000000081600000|100%| O|  |TAMS 0x0000000081600000, 0x0000000081500000| Untracked 
|  22|0x0000000081600000, 0x0000000081700000, 0x0000000081700000|100%| O|  |TAMS 0x0000000081700000, 0x0000000081600000| Untracked 
|  23|0x0000000081700000, 0x0000000081800000, 0x0000000081800000|100%| O|  |TAMS 0x0000000081800000, 0x0000000081700000| Untracked 
|  24|0x0000000081800000, 0x0000000081900000, 0x0000000081900000|100%| O|  |TAMS 0x0000000081900000, 0x0000000081800000| Untracked 
|  25|0x0000000081900000, 0x0000000081a00000, 0x0000000081a00000|100%| O|  |TAMS 0x0000000081a00000, 0x0000000081900000| Untracked 
|  26|0x0000000081a00000, 0x0000000081b00000, 0x0000000081b00000|100%| O|  |TAMS 0x0000000081b00000, 0x0000000081a00000| Untracked 
|  27|0x0000000081b00000, 0x0000000081c00000, 0x0000000081c00000|100%| O|  |TAMS 0x0000000081c00000, 0x0000000081b00000| Untracked 
|  28|0x0000000081c00000, 0x0000000081d00000, 0x0000000081d00000|100%| O|  |TAMS 0x0000000081d00000, 0x0000000081c00000| Untracked 
|  29|0x0000000081d00000, 0x0000000081e00000, 0x0000000081e00000|100%| O|  |TAMS 0x0000000081e00000, 0x0000000081d00000| Untracked 
|  30|0x0000000081e00000, 0x0000000081f00000, 0x0000000081f00000|100%| O|  |TAMS 0x0000000081f00000, 0x0000000081e00000| Untracked 
|  31|0x0000000081f00000, 0x0000000082000000, 0x0000000082000000|100%| O|  |TAMS 0x0000000082000000, 0x0000000081f00000| Untracked 
|  32|0x0000000082000000, 0x0000000082100000, 0x0000000082100000|100%| O|  |TAMS 0x0000000082100000, 0x0000000082000000| Untracked 
|  33|0x0000000082100000, 0x0000000082200000, 0x0000000082200000|100%| O|  |TAMS 0x0000000082200000, 0x0000000082100000| Untracked 
|  34|0x0000000082200000, 0x0000000082300000, 0x0000000082300000|100%| O|  |TAMS 0x0000000082300000, 0x0000000082200000| Untracked 
|  35|0x0000000082300000, 0x0000000082400000, 0x0000000082400000|100%| O|  |TAMS 0x0000000082400000, 0x0000000082300000| Untracked 
|  36|0x0000000082400000, 0x0000000082500000, 0x0000000082500000|100%| O|  |TAMS 0x0000000082500000, 0x0000000082400000| Untracked 
|  37|0x0000000082500000, 0x0000000082600000, 0x0000000082600000|100%| O|  |TAMS 0x0000000082600000, 0x0000000082500000| Untracked 
|  38|0x0000000082600000, 0x0000000082700000, 0x0000000082700000|100%| O|  |TAMS 0x0000000082700000, 0x0000000082600000| Untracked 
|  39|0x0000000082700000, 0x0000000082800000, 0x0000000082800000|100%| O|  |TAMS 0x0000000082800000, 0x0000000082700000| Untracked 
|  40|0x0000000082800000, 0x0000000082900000, 0x0000000082900000|100%| O|  |TAMS 0x0000000082900000, 0x0000000082800000| Untracked 
|  41|0x0000000082900000, 0x0000000082a00000, 0x0000000082a00000|100%| O|  |TAMS 0x0000000082a00000, 0x0000000082900000| Untracked 
|  42|0x0000000082a00000, 0x0000000082b00000, 0x0000000082b00000|100%| O|  |TAMS 0x0000000082a8b800, 0x0000000082a00000| Untracked 
|  43|0x0000000082b00000, 0x0000000082c00000, 0x0000000082c00000|100%| O|  |TAMS 0x0000000082b00000, 0x0000000082b00000| Untracked 
|  44|0x0000000082c00000, 0x0000000082d00000, 0x0000000082d00000|100%| O|  |TAMS 0x0000000082c00000, 0x0000000082c00000| Untracked 
|  45|0x0000000082d00000, 0x0000000082e00000, 0x0000000082e00000|100%| O|  |TAMS 0x0000000082d00000, 0x0000000082d00000| Untracked 
|  46|0x0000000082e00000, 0x0000000082f00000, 0x0000000082f00000|100%| O|  |TAMS 0x0000000082e00000, 0x0000000082e00000| Untracked 
|  47|0x0000000082f00000, 0x0000000083000000, 0x0000000083000000|100%| O|  |TAMS 0x0000000082f00000, 0x0000000082f00000| Untracked 
|  48|0x0000000083000000, 0x0000000083100000, 0x0000000083100000|100%| O|  |TAMS 0x0000000083000000, 0x0000000083000000| Untracked 
|  49|0x0000000083100000, 0x0000000083200000, 0x0000000083200000|100%| O|  |TAMS 0x0000000083100000, 0x0000000083100000| Untracked 
|  50|0x0000000083200000, 0x0000000083300000, 0x0000000083300000|100%| O|  |TAMS 0x0000000083200000, 0x0000000083200000| Untracked 
|  51|0x0000000083300000, 0x0000000083400000, 0x0000000083400000|100%| O|  |TAMS 0x0000000083300000, 0x0000000083300000| Untracked 
|  52|0x0000000083400000, 0x0000000083500000, 0x0000000083500000|100%| O|  |TAMS 0x0000000083400000, 0x0000000083400000| Untracked 
|  53|0x0000000083500000, 0x0000000083600000, 0x0000000083600000|100%| O|  |TAMS 0x0000000083500000, 0x0000000083500000| Untracked 
|  54|0x0000000083600000, 0x0000000083700000, 0x0000000083700000|100%| O|  |TAMS 0x0000000083600000, 0x0000000083600000| Untracked 
|  55|0x0000000083700000, 0x0000000083800000, 0x0000000083800000|100%| O|  |TAMS 0x0000000083700000, 0x0000000083700000| Untracked 
|  56|0x0000000083800000, 0x0000000083900000, 0x0000000083900000|100%| O|  |TAMS 0x0000000083800000, 0x0000000083800000| Untracked 
|  57|0x0000000083900000, 0x0000000083a00000, 0x0000000083a00000|100%| O|  |TAMS 0x0000000083900000, 0x0000000083900000| Untracked 
|  58|0x0000000083a00000, 0x0000000083b00000, 0x0000000083b00000|100%| O|  |TAMS 0x0000000083a00000, 0x0000000083a00000| Untracked 
|  59|0x0000000083b00000, 0x0000000083c00000, 0x0000000083c00000|100%| O|  |TAMS 0x0000000083b00000, 0x0000000083b00000| Untracked 
|  60|0x0000000083c00000, 0x0000000083d00000, 0x0000000083d00000|100%| O|  |TAMS 0x0000000083c00000, 0x0000000083c00000| Untracked 
|  61|0x0000000083d00000, 0x0000000083e00000, 0x0000000083e00000|100%| O|  |TAMS 0x0000000083d00000, 0x0000000083d00000| Untracked 
|  62|0x0000000083e00000, 0x0000000083f00000, 0x0000000083f00000|100%| O|  |TAMS 0x0000000083e00000, 0x0000000083e00000| Untracked 
|  63|0x0000000083f00000, 0x0000000084000000, 0x0000000084000000|100%| O|  |TAMS 0x0000000083f00000, 0x0000000083f00000| Untracked 
|  64|0x0000000084000000, 0x0000000084100000, 0x0000000084100000|100%| O|  |TAMS 0x0000000084000000, 0x0000000084000000| Untracked 
|  65|0x0000000084100000, 0x000000008413a000, 0x0000000084200000| 22%| O|  |TAMS 0x0000000084100000, 0x0000000084100000| Untracked 
|  66|0x0000000084200000, 0x0000000084200000, 0x0000000084300000|  0%| F|  |TAMS 0x0000000084200000, 0x0000000084200000| Untracked 
|  67|0x0000000084300000, 0x0000000084300000, 0x0000000084400000|  0%| F|  |TAMS 0x0000000084300000, 0x0000000084300000| Untracked 
|  68|0x0000000084400000, 0x0000000084400000, 0x0000000084500000|  0%| F|  |TAMS 0x0000000084400000, 0x0000000084400000| Untracked 
|  69|0x0000000084500000, 0x0000000084500000, 0x0000000084600000|  0%| F|  |TAMS 0x0000000084500000, 0x0000000084500000| Untracked 
|  70|0x0000000084600000, 0x0000000084600000, 0x0000000084700000|  0%| F|  |TAMS 0x0000000084600000, 0x0000000084600000| Untracked 
|  71|0x0000000084700000, 0x0000000084700000, 0x0000000084800000|  0%| F|  |TAMS 0x0000000084700000, 0x0000000084700000| Untracked 
|  72|0x0000000084800000, 0x0000000084800000, 0x0000000084900000|  0%| F|  |TAMS 0x0000000084800000, 0x0000000084800000| Untracked 
|  73|0x0000000084900000, 0x0000000084900000, 0x0000000084a00000|  0%| F|  |TAMS 0x0000000084900000, 0x0000000084900000| Untracked 
|  74|0x0000000084a00000, 0x0000000084a00000, 0x0000000084b00000|  0%| F|  |TAMS 0x0000000084a00000, 0x0000000084a00000| Untracked 
|  75|0x0000000084b00000, 0x0000000084b00000, 0x0000000084c00000|  0%| F|  |TAMS 0x0000000084b00000, 0x0000000084b00000| Untracked 
|  76|0x0000000084c00000, 0x0000000084c00000, 0x0000000084d00000|  0%| F|  |TAMS 0x0000000084c00000, 0x0000000084c00000| Untracked 
|  77|0x0000000084d00000, 0x0000000084d00000, 0x0000000084e00000|  0%| F|  |TAMS 0x0000000084d00000, 0x0000000084d00000| Untracked 
|  78|0x0000000084e00000, 0x0000000084e00000, 0x0000000084f00000|  0%| F|  |TAMS 0x0000000084e00000, 0x0000000084e00000| Untracked 
|  79|0x0000000084f00000, 0x0000000084f00000, 0x0000000085000000|  0%| F|  |TAMS 0x0000000084f00000, 0x0000000084f00000| Untracked 
|  80|0x0000000085000000, 0x0000000085000000, 0x0000000085100000|  0%| F|  |TAMS 0x0000000085000000, 0x0000000085000000| Untracked 
|  81|0x0000000085100000, 0x0000000085100000, 0x0000000085200000|  0%| F|  |TAMS 0x0000000085100000, 0x0000000085100000| Untracked 
|  82|0x0000000085200000, 0x0000000085200000, 0x0000000085300000|  0%| F|  |TAMS 0x0000000085200000, 0x0000000085200000| Untracked 
|  83|0x0000000085300000, 0x0000000085300000, 0x0000000085400000|  0%| F|  |TAMS 0x0000000085300000, 0x0000000085300000| Untracked 
|  84|0x0000000085400000, 0x0000000085400000, 0x0000000085500000|  0%| F|  |TAMS 0x0000000085400000, 0x0000000085400000| Untracked 
|  85|0x0000000085500000, 0x0000000085500000, 0x0000000085600000|  0%| F|  |TAMS 0x0000000085500000, 0x0000000085500000| Untracked 
|  86|0x0000000085600000, 0x0000000085600000, 0x0000000085700000|  0%| F|  |TAMS 0x0000000085600000, 0x0000000085600000| Untracked 
|  87|0x0000000085700000, 0x0000000085700000, 0x0000000085800000|  0%| F|  |TAMS 0x0000000085700000, 0x0000000085700000| Untracked 
|  88|0x0000000085800000, 0x0000000085800000, 0x0000000085900000|  0%| F|  |TAMS 0x0000000085800000, 0x0000000085800000| Untracked 
|  89|0x0000000085900000, 0x0000000085900000, 0x0000000085a00000|  0%| F|  |TAMS 0x0000000085900000, 0x0000000085900000| Untracked 
|  90|0x0000000085a00000, 0x0000000085a00000, 0x0000000085b00000|  0%| F|  |TAMS 0x0000000085a00000, 0x0000000085a00000| Untracked 
|  91|0x0000000085b00000, 0x0000000085b00000, 0x0000000085c00000|  0%| F|  |TAMS 0x0000000085b00000, 0x0000000085b00000| Untracked 
|  92|0x0000000085c00000, 0x0000000085c00000, 0x0000000085d00000|  0%| F|  |TAMS 0x0000000085c00000, 0x0000000085c00000| Untracked 
|  93|0x0000000085d00000, 0x0000000085d00000, 0x0000000085e00000|  0%| F|  |TAMS 0x0000000085d00000, 0x0000000085d00000| Untracked 
|  94|0x0000000085e00000, 0x0000000085e00000, 0x0000000085f00000|  0%| F|  |TAMS 0x0000000085e00000, 0x0000000085e00000| Untracked 
|  95|0x0000000085f00000, 0x0000000085f00000, 0x0000000086000000|  0%| F|  |TAMS 0x0000000085f00000, 0x0000000085f00000| Untracked 
|  96|0x0000000086000000, 0x0000000086000000, 0x0000000086100000|  0%| F|  |TAMS 0x0000000086000000, 0x0000000086000000| Untracked 
|  97|0x0000000086100000, 0x0000000086100000, 0x0000000086200000|  0%| F|  |TAMS 0x0000000086100000, 0x0000000086100000| Untracked 
|  98|0x0000000086200000, 0x0000000086200000, 0x0000000086300000|  0%| F|  |TAMS 0x0000000086200000, 0x0000000086200000| Untracked 
|  99|0x0000000086300000, 0x0000000086300000, 0x0000000086400000|  0%| F|  |TAMS 0x0000000086300000, 0x0000000086300000| Untracked 
| 100|0x0000000086400000, 0x0000000086400000, 0x0000000086500000|  0%| F|  |TAMS 0x0000000086400000, 0x0000000086400000| Untracked 
| 101|0x0000000086500000, 0x0000000086500000, 0x0000000086600000|  0%| F|  |TAMS 0x0000000086500000, 0x0000000086500000| Untracked 
| 102|0x0000000086600000, 0x0000000086600000, 0x0000000086700000|  0%| F|  |TAMS 0x0000000086600000, 0x0000000086600000| Untracked 
| 103|0x0000000086700000, 0x0000000086700000, 0x0000000086800000|  0%| F|  |TAMS 0x0000000086700000, 0x0000000086700000| Untracked 
| 104|0x0000000086800000, 0x0000000086800000, 0x0000000086900000|  0%| F|  |TAMS 0x0000000086800000, 0x0000000086800000| Untracked 
| 105|0x0000000086900000, 0x0000000086900000, 0x0000000086a00000|  0%| F|  |TAMS 0x0000000086900000, 0x0000000086900000| Untracked 
| 106|0x0000000086a00000, 0x0000000086a00000, 0x0000000086b00000|  0%| F|  |TAMS 0x0000000086a00000, 0x0000000086a00000| Untracked 
| 107|0x0000000086b00000, 0x0000000086b00000, 0x0000000086c00000|  0%| F|  |TAMS 0x0000000086b00000, 0x0000000086b00000| Untracked 
| 108|0x0000000086c00000, 0x0000000086c00000, 0x0000000086d00000|  0%| F|  |TAMS 0x0000000086c00000, 0x0000000086c00000| Untracked 
| 109|0x0000000086d00000, 0x0000000086d00000, 0x0000000086e00000|  0%| F|  |TAMS 0x0000000086d00000, 0x0000000086d00000| Untracked 
| 110|0x0000000086e00000, 0x0000000086e00000, 0x0000000086f00000|  0%| F|  |TAMS 0x0000000086e00000, 0x0000000086e00000| Untracked 
| 111|0x0000000086f00000, 0x0000000086f00000, 0x0000000087000000|  0%| F|  |TAMS 0x0000000086f00000, 0x0000000086f00000| Untracked 
| 112|0x0000000087000000, 0x0000000087100000, 0x0000000087100000|100%| S|CS|TAMS 0x0000000087000000, 0x0000000087000000| Complete 
| 113|0x0000000087100000, 0x0000000087100000, 0x0000000087200000|  0%| F|  |TAMS 0x0000000087100000, 0x0000000087100000| Untracked 
| 114|0x0000000087200000, 0x0000000087200000, 0x0000000087300000|  0%| F|  |TAMS 0x0000000087200000, 0x0000000087200000| Untracked 
| 115|0x0000000087300000, 0x0000000087300000, 0x0000000087400000|  0%| F|  |TAMS 0x0000000087300000, 0x0000000087300000| Untracked 
| 116|0x0000000087400000, 0x0000000087400000, 0x0000000087500000|  0%| F|  |TAMS 0x0000000087400000, 0x0000000087400000| Untracked 
| 117|0x0000000087500000, 0x0000000087500000, 0x0000000087600000|  0%| F|  |TAMS 0x0000000087500000, 0x0000000087500000| Untracked 
| 118|0x0000000087600000, 0x0000000087700000, 0x0000000087700000|100%| S|CS|TAMS 0x0000000087600000, 0x0000000087600000| Complete 
| 119|0x0000000087700000, 0x0000000087800000, 0x0000000087800000|100%| S|CS|TAMS 0x0000000087700000, 0x0000000087700000| Complete 
| 120|0x0000000087800000, 0x0000000087900000, 0x0000000087900000|100%| S|CS|TAMS 0x0000000087800000, 0x0000000087800000| Complete 
| 121|0x0000000087900000, 0x0000000087a00000, 0x0000000087a00000|100%| S|CS|TAMS 0x0000000087900000, 0x0000000087900000| Complete 
| 122|0x0000000087a00000, 0x0000000087b00000, 0x0000000087b00000|100%| S|CS|TAMS 0x0000000087a00000, 0x0000000087a00000| Complete 
| 123|0x0000000087b00000, 0x0000000087c00000, 0x0000000087c00000|100%| S|CS|TAMS 0x0000000087b00000, 0x0000000087b00000| Complete 
| 124|0x0000000087c00000, 0x0000000087d00000, 0x0000000087d00000|100%| S|CS|TAMS 0x0000000087c00000, 0x0000000087c00000| Complete 
| 125|0x0000000087d00000, 0x0000000087e00000, 0x0000000087e00000|100%| S|CS|TAMS 0x0000000087d00000, 0x0000000087d00000| Complete 
| 126|0x0000000087e00000, 0x0000000087e00000, 0x0000000087f00000|  0%| F|  |TAMS 0x0000000087e00000, 0x0000000087e00000| Untracked 
| 127|0x0000000087f00000, 0x0000000087f00000, 0x0000000088000000|  0%| F|  |TAMS 0x0000000087f00000, 0x0000000087f00000| Untracked 
| 128|0x0000000088000000, 0x0000000088000000, 0x0000000088100000|  0%| F|  |TAMS 0x0000000088000000, 0x0000000088000000| Untracked 
| 129|0x0000000088100000, 0x0000000088100000, 0x0000000088200000|  0%| F|  |TAMS 0x0000000088100000, 0x0000000088100000| Untracked 
| 130|0x0000000088200000, 0x0000000088200000, 0x0000000088300000|  0%| F|  |TAMS 0x0000000088200000, 0x0000000088200000| Untracked 
| 131|0x0000000088300000, 0x0000000088300000, 0x0000000088400000|  0%| F|  |TAMS 0x0000000088300000, 0x0000000088300000| Untracked 
| 132|0x0000000088400000, 0x0000000088400000, 0x0000000088500000|  0%| F|  |TAMS 0x0000000088400000, 0x0000000088400000| Untracked 
| 133|0x0000000088500000, 0x0000000088500000, 0x0000000088600000|  0%| F|  |TAMS 0x0000000088500000, 0x0000000088500000| Untracked 
| 134|0x0000000088600000, 0x0000000088600000, 0x0000000088700000|  0%| F|  |TAMS 0x0000000088600000, 0x0000000088600000| Untracked 
| 135|0x0000000088700000, 0x0000000088700000, 0x0000000088800000|  0%| F|  |TAMS 0x0000000088700000, 0x0000000088700000| Untracked 
| 136|0x0000000088800000, 0x0000000088800000, 0x0000000088900000|  0%| F|  |TAMS 0x0000000088800000, 0x0000000088800000| Untracked 
| 137|0x0000000088900000, 0x0000000088900000, 0x0000000088a00000|  0%| F|  |TAMS 0x0000000088900000, 0x0000000088900000| Untracked 
| 138|0x0000000088a00000, 0x0000000088a00000, 0x0000000088b00000|  0%| F|  |TAMS 0x0000000088a00000, 0x0000000088a00000| Untracked 
| 139|0x0000000088b00000, 0x0000000088b00000, 0x0000000088c00000|  0%| F|  |TAMS 0x0000000088b00000, 0x0000000088b00000| Untracked 
| 140|0x0000000088c00000, 0x0000000088c00000, 0x0000000088d00000|  0%| F|  |TAMS 0x0000000088c00000, 0x0000000088c00000| Untracked 
| 141|0x0000000088d00000, 0x0000000088d00000, 0x0000000088e00000|  0%| F|  |TAMS 0x0000000088d00000, 0x0000000088d00000| Untracked 
| 142|0x0000000088e00000, 0x0000000088e00000, 0x0000000088f00000|  0%| F|  |TAMS 0x0000000088e00000, 0x0000000088e00000| Untracked 
| 143|0x0000000088f00000, 0x0000000088f00000, 0x0000000089000000|  0%| F|  |TAMS 0x0000000088f00000, 0x0000000088f00000| Untracked 
| 144|0x0000000089000000, 0x0000000089000000, 0x0000000089100000|  0%| F|  |TAMS 0x0000000089000000, 0x0000000089000000| Untracked 
| 145|0x0000000089100000, 0x0000000089100000, 0x0000000089200000|  0%| F|  |TAMS 0x0000000089100000, 0x0000000089100000| Untracked 
| 146|0x0000000089200000, 0x0000000089200000, 0x0000000089300000|  0%| F|  |TAMS 0x0000000089200000, 0x0000000089200000| Untracked 
| 147|0x0000000089300000, 0x0000000089300000, 0x0000000089400000|  0%| F|  |TAMS 0x0000000089300000, 0x0000000089300000| Untracked 
| 148|0x0000000089400000, 0x0000000089400000, 0x0000000089500000|  0%| F|  |TAMS 0x0000000089400000, 0x0000000089400000| Untracked 
| 149|0x0000000089500000, 0x0000000089500000, 0x0000000089600000|  0%| F|  |TAMS 0x0000000089500000, 0x0000000089500000| Untracked 
| 150|0x0000000089600000, 0x0000000089600000, 0x0000000089700000|  0%| F|  |TAMS 0x0000000089600000, 0x0000000089600000| Untracked 
| 151|0x0000000089700000, 0x0000000089700000, 0x0000000089800000|  0%| F|  |TAMS 0x0000000089700000, 0x0000000089700000| Untracked 
| 152|0x0000000089800000, 0x0000000089800000, 0x0000000089900000|  0%| F|  |TAMS 0x0000000089800000, 0x0000000089800000| Untracked 
| 153|0x0000000089900000, 0x0000000089900000, 0x0000000089a00000|  0%| F|  |TAMS 0x0000000089900000, 0x0000000089900000| Untracked 
| 154|0x0000000089a00000, 0x0000000089a00000, 0x0000000089b00000|  0%| F|  |TAMS 0x0000000089a00000, 0x0000000089a00000| Untracked 
| 155|0x0000000089b00000, 0x0000000089b00000, 0x0000000089c00000|  0%| F|  |TAMS 0x0000000089b00000, 0x0000000089b00000| Untracked 
| 156|0x0000000089c00000, 0x0000000089c00000, 0x0000000089d00000|  0%| F|  |TAMS 0x0000000089c00000, 0x0000000089c00000| Untracked 
| 157|0x0000000089d00000, 0x0000000089d00000, 0x0000000089e00000|  0%| F|  |TAMS 0x0000000089d00000, 0x0000000089d00000| Untracked 
| 158|0x0000000089e00000, 0x0000000089e00000, 0x0000000089f00000|  0%| F|  |TAMS 0x0000000089e00000, 0x0000000089e00000| Untracked 
| 159|0x0000000089f00000, 0x0000000089f00000, 0x000000008a000000|  0%| F|  |TAMS 0x0000000089f00000, 0x0000000089f00000| Untracked 
| 160|0x000000008a000000, 0x000000008a000000, 0x000000008a100000|  0%| F|  |TAMS 0x000000008a000000, 0x000000008a000000| Untracked 
| 161|0x000000008a100000, 0x000000008a100000, 0x000000008a200000|  0%| F|  |TAMS 0x000000008a100000, 0x000000008a100000| Untracked 
| 162|0x000000008a200000, 0x000000008a200000, 0x000000008a300000|  0%| F|  |TAMS 0x000000008a200000, 0x000000008a200000| Untracked 
| 163|0x000000008a300000, 0x000000008a300000, 0x000000008a400000|  0%| F|  |TAMS 0x000000008a300000, 0x000000008a300000| Untracked 
| 164|0x000000008a400000, 0x000000008a400000, 0x000000008a500000|  0%| F|  |TAMS 0x000000008a400000, 0x000000008a400000| Untracked 
| 165|0x000000008a500000, 0x000000008a500000, 0x000000008a600000|  0%| F|  |TAMS 0x000000008a500000, 0x000000008a500000| Untracked 
| 166|0x000000008a600000, 0x000000008a600000, 0x000000008a700000|  0%| F|  |TAMS 0x000000008a600000, 0x000000008a600000| Untracked 
| 167|0x000000008a700000, 0x000000008a700000, 0x000000008a800000|  0%| F|  |TAMS 0x000000008a700000, 0x000000008a700000| Untracked 
| 168|0x000000008a800000, 0x000000008a800000, 0x000000008a900000|  0%| F|  |TAMS 0x000000008a800000, 0x000000008a800000| Untracked 
| 169|0x000000008a900000, 0x000000008a900000, 0x000000008aa00000|  0%| F|  |TAMS 0x000000008a900000, 0x000000008a900000| Untracked 
| 170|0x000000008aa00000, 0x000000008aa00000, 0x000000008ab00000|  0%| F|  |TAMS 0x000000008aa00000, 0x000000008aa00000| Untracked 
| 171|0x000000008ab00000, 0x000000008ab00000, 0x000000008ac00000|  0%| F|  |TAMS 0x000000008ab00000, 0x000000008ab00000| Untracked 
| 172|0x000000008ac00000, 0x000000008ac00000, 0x000000008ad00000|  0%| F|  |TAMS 0x000000008ac00000, 0x000000008ac00000| Untracked 
| 173|0x000000008ad00000, 0x000000008ad00000, 0x000000008ae00000|  0%| F|  |TAMS 0x000000008ad00000, 0x000000008ad00000| Untracked 
| 174|0x000000008ae00000, 0x000000008ae00000, 0x000000008af00000|  0%| F|  |TAMS 0x000000008ae00000, 0x000000008ae00000| Untracked 
| 175|0x000000008af00000, 0x000000008af00000, 0x000000008b000000|  0%| F|  |TAMS 0x000000008af00000, 0x000000008af00000| Untracked 
| 176|0x000000008b000000, 0x000000008b000000, 0x000000008b100000|  0%| F|  |TAMS 0x000000008b000000, 0x000000008b000000| Untracked 
| 177|0x000000008b100000, 0x000000008b100000, 0x000000008b200000|  0%| F|  |TAMS 0x000000008b100000, 0x000000008b100000| Untracked 
| 178|0x000000008b200000, 0x000000008b200000, 0x000000008b300000|  0%| F|  |TAMS 0x000000008b200000, 0x000000008b200000| Untracked 
| 179|0x000000008b300000, 0x000000008b300000, 0x000000008b400000|  0%| F|  |TAMS 0x000000008b300000, 0x000000008b300000| Untracked 
| 180|0x000000008b400000, 0x000000008b400000, 0x000000008b500000|  0%| F|  |TAMS 0x000000008b400000, 0x000000008b400000| Untracked 
| 181|0x000000008b500000, 0x000000008b500000, 0x000000008b600000|  0%| F|  |TAMS 0x000000008b500000, 0x000000008b500000| Untracked 
| 182|0x000000008b600000, 0x000000008b600000, 0x000000008b700000|  0%| F|  |TAMS 0x000000008b600000, 0x000000008b600000| Untracked 
| 183|0x000000008b700000, 0x000000008b700000, 0x000000008b800000|  0%| F|  |TAMS 0x000000008b700000, 0x000000008b700000| Untracked 
| 184|0x000000008b800000, 0x000000008b800000, 0x000000008b900000|  0%| F|  |TAMS 0x000000008b800000, 0x000000008b800000| Untracked 
| 185|0x000000008b900000, 0x000000008b900000, 0x000000008ba00000|  0%| F|  |TAMS 0x000000008b900000, 0x000000008b900000| Untracked 
| 186|0x000000008ba00000, 0x000000008ba00000, 0x000000008bb00000|  0%| F|  |TAMS 0x000000008ba00000, 0x000000008ba00000| Untracked 
| 187|0x000000008bb00000, 0x000000008bb00000, 0x000000008bc00000|  0%| F|  |TAMS 0x000000008bb00000, 0x000000008bb00000| Untracked 
| 188|0x000000008bc00000, 0x000000008bc00000, 0x000000008bd00000|  0%| F|  |TAMS 0x000000008bc00000, 0x000000008bc00000| Untracked 
| 189|0x000000008bd00000, 0x000000008bd00000, 0x000000008be00000|  0%| F|  |TAMS 0x000000008bd00000, 0x000000008bd00000| Untracked 
| 190|0x000000008be00000, 0x000000008be00000, 0x000000008bf00000|  0%| F|  |TAMS 0x000000008be00000, 0x000000008be00000| Untracked 
| 191|0x000000008bf00000, 0x000000008bf00000, 0x000000008c000000|  0%| F|  |TAMS 0x000000008bf00000, 0x000000008bf00000| Untracked 
| 192|0x000000008c000000, 0x000000008c000000, 0x000000008c100000|  0%| F|  |TAMS 0x000000008c000000, 0x000000008c000000| Untracked 
| 193|0x000000008c100000, 0x000000008c100000, 0x000000008c200000|  0%| F|  |TAMS 0x000000008c100000, 0x000000008c100000| Untracked 
| 194|0x000000008c200000, 0x000000008c200000, 0x000000008c300000|  0%| F|  |TAMS 0x000000008c200000, 0x000000008c200000| Untracked 
| 195|0x000000008c300000, 0x000000008c300000, 0x000000008c400000|  0%| F|  |TAMS 0x000000008c300000, 0x000000008c300000| Untracked 
| 196|0x000000008c400000, 0x000000008c400000, 0x000000008c500000|  0%| F|  |TAMS 0x000000008c400000, 0x000000008c400000| Untracked 
| 197|0x000000008c500000, 0x000000008c500000, 0x000000008c600000|  0%| F|  |TAMS 0x000000008c500000, 0x000000008c500000| Untracked 
| 198|0x000000008c600000, 0x000000008c600000, 0x000000008c700000|  0%| F|  |TAMS 0x000000008c600000, 0x000000008c600000| Untracked 
| 199|0x000000008c700000, 0x000000008c700000, 0x000000008c800000|  0%| F|  |TAMS 0x000000008c700000, 0x000000008c700000| Untracked 
| 200|0x000000008c800000, 0x000000008c88cfb8, 0x000000008c900000| 55%| E|  |TAMS 0x000000008c800000, 0x000000008c800000| Complete 
| 201|0x000000008c900000, 0x000000008ca00000, 0x000000008ca00000|100%| E|CS|TAMS 0x000000008c900000, 0x000000008c900000| Complete 
| 202|0x000000008ca00000, 0x000000008cb00000, 0x000000008cb00000|100%| E|CS|TAMS 0x000000008ca00000, 0x000000008ca00000| Complete 
| 203|0x000000008cb00000, 0x000000008cc00000, 0x000000008cc00000|100%| E|CS|TAMS 0x000000008cb00000, 0x000000008cb00000| Complete 
| 204|0x000000008cc00000, 0x000000008cd00000, 0x000000008cd00000|100%| E|CS|TAMS 0x000000008cc00000, 0x000000008cc00000| Complete 
| 205|0x000000008cd00000, 0x000000008ce00000, 0x000000008ce00000|100%| E|CS|TAMS 0x000000008cd00000, 0x000000008cd00000| Complete 
| 206|0x000000008ce00000, 0x000000008cf00000, 0x000000008cf00000|100%| E|CS|TAMS 0x000000008ce00000, 0x000000008ce00000| Complete 
| 207|0x000000008cf00000, 0x000000008d000000, 0x000000008d000000|100%| E|CS|TAMS 0x000000008cf00000, 0x000000008cf00000| Complete 
| 208|0x000000008d000000, 0x000000008d100000, 0x000000008d100000|100%| E|CS|TAMS 0x000000008d000000, 0x000000008d000000| Complete 
| 209|0x000000008d100000, 0x000000008d200000, 0x000000008d200000|100%| E|CS|TAMS 0x000000008d100000, 0x000000008d100000| Complete 
| 210|0x000000008d200000, 0x000000008d300000, 0x000000008d300000|100%| E|CS|TAMS 0x000000008d200000, 0x000000008d200000| Complete 
| 211|0x000000008d300000, 0x000000008d400000, 0x000000008d400000|100%| E|CS|TAMS 0x000000008d300000, 0x000000008d300000| Complete 
| 212|0x000000008d400000, 0x000000008d500000, 0x000000008d500000|100%| E|CS|TAMS 0x000000008d400000, 0x000000008d400000| Complete 
| 213|0x000000008d500000, 0x000000008d600000, 0x000000008d600000|100%| E|CS|TAMS 0x000000008d500000, 0x000000008d500000| Complete 
| 214|0x000000008d600000, 0x000000008d700000, 0x000000008d700000|100%| E|CS|TAMS 0x000000008d600000, 0x000000008d600000| Complete 
| 215|0x000000008d700000, 0x000000008d800000, 0x000000008d800000|100%| E|CS|TAMS 0x000000008d700000, 0x000000008d700000| Complete 
| 216|0x000000008d800000, 0x000000008d900000, 0x000000008d900000|100%| E|CS|TAMS 0x000000008d800000, 0x000000008d800000| Complete 
| 217|0x000000008d900000, 0x000000008da00000, 0x000000008da00000|100%| E|CS|TAMS 0x000000008d900000, 0x000000008d900000| Complete 
| 218|0x000000008da00000, 0x000000008db00000, 0x000000008db00000|100%| E|CS|TAMS 0x000000008da00000, 0x000000008da00000| Complete 
| 219|0x000000008db00000, 0x000000008dc00000, 0x000000008dc00000|100%| E|CS|TAMS 0x000000008db00000, 0x000000008db00000| Complete 
| 220|0x000000008dc00000, 0x000000008dd00000, 0x000000008dd00000|100%| E|CS|TAMS 0x000000008dc00000, 0x000000008dc00000| Complete 
| 221|0x000000008dd00000, 0x000000008de00000, 0x000000008de00000|100%| E|CS|TAMS 0x000000008dd00000, 0x000000008dd00000| Complete 
| 222|0x000000008de00000, 0x000000008df00000, 0x000000008df00000|100%| E|CS|TAMS 0x000000008de00000, 0x000000008de00000| Complete 
| 223|0x000000008df00000, 0x000000008e000000, 0x000000008e000000|100%| E|CS|TAMS 0x000000008df00000, 0x000000008df00000| Complete 
| 224|0x000000008e000000, 0x000000008e100000, 0x000000008e100000|100%| E|CS|TAMS 0x000000008e000000, 0x000000008e000000| Complete 
| 225|0x000000008e100000, 0x000000008e200000, 0x000000008e200000|100%| E|CS|TAMS 0x000000008e100000, 0x000000008e100000| Complete 
| 226|0x000000008e200000, 0x000000008e300000, 0x000000008e300000|100%| E|CS|TAMS 0x000000008e200000, 0x000000008e200000| Complete 
| 227|0x000000008e300000, 0x000000008e400000, 0x000000008e400000|100%| E|CS|TAMS 0x000000008e300000, 0x000000008e300000| Complete 
| 228|0x000000008e400000, 0x000000008e500000, 0x000000008e500000|100%| E|CS|TAMS 0x000000008e400000, 0x000000008e400000| Complete 
| 229|0x000000008e500000, 0x000000008e600000, 0x000000008e600000|100%| E|CS|TAMS 0x000000008e500000, 0x000000008e500000| Complete 
| 230|0x000000008e600000, 0x000000008e700000, 0x000000008e700000|100%| E|CS|TAMS 0x000000008e600000, 0x000000008e600000| Complete 
| 231|0x000000008e700000, 0x000000008e800000, 0x000000008e800000|100%| E|CS|TAMS 0x000000008e700000, 0x000000008e700000| Complete 
| 232|0x000000008e800000, 0x000000008e900000, 0x000000008e900000|100%| E|CS|TAMS 0x000000008e800000, 0x000000008e800000| Complete 
| 233|0x000000008e900000, 0x000000008ea00000, 0x000000008ea00000|100%| E|CS|TAMS 0x000000008e900000, 0x000000008e900000| Complete 
| 234|0x000000008ea00000, 0x000000008eb00000, 0x000000008eb00000|100%| E|CS|TAMS 0x000000008ea00000, 0x000000008ea00000| Complete 
| 235|0x000000008eb00000, 0x000000008ec00000, 0x000000008ec00000|100%| E|CS|TAMS 0x000000008eb00000, 0x000000008eb00000| Complete 
| 236|0x000000008ec00000, 0x000000008ed00000, 0x000000008ed00000|100%| E|CS|TAMS 0x000000008ec00000, 0x000000008ec00000| Complete 
| 237|0x000000008ed00000, 0x000000008ee00000, 0x000000008ee00000|100%| E|CS|TAMS 0x000000008ed00000, 0x000000008ed00000| Complete 
| 238|0x000000008ee00000, 0x000000008ef00000, 0x000000008ef00000|100%| E|CS|TAMS 0x000000008ee00000, 0x000000008ee00000| Complete 
| 239|0x000000008ef00000, 0x000000008f000000, 0x000000008f000000|100%| E|CS|TAMS 0x000000008ef00000, 0x000000008ef00000| Complete 
| 240|0x000000008f000000, 0x000000008f100000, 0x000000008f100000|100%| E|CS|TAMS 0x000000008f000000, 0x000000008f000000| Complete 
| 241|0x000000008f100000, 0x000000008f200000, 0x000000008f200000|100%| E|CS|TAMS 0x000000008f100000, 0x000000008f100000| Complete 
| 242|0x000000008f200000, 0x000000008f300000, 0x000000008f300000|100%| E|CS|TAMS 0x000000008f200000, 0x000000008f200000| Complete 
| 243|0x000000008f300000, 0x000000008f400000, 0x000000008f400000|100%| E|CS|TAMS 0x000000008f300000, 0x000000008f300000| Complete 
| 244|0x000000008f400000, 0x000000008f500000, 0x000000008f500000|100%| E|CS|TAMS 0x000000008f400000, 0x000000008f400000| Complete 
| 245|0x000000008f500000, 0x000000008f600000, 0x000000008f600000|100%| E|CS|TAMS 0x000000008f500000, 0x000000008f500000| Complete 
| 246|0x000000008f600000, 0x000000008f700000, 0x000000008f700000|100%| E|CS|TAMS 0x000000008f600000, 0x000000008f600000| Complete 
| 247|0x000000008f700000, 0x000000008f800000, 0x000000008f800000|100%| E|CS|TAMS 0x000000008f700000, 0x000000008f700000| Complete 
| 248|0x000000008f800000, 0x000000008f900000, 0x000000008f900000|100%| E|CS|TAMS 0x000000008f800000, 0x000000008f800000| Complete 
| 249|0x000000008f900000, 0x000000008fa00000, 0x000000008fa00000|100%| E|CS|TAMS 0x000000008f900000, 0x000000008f900000| Complete 
| 250|0x000000008fa00000, 0x000000008fb00000, 0x000000008fb00000|100%| E|CS|TAMS 0x000000008fa00000, 0x000000008fa00000| Complete 
| 251|0x000000008fb00000, 0x000000008fc00000, 0x000000008fc00000|100%| E|CS|TAMS 0x000000008fb00000, 0x000000008fb00000| Complete 
| 252|0x000000008fc00000, 0x000000008fd00000, 0x000000008fd00000|100%| E|CS|TAMS 0x000000008fc00000, 0x000000008fc00000| Complete 
| 253|0x000000008fd00000, 0x000000008fe00000, 0x000000008fe00000|100%| E|CS|TAMS 0x000000008fd00000, 0x000000008fd00000| Complete 

Card table byte_map: [0x000002695c1d0000,0x000002695c5d0000] _byte_map_base: 0x000002695bdd0000

Marking Bits (Prev, Next): (CMBitMap*) 0x00000269470b2b50, (CMBitMap*) 0x00000269470b2b18
 Prev Bits: [0x000002695e9d0000, 0x00000269609d0000)
 Next Bits: [0x000002695c9d0000, 0x000002695e9d0000)

Polling page: 0x0000026947150000

Metaspace:

Usage:
  Non-class:     73.20 MB capacity,    71.78 MB ( 98%) used,     1.18 MB (  2%) free+waste,   248.63 KB ( <1%) overhead. 
      Class:     11.43 MB capacity,    10.60 MB ( 93%) used,   734.09 KB (  6%) free+waste,   112.50 KB ( <1%) overhead. 
       Both:     84.63 MB capacity,    82.38 MB ( 97%) used,     1.89 MB (  2%) free+waste,   361.13 KB ( <1%) overhead. 

Virtual space:
  Non-class space:       74.00 MB reserved,      73.25 MB ( 99%) committed 
      Class space:        1.00 GB reserved,      11.45 MB (  1%) committed 
             Both:        1.07 GB reserved,      84.70 MB (  8%) committed 

Chunk freelists:
   Non-Class:  47.00 KB
       Class:  10.00 KB
        Both:  57.00 KB

MaxMetaspaceSize: 17179869184.00 GB
CompressedClassSpaceSize: 1.00 GB
Initial GC threshold: 20.80 MB
Current GC threshold: 98.67 MB
CDS: off

CodeHeap 'non-profiled nmethods': size=120000Kb used=6836Kb max_used=6836Kb free=113163Kb
 bounds [0x0000026953e20000, 0x00000269544d0000, 0x000002695b350000]
CodeHeap 'profiled nmethods': size=120000Kb used=22337Kb max_used=22337Kb free=97662Kb
 bounds [0x000002694c8f0000, 0x000002694ded0000, 0x0000026953e20000]
CodeHeap 'non-nmethods': size=5760Kb used=2371Kb max_used=2447Kb free=3389Kb
 bounds [0x000002694c350000, 0x000002694c5c0000, 0x000002694c8f0000]
 total_blobs=11068 nmethods=10194 adapters=786
 compilation: enabled
              stopped_count=0, restarted_count=0
 full_count=0

Compilation events (20 events):
Event: 24.380 Thread 0x0000026963d9c000 nmethod 10200 0x000002694dea3710 code [0x000002694dea38c0, 0x000002694dea3a58]
Event: 24.381 Thread 0x0000026963d9c000 10201       3       jdk.internal.misc.Unsafe::objectFieldOffset (18 bytes)
Event: 24.381 Thread 0x0000026963d9c000 nmethod 10201 0x000002694dea3b10 code [0x000002694dea3ce0, 0x000002694dea3ef8]
Event: 24.382 Thread 0x0000026963d9c000 10204       3       java.util.Spliterators$IteratorSpliterator::estimateSize (41 bytes)
Event: 24.383 Thread 0x0000026963d9c000 nmethod 10204 0x000002694dea4010 code [0x000002694dea41e0, 0x000002694dea4518]
Event: 24.383 Thread 0x000002696bab8800 10203       4       org.gradle.internal.fingerprint.classpath.impl.ClasspathFingerprintingStrategy$ClasspathFingerprintingVisitor::access$100 (7 bytes)
Event: 24.390 Thread 0x0000026963d9c000 10211       2       java.util.TimSort::binarySort (223 bytes)
Event: 24.391 Thread 0x0000026963d9c000 nmethod 10211 0x000002694dea4610 code [0x000002694dea4820, 0x000002694dea4e78]
Event: 24.402 Thread 0x000002696babb000 nmethod 10196 0x00000269544c1690 code [0x00000269544c1860, 0x00000269544c24f8]
Event: 24.402 Thread 0x000002696babb000 10212       4       org.gradle.internal.snapshot.VfsRelativePath::compareToFirstSegment (203 bytes)
Event: 24.451 Thread 0x000002696babb000 nmethod 10212 0x00000269544c2b10 code [0x00000269544c2ce0, 0x00000269544c3eb8]
Event: 24.451 Thread 0x000002696babb000 10205       4       org.gradle.internal.fingerprint.classpath.impl.ClasspathFingerprintingStrategy$ClasspathFingerprintingVisitor::hashContent (96 bytes)
Event: 24.457 Thread 0x0000026963d9c000 10213       3       kotlin.reflect.jvm.internal.pcollections.IntTree::get (60 bytes)
Event: 24.458 Thread 0x0000026963d9c000 nmethod 10213 0x000002694dea5190 code [0x000002694dea5360, 0x000002694dea55d8]
Event: 24.472 Thread 0x0000026963d98800 nmethod 10185 0x00000269544c4690 code [0x00000269544c4960, 0x00000269544c68f8]
Event: 24.472 Thread 0x0000026963d98800 10207       4       org.gradle.internal.snapshot.AbstractIncompleteFileSystemNode::getSnapshot (15 bytes)
Event: 24.474 Thread 0x0000026963d98800 nmethod 10207 0x00000269544c7b90 code [0x00000269544c7d40, 0x00000269544c7e78]
Event: 24.474 Thread 0x0000026963d98800 10210       4       org.gradle.internal.snapshot.SnapshotUtil$1::handleAsDescendantOfChild (10 bytes)
Event: 24.478 Thread 0x0000026963d98800 nmethod 10210 0x00000269544c8010 code [0x00000269544c81c0, 0x00000269544c83b8]
Event: 24.478 Thread 0x0000026963d98800 10214   !   4       org.gradle.api.internal.changedetection.state.PropertiesFileAwareClasspathResourceHasher::hash (132 bytes)

GC Heap History (20 events):
Event: 2.267 GC heap before
{Heap before GC invocations=0 (full 0):
 garbage-first heap   total 260096K, used 29696K [0x0000000080000000, 0x0000000100000000)
  region size 1024K, 24 young (24576K), 0 survivors (0K)
 Metaspace       used 10155K, capacity 10403K, committed 10624K, reserved 1058816K
  class space    used 1060K, capacity 1106K, committed 1152K, reserved 1048576K
}
Event: 2.273 GC heap after
{Heap after GC invocations=1 (full 0):
 garbage-first heap   total 260096K, used 9300K [0x0000000080000000, 0x0000000100000000)
  region size 1024K, 3 young (3072K), 3 survivors (3072K)
 Metaspace       used 10155K, capacity 10403K, committed 10624K, reserved 1058816K
  class space    used 1060K, capacity 1106K, committed 1152K, reserved 1048576K
}
Event: 7.884 GC heap before
{Heap before GC invocations=1 (full 0):
 garbage-first heap   total 260096K, used 105556K [0x0000000080000000, 0x0000000100000000)
  region size 1024K, 98 young (100352K), 3 survivors (3072K)
 Metaspace       used 20597K, capacity 21104K, committed 21248K, reserved 1067008K
  class space    used 2509K, capacity 2690K, committed 2816K, reserved 1048576K
}
Event: 7.892 GC heap after
{Heap after GC invocations=2 (full 0):
 garbage-first heap   total 260096K, used 16233K [0x0000000080000000, 0x0000000100000000)
  region size 1024K, 10 young (10240K), 10 survivors (10240K)
 Metaspace       used 20597K, capacity 21104K, committed 21248K, reserved 1067008K
  class space    used 2509K, capacity 2690K, committed 2816K, reserved 1048576K
}
Event: 8.726 GC heap before
{Heap before GC invocations=3 (full 0):
 garbage-first heap   total 260096K, used 76649K [0x0000000080000000, 0x0000000100000000)
  region size 1024K, 70 young (71680K), 10 survivors (10240K)
 Metaspace       used 26512K, capacity 27276K, committed 27392K, reserved 1073152K
  class space    used 3487K, capacity 3755K, committed 3840K, reserved 1048576K
}
Event: 8.732 GC heap after
{Heap after GC invocations=4 (full 0):
 garbage-first heap   total 260096K, used 18801K [0x0000000080000000, 0x0000000100000000)
  region size 1024K, 3 young (3072K), 3 survivors (3072K)
 Metaspace       used 26512K, capacity 27276K, committed 27392K, reserved 1073152K
  class space    used 3487K, capacity 3755K, committed 3840K, reserved 1048576K
}
Event: 9.704 GC heap before
{Heap before GC invocations=4 (full 0):
 garbage-first heap   total 260096K, used 67953K [0x0000000080000000, 0x0000000100000000)
  region size 1024K, 52 young (53248K), 3 survivors (3072K)
 Metaspace       used 35082K, capacity 35838K, committed 35840K, reserved 1081344K
  class space    used 4542K, capacity 4864K, committed 4864K, reserved 1048576K
}
Event: 9.716 GC heap after
{Heap after GC invocations=5 (full 0):
 garbage-first heap   total 260096K, used 21919K [0x0000000080000000, 0x0000000100000000)
  region size 1024K, 6 young (6144K), 6 survivors (6144K)
 Metaspace       used 35082K, capacity 35838K, committed 35840K, reserved 1081344K
  class space    used 4542K, capacity 4864K, committed 4864K, reserved 1048576K
}
Event: 11.420 GC heap before
{Heap before GC invocations=6 (full 0):
 garbage-first heap   total 260096K, used 134559K [0x0000000080000000, 0x0000000100000000)
  region size 1024K, 113 young (115712K), 6 survivors (6144K)
 Metaspace       used 43705K, capacity 44800K, committed 45004K, reserved 1087488K
  class space    used 5581K, capacity 5966K, committed 6092K, reserved 1048576K
}
Event: 11.433 GC heap after
{Heap after GC invocations=7 (full 0):
 garbage-first heap   total 260096K, used 28534K [0x0000000080000000, 0x0000000100000000)
  region size 1024K, 12 young (12288K), 12 survivors (12288K)
 Metaspace       used 43705K, capacity 44800K, committed 45004K, reserved 1087488K
  class space    used 5581K, capacity 5966K, committed 6092K, reserved 1048576K
}
Event: 14.818 GC heap before
{Heap before GC invocations=7 (full 0):
 garbage-first heap   total 260096K, used 164726K [0x0000000080000000, 0x0000000100000000)
  region size 1024K, 142 young (145408K), 12 survivors (12288K)
 Metaspace       used 56136K, capacity 57638K, committed 57932K, reserved 1099776K
  class space    used 7077K, capacity 7626K, committed 7756K, reserved 1048576K
}
Event: 14.841 GC heap after
{Heap after GC invocations=8 (full 0):
 garbage-first heap   total 260096K, used 43736K [0x0000000080000000, 0x0000000100000000)
  region size 1024K, 18 young (18432K), 18 survivors (18432K)
 Metaspace       used 56136K, capacity 57638K, committed 57932K, reserved 1099776K
  class space    used 7077K, capacity 7626K, committed 7756K, reserved 1048576K
}
Event: 15.201 GC heap before
{Heap before GC invocations=8 (full 0):
 garbage-first heap   total 260096K, used 59096K [0x0000000080000000, 0x0000000100000000)
  region size 1024K, 34 young (34816K), 18 survivors (18432K)
 Metaspace       used 58652K, capacity 60165K, committed 60236K, reserved 1101824K
  class space    used 7404K, capacity 7975K, committed 8012K, reserved 1048576K
}
Event: 15.233 GC heap after
{Heap after GC invocations=9 (full 0):
 garbage-first heap   total 260096K, used 46635K [0x0000000080000000, 0x0000000100000000)
  region size 1024K, 3 young (3072K), 3 survivors (3072K)
 Metaspace       used 58652K, capacity 60165K, committed 60236K, reserved 1101824K
  class space    used 7404K, capacity 7975K, committed 8012K, reserved 1048576K
}
Event: 17.424 GC heap before
{Heap before GC invocations=10 (full 0):
 garbage-first heap   total 260096K, used 187947K [0x0000000080000000, 0x0000000100000000)
  region size 1024K, 141 young (144384K), 3 survivors (3072K)
 Metaspace       used 70226K, capacity 71961K, committed 72268K, reserved 1112064K
  class space    used 9046K, capacity 9706K, committed 9804K, reserved 1048576K
}
Event: 17.437 GC heap after
{Heap after GC invocations=11 (full 0):
 garbage-first heap   total 260096K, used 55443K [0x0000000080000000, 0x0000000100000000)
  region size 1024K, 12 young (12288K), 12 survivors (12288K)
 Metaspace       used 70226K, capacity 71961K, committed 72268K, reserved 1112064K
  class space    used 9046K, capacity 9706K, committed 9804K, reserved 1048576K
}
Event: 19.731 GC heap before
{Heap before GC invocations=11 (full 0):
 garbage-first heap   total 260096K, used 193683K [0x0000000080000000, 0x0000000100000000)
  region size 1024K, 148 young (151552K), 12 survivors (12288K)
 Metaspace       used 81246K, capacity 83300K, committed 83532K, reserved 1122304K
  class space    used 10539K, capacity 11291K, committed 11340K, reserved 1048576K
}
Event: 19.753 GC heap after
{Heap after GC invocations=12 (full 0):
 garbage-first heap   total 260096K, used 67040K [0x0000000080000000, 0x0000000100000000)
  region size 1024K, 12 young (12288K), 12 survivors (12288K)
 Metaspace       used 81246K, capacity 83300K, committed 83532K, reserved 1122304K
  class space    used 10539K, capacity 11291K, committed 11340K, reserved 1048576K
}
Event: 22.532 GC heap before
{Heap before GC invocations=12 (full 0):
 garbage-first heap   total 260096K, used 197088K [0x0000000080000000, 0x0000000100000000)
  region size 1024K, 140 young (143360K), 12 survivors (12288K)
 Metaspace       used 83068K, capacity 85375K, committed 85580K, reserved 1124352K
  class space    used 10696K, capacity 11532K, committed 11596K, reserved 1048576K
}
Event: 22.560 GC heap after
{Heap after GC invocations=13 (full 0):
 garbage-first heap   total 260096K, used 76008K [0x0000000080000000, 0x0000000100000000)
  region size 1024K, 9 young (9216K), 9 survivors (9216K)
 Metaspace       used 83068K, capacity 85375K, committed 85580K, reserved 1124352K
  class space    used 10696K, capacity 11532K, committed 11596K, reserved 1048576K
}

Deoptimization events (20 events):
Event: 24.306 Thread 0x0000026967c83800 Uncommon trap: trap_request=0xffffff4d fr.pc=0x000002695448b364 relative=0x0000000000000144
Event: 24.306 Thread 0x0000026967c83800 Uncommon trap: reason=unstable_if action=reinterpret pc=0x000002695448b364 method=java.util.Spliterators$IteratorSpliterator.estimateSize()J @ 4 c2
Event: 24.307 Thread 0x0000026967c83800 DEOPT PACKING pc=0x000002695448b364 sp=0x000000f6a47fe610
Event: 24.307 Thread 0x0000026967c83800 DEOPT UNPACKING pc=0x000002694c3585af sp=0x000000f6a47fe5d0 mode 2
Event: 24.327 Thread 0x0000026967c83800 Uncommon trap: trap_request=0xffffff4d fr.pc=0x00000269543b03a0 relative=0x0000000000000640
Event: 24.327 Thread 0x0000026967c83800 Uncommon trap: reason=unstable_if action=reinterpret pc=0x00000269543b03a0 method=org.gradle.internal.snapshot.PathUtil.equalChars(CCLorg/gradle/internal/snapshot/CaseSensitivity;)Z @ 11 c2
Event: 24.327 Thread 0x0000026967c83800 DEOPT PACKING pc=0x00000269543b03a0 sp=0x000000f6a47fc4c0
Event: 24.327 Thread 0x0000026967c83800 DEOPT UNPACKING pc=0x000002694c3585af sp=0x000000f6a47fc3e0 mode 2
Event: 24.344 Thread 0x0000026967c83800 Uncommon trap: trap_request=0xffffff4d fr.pc=0x00000269543bd82c relative=0x0000000000002a2c
Event: 24.344 Thread 0x0000026967c83800 Uncommon trap: reason=unstable_if action=reinterpret pc=0x00000269543bd82c method=java.nio.file.FileTreeWalker.visit(Ljava/nio/file/Path;ZZ)Ljava/nio/file/FileTreeWalker$Event; @ 84 c2
Event: 24.344 Thread 0x0000026967c83800 DEOPT PACKING pc=0x00000269543bd82c sp=0x000000f6a47fcd50
Event: 24.344 Thread 0x0000026967c83800 DEOPT UNPACKING pc=0x000002694c3585af sp=0x000000f6a47fcd60 mode 2
Event: 24.382 Thread 0x00000269671c8000 Uncommon trap: trap_request=0xffffffdc fr.pc=0x00000269544ac004 relative=0x00000000000034e4
Event: 24.382 Thread 0x00000269671c8000 Uncommon trap: reason=class_check action=make_not_entrant pc=0x00000269544ac004 method=java.util.ArrayDeque.toArray(Ljava/lang/Class;)[Ljava/lang/Object; @ 45 c2
Event: 24.382 Thread 0x00000269671c8000 DEOPT PACKING pc=0x00000269544ac004 sp=0x000000f6a31fc190
Event: 24.382 Thread 0x00000269671c5800 Uncommon trap: trap_request=0xffffffdc fr.pc=0x00000269544a1880 relative=0x00000000000034e0
Event: 24.382 Thread 0x00000269671c8000 DEOPT UNPACKING pc=0x000002694c3585af sp=0x000000f6a31fbd70 mode 2
Event: 24.382 Thread 0x00000269671c5800 Uncommon trap: reason=class_check action=make_not_entrant pc=0x00000269544a1880 method=java.util.ArrayDeque.toArray(Ljava/lang/Class;)[Ljava/lang/Object; @ 45 c2
Event: 24.382 Thread 0x00000269671c5800 DEOPT PACKING pc=0x00000269544a1880 sp=0x000000f6a35fc4c0
Event: 24.382 Thread 0x00000269671c5800 DEOPT UNPACKING pc=0x000002694c3585af sp=0x000000f6a35fc128 mode 2

Classes redefined (0 events):
No events

Internal exceptions (20 events):
Event: 19.548 Thread 0x0000026967c7e000 Exception <a 'java/lang/IncompatibleClassChangeError'{0x0000000087c936e8}: Found class java.lang.Object, but interface was expected> (0x0000000087c936e8) thrown at [./src/hotspot/share/interpreter/linkResolver.cpp, line 839]
Event: 19.577 Thread 0x0000026967c7e000 Exception <a 'java/lang/NoSuchMethodError'{0x0000000087a6dde8}: 'int java.lang.invoke.DirectMethodHandle$Holder.invokeStaticInit(java.lang.Object, java.lang.Object, java.lang.Object, java.lang.Object, java.lang.Object)'> (0x0000000087a6dde8) thrown at [./src/hotspot/share/interpreter/linkResolver.cpp, line 773]
Event: 20.260 Thread 0x00000269671c9800 Exception <a 'java/lang/NoSuchMethodError'{0x000000008f14f340}: 'java.lang.Object java.lang.invoke.DirectMethodHandle$Holder.invokeSpecialIFC(java.lang.Object, java.lang.Object, java.lang.Object)'> (0x000000008f14f340) thrown at [./src/hotspot/share/interpreter/linkResolver.cpp, line 773]
Event: 20.260 Thread 0x00000269671c6800 Exception <a 'java/lang/NoSuchMethodError'{0x000000008f1c2218}: 'java.lang.Object java.lang.invoke.DirectMethodHandle$Holder.invokeSpecialIFC(java.lang.Object, java.lang.Object, java.lang.Object)'> (0x000000008f1c2218) thrown at [./src/hotspot/share/interpreter/linkResolver.cpp, line 773]
Event: 20.260 Thread 0x00000269671c5800 Exception <a 'java/lang/NoSuchMethodError'{0x000000008f238558}: 'java.lang.Object java.lang.invoke.DirectMethodHandle$Holder.invokeSpecialIFC(java.lang.Object, java.lang.Object, java.lang.Object)'> (0x000000008f238558) thrown at [./src/hotspot/share/interpreter/linkResolver.cpp, line 773]
Event: 20.260 Thread 0x00000269671c8800 Exception <a 'java/lang/NoSuchMethodError'{0x000000008f1869c0}: 'java.lang.Object java.lang.invoke.DirectMethodHandle$Holder.invokeSpecialIFC(java.lang.Object, java.lang.Object, java.lang.Object)'> (0x000000008f1869c0) thrown at [./src/hotspot/share/interpreter/linkResolver.cpp, line 773]
Event: 20.261 Thread 0x0000026967c76800 Exception <a 'java/lang/NoSuchMethodError'{0x000000008f1ce0b8}: 'java.lang.Object java.lang.invoke.DirectMethodHandle$Holder.invokeSpecialIFC(java.lang.Object, java.lang.Object, java.lang.Object)'> (0x000000008f1ce0b8) thrown at [./src/hotspot/share/interpreter/linkResolver.cpp, line 773]
Event: 20.592 Thread 0x00000269671c5800 Exception <a 'java/lang/NoSuchMethodError'{0x000000008dda31e0}: 'void java.lang.invoke.DirectMethodHandle$Holder.invokeVirtual(java.lang.Object, java.lang.Object)'> (0x000000008dda31e0) thrown at [./src/hotspot/share/interpreter/linkResolver.cpp, line 773]
Event: 21.769 Thread 0x00000269671c6800 Implicit null exception at 0x00000269543b7272 to 0x00000269543b758c
Event: 22.771 Thread 0x00000269671c8000 Implicit null exception at 0x00000269544742d5 to 0x0000026954474b80
Event: 22.835 Thread 0x00000269671c8800 Implicit null exception at 0x0000026954478a52 to 0x0000026954478e58
Event: 23.154 Thread 0x0000026967c7e000 Exception <a 'java/lang/NoSuchMethodError'{0x000000008e27bc28}: <clinit>> (0x000000008e27bc28) thrown at [./src/hotspot/share/prims/jni.cpp, line 1365]
Event: 23.154 Thread 0x0000026967c7e000 Exception <a 'java/lang/NoSuchMethodError'{0x000000008e27cf60}: <clinit>> (0x000000008e27cf60) thrown at [./src/hotspot/share/prims/jni.cpp, line 1365]
Event: 23.155 Thread 0x0000026967c7e000 Exception <a 'java/lang/NoSuchMethodError'{0x000000008e27f6b0}: <clinit>> (0x000000008e27f6b0) thrown at [./src/hotspot/share/prims/jni.cpp, line 1365]
Event: 23.156 Thread 0x0000026967c7e000 Exception <a 'java/lang/NoSuchMethodError'{0x000000008e298af8}: <clinit>> (0x000000008e298af8) thrown at [./src/hotspot/share/prims/jni.cpp, line 1365]
Event: 23.157 Thread 0x0000026967c7e000 Exception <a 'java/lang/NoSuchMethodError'{0x000000008e299fd8}: <clinit>> (0x000000008e299fd8) thrown at [./src/hotspot/share/prims/jni.cpp, line 1365]
Event: 24.275 Thread 0x0000026967c7e000 Exception <a 'java/lang/NoSuchMethodError'{0x000000008de58db8}: <clinit>> (0x000000008de58db8) thrown at [./src/hotspot/share/prims/jni.cpp, line 1365]
Event: 24.281 Thread 0x0000026967c7e000 Exception <a 'java/lang/NoSuchMethodError'{0x000000008de8f190}: <clinit>> (0x000000008de8f190) thrown at [./src/hotspot/share/prims/jni.cpp, line 1365]
Event: 24.291 Thread 0x0000026967c7e000 Exception <a 'java/lang/NoSuchMethodError'{0x000000008dec90e8}: <clinit>> (0x000000008dec90e8) thrown at [./src/hotspot/share/prims/jni.cpp, line 1365]
Event: 24.292 Thread 0x0000026967c7e000 Exception <a 'java/lang/NoSuchMethodError'{0x000000008dedbef0}: <clinit>> (0x000000008dedbef0) thrown at [./src/hotspot/share/prims/jni.cpp, line 1365]

Events (20 events):
Event: 24.479 loading class kotlin/jvm/functions/Function19
Event: 24.479 loading class kotlin/jvm/functions/Function19 done
Event: 24.480 loading class kotlin/jvm/functions/Function20
Event: 24.480 loading class kotlin/jvm/functions/Function20 done
Event: 24.480 loading class kotlin/jvm/functions/Function21
Event: 24.480 loading class kotlin/jvm/functions/Function21 done
Event: 24.481 loading class kotlin/jvm/functions/Function22
Event: 24.481 loading class kotlin/jvm/functions/Function22 done
Event: 24.482 loading class kotlin/reflect/jvm/internal/impl/builtins/jvm/JavaToKotlinClassMap
Event: 24.482 loading class kotlin/reflect/jvm/internal/impl/builtins/jvm/JavaToKotlinClassMap done
Event: 24.486 loading class kotlin/reflect/jvm/internal/impl/builtins/functions/FunctionClassKind
Event: 24.486 loading class kotlin/reflect/jvm/internal/impl/builtins/functions/FunctionClassKind done
Event: 24.487 loading class kotlin/reflect/jvm/internal/impl/builtins/StandardNames
Event: 24.487 loading class kotlin/reflect/jvm/internal/impl/builtins/StandardNames done
Event: 24.489 loading class kotlin/reflect/jvm/internal/impl/builtins/functions/FunctionClassKind$Companion
Event: 24.489 loading class kotlin/reflect/jvm/internal/impl/builtins/functions/FunctionClassKind$Companion done
Event: 24.493 loading class kotlin/reflect/jvm/internal/impl/builtins/jvm/JavaToKotlinClassMap$PlatformMutabilityMapping
Event: 24.493 loading class kotlin/reflect/jvm/internal/impl/builtins/jvm/JavaToKotlinClassMap$PlatformMutabilityMapping done
Event: 24.494 loading class kotlin/reflect/jvm/internal/impl/builtins/StandardNames$FqNames
Event: 24.494 loading class kotlin/reflect/jvm/internal/impl/builtins/StandardNames$FqNames done


Dynamic libraries:
0x00007ff65af10000 - 0x00007ff65af1a000 	C:\Program Files\Android\Android Studio\jre\bin\java.exe
0x00007ff8b3a90000 - 0x00007ff8b3c88000 	C:\WINDOWS\SYSTEM32\ntdll.dll
0x00007ff8b29b0000 - 0x00007ff8b2a6d000 	C:\WINDOWS\System32\KERNEL32.DLL
0x00007ff8b12c0000 - 0x00007ff8b158e000 	C:\WINDOWS\System32\KERNELBASE.dll
0x00007ff8b1610000 - 0x00007ff8b1710000 	C:\WINDOWS\System32\ucrtbase.dll
0x00007ff88a110000 - 0x00007ff88a129000 	C:\Program Files\Android\Android Studio\jre\bin\jli.dll
0x00007ff8b2c60000 - 0x00007ff8b2e00000 	C:\WINDOWS\System32\USER32.dll
0x00007ff885a90000 - 0x00007ff885aa7000 	C:\Program Files\Android\Android Studio\jre\bin\VCRUNTIME140.dll
0x00007ff8b1a50000 - 0x00007ff8b1a72000 	C:\WINDOWS\System32\win32u.dll
0x00007ff8b2980000 - 0x00007ff8b29aa000 	C:\WINDOWS\System32\GDI32.dll
0x00007ff8b11b0000 - 0x00007ff8b12bb000 	C:\WINDOWS\System32\gdi32full.dll
0x00007ff8b1900000 - 0x00007ff8b199d000 	C:\WINDOWS\System32\msvcp_win.dll
0x00007ff8a0920000 - 0x00007ff8a0bba000 	C:\WINDOWS\WinSxS\amd64_microsoft.windows.common-controls_6595b64144ccf1df_6.0.19041.1110_none_60b5254171f9507e\COMCTL32.dll
0x00007ff8b2bc0000 - 0x00007ff8b2c5e000 	C:\WINDOWS\System32\msvcrt.dll
0x00007ff8b2a70000 - 0x00007ff8b2aa0000 	C:\WINDOWS\System32\IMM32.DLL
0x00007ff852c20000 - 0x00007ff852cbd000 	C:\Program Files\Android\Android Studio\jre\bin\msvcp140.dll
0x00007ff833870000 - 0x00007ff834355000 	C:\Program Files\Android\Android Studio\jre\bin\server\jvm.dll
0x00007ff8b2e00000 - 0x00007ff8b2eae000 	C:\WINDOWS\System32\ADVAPI32.dll
0x00007ff8b1de0000 - 0x00007ff8b1e7c000 	C:\WINDOWS\System32\sechost.dll
0x00007ff8b2030000 - 0x00007ff8b2155000 	C:\WINDOWS\System32\RPCRT4.dll
0x00007ff8b1af0000 - 0x00007ff8b1af8000 	C:\WINDOWS\System32\PSAPI.DLL
0x00007ff8a0230000 - 0x00007ff8a0257000 	C:\WINDOWS\SYSTEM32\WINMM.dll
0x00007ff8a8740000 - 0x00007ff8a874a000 	C:\WINDOWS\SYSTEM32\VERSION.dll
0x00007ff893f80000 - 0x00007ff893f89000 	C:\WINDOWS\SYSTEM32\WSOCK32.dll
0x00007ff8b3980000 - 0x00007ff8b39eb000 	C:\WINDOWS\System32\WS2_32.dll
0x00007ff8afa40000 - 0x00007ff8afa52000 	C:\WINDOWS\SYSTEM32\kernel.appcore.dll
0x00007ff8a6c90000 - 0x00007ff8a6ca1000 	C:\Program Files\Android\Android Studio\jre\bin\verify.dll
0x00007ff8af040000 - 0x00007ff8af224000 	C:\WINDOWS\SYSTEM32\DBGHELP.DLL
0x00007ff89e5a0000 - 0x00007ff89e5cc000 	C:\WINDOWS\SYSTEM32\dbgcore.DLL
0x00007ff8b1870000 - 0x00007ff8b18f2000 	C:\WINDOWS\System32\bcryptPrimitives.dll
0x00007ff89b430000 - 0x00007ff89b459000 	C:\Program Files\Android\Android Studio\jre\bin\java.dll
0x00007ff8a6c80000 - 0x00007ff8a6c8b000 	C:\Program Files\Android\Android Studio\jre\bin\jimage.dll
0x00007ff89e1b0000 - 0x00007ff89e1c8000 	C:\Program Files\Android\Android Studio\jre\bin\zip.dll
0x00007ff8b2160000 - 0x00007ff8b28a4000 	C:\WINDOWS\System32\SHELL32.dll
0x00007ff8af290000 - 0x00007ff8afa24000 	C:\WINDOWS\SYSTEM32\windows.storage.dll
0x00007ff8b2f60000 - 0x00007ff8b32b4000 	C:\WINDOWS\System32\combase.dll
0x00007ff8b0c10000 - 0x00007ff8b0c40000 	C:\WINDOWS\SYSTEM32\Wldp.dll
0x00007ff8b3760000 - 0x00007ff8b380d000 	C:\WINDOWS\System32\SHCORE.dll
0x00007ff8b28c0000 - 0x00007ff8b2915000 	C:\WINDOWS\System32\shlwapi.dll
0x00007ff8b10f0000 - 0x00007ff8b110f000 	C:\WINDOWS\SYSTEM32\profapi.dll
0x00007ff89d150000 - 0x00007ff89d16a000 	C:\Program Files\Android\Android Studio\jre\bin\net.dll
0x00007ff8abd20000 - 0x00007ff8abe2a000 	C:\WINDOWS\SYSTEM32\WINHTTP.dll
0x00007ff8b0970000 - 0x00007ff8b09da000 	C:\WINDOWS\system32\mswsock.dll
0x00007ff89b3f0000 - 0x00007ff89b404000 	C:\Program Files\Android\Android Studio\jre\bin\nio.dll
0x00007ff88a130000 - 0x00007ff88a157000 	C:\Users\min20\.gradle\native\8bec1ad78214c89d9ad589b4d07fe93259594b29d510b10fafb7a158f7737e5d\windows-amd64\native-platform.dll
0x00007ff850f50000 - 0x00007ff85108d000 	C:\Users\min20\.gradle\native\53dbd7edfb1c66fb8903c78663c9afc45aea4f116125fa6feffd364cf09443e8\windows-amd64\native-platform-file-events.dll
0x00007ff89f730000 - 0x00007ff89f73a000 	C:\Program Files\Android\Android Studio\jre\bin\management.dll
0x00007ff89d470000 - 0x00007ff89d47d000 	C:\Program Files\Android\Android Studio\jre\bin\management_ext.dll
0x00007ff8b0b70000 - 0x00007ff8b0b88000 	C:\WINDOWS\SYSTEM32\CRYPTSP.dll
0x00007ff8b0280000 - 0x00007ff8b02b4000 	C:\WINDOWS\system32\rsaenh.dll
0x00007ff8b15e0000 - 0x00007ff8b1607000 	C:\WINDOWS\System32\bcrypt.dll
0x00007ff8b1070000 - 0x00007ff8b109e000 	C:\WINDOWS\SYSTEM32\USERENV.dll
0x00007ff8b0b60000 - 0x00007ff8b0b6c000 	C:\WINDOWS\SYSTEM32\CRYPTBASE.dll
0x00007ff8b0610000 - 0x00007ff8b064b000 	C:\WINDOWS\SYSTEM32\IPHLPAPI.DLL
0x00007ff8b32c0000 - 0x00007ff8b32c8000 	C:\WINDOWS\System32\NSI.dll
0x00007ff8a89c0000 - 0x00007ff8a89d7000 	C:\WINDOWS\SYSTEM32\dhcpcsvc6.DLL
0x00007ff8a9200000 - 0x00007ff8a921d000 	C:\WINDOWS\SYSTEM32\dhcpcsvc.DLL
0x00007ff8b06b0000 - 0x00007ff8b077b000 	C:\WINDOWS\SYSTEM32\DNSAPI.dll

dbghelp: loaded successfully - version: 4.0.5 - missing functions: none
symbol engine: initialized successfully - sym options: 0x614 - pdb path: .;C:\Program Files\Android\Android Studio\jre\bin;C:\WINDOWS\SYSTEM32;C:\WINDOWS\WinSxS\amd64_microsoft.windows.common-controls_6595b64144ccf1df_6.0.19041.1110_none_60b5254171f9507e;C:\Program Files\Android\Android Studio\jre\bin\server;C:\Users\min20\.gradle\native\8bec1ad78214c89d9ad589b4d07fe93259594b29d510b10fafb7a158f7737e5d\windows-amd64;C:\Users\min20\.gradle\native\53dbd7edfb1c66fb8903c78663c9afc45aea4f116125fa6feffd364cf09443e8\windows-amd64

VM Arguments:
jvm_args: --add-opens=java.base/java.util=ALL-UNNAMED --add-opens=java.base/java.lang=ALL-UNNAMED --add-opens=java.base/java.lang.invoke=ALL-UNNAMED --add-opens=java.base/java.util=ALL-UNNAMED --add-opens=java.prefs/java.util.prefs=ALL-UNNAMED --add-opens=java.prefs/java.util.prefs=ALL-UNNAMED --add-opens=java.base/java.nio.charset=ALL-UNNAMED --add-opens=java.base/java.net=ALL-UNNAMED --add-opens=java.base/java.util.concurrent.atomic=ALL-UNNAMED -Xmx2048m -Dfile.encoding=UTF-8 -Duser.country=KR -Duser.language=ko -Duser.variant 
java_command: org.gradle.launcher.daemon.bootstrap.GradleDaemon 7.0.2
java_class_path (initial): C:\Users\min20\.gradle\wrapper\dists\gradle-7.0.2-bin\857tjihv64xamwrf0h14cai3r\gradle-7.0.2\lib\gradle-launcher-7.0.2.jar
Launcher Type: SUN_STANDARD

[Global flags]
     intx CICompilerCount                          = 4                                         {product} {ergonomic}
     uint ConcGCThreads                            = 2                                         {product} {ergonomic}
     uint G1ConcRefinementThreads                  = 8                                         {product} {ergonomic}
   size_t G1HeapRegionSize                         = 1048576                                   {product} {ergonomic}
    uintx GCDrainStackTargetSize                   = 64                                        {product} {ergonomic}
   size_t InitialHeapSize                          = 266338304                                 {product} {ergonomic}
   size_t MarkStackSize                            = 4194304                                   {product} {ergonomic}
   size_t MaxHeapSize                              = 2147483648                                {product} {command line}
   size_t MaxNewSize                               = 1287651328                                {product} {ergonomic}
   size_t MinHeapDeltaBytes                        = 1048576                                   {product} {ergonomic}
    uintx NonNMethodCodeHeapSize                   = 5836300                                {pd product} {ergonomic}
    uintx NonProfiledCodeHeapSize                  = 122910970                              {pd product} {ergonomic}
    uintx ProfiledCodeHeapSize                     = 122910970                              {pd product} {ergonomic}
    uintx ReservedCodeCacheSize                    = 251658240                              {pd product} {ergonomic}
     bool SegmentedCodeCache                       = true                                      {product} {ergonomic}
     bool UseCompressedClassPointers               = true                                 {lp64_product} {ergonomic}
     bool UseCompressedOops                        = true                                 {lp64_product} {ergonomic}
     bool UseG1GC                                  = true                                      {product} {ergonomic}
     bool UseLargePagesIndividualAllocation        = false                                  {pd product} {ergonomic}

Logging:
Log output configuration:
 #0: stdout all=warning uptime,level,tags
 #1: stderr all=off uptime,level,tags

Environment Variables:
JAVA_HOME=C:\Program Files\Java\jdk-11.0.10
PATH=C:\Program Files\Common Files\Oracle\Java\javapath;C:\Program Files (x86)\Common Files\Oracle\Java\javapath;C:\windows\system32;C:\windows;C:\windows\System32\Wbem;C:\windows\System32\WindowsPowerShell\v1.0\;C:\windows\System32\OpenSSH\;C:\Program Files (x86)\NVIDIA Corporation\PhysX\Common;C:\Program Files\NVIDIA Corporation\NVIDIA NvDLISR;C:\Program Files\Intel\WiFi\bin\;C:\Program Files\Common Files\Intel\WirelessCommon\;C:\Users\min20\miniconda3\Scripts;C:\Program Files\Git\cmd;C:\Users\min20\devtool\apache-maven-3.6.3-bin\apache-maven-3.6.3\bin;C:\Users\min20\devtool\gradle-6.0-all\gradle-6.0\bin;C:\Program Files\Java\jdk1.8.0_271\bin;C:\Program Files\Java\jdk1.8.0_271\bin;C:\WINDOWS\system32;C:\WINDOWS;C:\WINDOWS\System32\Wbem;C:\WINDOWS\System32\WindowsPowerShell\v1.0\;C:\WINDOWS\System32\OpenSSH\;C:\MinGW\bin;C:\FlutterSDK\flutter\bin;C:\Program Files\nodejs\;C:\Users\min20\AppData\Local\Microsoft\WindowsApps;C:\users\min20\miniconda3\lib\site-packages (1.0.2);C:\Program Files\MySQL\MySQL Shell 8.0\bin\;C:\Users\min20\devtool\apache-maven-3.6.3-bin\apache-maven-3.6.3\bin;C:\Program Files\Java\jdk1.8.0_271\bin;C:\Users\min20\AppData\Local\atom\bin;C:\Users\min20\AppData\Local\Programs\Microsoft VS Code\bin;C:\Users\min20\AppData\Local\Microsoft\WindowsApps;C:\MinGW\bin;C:\Users\min20\AppData\Roaming\npm;C:\Users\min20\AppData\Local\GitHubDesktop\bin;C:\Program Files (x86)\ESTsoft\ALSee\x64
USERNAME=min20
OS=Windows_NT
PROCESSOR_IDENTIFIER=Intel64 Family 6 Model 126 Stepping 5, GenuineIntel



---------------  S Y S T E M  ---------------

OS: Windows 10 , 64 bit Build 19041 (10.0.19041.1806)
OS uptime: 0 days 0:57 hours

CPU:total 8 (initial active 8) (4 cores per cpu, 2 threads per core) family 6 model 126 stepping 5 microcode 0xa0, cmov, cx8, fxsr, mmx, sse, sse2, sse3, ssse3, sse4.1, sse4.2, popcnt, avx, avx2, aes, clmul, erms, 3dnowpref, lzcnt, ht, tsc, tscinvbit, bmi1, bmi2, adx, evex, sha, fma

Memory: 4k page, system-wide physical 16145M (1816M free)
TotalPageFile size 17486M (AvailPageFile size 5M)
current process WorkingSet (physical memory assigned to process): 490M, peak: 493M
current process commit charge ("private bytes"): 554M, peak: 559M

vm_info: OpenJDK 64-Bit Server VM (11.0.12+7-b1504.28-7817840) for windows-amd64 JRE (11.0.12+7-b1504.28-7817840), built on Oct 13 2021 22:12:33 by "builder" with MS VC++ 14.0 (VS2015)

END.
