#
# There is insufficient memory for the Java Runtime Environment to continue.
# Native memory allocation (mmap) failed to map 141557760 bytes for Failed to commit area from 0x0000000090000000 to 0x0000000098700000 of length 141557760.
# Possible reasons:
#   The system is out of physical RAM or swap space
#   The process is running with CompressedOops enabled, and the Java Heap may be blocking the growth of the native heap
# Possible solutions:
#   Reduce memory load on the system
#   Increase physical memory or swap space
#   Check if swap backing store is full
#   Decrease Java heap size (-Xmx/-Xms)
#   Decrease number of Java threads
#   Decrease Java thread stack sizes (-Xss)
#   Set larger code cache with -XX:ReservedCodeCacheSize=
#   JVM is running with Unscaled Compressed Oops mode in which the Java heap is
#     placed in the first 4GB address space. The Java Heap base address is the
#     maximum limit for the native heap growth. Please use -XX:HeapBaseMinAddress
#     to set the Java Heap base and to place the Java Heap above 4GB virtual address.
# This output file may be truncated or incomplete.
#
#  Out of Memory Error (./src/hotspot/os/windows/os_windows.cpp:3521), pid=10588, tid=21244
#
# JRE version: OpenJDK Runtime Environment (11.0.12+7) (build 11.0.12+7-b1504.28-7817840)
# Java VM: OpenJDK 64-Bit Server VM (11.0.12+7-b1504.28-7817840, mixed mode, tiered, compressed oops, g1 gc, windows-amd64)
# No core dump will be written. Minidumps are not enabled by default on client versions of Windows
#

---------------  S U M M A R Y ------------

Command Line: --add-opens=java.base/java.util=ALL-UNNAMED --add-opens=java.base/java.lang=ALL-UNNAMED --add-opens=java.base/java.lang.invoke=ALL-UNNAMED --add-opens=java.base/java.util=ALL-UNNAMED --add-opens=java.prefs/java.util.prefs=ALL-UNNAMED --add-opens=java.prefs/java.util.prefs=ALL-UNNAMED --add-opens=java.base/java.nio.charset=ALL-UNNAMED --add-opens=java.base/java.net=ALL-UNNAMED --add-opens=java.base/java.util.concurrent.atomic=ALL-UNNAMED -Xmx2048m -Dfile.encoding=UTF-8 -Duser.country=KR -Duser.language=ko -Duser.variant org.gradle.launcher.daemon.bootstrap.GradleDaemon 7.0.2

Host: Intel(R) Core(TM) i7-1065G7 CPU @ 1.30GHz, 8 cores, 15G,  Windows 10 , 64 bit Build 19041 (10.0.19041.1889)
Time: Sun Aug 14 01:10:06 2022 대한민국 표준시 elapsed time: 1331.089380 seconds (0d 0h 22m 11s)

---------------  T H R E A D  ---------------

Current thread (0x000002672346e000):  VMThread "VM Thread" [stack: 0x000000fec8d00000,0x000000fec8e00000] [id=21244]

Stack: [0x000000fec8d00000,0x000000fec8e00000]
[error occurred during error reporting (printing stack bounds), id 0xc0000005, EXCEPTION_ACCESS_VIOLATION (0xc0000005) at pc=0x000002670c2812e7]

Native frames: (J=compiled Java code, j=interpreted, Vv=VM code, C=native code)
V  [jvm.dll+0x5fbcea]
V  [jvm.dll+0x731905]
V  [jvm.dll+0x732f1d]
V  [jvm.dll+0x733535]
V  [jvm.dll+0x7334eb]
V  [jvm.dll+0x5fb080]
V  [jvm.dll+0x5fb818]
C  [ntdll.dll+0xa229f]
C  [ntdll.dll+0x51454]
C  [ntdll.dll+0xa0dce]
C  0x000002670c2812e7

VM_Operation (0x000000fecd7fcb10): G1CollectForAllocation, mode: safepoint, requested by thread 0x00000267234f4000


---------------  P R O C E S S  ---------------

Threads class SMR info:
_java_thread_list=0x000002672ac1b650, length=85, elements={
0x000002670876f800, 0x0000026723472800, 0x0000026723480800, 0x000002672349c000,
0x00000267234f2000, 0x00000267234f6000, 0x00000267234ff000, 0x0000026723502000,
0x00000267234f3800, 0x00000267234f5000, 0x00000267234f6800, 0x00000267234f8000,
0x00000267234f7800, 0x0000026724873800, 0x000002672487a000, 0x0000026724876800,
0x0000026724875000, 0x0000026727825000, 0x0000026727826000, 0x000002672782a000,
0x0000026727824000, 0x000002672782c800, 0x000002672782f800, 0x0000026728865000,
0x0000026728862800, 0x0000026728867000, 0x0000026728863800, 0x0000026728861000,
0x0000026728862000, 0x000002672886d800, 0x000002672a53e000, 0x0000026728866000,
0x0000026724877800, 0x0000026724875800, 0x0000026724878000, 0x0000026724879000,
0x0000026724874000, 0x000002672a53a800, 0x000002672a538000, 0x000002672a539800,
0x000002672a539000, 0x000002672a543800, 0x000002672a542800, 0x000002672a541000,
0x000002672a544800, 0x000002672a53e800, 0x000002672a545000, 0x000002672a53f800,
0x000002672a540800, 0x000002672a546000, 0x000002672a547000, 0x000002672782a800,
0x0000026727826800, 0x0000026727827800, 0x000002672782e000, 0x0000026727828800,
0x000002672782f000, 0x0000026727830800, 0x0000026727832000, 0x0000026727831000,
0x0000026728864800, 0x0000026728860800, 0x0000026728868800, 0x000002672886c800,
0x0000026728867800, 0x000002672886e000, 0x000002672886f000, 0x000002672886a000,
0x00000267234f4000, 0x00000267234f9000, 0x00000267234fa000, 0x000002672c071000,
0x000002672c074000, 0x000002672c071800, 0x000002672c072800, 0x000002672c070000,
0x000002672c076000, 0x000002672c075000, 0x000002672c078000, 0x000002672c079000,
0x000002672c073800, 0x000002672c07c800, 0x000002672c076800, 0x000002672c07a000,
0x000002672c07a800
}

Java Threads: ( => current thread )
  0x000002670876f800 JavaThread "main" [_thread_blocked, id=10304, stack(0x000000fec8700000,0x000000fec8800000)]
  0x0000026723472800 JavaThread "Reference Handler" daemon [_thread_blocked, id=3176, stack(0x000000fec8e00000,0x000000fec8f00000)]
  0x0000026723480800 JavaThread "Finalizer" daemon [_thread_blocked, id=6432, stack(0x000000fec8f00000,0x000000fec9000000)]
  0x000002672349c000 JavaThread "Signal Dispatcher" daemon [_thread_blocked, id=4688, stack(0x000000fec9000000,0x000000fec9100000)]
  0x00000267234f2000 JavaThread "Attach Listener" daemon [_thread_blocked, id=4264, stack(0x000000fec9100000,0x000000fec9200000)]
  0x00000267234f6000 JavaThread "Service Thread" daemon [_thread_blocked, id=14500, stack(0x000000fec9200000,0x000000fec9300000)]
  0x00000267234ff000 JavaThread "C2 CompilerThread0" daemon [_thread_blocked, id=19228, stack(0x000000fec9300000,0x000000fec9400000)]
  0x0000026723502000 JavaThread "C1 CompilerThread0" daemon [_thread_blocked, id=23996, stack(0x000000fec9400000,0x000000fec9500000)]
  0x00000267234f3800 JavaThread "Sweeper thread" daemon [_thread_blocked, id=23248, stack(0x000000fec9500000,0x000000fec9600000)]
  0x00000267234f5000 JavaThread "Common-Cleaner" daemon [_thread_blocked, id=11680, stack(0x000000fec9600000,0x000000fec9700000)]
  0x00000267234f6800 JavaThread "Daemon health stats" [_thread_blocked, id=22940, stack(0x000000fec9e00000,0x000000fec9f00000)]
  0x00000267234f8000 JavaThread "Incoming local TCP Connector on port 59957" [_thread_in_native, id=23268, stack(0x000000fec9800000,0x000000fec9900000)]
  0x00000267234f7800 JavaThread "Daemon periodic checks" [_thread_blocked, id=1056, stack(0x000000fec9f00000,0x000000feca000000)]
  0x0000026724873800 JavaThread "Cache worker for file hash cache (C:\Users\min20\.gradle\caches\7.0.2\fileHashes)" [_thread_blocked, id=11388, stack(0x000000feca700000,0x000000feca800000)]
  0x000002672487a000 JavaThread "File lock request listener" [_thread_in_native, id=8980, stack(0x000000feca800000,0x000000feca900000)]
  0x0000026724876800 JavaThread "Cache worker for journal cache (C:\Users\min20\.gradle\caches\journal-1)" [_thread_blocked, id=1984, stack(0x000000fecac00000,0x000000fecad00000)]
  0x0000026724875000 JavaThread "File watcher server" daemon [_thread_blocked, id=11512, stack(0x000000fecaf00000,0x000000fecb000000)]
  0x0000026727825000 JavaThread "File watcher consumer" daemon [_thread_blocked, id=5280, stack(0x000000fecb000000,0x000000fecb100000)]
  0x0000026727826000 JavaThread "Cache worker for execution history cache (C:\Users\min20\.gradle\caches\7.0.2\executionHistory)" [_thread_blocked, id=19732, stack(0x000000fecb400000,0x000000fecb500000)]
  0x000002672782a000 JavaThread "jar transforms" [_thread_blocked, id=20644, stack(0x000000fecb600000,0x000000fecb700000)]
  0x0000026727824000 JavaThread "jar transforms Thread 2" [_thread_blocked, id=14836, stack(0x000000fecb700000,0x000000fecb800000)]
  0x000002672782c800 JavaThread "Cache worker for file content cache (C:\Users\min20\.gradle\caches\7.0.2\fileContent)" [_thread_blocked, id=12872, stack(0x000000fecb800000,0x000000fecb900000)]
  0x000002672782f800 JavaThread "jar transforms Thread 3" [_thread_blocked, id=10056, stack(0x000000fecba00000,0x000000fecbb00000)]
  0x0000026728865000 JavaThread "jar transforms Thread 4" [_thread_blocked, id=2060, stack(0x000000fecb200000,0x000000fecb300000)]
  0x0000026728862800 JavaThread "jar transforms Thread 5" [_thread_blocked, id=13292, stack(0x000000fecb500000,0x000000fecb600000)]
  0x0000026728867000 JavaThread "jar transforms Thread 6" [_thread_blocked, id=12488, stack(0x000000fecc400000,0x000000fecc500000)]
  0x0000026728863800 JavaThread "jar transforms Thread 7" [_thread_blocked, id=11328, stack(0x000000fecc500000,0x000000fecc600000)]
  0x0000026728861000 JavaThread "jar transforms Thread 8" [_thread_blocked, id=23436, stack(0x000000fecc600000,0x000000fecc700000)]
  0x0000026728862000 JavaThread "Memory manager" [_thread_blocked, id=11248, stack(0x000000fecca00000,0x000000feccb00000)]
  0x000002672886d800 JavaThread "pool-3-thread-1" [_thread_blocked, id=20944, stack(0x000000fec8600000,0x000000fec8700000)]
  0x000002672a53e000 JavaThread "Cache worker for Java compile cache (C:\Users\min20\.gradle\caches\7.0.2\javaCompile)" [_thread_blocked, id=19244, stack(0x000000fecd100000,0x000000fecd200000)]
  0x0000026728866000 JavaThread "pool-6-thread-1" [_thread_blocked, id=22500, stack(0x000000fecc800000,0x000000fecc900000)]
  0x0000026724877800 JavaThread "Daemon Thread 3" [_thread_blocked, id=16064, stack(0x000000fec8400000,0x000000fec8500000)]
  0x0000026724875800 JavaThread "Handler for socket connection from /127.0.0.1:59957 to /127.0.0.1:60767" [_thread_in_native, id=14432, stack(0x000000fec8500000,0x000000fec8600000)]
  0x0000026724878000 JavaThread "Cancel handler" [_thread_blocked, id=8688, stack(0x000000feca000000,0x000000feca100000)]
  0x0000026724879000 JavaThread "Daemon worker Thread 3" [_thread_blocked, id=7972, stack(0x000000feca100000,0x000000feca200000)]
  0x0000026724874000 JavaThread "Asynchronous log dispatcher for DefaultDaemonConnection: socket connection from /127.0.0.1:59957 to /127.0.0.1:60767" [_thread_blocked, id=19804, stack(0x000000feca200000,0x000000feca300000)]
  0x000002672a53a800 JavaThread "Stdin handler" [_thread_blocked, id=12588, stack(0x000000feca300000,0x000000feca400000)]
  0x000002672a538000 JavaThread "Daemon client event forwarder" [_thread_blocked, id=17700, stack(0x000000feca400000,0x000000feca500000)]
  0x000002672a539800 JavaThread "Cache worker for file hash cache (C:\Android\Android Project\2022meit\backup2\.gradle\7.0.2\fileHashes)" [_thread_blocked, id=22324, stack(0x000000feca500000,0x000000feca600000)]
  0x000002672a539000 JavaThread "Cache worker for checksums cache (C:\Android\Android Project\2022meit\backup2\.gradle\checksums)" [_thread_blocked, id=10532, stack(0x000000feca600000,0x000000feca700000)]
  0x000002672a543800 JavaThread "Cache worker for cache directory md-supplier (C:\Users\min20\.gradle\caches\7.0.2\md-supplier)" [_thread_blocked, id=15716, stack(0x000000fecad00000,0x000000fecae00000)]
  0x000002672a542800 JavaThread "Cache worker for cache directory md-rule (C:\Users\min20\.gradle\caches\7.0.2\md-rule)" [_thread_blocked, id=1372, stack(0x000000fecae00000,0x000000fecaf00000)]
  0x000002672a541000 JavaThread "Cache worker for dependencies-accessors (C:\Android\Android Project\2022meit\backup2\.gradle\7.0.2\dependencies-accessors)" [_thread_blocked, id=15520, stack(0x000000fecb100000,0x000000fecb200000)]
  0x000002672a544800 JavaThread "Cache worker for Build Output Cleanup Cache (C:\Android\Android Project\2022meit\backup2\.gradle\buildOutputCleanup)" [_thread_blocked, id=15904, stack(0x000000fecb300000,0x000000fecb400000)]
  0x000002672a53e800 JavaThread "C2 CompilerThread1" daemon [_thread_blocked, id=20100, stack(0x000000fecb900000,0x000000fecba00000)]
  0x000002672a545000 JavaThread "Build operations" [_thread_blocked, id=12664, stack(0x000000fecbb00000,0x000000fecbc00000)]
  0x000002672a53f800 JavaThread "Build operations Thread 2" [_thread_blocked, id=13384, stack(0x000000fecbc00000,0x000000fecbd00000)]
  0x000002672a540800 JavaThread "Build operations Thread 3" [_thread_blocked, id=12076, stack(0x000000fecbd00000,0x000000fecbe00000)]
  0x000002672a546000 JavaThread "Build operations Thread 4" [_thread_blocked, id=16048, stack(0x000000fecbe00000,0x000000fecbf00000)]
  0x000002672a547000 JavaThread "Build operations Thread 5" [_thread_blocked, id=8872, stack(0x000000fecbf00000,0x000000fecc000000)]
  0x000002672782a800 JavaThread "Build operations Thread 6" [_thread_blocked, id=20576, stack(0x000000fecc000000,0x000000fecc100000)]
  0x0000026727826800 JavaThread "Build operations Thread 7" [_thread_blocked, id=22760, stack(0x000000fecc100000,0x000000fecc200000)]
  0x0000026727827800 JavaThread "Build operations Thread 8" [_thread_blocked, id=12484, stack(0x000000fecc200000,0x000000fecc300000)]
  0x000002672782e000 JavaThread "C2 CompilerThread2" daemon [_thread_blocked, id=6592, stack(0x000000fecc300000,0x000000fecc400000)]
  0x0000026727828800 JavaThread "build event listener" [_thread_blocked, id=10392, stack(0x000000fecc700000,0x000000fecc800000)]
  0x000002672782f000 JavaThread "pool-9-thread-1" [_thread_blocked, id=3996, stack(0x000000fecc900000,0x000000fecca00000)]
  0x0000026727830800 JavaThread "build event listener" [_thread_blocked, id=6048, stack(0x000000feccb00000,0x000000feccc00000)]
  0x0000026727832000 JavaThread "Execution worker for ':'" [_thread_blocked, id=20172, stack(0x000000feccc00000,0x000000feccd00000)]
  0x0000026727831000 JavaThread "Execution worker for ':' Thread 2" [_thread_blocked, id=552, stack(0x000000feccd00000,0x000000fecce00000)]
  0x0000026728864800 JavaThread "Execution worker for ':' Thread 3" [_thread_blocked, id=17492, stack(0x000000fecce00000,0x000000feccf00000)]
  0x0000026728860800 JavaThread "Execution worker for ':' Thread 4" [_thread_blocked, id=19320, stack(0x000000feccf00000,0x000000fecd000000)]
  0x0000026728868800 JavaThread "Execution worker for ':' Thread 5" [_thread_blocked, id=25168, stack(0x000000fecd000000,0x000000fecd100000)]
  0x000002672886c800 JavaThread "Execution worker for ':' Thread 6" [_thread_blocked, id=3344, stack(0x000000fecd200000,0x000000fecd300000)]
  0x0000026728867800 JavaThread "Execution worker for ':' Thread 7" [_thread_blocked, id=1848, stack(0x000000fecd300000,0x000000fecd400000)]
  0x000002672886e000 JavaThread "Cache worker for execution history cache (C:\Android\Android Project\2022meit\backup2\.gradle\7.0.2\executionHistory)" [_thread_blocked, id=15544, stack(0x000000fecd400000,0x000000fecd500000)]
  0x000002672886f000 JavaThread "WorkerExecutor Queue" [_thread_blocked, id=18012, stack(0x000000fecd500000,0x000000fecd600000)]
  0x000002672886a000 JavaThread "WorkerExecutor Queue Thread 2" [_thread_blocked, id=6264, stack(0x000000fecd600000,0x000000fecd700000)]
  0x00000267234f4000 JavaThread "WorkerExecutor Queue Thread 3" [_thread_blocked, id=18740, stack(0x000000fecd700000,0x000000fecd800000)]
  0x00000267234f9000 JavaThread "WorkerExecutor Queue Thread 4" [_thread_blocked, id=4116, stack(0x000000fecd800000,0x000000fecd900000)]
  0x00000267234fa000 JavaThread "WorkerExecutor Queue Thread 5" [_thread_blocked, id=19004, stack(0x000000fecd900000,0x000000fecda00000)]
  0x000002672c071000 JavaThread "WorkerExecutor Queue Thread 6" [_thread_blocked, id=15300, stack(0x000000fecda00000,0x000000fecdb00000)]
  0x000002672c074000 JavaThread "WorkerExecutor Queue Thread 7" [_thread_blocked, id=3464, stack(0x000000fecdb00000,0x000000fecdc00000)]
  0x000002672c071800 JavaThread "WorkerExecutor Queue Thread 8" [_thread_blocked, id=3788, stack(0x000000fecdc00000,0x000000fecdd00000)]
  0x000002672c072800 JavaThread "pool-10-thread-1" [_thread_blocked, id=4292, stack(0x000000fecdd00000,0x000000fecde00000)]
  0x000002672c070000 JavaThread "stderr" [_thread_in_native, id=3116, stack(0x000000fecde00000,0x000000fecdf00000)]
  0x000002672c076000 JavaThread "stdout" [_thread_in_native, id=20516, stack(0x000000fecdf00000,0x000000fece000000)]
  0x000002672c075000 JavaThread "ForkJoinPool-1-worker-3" daemon [_thread_blocked, id=22116, stack(0x000000fece400000,0x000000fece500000)]
  0x000002672c078000 JavaThread "ForkJoinPool-1-worker-5" daemon [_thread_blocked, id=2968, stack(0x000000fece500000,0x000000fece600000)]
  0x000002672c079000 JavaThread "ForkJoinPool-1-worker-7" daemon [_thread_blocked, id=4636, stack(0x000000fece600000,0x000000fece700000)]
  0x000002672c073800 JavaThread "ForkJoinPool-1-worker-9" daemon [_thread_blocked, id=24536, stack(0x000000fece700000,0x000000fece800000)]
  0x000002672c07c800 JavaThread "ForkJoinPool-1-worker-11" daemon [_thread_blocked, id=13616, stack(0x000000fece800000,0x000000fece900000)]
  0x000002672c076800 JavaThread "ForkJoinPool-1-worker-13" daemon [_thread_blocked, id=21844, stack(0x000000fece900000,0x000000fecea00000)]
  0x000002672c07a000 JavaThread "ForkJoinPool-1-worker-15" daemon [_thread_blocked, id=14928, stack(0x000000fecea00000,0x000000feceb00000)]
  0x000002672c07a800 JavaThread "ForkJoinPool-1-worker-1" daemon [_thread_blocked, id=15752, stack(0x000000feceb00000,0x000000fecec00000)]

Other Threads:
=>0x000002672346e000 VMThread "VM Thread" [stack: 0x000000fec8d00000,0x000000fec8e00000] [id=21244]
  0x0000026723683000 WatcherThread [stack: 0x000000fec9700000,0x000000fec9800000] [id=21128]
  0x0000026708788000 GCTaskThread "GC Thread#0" [stack: 0x000000fec8800000,0x000000fec8900000] [id=25468]
  0x00000267242d8000 GCTaskThread "GC Thread#1" [stack: 0x000000fec9900000,0x000000fec9a00000] [id=11240]
  0x0000026724427000 GCTaskThread "GC Thread#2" [stack: 0x000000fec9a00000,0x000000fec9b00000] [id=25532]
  0x0000026724427800 GCTaskThread "GC Thread#3" [stack: 0x000000fec9b00000,0x000000fec9c00000] [id=12172]
  0x000002672409c000 GCTaskThread "GC Thread#4" [stack: 0x000000fec9c00000,0x000000fec9d00000] [id=24968]
  0x000002672409d000 GCTaskThread "GC Thread#5" [stack: 0x000000fec9d00000,0x000000fec9e00000] [id=25056]
  0x0000026724f6d000 GCTaskThread "GC Thread#6" [stack: 0x000000feca900000,0x000000fecaa00000] [id=2848]
  0x00000267257c2800 GCTaskThread "GC Thread#7" [stack: 0x000000fecaa00000,0x000000fecab00000] [id=17232]
  0x00000267087b9000 ConcurrentGCThread "G1 Main Marker" [stack: 0x000000fec8900000,0x000000fec8a00000] [id=9816]
  0x00000267087ba000 ConcurrentGCThread "G1 Conc#0" [stack: 0x000000fec8a00000,0x000000fec8b00000] [id=6848]
  0x0000026725c6c000 ConcurrentGCThread "G1 Conc#1" [stack: 0x000000fecab00000,0x000000fecac00000] [id=1280]
  0x0000026722ab7000 ConcurrentGCThread "G1 Refine#0" [stack: 0x000000fec8b00000,0x000000fec8c00000] [id=8200]
  0x000002672a37f800 ConcurrentGCThread "G1 Refine#1" [stack: 0x000000fece000000,0x000000fece100000] [id=22476]
  0x000002672a32a000 ConcurrentGCThread "G1 Refine#2" [stack: 0x000000fece100000,0x000000fece200000] [id=23604]
  0x00000267237c8000 ConcurrentGCThread "G1 Refine#3" [stack: 0x000000fece200000,0x000000fece300000] [id=20308]
  0x000002672cb46000 ConcurrentGCThread "G1 Refine#4" [stack: 0x000000fece300000,0x000000fece400000] [id=7544]
  0x000002672c479800 ConcurrentGCThread "G1 Refine#5" [stack: 0x000000fecec00000,0x000000feced00000] [id=13592]
  0x000002672c298000 ConcurrentGCThread "G1 Refine#6" [stack: 0x000000feced00000,0x000000fecee00000] [id=15492]
  0x0000026722ab8000 ConcurrentGCThread "G1 Young RemSet Sampling" [stack: 0x000000fec8c00000,0x000000fec8d00000] [id=24788]

Threads with active compile tasks:
C2 CompilerThread01331130 16065       4       com.android.tools.r8.graph.Z::a (132 bytes)
C2 CompilerThread11331130 15955       4       com.android.tools.r8.dex.z$g::b (20 bytes)
C2 CompilerThread21331131 16051 %     4       com.android.tools.r8.graph.E::a @ 190 (275 bytes)

VM state:at safepoint (normal execution)

VM Mutex/Monitor currently owned by a thread:  ([mutex/lock_event])
[0x000002670876b970] Threads_lock - owner thread: 0x000002672346e000
[0x000002670876b340] Heap_lock - owner thread: 0x00000267234f4000

Heap address: 0x0000000080000000, size: 2048 MB, Compressed Oops mode: 32-bit
Narrow klass base: 0x0000000000000000, Narrow klass shift: 3
Compressed class space size: 1073741824 Address: 0x0000000100000000

Heap:
 garbage-first heap   total 400384K, used 200237K [0x0000000080000000, 0x0000000100000000)
  region size 1024K, 3 young (3072K), 3 survivors (3072K)
 Metaspace       used 107871K, capacity 110609K, committed 110736K, reserved 1144832K
  class space    used 13739K, capacity 14753K, committed 14840K, reserved 1048576K
Heap Regions: E=young(eden), S=young(survivor), O=old, HS=humongous(starts), HC=humongous(continues), CS=collection set, F=free, A=archive, TAMS=top-at-mark-start (previous, next)
|   0|0x0000000080000000, 0x0000000080100000, 0x0000000080100000|100%| O|  |TAMS 0x0000000080100000, 0x0000000080100000| Untracked 
|   1|0x0000000080100000, 0x0000000080200000, 0x0000000080200000|100%| O|  |TAMS 0x0000000080200000, 0x0000000080200000| Untracked 
|   2|0x0000000080200000, 0x0000000080300000, 0x0000000080300000|100%| O|  |TAMS 0x0000000080300000, 0x0000000080300000| Untracked 
|   3|0x0000000080300000, 0x0000000080400000, 0x0000000080400000|100%|HS|  |TAMS 0x0000000080400000, 0x0000000080400000| Complete 
|   4|0x0000000080400000, 0x0000000080500000, 0x0000000080500000|100%|HC|  |TAMS 0x0000000080500000, 0x0000000080500000| Complete 
|   5|0x0000000080500000, 0x0000000080600000, 0x0000000080600000|100%|HC|  |TAMS 0x0000000080600000, 0x0000000080600000| Complete 
|   6|0x0000000080600000, 0x0000000080700000, 0x0000000080700000|100%| O|  |TAMS 0x0000000080700000, 0x0000000080700000| Untracked 
|   7|0x0000000080700000, 0x0000000080800000, 0x0000000080800000|100%| O|  |TAMS 0x0000000080800000, 0x0000000080800000| Untracked 
|   8|0x0000000080800000, 0x0000000080900000, 0x0000000080900000|100%| O|  |TAMS 0x0000000080900000, 0x0000000080900000| Untracked 
|   9|0x0000000080900000, 0x0000000080a00000, 0x0000000080a00000|100%| O|  |TAMS 0x0000000080a00000, 0x0000000080a00000| Untracked 
|  10|0x0000000080a00000, 0x0000000080b00000, 0x0000000080b00000|100%| O|  |TAMS 0x0000000080b00000, 0x0000000080b00000| Untracked 
|  11|0x0000000080b00000, 0x0000000080c00000, 0x0000000080c00000|100%| O|  |TAMS 0x0000000080c00000, 0x0000000080c00000| Untracked 
|  12|0x0000000080c00000, 0x0000000080d00000, 0x0000000080d00000|100%| O|  |TAMS 0x0000000080d00000, 0x0000000080d00000| Untracked 
|  13|0x0000000080d00000, 0x0000000080e00000, 0x0000000080e00000|100%| O|  |TAMS 0x0000000080e00000, 0x0000000080e00000| Untracked 
|  14|0x0000000080e00000, 0x0000000080f00000, 0x0000000080f00000|100%| O|  |TAMS 0x0000000080f00000, 0x0000000080f00000| Untracked 
|  15|0x0000000080f00000, 0x0000000081000000, 0x0000000081000000|100%| O|  |TAMS 0x0000000081000000, 0x0000000081000000| Untracked 
|  16|0x0000000081000000, 0x0000000081100000, 0x0000000081100000|100%|HS|  |TAMS 0x0000000081100000, 0x0000000081100000| Complete 
|  17|0x0000000081100000, 0x0000000081200000, 0x0000000081200000|100%|HS|  |TAMS 0x0000000081200000, 0x0000000081200000| Complete 
|  18|0x0000000081200000, 0x0000000081300000, 0x0000000081300000|100%|HS|  |TAMS 0x0000000081300000, 0x0000000081300000| Complete 
|  19|0x0000000081300000, 0x0000000081400000, 0x0000000081400000|100%|HC|  |TAMS 0x0000000081400000, 0x0000000081400000| Complete 
|  20|0x0000000081400000, 0x0000000081500000, 0x0000000081500000|100%| O|  |TAMS 0x0000000081500000, 0x0000000081500000| Untracked 
|  21|0x0000000081500000, 0x0000000081600000, 0x0000000081600000|100%| O|  |TAMS 0x0000000081600000, 0x0000000081600000| Untracked 
|  22|0x0000000081600000, 0x0000000081700000, 0x0000000081700000|100%| O|  |TAMS 0x0000000081700000, 0x0000000081700000| Untracked 
|  23|0x0000000081700000, 0x0000000081800000, 0x0000000081800000|100%| O|  |TAMS 0x0000000081800000, 0x0000000081800000| Untracked 
|  24|0x0000000081800000, 0x0000000081900000, 0x0000000081900000|100%| O|  |TAMS 0x0000000081900000, 0x0000000081900000| Untracked 
|  25|0x0000000081900000, 0x0000000081a00000, 0x0000000081a00000|100%| O|  |TAMS 0x0000000081a00000, 0x0000000081a00000| Untracked 
|  26|0x0000000081a00000, 0x0000000081b00000, 0x0000000081b00000|100%| O|  |TAMS 0x0000000081b00000, 0x0000000081b00000| Untracked 
|  27|0x0000000081b00000, 0x0000000081c00000, 0x0000000081c00000|100%| O|  |TAMS 0x0000000081c00000, 0x0000000081c00000| Untracked 
|  28|0x0000000081c00000, 0x0000000081d00000, 0x0000000081d00000|100%| O|  |TAMS 0x0000000081d00000, 0x0000000081d00000| Untracked 
|  29|0x0000000081d00000, 0x0000000081e00000, 0x0000000081e00000|100%| O|  |TAMS 0x0000000081e00000, 0x0000000081e00000| Untracked 
|  30|0x0000000081e00000, 0x0000000081f00000, 0x0000000081f00000|100%| O|  |TAMS 0x0000000081f00000, 0x0000000081f00000| Untracked 
|  31|0x0000000081f00000, 0x0000000082000000, 0x0000000082000000|100%| O|  |TAMS 0x0000000082000000, 0x0000000082000000| Untracked 
|  32|0x0000000082000000, 0x0000000082100000, 0x0000000082100000|100%| O|  |TAMS 0x0000000082100000, 0x0000000082100000| Untracked 
|  33|0x0000000082100000, 0x0000000082200000, 0x0000000082200000|100%| O|  |TAMS 0x0000000082200000, 0x0000000082200000| Untracked 
|  34|0x0000000082200000, 0x0000000082300000, 0x0000000082300000|100%| O|  |TAMS 0x0000000082300000, 0x0000000082300000| Untracked 
|  35|0x0000000082300000, 0x0000000082400000, 0x0000000082400000|100%| O|  |TAMS 0x0000000082400000, 0x0000000082400000| Untracked 
|  36|0x0000000082400000, 0x0000000082500000, 0x0000000082500000|100%| O|  |TAMS 0x0000000082500000, 0x0000000082500000| Untracked 
|  37|0x0000000082500000, 0x0000000082600000, 0x0000000082600000|100%| O|  |TAMS 0x0000000082600000, 0x0000000082600000| Untracked 
|  38|0x0000000082600000, 0x0000000082700000, 0x0000000082700000|100%| O|  |TAMS 0x0000000082700000, 0x0000000082700000| Untracked 
|  39|0x0000000082700000, 0x0000000082800000, 0x0000000082800000|100%| O|  |TAMS 0x0000000082800000, 0x0000000082800000| Untracked 
|  40|0x0000000082800000, 0x0000000082900000, 0x0000000082900000|100%| O|  |TAMS 0x0000000082900000, 0x0000000082900000| Untracked 
|  41|0x0000000082900000, 0x0000000082a00000, 0x0000000082a00000|100%| O|  |TAMS 0x0000000082a00000, 0x0000000082a00000| Untracked 
|  42|0x0000000082a00000, 0x0000000082b00000, 0x0000000082b00000|100%| O|  |TAMS 0x0000000082b00000, 0x0000000082b00000| Untracked 
|  43|0x0000000082b00000, 0x0000000082c00000, 0x0000000082c00000|100%| O|  |TAMS 0x0000000082c00000, 0x0000000082c00000| Untracked 
|  44|0x0000000082c00000, 0x0000000082d00000, 0x0000000082d00000|100%| O|  |TAMS 0x0000000082d00000, 0x0000000082d00000| Untracked 
|  45|0x0000000082d00000, 0x0000000082e00000, 0x0000000082e00000|100%| O|  |TAMS 0x0000000082e00000, 0x0000000082e00000| Untracked 
|  46|0x0000000082e00000, 0x0000000082f00000, 0x0000000082f00000|100%| O|  |TAMS 0x0000000082f00000, 0x0000000082f00000| Untracked 
|  47|0x0000000082f00000, 0x0000000083000000, 0x0000000083000000|100%| O|  |TAMS 0x0000000083000000, 0x0000000083000000| Untracked 
|  48|0x0000000083000000, 0x0000000083100000, 0x0000000083100000|100%| O|  |TAMS 0x0000000083100000, 0x0000000083100000| Untracked 
|  49|0x0000000083100000, 0x0000000083200000, 0x0000000083200000|100%| O|  |TAMS 0x0000000083200000, 0x0000000083200000| Untracked 
|  50|0x0000000083200000, 0x0000000083300000, 0x0000000083300000|100%| O|  |TAMS 0x0000000083300000, 0x0000000083300000| Untracked 
|  51|0x0000000083300000, 0x0000000083400000, 0x0000000083400000|100%| O|  |TAMS 0x0000000083400000, 0x0000000083400000| Untracked 
|  52|0x0000000083400000, 0x0000000083500000, 0x0000000083500000|100%|HS|  |TAMS 0x0000000083400000, 0x0000000083400000| Complete 
|  53|0x0000000083500000, 0x0000000083600000, 0x0000000083600000|100%| O|  |TAMS 0x0000000083600000, 0x0000000083600000| Untracked 
|  54|0x0000000083600000, 0x0000000083700000, 0x0000000083700000|100%| O|  |TAMS 0x0000000083700000, 0x0000000083700000| Untracked 
|  55|0x0000000083700000, 0x0000000083800000, 0x0000000083800000|100%| O|  |TAMS 0x0000000083800000, 0x0000000083800000| Untracked 
|  56|0x0000000083800000, 0x0000000083900000, 0x0000000083900000|100%| O|  |TAMS 0x0000000083900000, 0x0000000083900000| Untracked 
|  57|0x0000000083900000, 0x0000000083a00000, 0x0000000083a00000|100%| O|  |TAMS 0x0000000083a00000, 0x0000000083a00000| Untracked 
|  58|0x0000000083a00000, 0x0000000083b00000, 0x0000000083b00000|100%| O|  |TAMS 0x0000000083b00000, 0x0000000083b00000| Untracked 
|  59|0x0000000083b00000, 0x0000000083c00000, 0x0000000083c00000|100%| O|  |TAMS 0x0000000083c00000, 0x0000000083c00000| Untracked 
|  60|0x0000000083c00000, 0x0000000083d00000, 0x0000000083d00000|100%| O|  |TAMS 0x0000000083d00000, 0x0000000083d00000| Untracked 
|  61|0x0000000083d00000, 0x0000000083e00000, 0x0000000083e00000|100%|HS|  |TAMS 0x0000000083d00000, 0x0000000083d00000| Complete 
|  62|0x0000000083e00000, 0x0000000083f00000, 0x0000000083f00000|100%| O|  |TAMS 0x0000000083f00000, 0x0000000083f00000| Untracked 
|  63|0x0000000083f00000, 0x0000000084000000, 0x0000000084000000|100%| O|  |TAMS 0x0000000084000000, 0x0000000084000000| Untracked 
|  64|0x0000000084000000, 0x0000000084100000, 0x0000000084100000|100%| O|  |TAMS 0x0000000084000000, 0x0000000084000000| Untracked 
|  65|0x0000000084100000, 0x0000000084200000, 0x0000000084200000|100%| O|  |TAMS 0x0000000084200000, 0x0000000084200000| Untracked 
|  66|0x0000000084200000, 0x0000000084300000, 0x0000000084300000|100%| O|  |TAMS 0x0000000084300000, 0x0000000084300000| Untracked 
|  67|0x0000000084300000, 0x0000000084400000, 0x0000000084400000|100%| O|  |TAMS 0x0000000084400000, 0x0000000084400000| Untracked 
|  68|0x0000000084400000, 0x0000000084500000, 0x0000000084500000|100%| O|  |TAMS 0x0000000084500000, 0x0000000084500000| Untracked 
|  69|0x0000000084500000, 0x0000000084600000, 0x0000000084600000|100%| O|  |TAMS 0x0000000084600000, 0x0000000084600000| Untracked 
|  70|0x0000000084600000, 0x0000000084700000, 0x0000000084700000|100%| O|  |TAMS 0x0000000084700000, 0x0000000084700000| Untracked 
|  71|0x0000000084700000, 0x0000000084800000, 0x0000000084800000|100%| O|  |TAMS 0x0000000084800000, 0x0000000084800000| Untracked 
|  72|0x0000000084800000, 0x0000000084900000, 0x0000000084900000|100%| O|  |TAMS 0x0000000084900000, 0x0000000084900000| Untracked 
|  73|0x0000000084900000, 0x0000000084a00000, 0x0000000084a00000|100%| O|  |TAMS 0x0000000084a00000, 0x0000000084a00000| Untracked 
|  74|0x0000000084a00000, 0x0000000084a4c400, 0x0000000084b00000| 29%| O|  |TAMS 0x0000000084a00000, 0x0000000084a00000| Untracked 
|  75|0x0000000084b00000, 0x0000000084b00000, 0x0000000084c00000|  0%| F|  |TAMS 0x0000000084b00000, 0x0000000084b00000| Untracked 
|  76|0x0000000084c00000, 0x0000000084d00000, 0x0000000084d00000|100%| O|  |TAMS 0x0000000084d00000, 0x0000000084d00000| Untracked 
|  77|0x0000000084d00000, 0x0000000084e00000, 0x0000000084e00000|100%| O|  |TAMS 0x0000000084e00000, 0x0000000084e00000| Untracked 
|  78|0x0000000084e00000, 0x0000000084f00000, 0x0000000084f00000|100%| O|  |TAMS 0x0000000084f00000, 0x0000000084f00000| Untracked 
|  79|0x0000000084f00000, 0x0000000085000000, 0x0000000085000000|100%| O|  |TAMS 0x0000000085000000, 0x0000000085000000| Untracked 
|  80|0x0000000085000000, 0x0000000085100000, 0x0000000085100000|100%| O|  |TAMS 0x0000000085100000, 0x0000000085100000| Untracked 
|  81|0x0000000085100000, 0x0000000085200000, 0x0000000085200000|100%| O|  |TAMS 0x0000000085200000, 0x0000000085200000| Untracked 
|  82|0x0000000085200000, 0x0000000085300000, 0x0000000085300000|100%| O|  |TAMS 0x0000000085300000, 0x0000000085300000| Untracked 
|  83|0x0000000085300000, 0x0000000085400000, 0x0000000085400000|100%|HS|  |TAMS 0x0000000085400000, 0x0000000085400000| Complete 
|  84|0x0000000085400000, 0x0000000085500000, 0x0000000085500000|100%|HC|  |TAMS 0x0000000085500000, 0x0000000085500000| Complete 
|  85|0x0000000085500000, 0x0000000085600000, 0x0000000085600000|100%|HS|  |TAMS 0x0000000085600000, 0x0000000085600000| Complete 
|  86|0x0000000085600000, 0x0000000085700000, 0x0000000085700000|100%|HS|  |TAMS 0x0000000085700000, 0x0000000085700000| Complete 
|  87|0x0000000085700000, 0x0000000085800000, 0x0000000085800000|100%|HS|  |TAMS 0x0000000085800000, 0x0000000085800000| Complete 
|  88|0x0000000085800000, 0x0000000085900000, 0x0000000085900000|100%|HS|  |TAMS 0x0000000085900000, 0x0000000085900000| Complete 
|  89|0x0000000085900000, 0x0000000085a00000, 0x0000000085a00000|100%|HS|  |TAMS 0x0000000085a00000, 0x0000000085a00000| Complete 
|  90|0x0000000085a00000, 0x0000000085b00000, 0x0000000085b00000|100%| O|  |TAMS 0x0000000085b00000, 0x0000000085b00000| Untracked 
|  91|0x0000000085b00000, 0x0000000085c00000, 0x0000000085c00000|100%| O|  |TAMS 0x0000000085c00000, 0x0000000085c00000| Untracked 
|  92|0x0000000085c00000, 0x0000000085d00000, 0x0000000085d00000|100%| O|  |TAMS 0x0000000085c00000, 0x0000000085d00000| Untracked 
|  93|0x0000000085d00000, 0x0000000085e00000, 0x0000000085e00000|100%| O|  |TAMS 0x0000000085d00000, 0x0000000085e00000| Untracked 
|  94|0x0000000085e00000, 0x0000000085f00000, 0x0000000085f00000|100%| O|  |TAMS 0x0000000085f00000, 0x0000000085f00000| Untracked 
|  95|0x0000000085f00000, 0x0000000086000000, 0x0000000086000000|100%| O|  |TAMS 0x0000000085f00000, 0x0000000086000000| Untracked 
|  96|0x0000000086000000, 0x0000000086100000, 0x0000000086100000|100%| O|  |TAMS 0x0000000086100000, 0x0000000086100000| Untracked 
|  97|0x0000000086100000, 0x0000000086200000, 0x0000000086200000|100%| O|  |TAMS 0x0000000086100000, 0x0000000086200000| Untracked 
|  98|0x0000000086200000, 0x0000000086300000, 0x0000000086300000|100%| O|  |TAMS 0x0000000086300000, 0x0000000086300000| Untracked 
|  99|0x0000000086300000, 0x0000000086400000, 0x0000000086400000|100%| O|  |TAMS 0x0000000086300000, 0x0000000086400000| Untracked 
| 100|0x0000000086400000, 0x0000000086500000, 0x0000000086500000|100%| O|  |TAMS 0x0000000086500000, 0x0000000086500000| Untracked 
| 101|0x0000000086500000, 0x0000000086600000, 0x0000000086600000|100%| O|  |TAMS 0x0000000086500000, 0x0000000086600000| Untracked 
| 102|0x0000000086600000, 0x0000000086600000, 0x0000000086700000|  0%| F|  |TAMS 0x0000000086600000, 0x0000000086600000| Untracked 
| 103|0x0000000086700000, 0x0000000086800000, 0x0000000086800000|100%| O|  |TAMS 0x0000000086700000, 0x0000000086800000| Untracked 
| 104|0x0000000086800000, 0x0000000086900000, 0x0000000086900000|100%|HS|  |TAMS 0x0000000086900000, 0x0000000086900000| Complete 
| 105|0x0000000086900000, 0x0000000086a00000, 0x0000000086a00000|100%|HS|  |TAMS 0x0000000086a00000, 0x0000000086a00000| Complete 
| 106|0x0000000086a00000, 0x0000000086b00000, 0x0000000086b00000|100%| O|  |TAMS 0x0000000086b00000, 0x0000000086b00000| Untracked 
| 107|0x0000000086b00000, 0x0000000086c00000, 0x0000000086c00000|100%| O|  |TAMS 0x0000000086c00000, 0x0000000086c00000| Untracked 
| 108|0x0000000086c00000, 0x0000000086d00000, 0x0000000086d00000|100%| O|  |TAMS 0x0000000086d00000, 0x0000000086d00000| Untracked 
| 109|0x0000000086d00000, 0x0000000086e00000, 0x0000000086e00000|100%| O|  |TAMS 0x0000000086e00000, 0x0000000086e00000| Untracked 
| 110|0x0000000086e00000, 0x0000000086f00000, 0x0000000086f00000|100%| O|  |TAMS 0x0000000086f00000, 0x0000000086f00000| Untracked 
| 111|0x0000000086f00000, 0x0000000087000000, 0x0000000087000000|100%| O|  |TAMS 0x0000000087000000, 0x0000000087000000| Untracked 
| 112|0x0000000087000000, 0x0000000087100000, 0x0000000087100000|100%| O|  |TAMS 0x0000000087100000, 0x0000000087100000| Untracked 
| 113|0x0000000087100000, 0x0000000087200000, 0x0000000087200000|100%| O|  |TAMS 0x0000000087200000, 0x0000000087200000| Untracked 
| 114|0x0000000087200000, 0x0000000087300000, 0x0000000087300000|100%| O|  |TAMS 0x0000000087300000, 0x0000000087300000| Untracked 
| 115|0x0000000087300000, 0x0000000087400000, 0x0000000087400000|100%| O|  |TAMS 0x0000000087400000, 0x0000000087400000| Untracked 
| 116|0x0000000087400000, 0x0000000087500000, 0x0000000087500000|100%| O|  |TAMS 0x0000000087500000, 0x0000000087500000| Untracked 
| 117|0x0000000087500000, 0x0000000087600000, 0x0000000087600000|100%| O|  |TAMS 0x0000000087600000, 0x0000000087600000| Untracked 
| 118|0x0000000087600000, 0x0000000087700000, 0x0000000087700000|100%| O|  |TAMS 0x0000000087700000, 0x0000000087700000| Untracked 
| 119|0x0000000087700000, 0x0000000087800000, 0x0000000087800000|100%| O|  |TAMS 0x0000000087800000, 0x0000000087800000| Untracked 
| 120|0x0000000087800000, 0x0000000087900000, 0x0000000087900000|100%| O|  |TAMS 0x0000000087900000, 0x0000000087900000| Untracked 
| 121|0x0000000087900000, 0x0000000087a00000, 0x0000000087a00000|100%| O|  |TAMS 0x0000000087a00000, 0x0000000087a00000| Untracked 
| 122|0x0000000087a00000, 0x0000000087b00000, 0x0000000087b00000|100%| O|  |TAMS 0x0000000087b00000, 0x0000000087b00000| Untracked 
| 123|0x0000000087b00000, 0x0000000087c00000, 0x0000000087c00000|100%| O|  |TAMS 0x0000000087b00000, 0x0000000087c00000| Untracked 
| 124|0x0000000087c00000, 0x0000000087c00000, 0x0000000087d00000|  0%| F|  |TAMS 0x0000000087c00000, 0x0000000087c00000| Untracked 
| 125|0x0000000087d00000, 0x0000000087d00000, 0x0000000087e00000|  0%| F|  |TAMS 0x0000000087d00000, 0x0000000087d00000| Untracked 
| 126|0x0000000087e00000, 0x0000000087e00000, 0x0000000087f00000|  0%| F|  |TAMS 0x0000000087e00000, 0x0000000087e00000| Untracked 
| 127|0x0000000087f00000, 0x0000000087f00000, 0x0000000088000000|  0%| F|  |TAMS 0x0000000087f00000, 0x0000000087f00000| Untracked 
| 128|0x0000000088000000, 0x0000000088000000, 0x0000000088100000|  0%| F|  |TAMS 0x0000000088000000, 0x0000000088000000| Untracked 
| 129|0x0000000088100000, 0x0000000088100000, 0x0000000088200000|  0%| F|  |TAMS 0x0000000088100000, 0x0000000088100000| Untracked 
| 130|0x0000000088200000, 0x0000000088200000, 0x0000000088300000|  0%| F|  |TAMS 0x0000000088200000, 0x0000000088200000| Untracked 
| 131|0x0000000088300000, 0x0000000088400000, 0x0000000088400000|100%| O|  |TAMS 0x0000000088400000, 0x0000000088400000| Untracked 
| 132|0x0000000088400000, 0x0000000088500000, 0x0000000088500000|100%| O|  |TAMS 0x0000000088500000, 0x0000000088500000| Untracked 
| 133|0x0000000088500000, 0x0000000088600000, 0x0000000088600000|100%| O|  |TAMS 0x0000000088600000, 0x0000000088600000| Untracked 
| 134|0x0000000088600000, 0x0000000088700000, 0x0000000088700000|100%| O|  |TAMS 0x0000000088700000, 0x0000000088700000| Untracked 
| 135|0x0000000088700000, 0x0000000088800000, 0x0000000088800000|100%| O|  |TAMS 0x0000000088800000, 0x0000000088800000| Untracked 
| 136|0x0000000088800000, 0x0000000088900000, 0x0000000088900000|100%| O|  |TAMS 0x0000000088900000, 0x0000000088900000| Untracked 
| 137|0x0000000088900000, 0x0000000088a00000, 0x0000000088a00000|100%| O|  |TAMS 0x0000000088a00000, 0x0000000088a00000| Untracked 
| 138|0x0000000088a00000, 0x0000000088b00000, 0x0000000088b00000|100%| O|  |TAMS 0x0000000088b00000, 0x0000000088b00000| Untracked 
| 139|0x0000000088b00000, 0x0000000088c00000, 0x0000000088c00000|100%| O|  |TAMS 0x0000000088c00000, 0x0000000088c00000| Untracked 
| 140|0x0000000088c00000, 0x0000000088d00000, 0x0000000088d00000|100%| O|  |TAMS 0x0000000088d00000, 0x0000000088d00000| Untracked 
| 141|0x0000000088d00000, 0x0000000088e00000, 0x0000000088e00000|100%| O|  |TAMS 0x0000000088e00000, 0x0000000088e00000| Untracked 
| 142|0x0000000088e00000, 0x0000000088f00000, 0x0000000088f00000|100%| O|  |TAMS 0x0000000088f00000, 0x0000000088f00000| Untracked 
| 143|0x0000000088f00000, 0x0000000089000000, 0x0000000089000000|100%| O|  |TAMS 0x0000000089000000, 0x0000000089000000| Untracked 
| 144|0x0000000089000000, 0x0000000089100000, 0x0000000089100000|100%| O|  |TAMS 0x0000000089100000, 0x0000000089100000| Untracked 
| 145|0x0000000089100000, 0x0000000089200000, 0x0000000089200000|100%| O|  |TAMS 0x0000000089200000, 0x0000000089200000| Untracked 
| 146|0x0000000089200000, 0x0000000089300000, 0x0000000089300000|100%| O|  |TAMS 0x0000000089300000, 0x0000000089300000| Untracked 
| 147|0x0000000089300000, 0x0000000089400000, 0x0000000089400000|100%| O|  |TAMS 0x0000000089400000, 0x0000000089400000| Untracked 
| 148|0x0000000089400000, 0x0000000089500000, 0x0000000089500000|100%| O|  |TAMS 0x0000000089500000, 0x0000000089500000| Untracked 
| 149|0x0000000089500000, 0x0000000089600000, 0x0000000089600000|100%| O|  |TAMS 0x0000000089600000, 0x0000000089600000| Untracked 
| 150|0x0000000089600000, 0x0000000089700000, 0x0000000089700000|100%| O|  |TAMS 0x0000000089700000, 0x0000000089700000| Untracked 
| 151|0x0000000089700000, 0x0000000089800000, 0x0000000089800000|100%| O|  |TAMS 0x0000000089800000, 0x0000000089800000| Untracked 
| 152|0x0000000089800000, 0x0000000089900000, 0x0000000089900000|100%| O|  |TAMS 0x0000000089900000, 0x0000000089900000| Untracked 
| 153|0x0000000089900000, 0x0000000089a00000, 0x0000000089a00000|100%| O|  |TAMS 0x0000000089a00000, 0x0000000089a00000| Untracked 
| 154|0x0000000089a00000, 0x0000000089b00000, 0x0000000089b00000|100%| O|  |TAMS 0x0000000089b00000, 0x0000000089b00000| Untracked 
| 155|0x0000000089b00000, 0x0000000089c00000, 0x0000000089c00000|100%| O|  |TAMS 0x0000000089c00000, 0x0000000089c00000| Untracked 
| 156|0x0000000089c00000, 0x0000000089d00000, 0x0000000089d00000|100%| O|  |TAMS 0x0000000089d00000, 0x0000000089d00000| Untracked 
| 157|0x0000000089d00000, 0x0000000089e00000, 0x0000000089e00000|100%| O|  |TAMS 0x0000000089e00000, 0x0000000089e00000| Untracked 
| 158|0x0000000089e00000, 0x0000000089f00000, 0x0000000089f00000|100%| O|  |TAMS 0x0000000089f00000, 0x0000000089f00000| Untracked 
| 159|0x0000000089f00000, 0x000000008a000000, 0x000000008a000000|100%| O|  |TAMS 0x000000008a000000, 0x000000008a000000| Untracked 
| 160|0x000000008a000000, 0x000000008a100000, 0x000000008a100000|100%| O|  |TAMS 0x000000008a100000, 0x000000008a100000| Untracked 
| 161|0x000000008a100000, 0x000000008a200000, 0x000000008a200000|100%| O|  |TAMS 0x000000008a200000, 0x000000008a200000| Untracked 
| 162|0x000000008a200000, 0x000000008a300000, 0x000000008a300000|100%| O|  |TAMS 0x000000008a300000, 0x000000008a300000| Untracked 
| 163|0x000000008a300000, 0x000000008a400000, 0x000000008a400000|100%| O|  |TAMS 0x000000008a400000, 0x000000008a400000| Untracked 
| 164|0x000000008a400000, 0x000000008a500000, 0x000000008a500000|100%| O|  |TAMS 0x000000008a500000, 0x000000008a500000| Untracked 
| 165|0x000000008a500000, 0x000000008a600000, 0x000000008a600000|100%| O|  |TAMS 0x000000008a600000, 0x000000008a600000| Untracked 
| 166|0x000000008a600000, 0x000000008a700000, 0x000000008a700000|100%| O|  |TAMS 0x000000008a700000, 0x000000008a700000| Untracked 
| 167|0x000000008a700000, 0x000000008a800000, 0x000000008a800000|100%| O|  |TAMS 0x000000008a800000, 0x000000008a800000| Untracked 
| 168|0x000000008a800000, 0x000000008a900000, 0x000000008a900000|100%| O|  |TAMS 0x000000008a900000, 0x000000008a900000| Untracked 
| 169|0x000000008a900000, 0x000000008aa00000, 0x000000008aa00000|100%| O|  |TAMS 0x000000008aa00000, 0x000000008aa00000| Untracked 
| 170|0x000000008aa00000, 0x000000008ab00000, 0x000000008ab00000|100%| O|  |TAMS 0x000000008ab00000, 0x000000008ab00000| Untracked 
| 171|0x000000008ab00000, 0x000000008ac00000, 0x000000008ac00000|100%| O|  |TAMS 0x000000008ac00000, 0x000000008ac00000| Untracked 
| 172|0x000000008ac00000, 0x000000008ad00000, 0x000000008ad00000|100%| O|  |TAMS 0x000000008ad00000, 0x000000008ad00000| Untracked 
| 173|0x000000008ad00000, 0x000000008ae00000, 0x000000008ae00000|100%| O|  |TAMS 0x000000008ae00000, 0x000000008ae00000| Untracked 
| 174|0x000000008ae00000, 0x000000008af00000, 0x000000008af00000|100%| O|  |TAMS 0x000000008af00000, 0x000000008af00000| Untracked 
| 175|0x000000008af00000, 0x000000008af00000, 0x000000008b000000|  0%| F|  |TAMS 0x000000008af00000, 0x000000008af00000| Untracked 
| 176|0x000000008b000000, 0x000000008b100000, 0x000000008b100000|100%| O|  |TAMS 0x000000008b100000, 0x000000008b100000| Untracked 
| 177|0x000000008b100000, 0x000000008b200000, 0x000000008b200000|100%| O|  |TAMS 0x000000008b200000, 0x000000008b200000| Untracked 
| 178|0x000000008b200000, 0x000000008b300000, 0x000000008b300000|100%| O|  |TAMS 0x000000008b300000, 0x000000008b300000| Untracked 
| 179|0x000000008b300000, 0x000000008b400000, 0x000000008b400000|100%| O|  |TAMS 0x000000008b400000, 0x000000008b400000| Untracked 
| 180|0x000000008b400000, 0x000000008b500000, 0x000000008b500000|100%| O|  |TAMS 0x000000008b500000, 0x000000008b500000| Untracked 
| 181|0x000000008b500000, 0x000000008b600000, 0x000000008b600000|100%| O|  |TAMS 0x000000008b600000, 0x000000008b600000| Untracked 
| 182|0x000000008b600000, 0x000000008b700000, 0x000000008b700000|100%| O|  |TAMS 0x000000008b700000, 0x000000008b700000| Untracked 
| 183|0x000000008b700000, 0x000000008b800000, 0x000000008b800000|100%| O|  |TAMS 0x000000008b800000, 0x000000008b800000| Untracked 
| 184|0x000000008b800000, 0x000000008b900000, 0x000000008b900000|100%| O|  |TAMS 0x000000008b900000, 0x000000008b900000| Untracked 
| 185|0x000000008b900000, 0x000000008ba00000, 0x000000008ba00000|100%| O|  |TAMS 0x000000008ba00000, 0x000000008ba00000| Untracked 
| 186|0x000000008ba00000, 0x000000008bb00000, 0x000000008bb00000|100%| O|  |TAMS 0x000000008bb00000, 0x000000008bb00000| Untracked 
| 187|0x000000008bb00000, 0x000000008bc00000, 0x000000008bc00000|100%| O|  |TAMS 0x000000008bc00000, 0x000000008bc00000| Untracked 
| 188|0x000000008bc00000, 0x000000008bd00000, 0x000000008bd00000|100%| O|  |TAMS 0x000000008bd00000, 0x000000008bd00000| Untracked 
| 189|0x000000008bd00000, 0x000000008be00000, 0x000000008be00000|100%| O|  |TAMS 0x000000008be00000, 0x000000008be00000| Untracked 
| 190|0x000000008be00000, 0x000000008be00000, 0x000000008bf00000|  0%| F|  |TAMS 0x000000008be00000, 0x000000008be00000| Untracked 
| 191|0x000000008bf00000, 0x000000008bf00000, 0x000000008c000000|  0%| F|  |TAMS 0x000000008bf00000, 0x000000008bf00000| Untracked 
| 192|0x000000008c000000, 0x000000008c000000, 0x000000008c100000|  0%| F|  |TAMS 0x000000008c000000, 0x000000008c000000| Untracked 
| 193|0x000000008c100000, 0x000000008c200000, 0x000000008c200000|100%| O|  |TAMS 0x000000008c200000, 0x000000008c200000| Untracked 
| 194|0x000000008c200000, 0x000000008c300000, 0x000000008c300000|100%| O|  |TAMS 0x000000008c300000, 0x000000008c300000| Untracked 
| 195|0x000000008c300000, 0x000000008c400000, 0x000000008c400000|100%| O|  |TAMS 0x000000008c400000, 0x000000008c400000| Untracked 
| 196|0x000000008c400000, 0x000000008c400000, 0x000000008c500000|  0%| F|  |TAMS 0x000000008c400000, 0x000000008c400000| Untracked 
| 197|0x000000008c500000, 0x000000008c500000, 0x000000008c600000|  0%| F|  |TAMS 0x000000008c500000, 0x000000008c500000| Untracked 
| 198|0x000000008c600000, 0x000000008c700000, 0x000000008c700000|100%| O|  |TAMS 0x000000008c700000, 0x000000008c700000| Untracked 
| 199|0x000000008c700000, 0x000000008c800000, 0x000000008c800000|100%| O|  |TAMS 0x000000008c800000, 0x000000008c800000| Untracked 
| 200|0x000000008c800000, 0x000000008c800000, 0x000000008c900000|  0%| F|  |TAMS 0x000000008c800000, 0x000000008c800000| Untracked 
| 201|0x000000008c900000, 0x000000008c900000, 0x000000008ca00000|  0%| F|  |TAMS 0x000000008c900000, 0x000000008c900000| Untracked 
| 202|0x000000008ca00000, 0x000000008cb00000, 0x000000008cb00000|100%| O|  |TAMS 0x000000008cacbe00, 0x000000008cb00000| Untracked 
| 203|0x000000008cb00000, 0x000000008cc00000, 0x000000008cc00000|100%| O|  |TAMS 0x000000008cb00000, 0x000000008cc00000| Untracked 
| 204|0x000000008cc00000, 0x000000008cd00000, 0x000000008cd00000|100%| O|  |TAMS 0x000000008cc00000, 0x000000008cd00000| Untracked 
| 205|0x000000008cd00000, 0x000000008ce00000, 0x000000008ce00000|100%| O|  |TAMS 0x000000008cd00000, 0x000000008ce00000| Untracked 
| 206|0x000000008ce00000, 0x000000008cf00000, 0x000000008cf00000|100%| O|  |TAMS 0x000000008ce00000, 0x000000008cf00000| Untracked 
| 207|0x000000008cf00000, 0x000000008d000000, 0x000000008d000000|100%| O|  |TAMS 0x000000008cf00000, 0x000000008d000000| Untracked 
| 208|0x000000008d000000, 0x000000008d100000, 0x000000008d100000|100%| O|  |TAMS 0x000000008d000000, 0x000000008d100000| Untracked 
| 209|0x000000008d100000, 0x000000008d200000, 0x000000008d200000|100%| O|  |TAMS 0x000000008d100000, 0x000000008d1fbc00| Untracked 
| 210|0x000000008d200000, 0x000000008d200000, 0x000000008d300000|  0%| F|  |TAMS 0x000000008d200000, 0x000000008d200000| Untracked 
| 211|0x000000008d300000, 0x000000008d300000, 0x000000008d400000|  0%| F|  |TAMS 0x000000008d300000, 0x000000008d300000| Untracked 
| 212|0x000000008d400000, 0x000000008d400000, 0x000000008d500000|  0%| F|  |TAMS 0x000000008d400000, 0x000000008d400000| Untracked 
| 213|0x000000008d500000, 0x000000008d500000, 0x000000008d600000|  0%| F|  |TAMS 0x000000008d500000, 0x000000008d500000| Untracked 
| 214|0x000000008d600000, 0x000000008d600000, 0x000000008d700000|  0%| F|  |TAMS 0x000000008d600000, 0x000000008d600000| Untracked 
| 215|0x000000008d700000, 0x000000008d700000, 0x000000008d800000|  0%| F|  |TAMS 0x000000008d700000, 0x000000008d700000| Untracked 
| 216|0x000000008d800000, 0x000000008d800000, 0x000000008d900000|  0%| F|  |TAMS 0x000000008d800000, 0x000000008d800000| Untracked 
| 217|0x000000008d900000, 0x000000008d900000, 0x000000008da00000|  0%| F|  |TAMS 0x000000008d900000, 0x000000008d900000| Untracked 
| 218|0x000000008da00000, 0x000000008da00000, 0x000000008db00000|  0%| F|  |TAMS 0x000000008da00000, 0x000000008da00000| Untracked 
| 219|0x000000008db00000, 0x000000008db00000, 0x000000008dc00000|  0%| F|  |TAMS 0x000000008db00000, 0x000000008db00000| Untracked 
| 220|0x000000008dc00000, 0x000000008dc00000, 0x000000008dd00000|  0%| F|  |TAMS 0x000000008dc00000, 0x000000008dc00000| Untracked 
| 221|0x000000008dd00000, 0x000000008dd00000, 0x000000008de00000|  0%| F|  |TAMS 0x000000008dd00000, 0x000000008dd00000| Untracked 
| 222|0x000000008de00000, 0x000000008de00000, 0x000000008df00000|  0%| F|  |TAMS 0x000000008de00000, 0x000000008de00000| Untracked 
| 223|0x000000008df00000, 0x000000008df00000, 0x000000008e000000|  0%| F|  |TAMS 0x000000008df00000, 0x000000008df00000| Untracked 
| 224|0x000000008e000000, 0x000000008e000000, 0x000000008e100000|  0%| F|  |TAMS 0x000000008e000000, 0x000000008e000000| Untracked 
| 225|0x000000008e100000, 0x000000008e100000, 0x000000008e200000|  0%| F|  |TAMS 0x000000008e100000, 0x000000008e100000| Untracked 
| 226|0x000000008e200000, 0x000000008e200000, 0x000000008e300000|  0%| F|  |TAMS 0x000000008e200000, 0x000000008e200000| Untracked 
| 227|0x000000008e300000, 0x000000008e300000, 0x000000008e400000|  0%| F|  |TAMS 0x000000008e300000, 0x000000008e300000| Untracked 
| 228|0x000000008e400000, 0x000000008e400000, 0x000000008e500000|  0%| F|  |TAMS 0x000000008e400000, 0x000000008e400000| Untracked 
| 229|0x000000008e500000, 0x000000008e500000, 0x000000008e600000|  0%| F|  |TAMS 0x000000008e500000, 0x000000008e500000| Untracked 
| 230|0x000000008e600000, 0x000000008e63f100, 0x000000008e700000| 24%| S|CS|TAMS 0x000000008e600000, 0x000000008e600000| Complete 
| 231|0x000000008e700000, 0x000000008e800000, 0x000000008e800000|100%| S|CS|TAMS 0x000000008e700000, 0x000000008e700000| Complete 
| 232|0x000000008e800000, 0x000000008e900000, 0x000000008e900000|100%| S|CS|TAMS 0x000000008e800000, 0x000000008e800000| Complete 
| 233|0x000000008e900000, 0x000000008e900000, 0x000000008ea00000|  0%| F|  |TAMS 0x000000008e900000, 0x000000008e900000| Untracked 
| 234|0x000000008ea00000, 0x000000008ea00000, 0x000000008eb00000|  0%| F|  |TAMS 0x000000008ea00000, 0x000000008ea00000| Untracked 
| 235|0x000000008eb00000, 0x000000008eb00000, 0x000000008ec00000|  0%| F|  |TAMS 0x000000008eb00000, 0x000000008eb00000| Untracked 
| 236|0x000000008ec00000, 0x000000008ec00000, 0x000000008ed00000|  0%| F|  |TAMS 0x000000008ec00000, 0x000000008ec00000| Untracked 
| 237|0x000000008ed00000, 0x000000008ed00000, 0x000000008ee00000|  0%| F|  |TAMS 0x000000008ed00000, 0x000000008ed00000| Untracked 
| 238|0x000000008ee00000, 0x000000008ee00000, 0x000000008ef00000|  0%| F|  |TAMS 0x000000008ee00000, 0x000000008ee00000| Untracked 
| 239|0x000000008ef00000, 0x000000008ef00000, 0x000000008f000000|  0%| F|  |TAMS 0x000000008ef00000, 0x000000008ef00000| Untracked 
| 240|0x000000008f000000, 0x000000008f000000, 0x000000008f100000|  0%| F|  |TAMS 0x000000008f000000, 0x000000008f000000| Untracked 
| 241|0x000000008f100000, 0x000000008f100000, 0x000000008f200000|  0%| F|  |TAMS 0x000000008f100000, 0x000000008f100000| Untracked 
| 242|0x000000008f200000, 0x000000008f200000, 0x000000008f300000|  0%| F|  |TAMS 0x000000008f200000, 0x000000008f200000| Untracked 
| 243|0x000000008f300000, 0x000000008f300000, 0x000000008f400000|  0%| F|  |TAMS 0x000000008f300000, 0x000000008f300000| Untracked 
| 244|0x000000008f400000, 0x000000008f400000, 0x000000008f500000|  0%| F|  |TAMS 0x000000008f400000, 0x000000008f400000| Untracked 
| 245|0x000000008f500000, 0x000000008f500000, 0x000000008f600000|  0%| F|  |TAMS 0x000000008f500000, 0x000000008f500000| Untracked 
| 246|0x000000008f600000, 0x000000008f600000, 0x000000008f700000|  0%| F|  |TAMS 0x000000008f600000, 0x000000008f600000| Untracked 
| 247|0x000000008f700000, 0x000000008f700000, 0x000000008f800000|  0%| F|  |TAMS 0x000000008f700000, 0x000000008f700000| Untracked 
| 248|0x000000008f800000, 0x000000008f800000, 0x000000008f900000|  0%| F|  |TAMS 0x000000008f800000, 0x000000008f800000| Untracked 
| 249|0x000000008f900000, 0x000000008f900000, 0x000000008fa00000|  0%| F|  |TAMS 0x000000008f900000, 0x000000008f900000| Untracked 
| 250|0x000000008fa00000, 0x000000008fa00000, 0x000000008fb00000|  0%| F|  |TAMS 0x000000008fa00000, 0x000000008fa00000| Untracked 
| 251|0x000000008fb00000, 0x000000008fb00000, 0x000000008fc00000|  0%| F|  |TAMS 0x000000008fb00000, 0x000000008fb00000| Untracked 
| 252|0x000000008fc00000, 0x000000008fc00000, 0x000000008fd00000|  0%| F|  |TAMS 0x000000008fc00000, 0x000000008fc00000| Untracked 
| 253|0x000000008fd00000, 0x000000008fd00000, 0x000000008fe00000|  0%| F|  |TAMS 0x000000008fd00000, 0x000000008fd00000| Untracked 
| 254|0x000000008fe00000, 0x000000008fe00000, 0x000000008ff00000|  0%| F|  |TAMS 0x000000008fe00000, 0x000000008fe00000| Untracked 
| 255|0x000000008ff00000, 0x0000000090000000, 0x0000000090000000|100%| O|  |TAMS 0x0000000090000000, 0x0000000090000000| Untracked 

Card table byte_map: [0x000002671b9b0000,0x000002671bdb0000] _byte_map_base: 0x000002671b5b0000

Marking Bits (Prev, Next): (CMBitMap*) 0x00000267087b0010, (CMBitMap*) 0x00000267087affd8
 Prev Bits: [0x000002671e1b0000, 0x00000267201b0000)
 Next Bits: [0x000002671c1b0000, 0x000002671e1b0000)

Polling page: 0x0000026707f50000

Metaspace:

Usage:
  Non-class:     93.61 MB capacity,    91.93 MB ( 98%) used,     1.36 MB (  1%) free+waste,   327.75 KB ( <1%) overhead. 
      Class:     14.41 MB capacity,    13.42 MB ( 93%) used,   869.41 KB (  6%) free+waste,   144.25 KB ( <1%) overhead. 
       Both:    108.02 MB capacity,   105.34 MB ( 98%) used,     2.21 MB (  2%) free+waste,   472.00 KB ( <1%) overhead. 

Virtual space:
  Non-class space:       94.00 MB reserved,      93.65 MB (>99%) committed 
      Class space:        1.00 GB reserved,      14.49 MB (  1%) committed 
             Both:        1.09 GB reserved,     108.14 MB ( 10%) committed 

Chunk freelists:
   Non-Class:  40.00 KB
       Class:  0 bytes
        Both:  40.00 KB

MaxMetaspaceSize: 17179869184.00 GB
CompressedClassSpaceSize: 1.00 GB
Initial GC threshold: 20.80 MB
Current GC threshold: 179.82 MB
CDS: off

CodeHeap 'non-profiled nmethods': size=120000Kb used=11727Kb max_used=11907Kb free=108272Kb
 bounds [0x0000026713d50000, 0x0000026714900000, 0x000002671b280000]
CodeHeap 'profiled nmethods': size=120000Kb used=32259Kb max_used=33729Kb free=87740Kb
 bounds [0x000002670c820000, 0x000002670e920000, 0x0000026713d50000]
CodeHeap 'non-nmethods': size=5760Kb used=2414Kb max_used=2459Kb free=3345Kb
 bounds [0x000002670c280000, 0x000002670c4f0000, 0x000002670c820000]
 total_blobs=15974 nmethods=15052 adapters=834
 compilation: enabled
              stopped_count=0, restarted_count=0
 full_count=0

Compilation events (20 events):
Event: 1331.026 Thread 0x00000267234ff000 nmethod 15960 0x0000026713da2010 code [0x0000026713da21a0, 0x0000026713da21f8]
Event: 1331.026 Thread 0x00000267234ff000 16043       4       com.android.tools.r8.graph.w0::<init> (6 bytes)
Event: 1331.027 Thread 0x00000267234ff000 nmethod 16043 0x0000026713da1d10 code [0x0000026713da1ea0, 0x0000026713da1ef8]
Event: 1331.027 Thread 0x00000267234ff000 16044       4       com.android.tools.r8.graph.v0$d::<init> (8 bytes)
Event: 1331.029 Thread 0x0000026723502000 16064       2       com.android.tools.r8.code.M::a (1 bytes)
Event: 1331.029 Thread 0x0000026723502000 nmethod 16064 0x000002670cd85f10 code [0x000002670cd860c0, 0x000002670cd861b8]
Event: 1331.030 Thread 0x00000267234ff000 nmethod 16044 0x0000026713ddc710 code [0x0000026713ddc8a0, 0x0000026713ddcb58]
Event: 1331.030 Thread 0x00000267234ff000 15953       4       com.android.tools.r8.graph.X::a (56 bytes)
Event: 1331.043 Thread 0x00000267234ff000 nmethod 15953 0x0000026713ddb590 code [0x0000026713ddb7e0, 0x0000026713ddbe70]
Event: 1331.043 Thread 0x00000267234ff000 16066       4       java.util.stream.SpinedBuffer::clear (88 bytes)
Event: 1331.046 Thread 0x00000267234ff000 nmethod 16066 0x0000026713da1890 code [0x0000026713da1a20, 0x0000026713da1b78]
Event: 1331.047 Thread 0x00000267234ff000 16065       4       com.android.tools.r8.graph.Z::a (132 bytes)
Event: 1331.059 Thread 0x000002672a53e800 nmethod 16034 0x0000026713e8d810 code [0x0000026713e8db60, 0x0000026713e92380]
Event: 1331.059 Thread 0x000002672a53e800 16067       4       java.util.Spliterators::spliterator (25 bytes)
Event: 1331.062 Thread 0x000002672a53e800 nmethod 16067 0x0000026713ddb090 code [0x0000026713ddb240, 0x0000026713ddb3f8]
Event: 1331.062 Thread 0x000002672a53e800 16068       4       java.util.stream.ReferencePipeline::makeNodeBuilder (6 bytes)
Event: 1331.069 Thread 0x000002672a53e800 nmethod 16068 0x0000026713dda910 code [0x0000026713ddaac0, 0x0000026713ddae78]
Event: 1331.069 Thread 0x000002672a53e800 15961       4       com.android.tools.r8.code.d3::a (1 bytes)
Event: 1331.069 Thread 0x000002672a53e800 nmethod 15961 0x0000026713dda610 code [0x0000026713dda7a0, 0x0000026713dda7f8]
Event: 1331.069 Thread 0x000002672a53e800 15955       4       com.android.tools.r8.dex.z$g::b (20 bytes)

GC Heap History (20 events):
Event: 1329.363 GC heap after
{Heap after GC invocations=25 (full 0):
 garbage-first heap   total 262144K, used 203264K [0x0000000080000000, 0x0000000100000000)
  region size 1024K, 4 young (4096K), 4 survivors (4096K)
 Metaspace       used 105044K, capacity 107637K, committed 107920K, reserved 1142784K
  class space    used 13339K, capacity 14290K, committed 14328K, reserved 1048576K
}
Event: 1329.697 GC heap before
{Heap before GC invocations=26 (full 0):
 garbage-first heap   total 262144K, used 218624K [0x0000000080000000, 0x0000000100000000)
  region size 1024K, 19 young (19456K), 4 survivors (4096K)
 Metaspace       used 106809K, capacity 109426K, committed 109456K, reserved 1144832K
  class space    used 13599K, capacity 14563K, committed 14584K, reserved 1048576K
}
Event: 1329.711 GC heap after
{Heap after GC invocations=27 (full 0):
 garbage-first heap   total 262144K, used 207738K [0x0000000080000000, 0x0000000100000000)
  region size 1024K, 3 young (3072K), 3 survivors (3072K)
 Metaspace       used 106809K, capacity 109426K, committed 109456K, reserved 1144832K
  class space    used 13599K, capacity 14563K, committed 14584K, reserved 1048576K
}
Event: 1329.759 GC heap before
{Heap before GC invocations=27 (full 0):
 garbage-first heap   total 262144K, used 216954K [0x0000000080000000, 0x0000000100000000)
  region size 1024K, 12 young (12288K), 3 survivors (3072K)
 Metaspace       used 106823K, capacity 109495K, committed 109712K, reserved 1144832K
  class space    used 13599K, capacity 14563K, committed 14584K, reserved 1048576K
}
Event: 1329.768 GC heap after
{Heap after GC invocations=28 (full 0):
 garbage-first heap   total 262144K, used 209434K [0x0000000080000000, 0x0000000100000000)
  region size 1024K, 2 young (2048K), 2 survivors (2048K)
 Metaspace       used 106823K, capacity 109495K, committed 109712K, reserved 1144832K
  class space    used 13599K, capacity 14563K, committed 14584K, reserved 1048576K
}
Event: 1329.873 GC heap before
{Heap before GC invocations=28 (full 0):
 garbage-first heap   total 262144K, used 221722K [0x0000000080000000, 0x0000000100000000)
  region size 1024K, 15 young (15360K), 2 survivors (2048K)
 Metaspace       used 106933K, capacity 109599K, committed 109712K, reserved 1144832K
  class space    used 13612K, capacity 14574K, committed 14584K, reserved 1048576K
}
Event: 1329.887 GC heap after
{Heap after GC invocations=29 (full 0):
 garbage-first heap   total 262144K, used 211759K [0x0000000080000000, 0x0000000100000000)
  region size 1024K, 2 young (2048K), 2 survivors (2048K)
 Metaspace       used 106933K, capacity 109599K, committed 109712K, reserved 1144832K
  class space    used 13612K, capacity 14574K, committed 14584K, reserved 1048576K
}
Event: 1330.089 GC heap before
{Heap before GC invocations=29 (full 0):
 garbage-first heap   total 262144K, used 224047K [0x0000000080000000, 0x0000000100000000)
  region size 1024K, 14 young (14336K), 2 survivors (2048K)
 Metaspace       used 107373K, capacity 110121K, committed 110352K, reserved 1144832K
  class space    used 13693K, capacity 14708K, committed 14712K, reserved 1048576K
}
Event: 1330.096 GC heap after
{Heap after GC invocations=30 (full 0):
 garbage-first heap   total 262144K, used 213494K [0x0000000080000000, 0x0000000100000000)
  region size 1024K, 2 young (2048K), 2 survivors (2048K)
 Metaspace       used 107373K, capacity 110121K, committed 110352K, reserved 1144832K
  class space    used 13693K, capacity 14708K, committed 14712K, reserved 1048576K
}
Event: 1330.239 GC heap before
{Heap before GC invocations=30 (full 0):
 garbage-first heap   total 262144K, used 217590K [0x0000000080000000, 0x0000000100000000)
  region size 1024K, 14 young (14336K), 2 survivors (2048K)
 Metaspace       used 107482K, capacity 110229K, committed 110480K, reserved 1144832K
  class space    used 13701K, capacity 14698K, committed 14840K, reserved 1048576K
}
Event: 1330.244 GC heap after
{Heap after GC invocations=31 (full 0):
 garbage-first heap   total 262144K, used 207027K [0x0000000080000000, 0x0000000100000000)
  region size 1024K, 2 young (2048K), 2 survivors (2048K)
 Metaspace       used 107482K, capacity 110229K, committed 110480K, reserved 1144832K
  class space    used 13701K, capacity 14698K, committed 14840K, reserved 1048576K
}
Event: 1330.402 GC heap before
{Heap before GC invocations=31 (full 0):
 garbage-first heap   total 262144K, used 221363K [0x0000000080000000, 0x0000000100000000)
  region size 1024K, 16 young (16384K), 2 survivors (2048K)
 Metaspace       used 107589K, capacity 110333K, committed 110480K, reserved 1144832K
  class space    used 13713K, capacity 14710K, committed 14840K, reserved 1048576K
}
Event: 1330.411 GC heap after
{Heap after GC invocations=32 (full 0):
 garbage-first heap   total 262144K, used 209194K [0x0000000080000000, 0x0000000100000000)
  region size 1024K, 2 young (2048K), 2 survivors (2048K)
 Metaspace       used 107589K, capacity 110333K, committed 110480K, reserved 1144832K
  class space    used 13713K, capacity 14710K, committed 14840K, reserved 1048576K
}
Event: 1330.450 GC heap before
{Heap before GC invocations=33 (full 0):
 garbage-first heap   total 262144K, used 223530K [0x0000000080000000, 0x0000000100000000)
  region size 1024K, 16 young (16384K), 2 survivors (2048K)
 Metaspace       used 107596K, capacity 110337K, committed 110480K, reserved 1144832K
  class space    used 13714K, capacity 14711K, committed 14840K, reserved 1048576K
}
Event: 1330.455 GC heap after
{Heap after GC invocations=34 (full 0):
 garbage-first heap   total 262144K, used 209732K [0x0000000080000000, 0x0000000100000000)
  region size 1024K, 1 young (1024K), 1 survivors (1024K)
 Metaspace       used 107596K, capacity 110337K, committed 110480K, reserved 1144832K
  class space    used 13714K, capacity 14711K, committed 14840K, reserved 1048576K
}
Event: 1330.600 GC heap before
{Heap before GC invocations=34 (full 0):
 garbage-first heap   total 262144K, used 219972K [0x0000000080000000, 0x0000000100000000)
  region size 1024K, 12 young (12288K), 1 survivors (1024K)
 Metaspace       used 107848K, capacity 110608K, committed 110736K, reserved 1144832K
  class space    used 13738K, capacity 14753K, committed 14840K, reserved 1048576K
}
Event: 1330.621 GC heap after
{Heap after GC invocations=35 (full 0):
 garbage-first heap   total 262144K, used 195374K [0x0000000080000000, 0x0000000100000000)
  region size 1024K, 2 young (2048K), 2 survivors (2048K)
 Metaspace       used 107848K, capacity 110608K, committed 110736K, reserved 1144832K
  class space    used 13738K, capacity 14753K, committed 14840K, reserved 1048576K
}
Event: 1330.772 GC heap before
{Heap before GC invocations=35 (full 0):
 garbage-first heap   total 262144K, used 207662K [0x0000000080000000, 0x0000000100000000)
  region size 1024K, 15 young (15360K), 2 survivors (2048K)
 Metaspace       used 107862K, capacity 110609K, committed 110736K, reserved 1144832K
  class space    used 13738K, capacity 14753K, committed 14840K, reserved 1048576K
}
Event: 1330.781 GC heap after
{Heap after GC invocations=36 (full 0):
 garbage-first heap   total 262144K, used 196704K [0x0000000080000000, 0x0000000100000000)
  region size 1024K, 3 young (3072K), 3 survivors (3072K)
 Metaspace       used 107862K, capacity 110609K, committed 110736K, reserved 1144832K
  class space    used 13738K, capacity 14753K, committed 14840K, reserved 1048576K
}
Event: 1331.069 GC heap before
{Heap before GC invocations=36 (full 0):
 garbage-first heap   total 262144K, used 218208K [0x0000000080000000, 0x0000000100000000)
  region size 1024K, 22 young (22528K), 3 survivors (3072K)
 Metaspace       used 107871K, capacity 110609K, committed 110736K, reserved 1144832K
  class space    used 13739K, capacity 14753K, committed 14840K, reserved 1048576K
}

Deoptimization events (20 events):
Event: 1330.700 Thread 0x00000267234f4000 DEOPT PACKING pc=0x0000026713f10928 sp=0x000000fecd7fd3f0
Event: 1330.700 Thread 0x00000267234f4000 DEOPT UNPACKING pc=0x000002670c2885af sp=0x000000fecd7fd370 mode 2
Event: 1330.762 Thread 0x00000267234f4000 DEOPT PACKING pc=0x000002670c91a46d sp=0x000000fecd7fd200
Event: 1330.762 Thread 0x00000267234f4000 DEOPT UNPACKING pc=0x000002670c2c9d0e sp=0x000000fecd7fc6b8 mode 0
Event: 1330.783 Thread 0x00000267234f4000 DEOPT PACKING pc=0x000002670c91a3be sp=0x000000fecd7fd240
Event: 1330.783 Thread 0x00000267234f4000 DEOPT UNPACKING pc=0x000002670c2c9d0e sp=0x000000fecd7fc6f8 mode 0
Event: 1330.816 Thread 0x00000267234f4000 Uncommon trap: trap_request=0xffffffc6 fr.pc=0x0000026713fc0e64 relative=0x0000000000003be4
Event: 1330.816 Thread 0x00000267234f4000 Uncommon trap: reason=bimorphic_or_optimized_type_check action=maybe_recompile pc=0x0000026713fc0e64 method=java.util.Collections$SetFromMap.contains(Ljava/lang/Object;)Z @ 5 c2
Event: 1330.816 Thread 0x00000267234f4000 DEOPT PACKING pc=0x0000026713fc0e64 sp=0x000000fecd7fd1e0
Event: 1330.816 Thread 0x00000267234f4000 DEOPT UNPACKING pc=0x000002670c2885af sp=0x000000fecd7fd0e8 mode 2
Event: 1330.837 Thread 0x00000267234f4000 DEOPT PACKING pc=0x000002670c91a46d sp=0x000000fecd7fd1e0
Event: 1330.837 Thread 0x00000267234f4000 DEOPT UNPACKING pc=0x000002670c2c9d0e sp=0x000000fecd7fc698 mode 0
Event: 1330.839 Thread 0x00000267234f4000 DEOPT PACKING pc=0x000002670c91a46d sp=0x000000fecd7fd1f0
Event: 1330.839 Thread 0x00000267234f4000 DEOPT UNPACKING pc=0x000002670c2c9d0e sp=0x000000fecd7fc6a8 mode 0
Event: 1330.892 Thread 0x00000267234f4000 DEOPT PACKING pc=0x000002670c91a46d sp=0x000000fecd7fd210
Event: 1330.892 Thread 0x00000267234f4000 DEOPT UNPACKING pc=0x000002670c2c9d0e sp=0x000000fecd7fc6c8 mode 0
Event: 1330.954 Thread 0x00000267234f4000 Uncommon trap: trap_request=0xffffffcc fr.pc=0x0000026713e80d90 relative=0x0000000000005910
Event: 1330.954 Thread 0x00000267234f4000 Uncommon trap: reason=intrinsic_or_type_checked_inlining action=make_not_entrant pc=0x0000026713e80d90 method=java.util.stream.SpinedBuffer.copyInto([Ljava/lang/Object;I)V @ 51 c2
Event: 1330.954 Thread 0x00000267234f4000 DEOPT PACKING pc=0x0000026713e80d90 sp=0x000000fecd7fd210
Event: 1330.954 Thread 0x00000267234f4000 DEOPT UNPACKING pc=0x000002670c2885af sp=0x000000fecd7fcea8 mode 2

Classes redefined (0 events):
No events

Internal exceptions (20 events):
Event: 1327.716 Thread 0x000002672886f000 Exception <a 'java/lang/NoSuchMethodError'{0x000000008e25f8c0}: 'java.lang.Object java.lang.invoke.DirectMethodHandle$Holder.invokeStaticInit(java.lang.Object, java.lang.Object, long, java.lang.Object)'> (0x000000008e25f8c0) thrown at [./src/hotspot/share/interpreter/linkResolver.cpp, line 773]
Event: 1327.717 Thread 0x000002672886f000 Exception <a 'java/lang/NoSuchMethodError'{0x000000008e265a58}: 'java.lang.Object java.lang.invoke.DirectMethodHandle$Holder.invokeStatic(java.lang.Object, java.lang.Object, long)'> (0x000000008e265a58) thrown at [./src/hotspot/share/interpreter/linkResolver.cpp, line 773]
Event: 1327.717 Thread 0x000002672886f000 Exception <a 'java/lang/NoSuchMethodError'{0x000000008e26bfd0}: 'java.lang.Object java.lang.invoke.Invokers$Holder.linkToTargetMethod(java.lang.Object, long, java.lang.Object)'> (0x000000008e26bfd0) thrown at [./src/hotspot/share/interpreter/linkResolver.cpp, line 773]
Event: 1327.874 Thread 0x00000267234f4000 Exception <a 'sun/nio/fs/WindowsException'{0x000000008ded8bc0}> (0x000000008ded8bc0) thrown at [./src/hotspot/share/prims/jni.cpp, line 615]
Event: 1328.066 Thread 0x00000267234f4000 Exception <a 'java/lang/NoSuchMethodError'{0x000000008d6438b8}: 'java.lang.Object java.lang.invoke.DirectMethodHandle$Holder.invokeStatic(java.lang.Object, java.lang.Object, java.lang.Object, java.lang.Object, java.lang.Object, java.lang.Object, java.lang.Object, java.lang.Object, java.lang.Object, java.lang.Object, java.lang.Object, java.lang.Object, java.lang.Object, java.lang.Object, java.lang.Object, java.lang.Object, java.lang.Object, java.lang.Object, int, java.lang.Object)'> (0x000000008d6438b8) thr
Event: 1328.066 Thread 0x00000267234f4000 Exception <a 'java/lang/NoSuchMethodError'{0x000000008d6493d8}: 'java.lang.Object java.lang.invoke.DirectMethodHandle$Holder.invokeStaticInit(java.lang.Object, java.lang.Object, java.lang.Object, java.lang.Object, java.lang.Object, java.lang.Object, java.lang.Object, java.lang.Object, java.lang.Object, java.lang.Object, java.lang.Object, java.lang.Object, java.lang.Object, java.lang.Object, java.lang.Object, java.lang.Object, java.lang.Object, java.lang.Object, int, java.lang.Object)'> (0x000000008d6493d8)
Event: 1328.265 Thread 0x000002672886f000 Exception <a 'java/lang/NoSuchMethodError'{0x000000008ac47880}: 'int java.lang.invoke.DirectMethodHandle$Holder.invokeSpecialIFC(java.lang.Object, java.lang.Object, java.lang.Object)'> (0x000000008ac47880) thrown at [./src/hotspot/share/interpreter/linkResolver.cpp, line 773]
Event: 1328.577 Thread 0x000002672c07a000 Exception <a 'java/lang/IncompatibleClassChangeError'{0x000000008f673a60}: Found class java.lang.Object, but interface was expected> (0x000000008f673a60) thrown at [./src/hotspot/share/interpreter/linkResolver.cpp, line 839]
Event: 1328.605 Thread 0x000002672c073800 Exception <a 'java/lang/IncompatibleClassChangeError'{0x000000008f5bcea8}: Found class java.lang.Object, but interface was expected> (0x000000008f5bcea8) thrown at [./src/hotspot/share/interpreter/linkResolver.cpp, line 839]
Event: 1328.605 Thread 0x000002672c076800 Exception <a 'java/lang/NoSuchMethodError'{0x000000008f5c3e70}: 'java.lang.Object java.lang.invoke.DirectMethodHandle$Holder.newInvokeSpecial(java.lang.Object, int)'> (0x000000008f5c3e70) thrown at [./src/hotspot/share/interpreter/linkResolver.cpp, line 773]
Event: 1328.611 Thread 0x000002672c073800 Exception <a 'java/lang/IncompatibleClassChangeError'{0x000000008f5da8e8}: Found class java.lang.Object, but interface was expected> (0x000000008f5da8e8) thrown at [./src/hotspot/share/interpreter/linkResolver.cpp, line 839]
Event: 1329.429 Thread 0x00000267234f4000 Exception <a 'java/lang/NoSuchMethodError'{0x000000008f844e50}: 'int java.lang.invoke.DirectMethodHandle$Holder.invokeVirtual(java.lang.Object, java.lang.Object, java.lang.Object, java.lang.Object)'> (0x000000008f844e50) thrown at [./src/hotspot/share/interpreter/linkResolver.cpp, line 773]
Event: 1329.488 Thread 0x00000267234f4000 Exception <a 'java/lang/NoSuchMethodError'{0x000000008f7e8110}: 'void java.lang.invoke.DirectMethodHandle$Holder.invokeStatic(java.lang.Object, java.lang.Object, java.lang.Object, int)'> (0x000000008f7e8110) thrown at [./src/hotspot/share/interpreter/linkResolver.cpp, line 773]
Event: 1329.489 Thread 0x00000267234f4000 Exception <a 'java/lang/IncompatibleClassChangeError'{0x000000008f7f9518}: Found class java.lang.Object, but interface was expected> (0x000000008f7f9518) thrown at [./src/hotspot/share/interpreter/linkResolver.cpp, line 839]
Event: 1329.857 Thread 0x00000267234f4000 Implicit null exception at 0x000002671486f822 to 0x0000026714870170
Event: 1329.912 Thread 0x00000267234f4000 Exception <a 'java/lang/NoSuchMethodError'{0x000000008fdf6d28}: 'java.lang.Object java.lang.invoke.Invokers$Holder.linkToTargetMethod(java.lang.Object, int, java.lang.Object, java.lang.Object, java.lang.Object, java.lang.Object)'> (0x000000008fdf6d28) thrown at [./src/hotspot/share/interpreter/linkResolver.cpp, line 773]
Event: 1329.913 Thread 0x00000267234f4000 Exception <a 'java/lang/NoSuchMethodError'{0x000000008fdfa9e0}: 'void java.lang.invoke.DirectMethodHandle$Holder.invokeSpecial(java.lang.Object, java.lang.Object, java.lang.Object, java.lang.Object, java.lang.Object, java.lang.Object, java.lang.Object, java.lang.Object, java.lang.Object)'> (0x000000008fdfa9e0) thrown at [./src/hotspot/share/interpreter/linkResolver.cpp, line 773]
Event: 1329.913 Thread 0x00000267234f4000 Exception <a 'java/lang/NoSuchMethodError'{0x000000008fc040a0}: 'java.lang.Object java.lang.invoke.Invokers$Holder.linkToTargetMethod(java.lang.Object, java.lang.Object, java.lang.Object, java.lang.Object, java.lang.Object, java.lang.Object, java.lang.Object)'> (0x000000008fc040a0) thrown at [./src/hotspot/share/interpreter/linkResolver.cpp, line 773]
Event: 1329.922 Thread 0x00000267234f4000 Exception <a 'java/lang/IncompatibleClassChangeError'{0x000000008fc2ad38}: Found class java.lang.Object, but interface was expected> (0x000000008fc2ad38) thrown at [./src/hotspot/share/interpreter/linkResolver.cpp, line 839]
Event: 1329.987 Thread 0x00000267234f4000 Exception <a 'java/lang/NoSuchMethodError'{0x000000008fbb4f50}: 'void java.lang.invoke.DirectMethodHandle$Holder.invokeStatic(java.lang.Object, java.lang.Object, java.lang.Object, java.lang.Object, java.lang.Object, java.lang.Object, java.lang.Object, java.lang.Object)'> (0x000000008fbb4f50) thrown at [./src/hotspot/share/interpreter/linkResolver.cpp, line 773]

Events (20 events):
Event: 1330.486 loading class com/android/tools/r8/graph/v0$f done
Event: 1330.486 loading class com/android/tools/r8/graph/v0$d
Event: 1330.486 loading class com/android/tools/r8/graph/v0$d done
Event: 1330.486 loading class com/android/tools/r8/graph/v0$f
Event: 1330.486 loading class com/android/tools/r8/graph/v0$f done
Event: 1330.486 loading class com/android/tools/r8/graph/v0$j
Event: 1330.486 loading class com/android/tools/r8/graph/v0$j done
Event: 1330.487 loading class com/android/tools/r8/graph/d0
Event: 1330.487 loading class com/android/tools/r8/graph/d0 done
Event: 1330.487 loading class com/android/tools/r8/graph/d0
Event: 1330.487 loading class com/android/tools/r8/graph/d0 done
Event: 1330.487 loading class com/android/tools/r8/graph/S0
Event: 1330.487 loading class com/android/tools/r8/graph/S0 done
Event: 1330.600 Executing VM operation: G1CollectForAllocation
Event: 1330.621 Executing VM operation: G1CollectForAllocation done
Event: 1330.772 Executing VM operation: G1CollectForAllocation
Event: 1330.781 Executing VM operation: G1CollectForAllocation done
Event: 1330.901 loading class com/android/tools/r8/graph/v0$a
Event: 1330.901 loading class com/android/tools/r8/graph/v0$a done
Event: 1331.069 Executing VM operation: G1CollectForAllocation


Dynamic libraries:
0x00007ff77aab0000 - 0x00007ff77aaba000 	C:\Program Files\Android\Android Studio\jre\bin\java.exe
0x00007fff14d30000 - 0x00007fff14f28000 	C:\WINDOWS\SYSTEM32\ntdll.dll
0x00007fff13190000 - 0x00007fff1324d000 	C:\WINDOWS\System32\KERNEL32.DLL
0x00007fff12a30000 - 0x00007fff12cfe000 	C:\WINDOWS\System32\KERNELBASE.dll
0x00007fff12450000 - 0x00007fff12550000 	C:\WINDOWS\System32\ucrtbase.dll
0x00007fff0bd40000 - 0x00007fff0bd59000 	C:\Program Files\Android\Android Studio\jre\bin\jli.dll
0x00007fff011b0000 - 0x00007fff011c7000 	C:\Program Files\Android\Android Studio\jre\bin\VCRUNTIME140.dll
0x00007fff14130000 - 0x00007fff142d0000 	C:\WINDOWS\System32\USER32.dll
0x00007fff12740000 - 0x00007fff12762000 	C:\WINDOWS\System32\win32u.dll
0x00007fff143c0000 - 0x00007fff143ea000 	C:\WINDOWS\System32\GDI32.dll
0x00007fff12770000 - 0x00007fff1287b000 	C:\WINDOWS\System32\gdi32full.dll
0x00007fff06a00000 - 0x00007fff06c9a000 	C:\WINDOWS\WinSxS\amd64_microsoft.windows.common-controls_6595b64144ccf1df_6.0.19041.1110_none_60b5254171f9507e\COMCTL32.dll
0x00007fff126a0000 - 0x00007fff1273d000 	C:\WINDOWS\System32\msvcp_win.dll
0x00007fff13dc0000 - 0x00007fff13e5e000 	C:\WINDOWS\System32\msvcrt.dll
0x00007fff135b0000 - 0x00007fff135e0000 	C:\WINDOWS\System32\IMM32.DLL
0x00007ffed8b40000 - 0x00007ffed8bdd000 	C:\Program Files\Android\Android Studio\jre\bin\msvcp140.dll
0x00007ffe8d400000 - 0x00007ffe8dee5000 	C:\Program Files\Android\Android Studio\jre\bin\server\jvm.dll
0x00007fff13b80000 - 0x00007fff13c2e000 	C:\WINDOWS\System32\ADVAPI32.dll
0x00007fff13650000 - 0x00007fff136ec000 	C:\WINDOWS\System32\sechost.dll
0x00007fff13c30000 - 0x00007fff13d55000 	C:\WINDOWS\System32\RPCRT4.dll
0x00007fff142d0000 - 0x00007fff142d8000 	C:\WINDOWS\System32\PSAPI.DLL
0x00007ffef63f0000 - 0x00007ffef63f9000 	C:\WINDOWS\SYSTEM32\WSOCK32.dll
0x00007ffef8dc0000 - 0x00007ffef8de7000 	C:\WINDOWS\SYSTEM32\WINMM.dll
0x00007fff140c0000 - 0x00007fff1412b000 	C:\WINDOWS\System32\WS2_32.dll
0x00007fff0c3e0000 - 0x00007fff0c3ea000 	C:\WINDOWS\SYSTEM32\VERSION.dll
0x00007fff10ce0000 - 0x00007fff10cf2000 	C:\WINDOWS\SYSTEM32\kernel.appcore.dll
0x00007fff0a100000 - 0x00007fff0a111000 	C:\Program Files\Android\Android Studio\jre\bin\verify.dll
0x00007fff102e0000 - 0x00007fff104c4000 	C:\WINDOWS\SYSTEM32\DBGHELP.DLL
0x00007fff09580000 - 0x00007fff095ac000 	C:\WINDOWS\SYSTEM32\dbgcore.DLL
0x00007fff12d00000 - 0x00007fff12d82000 	C:\WINDOWS\System32\bcryptPrimitives.dll
0x00007ffec29f0000 - 0x00007ffec2a19000 	C:\Program Files\Android\Android Studio\jre\bin\java.dll
0x00007fff06210000 - 0x00007fff0621b000 	C:\Program Files\Android\Android Studio\jre\bin\jimage.dll
0x00007ffec29d0000 - 0x00007ffec29e8000 	C:\Program Files\Android\Android Studio\jre\bin\zip.dll
0x00007fff143f0000 - 0x00007fff14b34000 	C:\WINDOWS\System32\SHELL32.dll
0x00007fff10530000 - 0x00007fff10cc4000 	C:\WINDOWS\SYSTEM32\windows.storage.dll
0x00007fff13250000 - 0x00007fff135a4000 	C:\WINDOWS\System32\combase.dll
0x00007fff11eb0000 - 0x00007fff11ee0000 	C:\WINDOWS\SYSTEM32\Wldp.dll
0x00007fff12df0000 - 0x00007fff12e9d000 	C:\WINDOWS\System32\SHCORE.dll
0x00007fff135e0000 - 0x00007fff13635000 	C:\WINDOWS\System32\shlwapi.dll
0x00007fff12390000 - 0x00007fff123af000 	C:\WINDOWS\SYSTEM32\profapi.dll
0x00007ffece2a0000 - 0x00007ffece2ba000 	C:\Program Files\Android\Android Studio\jre\bin\net.dll
0x00007fff0d490000 - 0x00007fff0d59a000 	C:\WINDOWS\SYSTEM32\WINHTTP.dll
0x00007fff11c10000 - 0x00007fff11c7a000 	C:\WINDOWS\system32\mswsock.dll
0x00007ffec3670000 - 0x00007ffec3684000 	C:\Program Files\Android\Android Studio\jre\bin\nio.dll
0x00007ffece240000 - 0x00007ffece267000 	C:\Users\min20\.gradle\native\8bec1ad78214c89d9ad589b4d07fe93259594b29d510b10fafb7a158f7737e5d\windows-amd64\native-platform.dll
0x00007ffe8c410000 - 0x00007ffe8c54d000 	C:\Users\min20\.gradle\native\53dbd7edfb1c66fb8903c78663c9afc45aea4f116125fa6feffd364cf09443e8\windows-amd64\native-platform-file-events.dll
0x00007fff0d0a0000 - 0x00007fff0d0aa000 	C:\Program Files\Android\Android Studio\jre\bin\management.dll
0x00007fff06140000 - 0x00007fff0614d000 	C:\Program Files\Android\Android Studio\jre\bin\management_ext.dll
0x00007fff11e00000 - 0x00007fff11e18000 	C:\WINDOWS\SYSTEM32\CRYPTSP.dll
0x00007fff11520000 - 0x00007fff11554000 	C:\WINDOWS\system32\rsaenh.dll
0x00007fff12550000 - 0x00007fff12577000 	C:\WINDOWS\System32\bcrypt.dll
0x00007fff12310000 - 0x00007fff1233e000 	C:\WINDOWS\SYSTEM32\USERENV.dll
0x00007fff11e20000 - 0x00007fff11e2c000 	C:\WINDOWS\SYSTEM32\CRYPTBASE.dll
0x00007fff118b0000 - 0x00007fff118eb000 	C:\WINDOWS\SYSTEM32\IPHLPAPI.DLL
0x00007fff13640000 - 0x00007fff13648000 	C:\WINDOWS\System32\NSI.dll
0x00007fff0b290000 - 0x00007fff0b2a7000 	C:\WINDOWS\SYSTEM32\dhcpcsvc6.DLL
0x00007fff0c070000 - 0x00007fff0c08d000 	C:\WINDOWS\SYSTEM32\dhcpcsvc.DLL
0x00007fff118f0000 - 0x00007fff119ba000 	C:\WINDOWS\SYSTEM32\DNSAPI.dll

dbghelp: loaded successfully - version: 4.0.5 - missing functions: none
symbol engine: initialized successfully - sym options: 0x614 - pdb path: .;C:\Program Files\Android\Android Studio\jre\bin;C:\WINDOWS\SYSTEM32;C:\WINDOWS\WinSxS\amd64_microsoft.windows.common-controls_6595b64144ccf1df_6.0.19041.1110_none_60b5254171f9507e;C:\Program Files\Android\Android Studio\jre\bin\server;C:\Users\min20\.gradle\native\8bec1ad78214c89d9ad589b4d07fe93259594b29d510b10fafb7a158f7737e5d\windows-amd64;C:\Users\min20\.gradle\native\53dbd7edfb1c66fb8903c78663c9afc45aea4f116125fa6feffd364cf09443e8\windows-amd64

VM Arguments:
jvm_args: --add-opens=java.base/java.util=ALL-UNNAMED --add-opens=java.base/java.lang=ALL-UNNAMED --add-opens=java.base/java.lang.invoke=ALL-UNNAMED --add-opens=java.base/java.util=ALL-UNNAMED --add-opens=java.prefs/java.util.prefs=ALL-UNNAMED --add-opens=java.prefs/java.util.prefs=ALL-UNNAMED --add-opens=java.base/java.nio.charset=ALL-UNNAMED --add-opens=java.base/java.net=ALL-UNNAMED --add-opens=java.base/java.util.concurrent.atomic=ALL-UNNAMED -Xmx2048m -Dfile.encoding=UTF-8 -Duser.country=KR -Duser.language=ko -Duser.variant 
java_command: org.gradle.launcher.daemon.bootstrap.GradleDaemon 7.0.2
java_class_path (initial): C:\Users\min20\.gradle\wrapper\dists\gradle-7.0.2-bin\857tjihv64xamwrf0h14cai3r\gradle-7.0.2\lib\gradle-launcher-7.0.2.jar
Launcher Type: SUN_STANDARD

[Global flags]
     intx CICompilerCount                          = 4                                         {product} {ergonomic}
     uint ConcGCThreads                            = 2                                         {product} {ergonomic}
     uint G1ConcRefinementThreads                  = 8                                         {product} {ergonomic}
   size_t G1HeapRegionSize                         = 1048576                                   {product} {ergonomic}
    uintx GCDrainStackTargetSize                   = 64                                        {product} {ergonomic}
   size_t InitialHeapSize                          = 266338304                                 {product} {ergonomic}
   size_t MarkStackSize                            = 4194304                                   {product} {ergonomic}
   size_t MaxHeapSize                              = 2147483648                                {product} {command line}
   size_t MaxNewSize                               = 1287651328                                {product} {ergonomic}
   size_t MinHeapDeltaBytes                        = 1048576                                   {product} {ergonomic}
    uintx NonNMethodCodeHeapSize                   = 5836300                                {pd product} {ergonomic}
    uintx NonProfiledCodeHeapSize                  = 122910970                              {pd product} {ergonomic}
    uintx ProfiledCodeHeapSize                     = 122910970                              {pd product} {ergonomic}
    uintx ReservedCodeCacheSize                    = 251658240                              {pd product} {ergonomic}
     bool SegmentedCodeCache                       = true                                      {product} {ergonomic}
     bool UseCompressedClassPointers               = true                                 {lp64_product} {ergonomic}
     bool UseCompressedOops                        = true                                 {lp64_product} {ergonomic}
     bool UseG1GC                                  = true                                      {product} {ergonomic}
     bool UseLargePagesIndividualAllocation        = false                                  {pd product} {ergonomic}

Logging:
Log output configuration:
 #0: stdout all=warning uptime,level,tags
 #1: stderr all=off uptime,level,tags

Environment Variables:
JAVA_HOME=C:\Program Files\Java\jdk-11.0.10
PATH=C:\Program Files\Common Files\Oracle\Java\javapath;C:\Program Files (x86)\Common Files\Oracle\Java\javapath;C:\windows\system32;C:\windows;C:\windows\System32\Wbem;C:\windows\System32\WindowsPowerShell\v1.0\;C:\windows\System32\OpenSSH\;C:\Program Files (x86)\NVIDIA Corporation\PhysX\Common;C:\Program Files\NVIDIA Corporation\NVIDIA NvDLISR;C:\Program Files\Intel\WiFi\bin\;C:\Program Files\Common Files\Intel\WirelessCommon\;C:\Users\min20\miniconda3\Scripts;C:\Program Files\Git\cmd;C:\Users\min20\devtool\apache-maven-3.6.3-bin\apache-maven-3.6.3\bin;C:\Users\min20\devtool\gradle-6.0-all\gradle-6.0\bin;C:\Program Files\Java\jdk1.8.0_271\bin;C:\Program Files\Java\jdk1.8.0_271\bin;C:\WINDOWS\system32;C:\WINDOWS;C:\WINDOWS\System32\Wbem;C:\WINDOWS\System32\WindowsPowerShell\v1.0\;C:\WINDOWS\System32\OpenSSH\;C:\MinGW\bin;C:\FlutterSDK\flutter\bin;C:\Program Files\nodejs\;C:\Users\min20\AppData\Local\Microsoft\WindowsApps;C:\users\min20\miniconda3\lib\site-packages (1.0.2);C:\Program Files\MySQL\MySQL Shell 8.0\bin\;C:\Users\min20\devtool\apache-maven-3.6.3-bin\apache-maven-3.6.3\bin;C:\Program Files\Java\jdk1.8.0_271\bin;C:\Users\min20\AppData\Local\atom\bin;C:\Users\min20\AppData\Local\Programs\Microsoft VS Code\bin;C:\Users\min20\AppData\Local\Microsoft\WindowsApps;C:\MinGW\bin;C:\Users\min20\AppData\Roaming\npm;C:\Users\min20\AppData\Local\GitHubDesktop\bin
USERNAME=min20
OS=Windows_NT
PROCESSOR_IDENTIFIER=Intel64 Family 6 Model 126 Stepping 5, GenuineIntel



---------------  S Y S T E M  ---------------

OS: Windows 10 , 64 bit Build 19041 (10.0.19041.1889)
OS uptime: 1 days 22:00 hours

CPU:total 8 (initial active 8) (4 cores per cpu, 2 threads per core) family 6 model 126 stepping 5 microcode 0xa0, cmov, cx8, fxsr, mmx, sse, sse2, sse3, ssse3, sse4.1, sse4.2, popcnt, avx, avx2, aes, clmul, erms, 3dnowpref, lzcnt, ht, tsc, tscinvbit, bmi1, bmi2, adx, evex, sha, fma

Memory: 4k page, system-wide physical 16145M (2842M free)
TotalPageFile size 17486M (AvailPageFile size 44M)
current process WorkingSet (physical memory assigned to process): 583M, peak: 592M
current process commit charge ("private bytes"): 620M, peak: 755M

vm_info: OpenJDK 64-Bit Server VM (11.0.12+7-b1504.28-7817840) for windows-amd64 JRE (11.0.12+7-b1504.28-7817840), built on Oct 13 2021 22:12:33 by "builder" with MS VC++ 14.0 (VS2015)

END.
