#
# There is insufficient memory for the Java Runtime Environment to continue.
# Native memory allocation (malloc) failed to allocate 124496 bytes for Chunk::new
# Possible reasons:
#   The system is out of physical RAM or swap space
#   The process is running with CompressedOops enabled, and the Java Heap may be blocking the growth of the native heap
# Possible solutions:
#   Reduce memory load on the system
#   Increase physical memory or swap space
#   Check if swap backing store is full
#   Decrease Java heap size (-Xmx/-Xms)
#   Decrease number of Java threads
#   Decrease Java thread stack sizes (-Xss)
#   Set larger code cache with -XX:ReservedCodeCacheSize=
#   JVM is running with Unscaled Compressed Oops mode in which the Java heap is
#     placed in the first 4GB address space. The Java Heap base address is the
#     maximum limit for the native heap growth. Please use -XX:HeapBaseMinAddress
#     to set the Java Heap base and to place the Java Heap above 4GB virtual address.
# This output file may be truncated or incomplete.
#
#  Out of Memory Error (./src/hotspot/share/memory/arena.cpp:197), pid=5124, tid=3264
#
# JRE version: OpenJDK Runtime Environment (11.0.12+7) (build 11.0.12+7-b1504.28-7817840)
# Java VM: OpenJDK 64-Bit Server VM (11.0.12+7-b1504.28-7817840, mixed mode, tiered, compressed oops, g1 gc, windows-amd64)
# No core dump will be written. Minidumps are not enabled by default on client versions of Windows
#

---------------  S U M M A R Y ------------

Command Line: --add-opens=java.base/java.util=ALL-UNNAMED --add-opens=java.base/java.lang=ALL-UNNAMED --add-opens=java.base/java.lang.invoke=ALL-UNNAMED --add-opens=java.base/java.util=ALL-UNNAMED --add-opens=java.prefs/java.util.prefs=ALL-UNNAMED --add-opens=java.prefs/java.util.prefs=ALL-UNNAMED --add-opens=java.base/java.nio.charset=ALL-UNNAMED --add-opens=java.base/java.net=ALL-UNNAMED --add-opens=java.base/java.util.concurrent.atomic=ALL-UNNAMED -Xmx2048m -Dfile.encoding=UTF-8 -Duser.country=KR -Duser.language=ko -Duser.variant org.gradle.launcher.daemon.bootstrap.GradleDaemon 7.0.2

Host: Intel(R) Core(TM) i7-1065G7 CPU @ 1.30GHz, 8 cores, 15G,  Windows 10 , 64 bit Build 19041 (10.0.19041.1806)
Time: Thu Aug  4 16:39:39 2022 대한민국 표준시 elapsed time: 14.915731 seconds (0d 0h 0m 14s)

---------------  T H R E A D  ---------------

Current thread (0x000001ecc1efc800):  JavaThread "C2 CompilerThread0" daemon [_thread_in_native, id=3264, stack(0x000000c21f900000,0x000000c21fa00000)]


Current CompileTask:
C2:  14915 5043       4       java.lang.String::toLowerCase (29 bytes)

Stack: [0x000000c21f900000,0x000000c21fa00000]
Native frames: (J=compiled Java code, j=interpreted, Vv=VM code, C=native code)
V  [jvm.dll+0x5fbcea]
V  [jvm.dll+0x731905]
V  [jvm.dll+0x732f1d]
V  [jvm.dll+0x7335d3]
V  [jvm.dll+0x247bf8]
V  [jvm.dll+0xc018c]
V  [jvm.dll+0xc06cc]
V  [jvm.dll+0x35b31d]
V  [jvm.dll+0x328803]
V  [jvm.dll+0x327cfa]
V  [jvm.dll+0x200602]
V  [jvm.dll+0x1ff794]
V  [jvm.dll+0x18868c]
V  [jvm.dll+0x20e0d7]
V  [jvm.dll+0x20c901]
V  [jvm.dll+0x6f9b7f]
V  [jvm.dll+0x6f26a5]
V  [jvm.dll+0x5fabf6]
C  [ucrtbase.dll+0x21bb2]
C  [KERNEL32.DLL+0x17034]
C  [ntdll.dll+0x52651]


---------------  P R O C E S S  ---------------

Threads class SMR info:
_java_thread_list=0x000001ecc247c460, length=49, elements={
0x000001eca716e000, 0x000001ecc1e6e000, 0x000001ecc1e6f800, 0x000001ecc1ee9800,
0x000001ecc1eef000, 0x000001ecc1ef0000, 0x000001ecc1efc800, 0x000001ecc1eff800,
0x000001ecc1f11000, 0x000001ecc2067000, 0x000001ecc3256800, 0x000001ecc2a3e800,
0x000001ecc35a7000, 0x000001ecc3f8e800, 0x000001ecc44f4800, 0x000001ecc320e000,
0x000001ecc4688000, 0x000001ecc2e67800, 0x000001ecc2334000, 0x000001ecc3200800,
0x000001ecc3201000, 0x000001ecc31fe800, 0x000001ecc3205000, 0x000001ecc3202000,
0x000001ecc31ff800, 0x000001ecc3203000, 0x000001ecc3203800, 0x000001ecc3204800,
0x000001ecc5974000, 0x000001ecc5973000, 0x000001ecc5975800, 0x000001ecc5976800,
0x000001ecc5977000, 0x000001ecc5972800, 0x000001ecc597a800, 0x000001ecc597e800,
0x000001ecc597d000, 0x000001ecc597b800, 0x000001ecc597c000, 0x000001ecc597d800,
0x000001ecc5979000, 0x000001ecc597f800, 0x000001ecc5979800, 0x000001ecc5981000,
0x000001ecc5980000, 0x000001ecc5df3800, 0x000001ecc5df3000, 0x000001ecc5df1800,
0x000001ecc5df7000
}

Java Threads: ( => current thread )
  0x000001eca716e000 JavaThread "main" [_thread_blocked, id=18896, stack(0x000000c21ed00000,0x000000c21ee00000)]
  0x000001ecc1e6e000 JavaThread "Reference Handler" daemon [_thread_blocked, id=13056, stack(0x000000c21f400000,0x000000c21f500000)]
  0x000001ecc1e6f800 JavaThread "Finalizer" daemon [_thread_blocked, id=21188, stack(0x000000c21f500000,0x000000c21f600000)]
  0x000001ecc1ee9800 JavaThread "Signal Dispatcher" daemon [_thread_blocked, id=17872, stack(0x000000c21f600000,0x000000c21f700000)]
  0x000001ecc1eef000 JavaThread "Attach Listener" daemon [_thread_blocked, id=20912, stack(0x000000c21f700000,0x000000c21f800000)]
  0x000001ecc1ef0000 JavaThread "Service Thread" daemon [_thread_blocked, id=18076, stack(0x000000c21f800000,0x000000c21f900000)]
=>0x000001ecc1efc800 JavaThread "C2 CompilerThread0" daemon [_thread_in_native, id=3264, stack(0x000000c21f900000,0x000000c21fa00000)]
  0x000001ecc1eff800 JavaThread "C1 CompilerThread0" daemon [_thread_blocked, id=12216, stack(0x000000c21fa00000,0x000000c21fb00000)]
  0x000001ecc1f11000 JavaThread "Sweeper thread" daemon [_thread_blocked, id=12788, stack(0x000000c21fb00000,0x000000c21fc00000)]
  0x000001ecc2067000 JavaThread "Common-Cleaner" daemon [_thread_blocked, id=3668, stack(0x000000c21fc00000,0x000000c21fd00000)]
  0x000001ecc3256800 JavaThread "Daemon health stats" [_thread_blocked, id=19632, stack(0x000000c220400000,0x000000c220500000)]
  0x000001ecc2a3e800 JavaThread "Incoming local TCP Connector on port 65083" [_thread_in_native, id=6580, stack(0x000000c21fe00000,0x000000c21ff00000)]
  0x000001ecc35a7000 JavaThread "Daemon periodic checks" [_thread_blocked, id=18404, stack(0x000000c220500000,0x000000c220600000)]
  0x000001ecc3f8e800 JavaThread "Daemon" [_thread_blocked, id=9256, stack(0x000000c220600000,0x000000c220700000)]
  0x000001ecc44f4800 JavaThread "Handler for socket connection from /127.0.0.1:65083 to /127.0.0.1:65084" [_thread_in_native, id=13512, stack(0x000000c220700000,0x000000c220800000)]
  0x000001ecc320e000 JavaThread "Cancel handler" [_thread_blocked, id=6180, stack(0x000000c220900000,0x000000c220a00000)]
  0x000001ecc4688000 JavaThread "Daemon worker" [_thread_in_Java, id=4816, stack(0x000000c220a00000,0x000000c220b00000)]
  0x000001ecc2e67800 JavaThread "Asynchronous log dispatcher for DefaultDaemonConnection: socket connection from /127.0.0.1:65083 to /127.0.0.1:65084" [_thread_blocked, id=19968, stack(0x000000c220b00000,0x000000c220c00000)]
  0x000001ecc2334000 JavaThread "Stdin handler" [_thread_blocked, id=1904, stack(0x000000c220c00000,0x000000c220d00000)]
  0x000001ecc3200800 JavaThread "Daemon client event forwarder" [_thread_blocked, id=17772, stack(0x000000c220d00000,0x000000c220e00000)]
  0x000001ecc3201000 JavaThread "Cache worker for file hash cache (C:\Users\min20\.gradle\caches\7.0.2\fileHashes)" [_thread_blocked, id=22364, stack(0x000000c220e00000,0x000000c220f00000)]
  0x000001ecc31fe800 JavaThread "File lock request listener" [_thread_in_native, id=1896, stack(0x000000c220f00000,0x000000c221000000)]
  0x000001ecc3205000 JavaThread "Cache worker for journal cache (C:\Users\min20\.gradle\caches\journal-1)" [_thread_blocked, id=4212, stack(0x000000c221300000,0x000000c221400000)]
  0x000001ecc3202000 JavaThread "Cache worker for file hash cache (C:\Android\Android Project\2022meit\backup2\.gradle\7.0.2\fileHashes)" [_thread_blocked, id=21568, stack(0x000000c221400000,0x000000c221500000)]
  0x000001ecc31ff800 JavaThread "File watcher server" daemon [_thread_in_native, id=16580, stack(0x000000c221500000,0x000000c221600000)]
  0x000001ecc3203000 JavaThread "File watcher consumer" daemon [_thread_blocked, id=8312, stack(0x000000c221600000,0x000000c221700000)]
  0x000001ecc3203800 JavaThread "Cache worker for checksums cache (C:\Android\Android Project\2022meit\backup2\.gradle\checksums)" [_thread_blocked, id=11216, stack(0x000000c221700000,0x000000c221800000)]
  0x000001ecc3204800 JavaThread "Cache worker for cache directory md-supplier (C:\Users\min20\.gradle\caches\7.0.2\md-supplier)" [_thread_blocked, id=2832, stack(0x000000c221800000,0x000000c221900000)]
  0x000001ecc5974000 JavaThread "Cache worker for cache directory md-rule (C:\Users\min20\.gradle\caches\7.0.2\md-rule)" [_thread_blocked, id=6320, stack(0x000000c221900000,0x000000c221a00000)]
  0x000001ecc5973000 JavaThread "Cache worker for execution history cache (C:\Users\min20\.gradle\caches\7.0.2\executionHistory)" [_thread_blocked, id=6592, stack(0x000000c221a00000,0x000000c221b00000)]
  0x000001ecc5975800 JavaThread "jar transforms" [_thread_blocked, id=20564, stack(0x000000c221c00000,0x000000c221d00000)]
  0x000001ecc5976800 JavaThread "jar transforms Thread 2" [_thread_blocked, id=7668, stack(0x000000c221d00000,0x000000c221e00000)]
  0x000001ecc5977000 JavaThread "Cache worker for file content cache (C:\Users\min20\.gradle\caches\7.0.2\fileContent)" [_thread_blocked, id=19892, stack(0x000000c221e00000,0x000000c221f00000)]
  0x000001ecc5972800 JavaThread "Cache worker for dependencies-accessors (C:\Android\Android Project\2022meit\backup2\.gradle\7.0.2\dependencies-accessors)" [_thread_blocked, id=21144, stack(0x000000c221f00000,0x000000c222000000)]
  0x000001ecc597a800 JavaThread "jar transforms Thread 3" [_thread_blocked, id=2264, stack(0x000000c222000000,0x000000c222100000)]
  0x000001ecc597e800 JavaThread "Cache worker for Build Output Cleanup Cache (C:\Android\Android Project\2022meit\backup2\.gradle\buildOutputCleanup)" [_thread_blocked, id=22312, stack(0x000000c222100000,0x000000c222200000)]
  0x000001ecc597d000 JavaThread "Build operations" [_thread_blocked, id=17236, stack(0x000000c222200000,0x000000c222300000)]
  0x000001ecc597b800 JavaThread "Build operations Thread 2" [_thread_blocked, id=17232, stack(0x000000c222300000,0x000000c222400000)]
  0x000001ecc597c000 JavaThread "Build operations Thread 3" [_thread_blocked, id=2972, stack(0x000000c222400000,0x000000c222500000)]
  0x000001ecc597d800 JavaThread "Build operations Thread 4" [_thread_blocked, id=1204, stack(0x000000c222500000,0x000000c222600000)]
  0x000001ecc5979000 JavaThread "Build operations Thread 5" [_thread_blocked, id=2612, stack(0x000000c222600000,0x000000c222700000)]
  0x000001ecc597f800 JavaThread "Build operations Thread 6" [_thread_blocked, id=1448, stack(0x000000c222700000,0x000000c222800000)]
  0x000001ecc5979800 JavaThread "Build operations Thread 7" [_thread_blocked, id=22236, stack(0x000000c222800000,0x000000c222900000)]
  0x000001ecc5981000 JavaThread "Build operations Thread 8" [_thread_blocked, id=12448, stack(0x000000c222900000,0x000000c222a00000)]
  0x000001ecc5980000 JavaThread "jar transforms Thread 4" [_thread_blocked, id=5232, stack(0x000000c222a00000,0x000000c222b00000)]
  0x000001ecc5df3800 JavaThread "jar transforms Thread 5" [_thread_blocked, id=14600, stack(0x000000c222b00000,0x000000c222c00000)]
  0x000001ecc5df3000 JavaThread "jar transforms Thread 6" [_thread_blocked, id=22000, stack(0x000000c222c00000,0x000000c222d00000)]
  0x000001ecc5df1800 JavaThread "jar transforms Thread 7" [_thread_blocked, id=692, stack(0x000000c221b00000,0x000000c221c00000)]
  0x000001ecc5df7000 JavaThread "jar transforms Thread 8" [_thread_blocked, id=9172, stack(0x000000c222d00000,0x000000c222e00000)]

Other Threads:
  0x000001ecc1e6a000 VMThread "VM Thread" [stack: 0x000000c21f300000,0x000000c21f400000] [id=19956]
  0x000001ecc2070000 WatcherThread [stack: 0x000000c21fd00000,0x000000c21fe00000] [id=19060]
  0x000001eca718a000 GCTaskThread "GC Thread#0" [stack: 0x000000c21ee00000,0x000000c21ef00000] [id=4680]
  0x000001ecc21a2000 GCTaskThread "GC Thread#1" [stack: 0x000000c21ff00000,0x000000c220000000] [id=5188]
  0x000001ecc2a9a000 GCTaskThread "GC Thread#2" [stack: 0x000000c220000000,0x000000c220100000] [id=17856]
  0x000001ecc2a9a800 GCTaskThread "GC Thread#3" [stack: 0x000000c220100000,0x000000c220200000] [id=17592]
  0x000001ecc2a62800 GCTaskThread "GC Thread#4" [stack: 0x000000c220200000,0x000000c220300000] [id=3624]
  0x000001ecc2409800 GCTaskThread "GC Thread#5" [stack: 0x000000c220300000,0x000000c220400000] [id=20276]
  0x000001ecc45bc800 GCTaskThread "GC Thread#6" [stack: 0x000000c221000000,0x000000c221100000] [id=15828]
  0x000001ecc46d5800 GCTaskThread "GC Thread#7" [stack: 0x000000c221100000,0x000000c221200000] [id=17432]
  0x000001eca71ba000 ConcurrentGCThread "G1 Main Marker" [stack: 0x000000c21ef00000,0x000000c21f000000] [id=4476]
  0x000001eca71bb800 ConcurrentGCThread "G1 Conc#0" [stack: 0x000000c21f000000,0x000000c21f100000] [id=9904]
  0x000001ecc2d8b800 ConcurrentGCThread "G1 Conc#1" [stack: 0x000000c221200000,0x000000c221300000] [id=7608]
  0x000001ecc14b8800 ConcurrentGCThread "G1 Refine#0" [stack: 0x000000c21f100000,0x000000c21f200000] [id=20412]
  0x000001ecc14b9800 ConcurrentGCThread "G1 Young RemSet Sampling" [stack: 0x000000c21f200000,0x000000c21f300000] [id=5348]

Threads with active compile tasks:
C2 CompilerThread0  14971 5043       4       java.lang.String::toLowerCase (29 bytes)
C2 CompilerThread1  14971 5076       4       groovy.lang.MetaClassImpl$1MOPIter::methodNameAction (325 bytes)

VM state:not at safepoint (normal execution)

VM Mutex/Monitor currently owned by a thread: None

Heap address: 0x0000000080000000, size: 2048 MB, Compressed Oops mode: 32-bit
Narrow klass base: 0x0000000000000000, Narrow klass shift: 3
Compressed class space size: 1073741824 Address: 0x0000000100000000

Heap:
 garbage-first heap   total 260096K, used 99093K [0x0000000080000000, 0x0000000100000000)
  region size 1024K, 82 young (83968K), 12 survivors (12288K)
 Metaspace       used 47204K, capacity 48436K, committed 48512K, reserved 1091584K
  class space    used 6038K, capacity 6488K, committed 6528K, reserved 1048576K
Heap Regions: E=young(eden), S=young(survivor), O=old, HS=humongous(starts), HC=humongous(continues), CS=collection set, F=free, A=archive, TAMS=top-at-mark-start (previous, next)
|   0|0x0000000080000000, 0x0000000080100000, 0x0000000080100000|100%| O|  |TAMS 0x0000000080100000, 0x0000000080000000| Untracked 
|   1|0x0000000080100000, 0x0000000080200000, 0x0000000080200000|100%| O|  |TAMS 0x0000000080200000, 0x0000000080100000| Untracked 
|   2|0x0000000080200000, 0x0000000080300000, 0x0000000080300000|100%| O|  |TAMS 0x0000000080300000, 0x0000000080200000| Untracked 
|   3|0x0000000080300000, 0x0000000080400000, 0x0000000080400000|100%|HS|  |TAMS 0x0000000080400000, 0x0000000080300000| Complete 
|   4|0x0000000080400000, 0x0000000080500000, 0x0000000080500000|100%|HC|  |TAMS 0x0000000080500000, 0x0000000080400000| Complete 
|   5|0x0000000080500000, 0x0000000080600000, 0x0000000080600000|100%|HC|  |TAMS 0x0000000080600000, 0x0000000080500000| Complete 
|   6|0x0000000080600000, 0x0000000080700000, 0x0000000080700000|100%| O|  |TAMS 0x0000000080700000, 0x0000000080600000| Untracked 
|   7|0x0000000080700000, 0x0000000080800000, 0x0000000080800000|100%| O|  |TAMS 0x0000000080800000, 0x0000000080700000| Untracked 
|   8|0x0000000080800000, 0x0000000080900000, 0x0000000080900000|100%| O|  |TAMS 0x0000000080900000, 0x0000000080800000| Untracked 
|   9|0x0000000080900000, 0x0000000080a00000, 0x0000000080a00000|100%| O|  |TAMS 0x0000000080a00000, 0x0000000080900000| Untracked 
|  10|0x0000000080a00000, 0x0000000080b00000, 0x0000000080b00000|100%| O|  |TAMS 0x0000000080b00000, 0x0000000080a00000| Untracked 
|  11|0x0000000080b00000, 0x0000000080c00000, 0x0000000080c00000|100%| O|  |TAMS 0x0000000080c00000, 0x0000000080b00000| Untracked 
|  12|0x0000000080c00000, 0x0000000080d00000, 0x0000000080d00000|100%| O|  |TAMS 0x0000000080d00000, 0x0000000080c00000| Untracked 
|  13|0x0000000080d00000, 0x0000000080e00000, 0x0000000080e00000|100%| O|  |TAMS 0x0000000080e00000, 0x0000000080d00000| Untracked 
|  14|0x0000000080e00000, 0x0000000080f00000, 0x0000000080f00000|100%| O|  |TAMS 0x0000000080f00000, 0x0000000080e00000| Untracked 
|  15|0x0000000080f00000, 0x0000000080ffc400, 0x0000000081000000| 98%| O|  |TAMS 0x0000000080ffc400, 0x0000000080f00000| Untracked 
|  16|0x0000000081000000, 0x0000000081000000, 0x0000000081100000|  0%| F|  |TAMS 0x0000000081000000, 0x0000000081000000| Untracked 
|  17|0x0000000081100000, 0x0000000081100000, 0x0000000081200000|  0%| F|  |TAMS 0x0000000081100000, 0x0000000081100000| Untracked 
|  18|0x0000000081200000, 0x0000000081200000, 0x0000000081300000|  0%| F|  |TAMS 0x0000000081200000, 0x0000000081200000| Untracked 
|  19|0x0000000081300000, 0x0000000081300000, 0x0000000081400000|  0%| F|  |TAMS 0x0000000081300000, 0x0000000081300000| Untracked 
|  20|0x0000000081400000, 0x0000000081400000, 0x0000000081500000|  0%| F|  |TAMS 0x0000000081400000, 0x0000000081400000| Untracked 
|  21|0x0000000081500000, 0x0000000081500000, 0x0000000081600000|  0%| F|  |TAMS 0x0000000081500000, 0x0000000081500000| Untracked 
|  22|0x0000000081600000, 0x0000000081600000, 0x0000000081700000|  0%| F|  |TAMS 0x0000000081600000, 0x0000000081600000| Untracked 
|  23|0x0000000081700000, 0x0000000081700000, 0x0000000081800000|  0%| F|  |TAMS 0x0000000081700000, 0x0000000081700000| Untracked 
|  24|0x0000000081800000, 0x0000000081800000, 0x0000000081900000|  0%| F|  |TAMS 0x0000000081800000, 0x0000000081800000| Untracked 
|  25|0x0000000081900000, 0x0000000081900000, 0x0000000081a00000|  0%| F|  |TAMS 0x0000000081900000, 0x0000000081900000| Untracked 
|  26|0x0000000081a00000, 0x0000000081a00000, 0x0000000081b00000|  0%| F|  |TAMS 0x0000000081a00000, 0x0000000081a00000| Untracked 
|  27|0x0000000081b00000, 0x0000000081b00000, 0x0000000081c00000|  0%| F|  |TAMS 0x0000000081b00000, 0x0000000081b00000| Untracked 
|  28|0x0000000081c00000, 0x0000000081c00000, 0x0000000081d00000|  0%| F|  |TAMS 0x0000000081c00000, 0x0000000081c00000| Untracked 
|  29|0x0000000081d00000, 0x0000000081d00000, 0x0000000081e00000|  0%| F|  |TAMS 0x0000000081d00000, 0x0000000081d00000| Untracked 
|  30|0x0000000081e00000, 0x0000000081e00000, 0x0000000081f00000|  0%| F|  |TAMS 0x0000000081e00000, 0x0000000081e00000| Untracked 
|  31|0x0000000081f00000, 0x0000000081f00000, 0x0000000082000000|  0%| F|  |TAMS 0x0000000081f00000, 0x0000000081f00000| Untracked 
|  32|0x0000000082000000, 0x0000000082000000, 0x0000000082100000|  0%| F|  |TAMS 0x0000000082000000, 0x0000000082000000| Untracked 
|  33|0x0000000082100000, 0x0000000082100000, 0x0000000082200000|  0%| F|  |TAMS 0x0000000082100000, 0x0000000082100000| Untracked 
|  34|0x0000000082200000, 0x0000000082200000, 0x0000000082300000|  0%| F|  |TAMS 0x0000000082200000, 0x0000000082200000| Untracked 
|  35|0x0000000082300000, 0x0000000082300000, 0x0000000082400000|  0%| F|  |TAMS 0x0000000082300000, 0x0000000082300000| Untracked 
|  36|0x0000000082400000, 0x0000000082400000, 0x0000000082500000|  0%| F|  |TAMS 0x0000000082400000, 0x0000000082400000| Untracked 
|  37|0x0000000082500000, 0x0000000082500000, 0x0000000082600000|  0%| F|  |TAMS 0x0000000082500000, 0x0000000082500000| Untracked 
|  38|0x0000000082600000, 0x0000000082600000, 0x0000000082700000|  0%| F|  |TAMS 0x0000000082600000, 0x0000000082600000| Untracked 
|  39|0x0000000082700000, 0x0000000082700000, 0x0000000082800000|  0%| F|  |TAMS 0x0000000082700000, 0x0000000082700000| Untracked 
|  40|0x0000000082800000, 0x0000000082800000, 0x0000000082900000|  0%| F|  |TAMS 0x0000000082800000, 0x0000000082800000| Untracked 
|  41|0x0000000082900000, 0x0000000082900000, 0x0000000082a00000|  0%| F|  |TAMS 0x0000000082900000, 0x0000000082900000| Untracked 
|  42|0x0000000082a00000, 0x0000000082a00000, 0x0000000082b00000|  0%| F|  |TAMS 0x0000000082a00000, 0x0000000082a00000| Untracked 
|  43|0x0000000082b00000, 0x0000000082b00000, 0x0000000082c00000|  0%| F|  |TAMS 0x0000000082b00000, 0x0000000082b00000| Untracked 
|  44|0x0000000082c00000, 0x0000000082c00000, 0x0000000082d00000|  0%| F|  |TAMS 0x0000000082c00000, 0x0000000082c00000| Untracked 
|  45|0x0000000082d00000, 0x0000000082d00000, 0x0000000082e00000|  0%| F|  |TAMS 0x0000000082d00000, 0x0000000082d00000| Untracked 
|  46|0x0000000082e00000, 0x0000000082e00000, 0x0000000082f00000|  0%| F|  |TAMS 0x0000000082e00000, 0x0000000082e00000| Untracked 
|  47|0x0000000082f00000, 0x0000000082f00000, 0x0000000083000000|  0%| F|  |TAMS 0x0000000082f00000, 0x0000000082f00000| Untracked 
|  48|0x0000000083000000, 0x0000000083000000, 0x0000000083100000|  0%| F|  |TAMS 0x0000000083000000, 0x0000000083000000| Untracked 
|  49|0x0000000083100000, 0x0000000083100000, 0x0000000083200000|  0%| F|  |TAMS 0x0000000083100000, 0x0000000083100000| Untracked 
|  50|0x0000000083200000, 0x0000000083200000, 0x0000000083300000|  0%| F|  |TAMS 0x0000000083200000, 0x0000000083200000| Untracked 
|  51|0x0000000083300000, 0x0000000083300000, 0x0000000083400000|  0%| F|  |TAMS 0x0000000083300000, 0x0000000083300000| Untracked 
|  52|0x0000000083400000, 0x0000000083400000, 0x0000000083500000|  0%| F|  |TAMS 0x0000000083400000, 0x0000000083400000| Untracked 
|  53|0x0000000083500000, 0x0000000083500000, 0x0000000083600000|  0%| F|  |TAMS 0x0000000083500000, 0x0000000083500000| Untracked 
|  54|0x0000000083600000, 0x0000000083600000, 0x0000000083700000|  0%| F|  |TAMS 0x0000000083600000, 0x0000000083600000| Untracked 
|  55|0x0000000083700000, 0x0000000083700000, 0x0000000083800000|  0%| F|  |TAMS 0x0000000083700000, 0x0000000083700000| Untracked 
|  56|0x0000000083800000, 0x0000000083800000, 0x0000000083900000|  0%| F|  |TAMS 0x0000000083800000, 0x0000000083800000| Untracked 
|  57|0x0000000083900000, 0x0000000083900000, 0x0000000083a00000|  0%| F|  |TAMS 0x0000000083900000, 0x0000000083900000| Untracked 
|  58|0x0000000083a00000, 0x0000000083a00000, 0x0000000083b00000|  0%| F|  |TAMS 0x0000000083a00000, 0x0000000083a00000| Untracked 
|  59|0x0000000083b00000, 0x0000000083b00000, 0x0000000083c00000|  0%| F|  |TAMS 0x0000000083b00000, 0x0000000083b00000| Untracked 
|  60|0x0000000083c00000, 0x0000000083c00000, 0x0000000083d00000|  0%| F|  |TAMS 0x0000000083c00000, 0x0000000083c00000| Untracked 
|  61|0x0000000083d00000, 0x0000000083d00000, 0x0000000083e00000|  0%| F|  |TAMS 0x0000000083d00000, 0x0000000083d00000| Untracked 
|  62|0x0000000083e00000, 0x0000000083e00000, 0x0000000083f00000|  0%| F|  |TAMS 0x0000000083e00000, 0x0000000083e00000| Untracked 
|  63|0x0000000083f00000, 0x0000000083f00000, 0x0000000084000000|  0%| F|  |TAMS 0x0000000083f00000, 0x0000000083f00000| Untracked 
|  64|0x0000000084000000, 0x0000000084000000, 0x0000000084100000|  0%| F|  |TAMS 0x0000000084000000, 0x0000000084000000| Untracked 
|  65|0x0000000084100000, 0x0000000084100000, 0x0000000084200000|  0%| F|  |TAMS 0x0000000084100000, 0x0000000084100000| Untracked 
|  66|0x0000000084200000, 0x0000000084200000, 0x0000000084300000|  0%| F|  |TAMS 0x0000000084200000, 0x0000000084200000| Untracked 
|  67|0x0000000084300000, 0x0000000084300000, 0x0000000084400000|  0%| F|  |TAMS 0x0000000084300000, 0x0000000084300000| Untracked 
|  68|0x0000000084400000, 0x0000000084400000, 0x0000000084500000|  0%| F|  |TAMS 0x0000000084400000, 0x0000000084400000| Untracked 
|  69|0x0000000084500000, 0x0000000084500000, 0x0000000084600000|  0%| F|  |TAMS 0x0000000084500000, 0x0000000084500000| Untracked 
|  70|0x0000000084600000, 0x0000000084600000, 0x0000000084700000|  0%| F|  |TAMS 0x0000000084600000, 0x0000000084600000| Untracked 
|  71|0x0000000084700000, 0x0000000084700000, 0x0000000084800000|  0%| F|  |TAMS 0x0000000084700000, 0x0000000084700000| Untracked 
|  72|0x0000000084800000, 0x0000000084800000, 0x0000000084900000|  0%| F|  |TAMS 0x0000000084800000, 0x0000000084800000| Untracked 
|  73|0x0000000084900000, 0x0000000084900000, 0x0000000084a00000|  0%| F|  |TAMS 0x0000000084900000, 0x0000000084900000| Untracked 
|  74|0x0000000084a00000, 0x0000000084a00000, 0x0000000084b00000|  0%| F|  |TAMS 0x0000000084a00000, 0x0000000084a00000| Untracked 
|  75|0x0000000084b00000, 0x0000000084b00000, 0x0000000084c00000|  0%| F|  |TAMS 0x0000000084b00000, 0x0000000084b00000| Untracked 
|  76|0x0000000084c00000, 0x0000000084c00000, 0x0000000084d00000|  0%| F|  |TAMS 0x0000000084c00000, 0x0000000084c00000| Untracked 
|  77|0x0000000084d00000, 0x0000000084d00000, 0x0000000084e00000|  0%| F|  |TAMS 0x0000000084d00000, 0x0000000084d00000| Untracked 
|  78|0x0000000084e00000, 0x0000000084e00000, 0x0000000084f00000|  0%| F|  |TAMS 0x0000000084e00000, 0x0000000084e00000| Untracked 
|  79|0x0000000084f00000, 0x0000000084f00000, 0x0000000085000000|  0%| F|  |TAMS 0x0000000084f00000, 0x0000000084f00000| Untracked 
|  80|0x0000000085000000, 0x0000000085000000, 0x0000000085100000|  0%| F|  |TAMS 0x0000000085000000, 0x0000000085000000| Untracked 
|  81|0x0000000085100000, 0x0000000085100000, 0x0000000085200000|  0%| F|  |TAMS 0x0000000085100000, 0x0000000085100000| Untracked 
|  82|0x0000000085200000, 0x0000000085200000, 0x0000000085300000|  0%| F|  |TAMS 0x0000000085200000, 0x0000000085200000| Untracked 
|  83|0x0000000085300000, 0x0000000085300000, 0x0000000085400000|  0%| F|  |TAMS 0x0000000085300000, 0x0000000085300000| Untracked 
|  84|0x0000000085400000, 0x0000000085400000, 0x0000000085500000|  0%| F|  |TAMS 0x0000000085400000, 0x0000000085400000| Untracked 
|  85|0x0000000085500000, 0x0000000085500000, 0x0000000085600000|  0%| F|  |TAMS 0x0000000085500000, 0x0000000085500000| Untracked 
|  86|0x0000000085600000, 0x0000000085600000, 0x0000000085700000|  0%| F|  |TAMS 0x0000000085600000, 0x0000000085600000| Untracked 
|  87|0x0000000085700000, 0x0000000085700000, 0x0000000085800000|  0%| F|  |TAMS 0x0000000085700000, 0x0000000085700000| Untracked 
|  88|0x0000000085800000, 0x0000000085800000, 0x0000000085900000|  0%| F|  |TAMS 0x0000000085800000, 0x0000000085800000| Untracked 
|  89|0x0000000085900000, 0x0000000085900000, 0x0000000085a00000|  0%| F|  |TAMS 0x0000000085900000, 0x0000000085900000| Untracked 
|  90|0x0000000085a00000, 0x0000000085a00000, 0x0000000085b00000|  0%| F|  |TAMS 0x0000000085a00000, 0x0000000085a00000| Untracked 
|  91|0x0000000085b00000, 0x0000000085b00000, 0x0000000085c00000|  0%| F|  |TAMS 0x0000000085b00000, 0x0000000085b00000| Untracked 
|  92|0x0000000085c00000, 0x0000000085c00000, 0x0000000085d00000|  0%| F|  |TAMS 0x0000000085c00000, 0x0000000085c00000| Untracked 
|  93|0x0000000085d00000, 0x0000000085d00000, 0x0000000085e00000|  0%| F|  |TAMS 0x0000000085d00000, 0x0000000085d00000| Untracked 
|  94|0x0000000085e00000, 0x0000000085e00000, 0x0000000085f00000|  0%| F|  |TAMS 0x0000000085e00000, 0x0000000085e00000| Untracked 
|  95|0x0000000085f00000, 0x0000000085f00000, 0x0000000086000000|  0%| F|  |TAMS 0x0000000085f00000, 0x0000000085f00000| Untracked 
|  96|0x0000000086000000, 0x0000000086000000, 0x0000000086100000|  0%| F|  |TAMS 0x0000000086000000, 0x0000000086000000| Untracked 
|  97|0x0000000086100000, 0x0000000086100000, 0x0000000086200000|  0%| F|  |TAMS 0x0000000086100000, 0x0000000086100000| Untracked 
|  98|0x0000000086200000, 0x0000000086200000, 0x0000000086300000|  0%| F|  |TAMS 0x0000000086200000, 0x0000000086200000| Untracked 
|  99|0x0000000086300000, 0x0000000086300000, 0x0000000086400000|  0%| F|  |TAMS 0x0000000086300000, 0x0000000086300000| Untracked 
| 100|0x0000000086400000, 0x0000000086400000, 0x0000000086500000|  0%| F|  |TAMS 0x0000000086400000, 0x0000000086400000| Untracked 
| 101|0x0000000086500000, 0x0000000086500000, 0x0000000086600000|  0%| F|  |TAMS 0x0000000086500000, 0x0000000086500000| Untracked 
| 102|0x0000000086600000, 0x0000000086600000, 0x0000000086700000|  0%| F|  |TAMS 0x0000000086600000, 0x0000000086600000| Untracked 
| 103|0x0000000086700000, 0x0000000086700000, 0x0000000086800000|  0%| F|  |TAMS 0x0000000086700000, 0x0000000086700000| Untracked 
| 104|0x0000000086800000, 0x0000000086800000, 0x0000000086900000|  0%| F|  |TAMS 0x0000000086800000, 0x0000000086800000| Untracked 
| 105|0x0000000086900000, 0x0000000086900000, 0x0000000086a00000|  0%| F|  |TAMS 0x0000000086900000, 0x0000000086900000| Untracked 
| 106|0x0000000086a00000, 0x0000000086a00000, 0x0000000086b00000|  0%| F|  |TAMS 0x0000000086a00000, 0x0000000086a00000| Untracked 
| 107|0x0000000086b00000, 0x0000000086b00000, 0x0000000086c00000|  0%| F|  |TAMS 0x0000000086b00000, 0x0000000086b00000| Untracked 
| 108|0x0000000086c00000, 0x0000000086c00000, 0x0000000086d00000|  0%| F|  |TAMS 0x0000000086c00000, 0x0000000086c00000| Untracked 
| 109|0x0000000086d00000, 0x0000000086d00000, 0x0000000086e00000|  0%| F|  |TAMS 0x0000000086d00000, 0x0000000086d00000| Untracked 
| 110|0x0000000086e00000, 0x0000000086e00000, 0x0000000086f00000|  0%| F|  |TAMS 0x0000000086e00000, 0x0000000086e00000| Untracked 
| 111|0x0000000086f00000, 0x0000000086f00000, 0x0000000087000000|  0%| F|  |TAMS 0x0000000086f00000, 0x0000000086f00000| Untracked 
| 112|0x0000000087000000, 0x0000000087000000, 0x0000000087100000|  0%| F|  |TAMS 0x0000000087000000, 0x0000000087000000| Untracked 
| 113|0x0000000087100000, 0x0000000087100000, 0x0000000087200000|  0%| F|  |TAMS 0x0000000087100000, 0x0000000087100000| Untracked 
| 114|0x0000000087200000, 0x0000000087200000, 0x0000000087300000|  0%| F|  |TAMS 0x0000000087200000, 0x0000000087200000| Untracked 
| 115|0x0000000087300000, 0x0000000087300000, 0x0000000087400000|  0%| F|  |TAMS 0x0000000087300000, 0x0000000087300000| Untracked 
| 116|0x0000000087400000, 0x0000000087400000, 0x0000000087500000|  0%| F|  |TAMS 0x0000000087400000, 0x0000000087400000| Untracked 
| 117|0x0000000087500000, 0x0000000087500000, 0x0000000087600000|  0%| F|  |TAMS 0x0000000087500000, 0x0000000087500000| Untracked 
| 118|0x0000000087600000, 0x0000000087600000, 0x0000000087700000|  0%| F|  |TAMS 0x0000000087600000, 0x0000000087600000| Untracked 
| 119|0x0000000087700000, 0x0000000087700000, 0x0000000087800000|  0%| F|  |TAMS 0x0000000087700000, 0x0000000087700000| Untracked 
| 120|0x0000000087800000, 0x0000000087800000, 0x0000000087900000|  0%| F|  |TAMS 0x0000000087800000, 0x0000000087800000| Untracked 
| 121|0x0000000087900000, 0x0000000087900000, 0x0000000087a00000|  0%| F|  |TAMS 0x0000000087900000, 0x0000000087900000| Untracked 
| 122|0x0000000087a00000, 0x0000000087a00000, 0x0000000087b00000|  0%| F|  |TAMS 0x0000000087a00000, 0x0000000087a00000| Untracked 
| 123|0x0000000087b00000, 0x0000000087b00000, 0x0000000087c00000|  0%| F|  |TAMS 0x0000000087b00000, 0x0000000087b00000| Untracked 
| 124|0x0000000087c00000, 0x0000000087c00000, 0x0000000087d00000|  0%| F|  |TAMS 0x0000000087c00000, 0x0000000087c00000| Untracked 
| 125|0x0000000087d00000, 0x0000000087d00000, 0x0000000087e00000|  0%| F|  |TAMS 0x0000000087d00000, 0x0000000087d00000| Untracked 
| 126|0x0000000087e00000, 0x0000000087e00000, 0x0000000087f00000|  0%| F|  |TAMS 0x0000000087e00000, 0x0000000087e00000| Untracked 
| 127|0x0000000087f00000, 0x0000000087f00000, 0x0000000088000000|  0%| F|  |TAMS 0x0000000087f00000, 0x0000000087f00000| Untracked 
| 128|0x0000000088000000, 0x0000000088000000, 0x0000000088100000|  0%| F|  |TAMS 0x0000000088000000, 0x0000000088000000| Untracked 
| 129|0x0000000088100000, 0x0000000088100000, 0x0000000088200000|  0%| F|  |TAMS 0x0000000088100000, 0x0000000088100000| Untracked 
| 130|0x0000000088200000, 0x0000000088200000, 0x0000000088300000|  0%| F|  |TAMS 0x0000000088200000, 0x0000000088200000| Untracked 
| 131|0x0000000088300000, 0x0000000088300000, 0x0000000088400000|  0%| F|  |TAMS 0x0000000088300000, 0x0000000088300000| Untracked 
| 132|0x0000000088400000, 0x0000000088400000, 0x0000000088500000|  0%| F|  |TAMS 0x0000000088400000, 0x0000000088400000| Untracked 
| 133|0x0000000088500000, 0x0000000088500000, 0x0000000088600000|  0%| F|  |TAMS 0x0000000088500000, 0x0000000088500000| Untracked 
| 134|0x0000000088600000, 0x0000000088600000, 0x0000000088700000|  0%| F|  |TAMS 0x0000000088600000, 0x0000000088600000| Untracked 
| 135|0x0000000088700000, 0x0000000088700000, 0x0000000088800000|  0%| F|  |TAMS 0x0000000088700000, 0x0000000088700000| Untracked 
| 136|0x0000000088800000, 0x0000000088800000, 0x0000000088900000|  0%| F|  |TAMS 0x0000000088800000, 0x0000000088800000| Untracked 
| 137|0x0000000088900000, 0x0000000088900000, 0x0000000088a00000|  0%| F|  |TAMS 0x0000000088900000, 0x0000000088900000| Untracked 
| 138|0x0000000088a00000, 0x0000000088a00000, 0x0000000088b00000|  0%| F|  |TAMS 0x0000000088a00000, 0x0000000088a00000| Untracked 
| 139|0x0000000088b00000, 0x0000000088bc9120, 0x0000000088c00000| 78%| S|CS|TAMS 0x0000000088b00000, 0x0000000088b00000| Complete 
| 140|0x0000000088c00000, 0x0000000088d00000, 0x0000000088d00000|100%| S|CS|TAMS 0x0000000088c00000, 0x0000000088c00000| Complete 
| 141|0x0000000088d00000, 0x0000000088e00000, 0x0000000088e00000|100%| S|CS|TAMS 0x0000000088d00000, 0x0000000088d00000| Complete 
| 142|0x0000000088e00000, 0x0000000088f00000, 0x0000000088f00000|100%| S|CS|TAMS 0x0000000088e00000, 0x0000000088e00000| Complete 
| 143|0x0000000088f00000, 0x0000000089000000, 0x0000000089000000|100%| S|CS|TAMS 0x0000000088f00000, 0x0000000088f00000| Complete 
| 144|0x0000000089000000, 0x0000000089100000, 0x0000000089100000|100%| S|CS|TAMS 0x0000000089000000, 0x0000000089000000| Complete 
| 145|0x0000000089100000, 0x0000000089200000, 0x0000000089200000|100%| S|CS|TAMS 0x0000000089100000, 0x0000000089100000| Complete 
| 146|0x0000000089200000, 0x0000000089300000, 0x0000000089300000|100%| S|CS|TAMS 0x0000000089200000, 0x0000000089200000| Complete 
| 147|0x0000000089300000, 0x0000000089400000, 0x0000000089400000|100%| S|CS|TAMS 0x0000000089300000, 0x0000000089300000| Complete 
| 148|0x0000000089400000, 0x0000000089500000, 0x0000000089500000|100%| S|CS|TAMS 0x0000000089400000, 0x0000000089400000| Complete 
| 149|0x0000000089500000, 0x0000000089600000, 0x0000000089600000|100%| S|CS|TAMS 0x0000000089500000, 0x0000000089500000| Complete 
| 150|0x0000000089600000, 0x0000000089700000, 0x0000000089700000|100%| S|CS|TAMS 0x0000000089600000, 0x0000000089600000| Complete 
| 151|0x0000000089700000, 0x0000000089700000, 0x0000000089800000|  0%| F|  |TAMS 0x0000000089700000, 0x0000000089700000| Untracked 
| 152|0x0000000089800000, 0x0000000089800000, 0x0000000089900000|  0%| F|  |TAMS 0x0000000089800000, 0x0000000089800000| Untracked 
| 153|0x0000000089900000, 0x0000000089900000, 0x0000000089a00000|  0%| F|  |TAMS 0x0000000089900000, 0x0000000089900000| Untracked 
| 154|0x0000000089a00000, 0x0000000089a00000, 0x0000000089b00000|  0%| F|  |TAMS 0x0000000089a00000, 0x0000000089a00000| Untracked 
| 155|0x0000000089b00000, 0x0000000089b00000, 0x0000000089c00000|  0%| F|  |TAMS 0x0000000089b00000, 0x0000000089b00000| Untracked 
| 156|0x0000000089c00000, 0x0000000089c00000, 0x0000000089d00000|  0%| F|  |TAMS 0x0000000089c00000, 0x0000000089c00000| Untracked 
| 157|0x0000000089d00000, 0x0000000089d00000, 0x0000000089e00000|  0%| F|  |TAMS 0x0000000089d00000, 0x0000000089d00000| Untracked 
| 158|0x0000000089e00000, 0x0000000089e00000, 0x0000000089f00000|  0%| F|  |TAMS 0x0000000089e00000, 0x0000000089e00000| Untracked 
| 159|0x0000000089f00000, 0x0000000089f00000, 0x000000008a000000|  0%| F|  |TAMS 0x0000000089f00000, 0x0000000089f00000| Untracked 
| 160|0x000000008a000000, 0x000000008a000000, 0x000000008a100000|  0%| F|  |TAMS 0x000000008a000000, 0x000000008a000000| Untracked 
| 161|0x000000008a100000, 0x000000008a100000, 0x000000008a200000|  0%| F|  |TAMS 0x000000008a100000, 0x000000008a100000| Untracked 
| 162|0x000000008a200000, 0x000000008a200000, 0x000000008a300000|  0%| F|  |TAMS 0x000000008a200000, 0x000000008a200000| Untracked 
| 163|0x000000008a300000, 0x000000008a300000, 0x000000008a400000|  0%| F|  |TAMS 0x000000008a300000, 0x000000008a300000| Untracked 
| 164|0x000000008a400000, 0x000000008a400000, 0x000000008a500000|  0%| F|  |TAMS 0x000000008a400000, 0x000000008a400000| Untracked 
| 165|0x000000008a500000, 0x000000008a500000, 0x000000008a600000|  0%| F|  |TAMS 0x000000008a500000, 0x000000008a500000| Untracked 
| 166|0x000000008a600000, 0x000000008a600000, 0x000000008a700000|  0%| F|  |TAMS 0x000000008a600000, 0x000000008a600000| Untracked 
| 167|0x000000008a700000, 0x000000008a700000, 0x000000008a800000|  0%| F|  |TAMS 0x000000008a700000, 0x000000008a700000| Untracked 
| 168|0x000000008a800000, 0x000000008a800000, 0x000000008a900000|  0%| F|  |TAMS 0x000000008a800000, 0x000000008a800000| Untracked 
| 169|0x000000008a900000, 0x000000008a900000, 0x000000008aa00000|  0%| F|  |TAMS 0x000000008a900000, 0x000000008a900000| Untracked 
| 170|0x000000008aa00000, 0x000000008aa00000, 0x000000008ab00000|  0%| F|  |TAMS 0x000000008aa00000, 0x000000008aa00000| Untracked 
| 171|0x000000008ab00000, 0x000000008ab00000, 0x000000008ac00000|  0%| F|  |TAMS 0x000000008ab00000, 0x000000008ab00000| Untracked 
| 172|0x000000008ac00000, 0x000000008ac00000, 0x000000008ad00000|  0%| F|  |TAMS 0x000000008ac00000, 0x000000008ac00000| Untracked 
| 173|0x000000008ad00000, 0x000000008ad00000, 0x000000008ae00000|  0%| F|  |TAMS 0x000000008ad00000, 0x000000008ad00000| Untracked 
| 174|0x000000008ae00000, 0x000000008ae00000, 0x000000008af00000|  0%| F|  |TAMS 0x000000008ae00000, 0x000000008ae00000| Untracked 
| 175|0x000000008af00000, 0x000000008af00000, 0x000000008b000000|  0%| F|  |TAMS 0x000000008af00000, 0x000000008af00000| Untracked 
| 176|0x000000008b000000, 0x000000008b000000, 0x000000008b100000|  0%| F|  |TAMS 0x000000008b000000, 0x000000008b000000| Untracked 
| 177|0x000000008b100000, 0x000000008b100000, 0x000000008b200000|  0%| F|  |TAMS 0x000000008b100000, 0x000000008b100000| Untracked 
| 178|0x000000008b200000, 0x000000008b200000, 0x000000008b300000|  0%| F|  |TAMS 0x000000008b200000, 0x000000008b200000| Untracked 
| 179|0x000000008b300000, 0x000000008b300000, 0x000000008b400000|  0%| F|  |TAMS 0x000000008b300000, 0x000000008b300000| Untracked 
| 180|0x000000008b400000, 0x000000008b400000, 0x000000008b500000|  0%| F|  |TAMS 0x000000008b400000, 0x000000008b400000| Untracked 
| 181|0x000000008b500000, 0x000000008b500000, 0x000000008b600000|  0%| F|  |TAMS 0x000000008b500000, 0x000000008b500000| Untracked 
| 182|0x000000008b600000, 0x000000008b600000, 0x000000008b700000|  0%| F|  |TAMS 0x000000008b600000, 0x000000008b600000| Untracked 
| 183|0x000000008b700000, 0x000000008b700000, 0x000000008b800000|  0%| F|  |TAMS 0x000000008b700000, 0x000000008b700000| Untracked 
| 184|0x000000008b800000, 0x000000008b900000, 0x000000008b900000|100%| E|  |TAMS 0x000000008b800000, 0x000000008b800000| Complete 
| 185|0x000000008b900000, 0x000000008ba00000, 0x000000008ba00000|100%| E|CS|TAMS 0x000000008b900000, 0x000000008b900000| Complete 
| 186|0x000000008ba00000, 0x000000008bb00000, 0x000000008bb00000|100%| E|CS|TAMS 0x000000008ba00000, 0x000000008ba00000| Complete 
| 187|0x000000008bb00000, 0x000000008bc00000, 0x000000008bc00000|100%| E|CS|TAMS 0x000000008bb00000, 0x000000008bb00000| Complete 
| 188|0x000000008bc00000, 0x000000008bd00000, 0x000000008bd00000|100%| E|CS|TAMS 0x000000008bc00000, 0x000000008bc00000| Complete 
| 189|0x000000008bd00000, 0x000000008be00000, 0x000000008be00000|100%| E|CS|TAMS 0x000000008bd00000, 0x000000008bd00000| Complete 
| 190|0x000000008be00000, 0x000000008bf00000, 0x000000008bf00000|100%| E|CS|TAMS 0x000000008be00000, 0x000000008be00000| Complete 
| 191|0x000000008bf00000, 0x000000008c000000, 0x000000008c000000|100%| E|CS|TAMS 0x000000008bf00000, 0x000000008bf00000| Complete 
| 192|0x000000008c000000, 0x000000008c100000, 0x000000008c100000|100%| E|CS|TAMS 0x000000008c000000, 0x000000008c000000| Complete 
| 193|0x000000008c100000, 0x000000008c200000, 0x000000008c200000|100%| E|CS|TAMS 0x000000008c100000, 0x000000008c100000| Complete 
| 194|0x000000008c200000, 0x000000008c300000, 0x000000008c300000|100%| E|CS|TAMS 0x000000008c200000, 0x000000008c200000| Complete 
| 195|0x000000008c300000, 0x000000008c400000, 0x000000008c400000|100%| E|CS|TAMS 0x000000008c300000, 0x000000008c300000| Complete 
| 196|0x000000008c400000, 0x000000008c500000, 0x000000008c500000|100%| E|CS|TAMS 0x000000008c400000, 0x000000008c400000| Complete 
| 197|0x000000008c500000, 0x000000008c600000, 0x000000008c600000|100%| E|CS|TAMS 0x000000008c500000, 0x000000008c500000| Complete 
| 198|0x000000008c600000, 0x000000008c700000, 0x000000008c700000|100%| E|CS|TAMS 0x000000008c600000, 0x000000008c600000| Complete 
| 199|0x000000008c700000, 0x000000008c800000, 0x000000008c800000|100%| E|CS|TAMS 0x000000008c700000, 0x000000008c700000| Complete 
| 200|0x000000008c800000, 0x000000008c900000, 0x000000008c900000|100%| E|CS|TAMS 0x000000008c800000, 0x000000008c800000| Complete 
| 201|0x000000008c900000, 0x000000008ca00000, 0x000000008ca00000|100%| E|CS|TAMS 0x000000008c900000, 0x000000008c900000| Complete 
| 202|0x000000008ca00000, 0x000000008cb00000, 0x000000008cb00000|100%| E|CS|TAMS 0x000000008ca00000, 0x000000008ca00000| Complete 
| 203|0x000000008cb00000, 0x000000008cc00000, 0x000000008cc00000|100%| E|CS|TAMS 0x000000008cb00000, 0x000000008cb00000| Complete 
| 204|0x000000008cc00000, 0x000000008cd00000, 0x000000008cd00000|100%| E|CS|TAMS 0x000000008cc00000, 0x000000008cc00000| Complete 
| 205|0x000000008cd00000, 0x000000008ce00000, 0x000000008ce00000|100%| E|CS|TAMS 0x000000008cd00000, 0x000000008cd00000| Complete 
| 206|0x000000008ce00000, 0x000000008cf00000, 0x000000008cf00000|100%| E|CS|TAMS 0x000000008ce00000, 0x000000008ce00000| Complete 
| 207|0x000000008cf00000, 0x000000008d000000, 0x000000008d000000|100%| E|CS|TAMS 0x000000008cf00000, 0x000000008cf00000| Complete 
| 208|0x000000008d000000, 0x000000008d100000, 0x000000008d100000|100%| E|CS|TAMS 0x000000008d000000, 0x000000008d000000| Complete 
| 209|0x000000008d100000, 0x000000008d200000, 0x000000008d200000|100%| E|CS|TAMS 0x000000008d100000, 0x000000008d100000| Complete 
| 210|0x000000008d200000, 0x000000008d300000, 0x000000008d300000|100%| E|CS|TAMS 0x000000008d200000, 0x000000008d200000| Complete 
| 211|0x000000008d300000, 0x000000008d400000, 0x000000008d400000|100%| E|CS|TAMS 0x000000008d300000, 0x000000008d300000| Complete 
| 212|0x000000008d400000, 0x000000008d500000, 0x000000008d500000|100%| E|CS|TAMS 0x000000008d400000, 0x000000008d400000| Complete 
| 213|0x000000008d500000, 0x000000008d600000, 0x000000008d600000|100%| E|CS|TAMS 0x000000008d500000, 0x000000008d500000| Complete 
| 214|0x000000008d600000, 0x000000008d700000, 0x000000008d700000|100%| E|CS|TAMS 0x000000008d600000, 0x000000008d600000| Complete 
| 215|0x000000008d700000, 0x000000008d800000, 0x000000008d800000|100%| E|CS|TAMS 0x000000008d700000, 0x000000008d700000| Complete 
| 216|0x000000008d800000, 0x000000008d900000, 0x000000008d900000|100%| E|CS|TAMS 0x000000008d800000, 0x000000008d800000| Complete 
| 217|0x000000008d900000, 0x000000008da00000, 0x000000008da00000|100%| E|CS|TAMS 0x000000008d900000, 0x000000008d900000| Complete 
| 218|0x000000008da00000, 0x000000008db00000, 0x000000008db00000|100%| E|CS|TAMS 0x000000008da00000, 0x000000008da00000| Complete 
| 219|0x000000008db00000, 0x000000008dc00000, 0x000000008dc00000|100%| E|CS|TAMS 0x000000008db00000, 0x000000008db00000| Complete 
| 220|0x000000008dc00000, 0x000000008dd00000, 0x000000008dd00000|100%| E|CS|TAMS 0x000000008dc00000, 0x000000008dc00000| Complete 
| 221|0x000000008dd00000, 0x000000008de00000, 0x000000008de00000|100%| E|CS|TAMS 0x000000008dd00000, 0x000000008dd00000| Complete 
| 222|0x000000008de00000, 0x000000008df00000, 0x000000008df00000|100%| E|CS|TAMS 0x000000008de00000, 0x000000008de00000| Complete 
| 223|0x000000008df00000, 0x000000008e000000, 0x000000008e000000|100%| E|CS|TAMS 0x000000008df00000, 0x000000008df00000| Complete 
| 224|0x000000008e000000, 0x000000008e100000, 0x000000008e100000|100%| E|CS|TAMS 0x000000008e000000, 0x000000008e000000| Complete 
| 225|0x000000008e100000, 0x000000008e200000, 0x000000008e200000|100%| E|CS|TAMS 0x000000008e100000, 0x000000008e100000| Complete 
| 226|0x000000008e200000, 0x000000008e300000, 0x000000008e300000|100%| E|CS|TAMS 0x000000008e200000, 0x000000008e200000| Complete 
| 227|0x000000008e300000, 0x000000008e400000, 0x000000008e400000|100%| E|CS|TAMS 0x000000008e300000, 0x000000008e300000| Complete 
| 228|0x000000008e400000, 0x000000008e500000, 0x000000008e500000|100%| E|CS|TAMS 0x000000008e400000, 0x000000008e400000| Complete 
| 229|0x000000008e500000, 0x000000008e600000, 0x000000008e600000|100%| E|CS|TAMS 0x000000008e500000, 0x000000008e500000| Complete 
| 230|0x000000008e600000, 0x000000008e700000, 0x000000008e700000|100%| E|CS|TAMS 0x000000008e600000, 0x000000008e600000| Complete 
| 231|0x000000008e700000, 0x000000008e800000, 0x000000008e800000|100%| E|CS|TAMS 0x000000008e700000, 0x000000008e700000| Complete 
| 232|0x000000008e800000, 0x000000008e900000, 0x000000008e900000|100%| E|CS|TAMS 0x000000008e800000, 0x000000008e800000| Complete 
| 233|0x000000008e900000, 0x000000008ea00000, 0x000000008ea00000|100%| E|CS|TAMS 0x000000008e900000, 0x000000008e900000| Complete 
| 234|0x000000008ea00000, 0x000000008eb00000, 0x000000008eb00000|100%| E|CS|TAMS 0x000000008ea00000, 0x000000008ea00000| Complete 
| 235|0x000000008eb00000, 0x000000008ec00000, 0x000000008ec00000|100%| E|CS|TAMS 0x000000008eb00000, 0x000000008eb00000| Complete 
| 236|0x000000008ec00000, 0x000000008ed00000, 0x000000008ed00000|100%| E|CS|TAMS 0x000000008ec00000, 0x000000008ec00000| Complete 
| 237|0x000000008ed00000, 0x000000008ee00000, 0x000000008ee00000|100%| E|CS|TAMS 0x000000008ed00000, 0x000000008ed00000| Complete 
| 238|0x000000008ee00000, 0x000000008ef00000, 0x000000008ef00000|100%| E|CS|TAMS 0x000000008ee00000, 0x000000008ee00000| Complete 
| 239|0x000000008ef00000, 0x000000008f000000, 0x000000008f000000|100%| E|CS|TAMS 0x000000008ef00000, 0x000000008ef00000| Complete 
| 240|0x000000008f000000, 0x000000008f100000, 0x000000008f100000|100%| E|CS|TAMS 0x000000008f000000, 0x000000008f000000| Complete 
| 241|0x000000008f100000, 0x000000008f200000, 0x000000008f200000|100%| E|CS|TAMS 0x000000008f100000, 0x000000008f100000| Complete 
| 242|0x000000008f200000, 0x000000008f300000, 0x000000008f300000|100%| E|CS|TAMS 0x000000008f200000, 0x000000008f200000| Complete 
| 243|0x000000008f300000, 0x000000008f400000, 0x000000008f400000|100%| E|CS|TAMS 0x000000008f300000, 0x000000008f300000| Complete 
| 244|0x000000008f400000, 0x000000008f500000, 0x000000008f500000|100%| E|CS|TAMS 0x000000008f400000, 0x000000008f400000| Complete 
| 245|0x000000008f500000, 0x000000008f600000, 0x000000008f600000|100%| E|CS|TAMS 0x000000008f500000, 0x000000008f500000| Complete 
| 246|0x000000008f600000, 0x000000008f700000, 0x000000008f700000|100%| E|CS|TAMS 0x000000008f600000, 0x000000008f600000| Complete 
| 247|0x000000008f700000, 0x000000008f800000, 0x000000008f800000|100%| E|CS|TAMS 0x000000008f700000, 0x000000008f700000| Complete 
| 248|0x000000008f800000, 0x000000008f900000, 0x000000008f900000|100%| E|CS|TAMS 0x000000008f800000, 0x000000008f800000| Complete 
| 249|0x000000008f900000, 0x000000008fa00000, 0x000000008fa00000|100%| E|CS|TAMS 0x000000008f900000, 0x000000008f900000| Complete 
| 250|0x000000008fa00000, 0x000000008fb00000, 0x000000008fb00000|100%| E|CS|TAMS 0x000000008fa00000, 0x000000008fa00000| Complete 
| 251|0x000000008fb00000, 0x000000008fc00000, 0x000000008fc00000|100%| E|CS|TAMS 0x000000008fb00000, 0x000000008fb00000| Complete 
| 252|0x000000008fc00000, 0x000000008fd00000, 0x000000008fd00000|100%| E|CS|TAMS 0x000000008fc00000, 0x000000008fc00000| Complete 
| 253|0x000000008fd00000, 0x000000008fe00000, 0x000000008fe00000|100%| E|CS|TAMS 0x000000008fd00000, 0x000000008fd00000| Complete 

Card table byte_map: [0x000001ecba3c0000,0x000001ecba7c0000] _byte_map_base: 0x000001ecb9fc0000

Marking Bits (Prev, Next): (CMBitMap*) 0x000001eca71b1578, (CMBitMap*) 0x000001eca71b15b0
 Prev Bits: [0x000001ecbabc0000, 0x000001ecbcbc0000)
 Next Bits: [0x000001ecbcbc0000, 0x000001ecbebc0000)

Polling page: 0x000001eca50e0000

Metaspace:

Usage:
  Non-class:     40.96 MB capacity,    40.20 MB ( 98%) used,   653.63 KB (  2%) free+waste,   125.19 KB ( <1%) overhead. 
      Class:      6.34 MB capacity,     5.90 MB ( 93%) used,   389.47 KB (  6%) free+waste,    59.63 KB ( <1%) overhead. 
       Both:     47.30 MB capacity,    46.10 MB ( 97%) used,     1.02 MB (  2%) free+waste,   184.81 KB ( <1%) overhead. 

Virtual space:
  Non-class space:       42.00 MB reserved,      41.00 MB ( 98%) committed 
      Class space:        1.00 GB reserved,       6.38 MB ( <1%) committed 
             Both:        1.04 GB reserved,      47.38 MB (  4%) committed 

Chunk freelists:
   Non-Class:  36.00 KB
       Class:  0 bytes
        Both:  36.00 KB

MaxMetaspaceSize: 17179869184.00 GB
CompressedClassSpaceSize: 1.00 GB
Initial GC threshold: 20.80 MB
Current GC threshold: 58.75 MB
CDS: off

CodeHeap 'non-profiled nmethods': size=120000Kb used=2870Kb max_used=2870Kb free=117129Kb
 bounds [0x000001ecb2750000, 0x000001ecb2a20000, 0x000001ecb9c80000]
CodeHeap 'profiled nmethods': size=120000Kb used=10301Kb max_used=10301Kb free=109698Kb
 bounds [0x000001ecab220000, 0x000001ecabc30000, 0x000001ecb2750000]
CodeHeap 'non-nmethods': size=5760Kb used=2304Kb max_used=2369Kb free=3455Kb
 bounds [0x000001ecaac80000, 0x000001ecaaef0000, 0x000001ecab220000]
 total_blobs=5854 nmethods=5066 adapters=700
 compilation: enabled
              stopped_count=0, restarted_count=0
 full_count=0

Compilation events (20 events):
Event: 14.900 Thread 0x000001ecc1eff800 5042       3       java.nio.ByteBuffer::clear (5 bytes)
Event: 14.900 Thread 0x000001ecc1eff800 nmethod 5042 0x000001ecabc17310 code [0x000001ecabc174c0, 0x000001ecabc17668]
Event: 14.900 Thread 0x000001ecc1eff800 5041       3       java.util.concurrent.FutureTask$WaitNode::<init> (12 bytes)
Event: 14.900 Thread 0x000001ecc1eff800 nmethod 5041 0x000001ecabc17710 code [0x000001ecabc178c0, 0x000001ecabc17a98]
Event: 14.902 Thread 0x000001ecc1eff800 5044       3       com.google.common.util.concurrent.AbstractFuture::complete (104 bytes)
Event: 14.903 Thread 0x000001ecc1eff800 nmethod 5044 0x000001ecabc17b90 code [0x000001ecabc17dc0, 0x000001ecabc185d8]
Event: 14.903 Thread 0x000001ecc1eff800 5046       3       java.nio.ByteBuffer::allocate (19 bytes)
Event: 14.903 Thread 0x000001ecc1eff800 nmethod 5046 0x000001ecabc18890 code [0x000001ecabc18a60, 0x000001ecabc18d78]
Event: 14.903 Thread 0x000001ecc1eff800 5047       3       java.nio.HeapByteBuffer::<init> (20 bytes)
Event: 14.904 Thread 0x000001ecc1eff800 nmethod 5047 0x000001ecabc18f10 code [0x000001ecabc190c0, 0x000001ecabc192c8]
Event: 14.904 Thread 0x000001ecc1eff800 5045       1       org.gradle.internal.snapshot.AbstractFileSystemLocationSnapshot::getName (5 bytes)
Event: 14.904 Thread 0x000001ecc1eff800 nmethod 5045 0x000001ecb2a1c410 code [0x000001ecb2a1c5c0, 0x000001ecb2a1c678]
Event: 14.904 Thread 0x000001ecc1eff800 5048       3       com.google.common.cache.LocalCache$Segment::newEntryArray (9 bytes)
Event: 14.904 Thread 0x000001ecc1eff800 nmethod 5048 0x000001ecabc19390 code [0x000001ecabc19560, 0x000001ecabc19878]
Event: 14.905 Thread 0x000001ecc1eff800 5049       3       org.gradle.internal.serialize.kryo.KryoBackedEncoder::writeByte (9 bytes)
Event: 14.906 Thread 0x000001ecc1eff800 nmethod 5049 0x000001ecabc19990 code [0x000001ecabc19b60, 0x000001ecabc19da8]
Event: 14.906 Thread 0x000001ecc1eff800 5050       3       com.esotericsoftware.kryo.io.Input::<init> (25 bytes)
Event: 14.906 Thread 0x000001ecc1eff800 nmethod 5050 0x000001ecabc19f10 code [0x000001ecabc1a0e0, 0x000001ecabc1a498]
Event: 14.907 Thread 0x000001ecc1eff800 5051       1       org.gradle.api.internal.changedetection.state.DefaultRegularFileSnapshotContext::getSnapshot (5 bytes)
Event: 14.907 Thread 0x000001ecc1eff800 nmethod 5051 0x000001ecb2a1c710 code [0x000001ecb2a1c8c0, 0x000001ecb2a1c978]

GC Heap History (10 events):
Event: 1.419 GC heap before
{Heap before GC invocations=0 (full 0):
 garbage-first heap   total 260096K, used 29696K [0x0000000080000000, 0x0000000100000000)
  region size 1024K, 24 young (24576K), 0 survivors (0K)
 Metaspace       used 10162K, capacity 10403K, committed 10624K, reserved 1058816K
  class space    used 1060K, capacity 1106K, committed 1152K, reserved 1048576K
}
Event: 1.423 GC heap after
{Heap after GC invocations=1 (full 0):
 garbage-first heap   total 260096K, used 9699K [0x0000000080000000, 0x0000000100000000)
  region size 1024K, 3 young (3072K), 3 survivors (3072K)
 Metaspace       used 10162K, capacity 10403K, committed 10624K, reserved 1058816K
  class space    used 1060K, capacity 1106K, committed 1152K, reserved 1048576K
}
Event: 5.642 GC heap before
{Heap before GC invocations=1 (full 0):
 garbage-first heap   total 260096K, used 105955K [0x0000000080000000, 0x0000000100000000)
  region size 1024K, 98 young (100352K), 3 survivors (3072K)
 Metaspace       used 20606K, capacity 21104K, committed 21248K, reserved 1067008K
  class space    used 2511K, capacity 2690K, committed 2816K, reserved 1048576K
}
Event: 5.653 GC heap after
{Heap after GC invocations=2 (full 0):
 garbage-first heap   total 260096K, used 16621K [0x0000000080000000, 0x0000000100000000)
  region size 1024K, 10 young (10240K), 10 survivors (10240K)
 Metaspace       used 20606K, capacity 21104K, committed 21248K, reserved 1067008K
  class space    used 2511K, capacity 2690K, committed 2816K, reserved 1048576K
}
Event: 6.225 GC heap before
{Heap before GC invocations=3 (full 0):
 garbage-first heap   total 260096K, used 55533K [0x0000000080000000, 0x0000000100000000)
  region size 1024K, 48 young (49152K), 10 survivors (10240K)
 Metaspace       used 24370K, capacity 25062K, committed 25216K, reserved 1071104K
  class space    used 3135K, capacity 3353K, committed 3456K, reserved 1048576K
}
Event: 6.230 GC heap after
{Heap after GC invocations=4 (full 0):
 garbage-first heap   total 260096K, used 18412K [0x0000000080000000, 0x0000000100000000)
  region size 1024K, 2 young (2048K), 2 survivors (2048K)
 Metaspace       used 24370K, capacity 25062K, committed 25216K, reserved 1071104K
  class space    used 3135K, capacity 3353K, committed 3456K, reserved 1048576K
}
Event: 7.794 GC heap before
{Heap before GC invocations=4 (full 0):
 garbage-first heap   total 260096K, used 91116K [0x0000000080000000, 0x0000000100000000)
  region size 1024K, 74 young (75776K), 2 survivors (2048K)
 Metaspace       used 35093K, capacity 35838K, committed 35840K, reserved 1081344K
  class space    used 4550K, capacity 4864K, committed 4864K, reserved 1048576K
}
Event: 7.807 GC heap after
{Heap after GC invocations=5 (full 0):
 garbage-first heap   total 260096K, used 22020K [0x0000000080000000, 0x0000000100000000)
  region size 1024K, 6 young (6144K), 6 survivors (6144K)
 Metaspace       used 35093K, capacity 35838K, committed 35840K, reserved 1081344K
  class space    used 4550K, capacity 4864K, committed 4864K, reserved 1048576K
}
Event: 9.136 GC heap before
{Heap before GC invocations=6 (full 0):
 garbage-first heap   total 260096K, used 124420K [0x0000000080000000, 0x0000000100000000)
  region size 1024K, 103 young (105472K), 6 survivors (6144K)
 Metaspace       used 42965K, capacity 44093K, committed 44288K, reserved 1087488K
  class space    used 5476K, capacity 5856K, committed 5888K, reserved 1048576K
}
Event: 9.145 GC heap after
{Heap after GC invocations=7 (full 0):
 garbage-first heap   total 260096K, used 28437K [0x0000000080000000, 0x0000000100000000)
  region size 1024K, 12 young (12288K), 12 survivors (12288K)
 Metaspace       used 42965K, capacity 44093K, committed 44288K, reserved 1087488K
  class space    used 5476K, capacity 5856K, committed 5888K, reserved 1048576K
}

Deoptimization events (20 events):
Event: 10.226 Thread 0x000001ecc4688000 DEOPT PACKING pc=0x000001ecb299d26c sp=0x000000c220af9500
Event: 10.226 Thread 0x000001ecc4688000 DEOPT UNPACKING pc=0x000001ecaac885af sp=0x000000c220af9350 mode 2
Event: 10.241 Thread 0x000001ecc4688000 Uncommon trap: trap_request=0xffffffbe fr.pc=0x000001ecb299d26c relative=0x000000000000090c
Event: 10.241 Thread 0x000001ecc4688000 Uncommon trap: reason=profile_predicate action=maybe_recompile pc=0x000001ecb299d26c method=java.util.stream.ReferencePipeline.forEachWithCancel(Ljava/util/Spliterator;Ljava/util/stream/Sink;)Z @ 8 c2
Event: 10.241 Thread 0x000001ecc4688000 DEOPT PACKING pc=0x000001ecb299d26c sp=0x000000c220af9180
Event: 10.241 Thread 0x000001ecc4688000 DEOPT UNPACKING pc=0x000001ecaac885af sp=0x000000c220af8fd0 mode 2
Event: 11.013 Thread 0x000001ecc3256800 Uncommon trap: trap_request=0xffffffbe fr.pc=0x000001ecb299d26c relative=0x000000000000090c
Event: 11.013 Thread 0x000001ecc3256800 Uncommon trap: reason=profile_predicate action=maybe_recompile pc=0x000001ecb299d26c method=java.util.stream.ReferencePipeline.forEachWithCancel(Ljava/util/Spliterator;Ljava/util/stream/Sink;)Z @ 8 c2
Event: 11.013 Thread 0x000001ecc3256800 DEOPT PACKING pc=0x000001ecb299d26c sp=0x000000c2204fe990
Event: 11.013 Thread 0x000001ecc3256800 DEOPT UNPACKING pc=0x000001ecaac885af sp=0x000000c2204fe7f8 mode 2
Event: 11.259 Thread 0x000001ecc4688000 Uncommon trap: trap_request=0xffffffbe fr.pc=0x000001ecb299ef2c relative=0x00000000000007ec
Event: 11.259 Thread 0x000001ecc4688000 Uncommon trap: reason=profile_predicate action=maybe_recompile pc=0x000001ecb299ef2c method=java.util.stream.ReferencePipeline.forEachWithCancel(Ljava/util/Spliterator;Ljava/util/stream/Sink;)Z @ 8 c2
Event: 11.259 Thread 0x000001ecc4688000 DEOPT PACKING pc=0x000001ecb299ef2c sp=0x000000c220af8d80
Event: 11.259 Thread 0x000001ecc4688000 DEOPT UNPACKING pc=0x000001ecaac885af sp=0x000000c220af8c48 mode 2
Event: 13.959 Thread 0x000001ecc4688000 DEOPT PACKING pc=0x000001ecab8998f4 sp=0x000000c220afa100
Event: 13.959 Thread 0x000001ecc4688000 DEOPT UNPACKING pc=0x000001ecaacc9d0e sp=0x000000c220af96a0 mode 0
Event: 13.962 Thread 0x000001ecc4688000 DEOPT PACKING pc=0x000001ecab8998f4 sp=0x000000c220afa100
Event: 13.962 Thread 0x000001ecc4688000 DEOPT UNPACKING pc=0x000001ecaacc9d0e sp=0x000000c220af96a0 mode 0
Event: 14.008 Thread 0x000001ecc3201000 DEOPT PACKING pc=0x000001ecab5426fa sp=0x000000c220efe210
Event: 14.008 Thread 0x000001ecc3201000 DEOPT UNPACKING pc=0x000001ecaacc9d0e sp=0x000000c220efd648 mode 0

Classes redefined (0 events):
No events

Internal exceptions (20 events):
Event: 9.072 Thread 0x000001ecc4688000 Exception <a 'java/lang/ClassNotFoundException'{0x0000000089ce1ee0}: org/gradle/api/internal/project/ProjectScriptCustomizer> (0x0000000089ce1ee0) thrown at [./src/hotspot/share/classfile/systemDictionary.cpp, line 231]
Event: 9.073 Thread 0x000001ecc4688000 Exception <a 'java/lang/ClassNotFoundException'{0x0000000089cfd398}: build_d9lq5wvw95hot3au2btxtur1eCustomizer> (0x0000000089cfd398) thrown at [./src/hotspot/share/classfile/systemDictionary.cpp, line 231]
Event: 9.082 Thread 0x000001ecc4688000 Exception <a 'java/lang/ClassNotFoundException'{0x0000000089b8f028}: org/gradle/api/internal/initialization/DefaultScriptHandlerBeanInfo> (0x0000000089b8f028) thrown at [./src/hotspot/share/classfile/systemDictionary.cpp, line 231]
Event: 9.083 Thread 0x000001ecc4688000 Exception <a 'java/lang/ClassNotFoundException'{0x0000000089bb7fe0}: org/gradle/api/internal/initialization/DefaultScriptHandlerCustomizer> (0x0000000089bb7fe0) thrown at [./src/hotspot/share/classfile/systemDictionary.cpp, line 231]
Event: 9.181 Thread 0x000001ecc4688000 Exception <a 'java/lang/ClassNotFoundException'{0x000000008fadf6d0}: org/gradle/api/internal/artifacts/dsl/dependencies/DefaultDependencyHandler_DecoratedBeanInfo> (0x000000008fadf6d0) thrown at [./src/hotspot/share/classfile/systemDictionary.cpp, line 231]
Event: 9.182 Thread 0x000001ecc4688000 Exception <a 'java/lang/ClassNotFoundException'{0x000000008f91dd60}: org/gradle/api/internal/artifacts/dsl/dependencies/DefaultDependencyHandlerBeanInfo> (0x000000008f91dd60) thrown at [./src/hotspot/share/classfile/systemDictionary.cpp, line 231]
Event: 9.183 Thread 0x000001ecc4688000 Exception <a 'java/lang/ClassNotFoundException'{0x000000008f95c268}: org/gradle/api/internal/artifacts/dsl/dependencies/DefaultDependencyHandlerCustomizer> (0x000000008f95c268) thrown at [./src/hotspot/share/classfile/systemDictionary.cpp, line 231]
Event: 9.187 Thread 0x000001ecc4688000 Exception <a 'java/lang/ClassNotFoundException'{0x000000008f9c3890}: org/gradle/api/internal/artifacts/dsl/dependencies/DefaultDependencyHandler_DecoratedCustomizer> (0x000000008f9c3890) thrown at [./src/hotspot/share/classfile/systemDictionary.cpp, line 231]
Event: 9.205 Thread 0x000001ecc4688000 Exception <a 'java/lang/NoSuchMethodError'{0x000000008f8d22b8}: 'java.lang.Object java.lang.invoke.DirectMethodHandle$Holder.invokeStatic(java.lang.Object, java.lang.Object, int, java.lang.Object)'> (0x000000008f8d22b8) thrown at [./src/hotspot/share/interpreter/linkResolver.cpp, line 773]
Event: 9.206 Thread 0x000001ecc4688000 Exception <a 'java/lang/NoSuchMethodError'{0x000000008f8d9550}: 'java.lang.Object java.lang.invoke.Invokers$Holder.linkToTargetMethod(java.lang.Object, int, java.lang.Object, java.lang.Object)'> (0x000000008f8d9550) thrown at [./src/hotspot/share/interpreter/linkResolver.cpp, line 773]
Event: 9.402 Thread 0x000001ecc4688000 Exception <a 'java/lang/NoSuchMethodError'{0x000000008e66f080}: 'java.lang.Object java.lang.invoke.DelegatingMethodHandle$Holder.reinvoke_L(java.lang.Object, java.lang.Object, java.lang.Object, java.lang.Object, java.lang.Object, java.lang.Object, java.lang.Object, java.lang.Object, java.lang.Object, java.lang.Object, java.lang.Object, java.lang.Object, java.lang.Object, java.lang.Object, java.lang.Object, java.lang.Object, java.lang.Object, java.lang.Object, java.lang.Object, java.lang.Object, java.lang.O
Event: 9.403 Thread 0x000001ecc4688000 Exception <a 'java/lang/NoSuchMethodError'{0x000000008e67aa88}: 'java.lang.Object java.lang.invoke.DirectMethodHandle$Holder.invokeSpecial(java.lang.Object, java.lang.Object, java.lang.Object, java.lang.Object, java.lang.Object, java.lang.Object, java.lang.Object, java.lang.Object, java.lang.Object, java.lang.Object, java.lang.Object, java.lang.Object, java.lang.Object, java.lang.Object, java.lang.Object, java.lang.Object, java.lang.Object, java.lang.Object, java.lang.Object, java.lang.Object, java.lang.Ob
Event: 9.404 Thread 0x000001ecc4688000 Exception <a 'java/lang/NoSuchMethodError'{0x000000008e6c4640}: 'java.lang.Object java.lang.invoke.Invokers$Holder.invoker(java.lang.Object, java.lang.Object, java.lang.Object, java.lang.Object, java.lang.Object, java.lang.Object, java.lang.Object, java.lang.Object, java.lang.Object, java.lang.Object, java.lang.Object, java.lang.Object, java.lang.Object, java.lang.Object, java.lang.Object, java.lang.Object, java.lang.Object, java.lang.Object, java.lang.Object, java.lang.Object, java.lang.Object)'> (0x00000
Event: 9.404 Thread 0x000001ecc4688000 Exception <a 'java/lang/NoSuchMethodError'{0x000000008e6cb9b0}: 'java.lang.Object java.lang.invoke.DelegatingMethodHandle$Holder.delegate(java.lang.Object, java.lang.Object, java.lang.Object, java.lang.Object, java.lang.Object, java.lang.Object, java.lang.Object, java.lang.Object, java.lang.Object, java.lang.Object, java.lang.Object, java.lang.Object, java.lang.Object, java.lang.Object, java.lang.Object, java.lang.Object, java.lang.Object, java.lang.Object, java.lang.Object, java.lang.Object, java.lang.Obj
Event: 9.411 Thread 0x000001ecc4688000 Exception <a 'java/lang/NoSuchMethodError'{0x000000008e514d00}: 'java.lang.Object java.lang.invoke.DirectMethodHandle$Holder.invokeStatic(java.lang.Object, java.lang.Object, java.lang.Object, java.lang.Object, java.lang.Object, java.lang.Object, java.lang.Object, java.lang.Object, java.lang.Object, java.lang.Object, java.lang.Object, java.lang.Object, java.lang.Object, java.lang.Object, java.lang.Object)'> (0x000000008e514d00) thrown at [./src/hotspot/share/interpreter/linkResolver.cpp, line 773]
Event: 9.413 Thread 0x000001ecc4688000 Exception <a 'java/lang/NoSuchMethodError'{0x000000008e525338}: 'java.lang.Object java.lang.invoke.DirectMethodHandle$Holder.invokeStatic(java.lang.Object, java.lang.Object, java.lang.Object, java.lang.Object, java.lang.Object, java.lang.Object, java.lang.Object, java.lang.Object, java.lang.Object, java.lang.Object, java.lang.Object, java.lang.Object, java.lang.Object, java.lang.Object, java.lang.Object, java.lang.Object)'> (0x000000008e525338) thrown at [./src/hotspot/share/interpreter/linkResolver.cpp, l
Event: 9.414 Thread 0x000001ecc4688000 Exception <a 'java/lang/NoSuchMethodError'{0x000000008e535880}: 'java.lang.Object java.lang.invoke.DelegatingMethodHandle$Holder.reinvoke_L(java.lang.Object, java.lang.Object, java.lang.Object, java.lang.Object, java.lang.Object, java.lang.Object, java.lang.Object, java.lang.Object, java.lang.Object, java.lang.Object, java.lang.Object, java.lang.Object, java.lang.Object, java.lang.Object, java.lang.Object, java.lang.Object, java.lang.Object, java.lang.Object, java.lang.Object, java.lang.Object)'> (0x000000
Event: 9.461 Thread 0x000001ecc4688000 Exception <a 'java/lang/IncompatibleClassChangeError'{0x000000008e2a2f98}: Found class java.lang.Object, but interface was expected> (0x000000008e2a2f98) thrown at [./src/hotspot/share/interpreter/linkResolver.cpp, line 839]
Event: 9.593 Thread 0x000001ecc4688000 Exception <a 'java/lang/NoSuchMethodError'{0x000000008d908610}: 'int java.lang.invoke.DirectMethodHandle$Holder.invokeStaticInit(java.lang.Object)'> (0x000000008d908610) thrown at [./src/hotspot/share/interpreter/linkResolver.cpp, line 773]
Event: 10.050 Thread 0x000001ecc4688000 Exception <a 'java/lang/NoSuchMethodError'{0x000000008cee11c0}: 'void java.lang.invoke.DirectMethodHandle$Holder.invokeStatic(java.lang.Object, java.lang.Object, java.lang.Object, int, java.lang.Object)'> (0x000000008cee11c0) thrown at [./src/hotspot/share/interpreter/linkResolver.cpp, line 773]

Events (20 events):
Event: 14.887 loading class org/gradle/internal/snapshot/FileSystemSnapshot$1
Event: 14.887 loading class org/gradle/internal/snapshot/FileSystemSnapshot$1 done
Event: 14.887 loading class org/gradle/internal/fingerprint/classpath/impl/ClasspathFingerprintingStrategy$ClasspathFingerprintingVisitor
Event: 14.887 loading class org/gradle/internal/fingerprint/classpath/impl/ClasspathFingerprintingStrategy$ClasspathFingerprintingVisitor done
Event: 14.888 loading class org/gradle/api/internal/changedetection/state/RegularFileSnapshotContext
Event: 14.888 loading class org/gradle/api/internal/changedetection/state/RegularFileSnapshotContext done
Event: 14.889 loading class org/gradle/internal/fingerprint/classpath/impl/ClasspathFingerprintingStrategy$ClasspathFingerprintingVisitor$1
Event: 14.889 loading class org/gradle/internal/fingerprint/classpath/impl/ClasspathFingerprintingStrategy$ClasspathFingerprintingVisitor$1 done
Event: 14.889 loading class org/gradle/api/internal/changedetection/state/DefaultRegularFileSnapshotContext
Event: 14.889 loading class org/gradle/api/internal/changedetection/state/DefaultRegularFileSnapshotContext done
Event: 14.890 loading class org/gradle/internal/RelativePathSupplier
Event: 14.890 loading class org/gradle/internal/RelativePathSupplier done
Event: 14.890 loading class org/gradle/internal/RelativePathSupplier
Event: 14.890 loading class org/gradle/internal/RelativePathSupplier done
Event: 14.894 loading class org/gradle/internal/fingerprint/impl/IgnoredPathFileSystemLocationFingerprint
Event: 14.894 loading class org/gradle/internal/fingerprint/impl/IgnoredPathFileSystemLocationFingerprint done
Event: 14.895 loading class org/gradle/internal/fingerprint/impl/IgnoredPathFileSystemLocationFingerprint$1
Event: 14.895 loading class org/gradle/internal/fingerprint/impl/IgnoredPathFileSystemLocationFingerprint$1 done
Event: 14.896 loading class org/gradle/internal/snapshot/SnapshotVisitResult
Event: 14.896 loading class org/gradle/internal/snapshot/SnapshotVisitResult done


Dynamic libraries:
0x00007ff65af10000 - 0x00007ff65af1a000 	C:\Program Files\Android\Android Studio\jre\bin\java.exe
0x00007ff8b3a90000 - 0x00007ff8b3c88000 	C:\WINDOWS\SYSTEM32\ntdll.dll
0x00007ff8b29b0000 - 0x00007ff8b2a6d000 	C:\WINDOWS\System32\KERNEL32.DLL
0x00007ff8b12c0000 - 0x00007ff8b158e000 	C:\WINDOWS\System32\KERNELBASE.dll
0x00007ff8b1610000 - 0x00007ff8b1710000 	C:\WINDOWS\System32\ucrtbase.dll
0x00007ff88e1a0000 - 0x00007ff88e1b7000 	C:\Program Files\Android\Android Studio\jre\bin\VCRUNTIME140.dll
0x00007ff88e180000 - 0x00007ff88e199000 	C:\Program Files\Android\Android Studio\jre\bin\jli.dll
0x00007ff8b2c60000 - 0x00007ff8b2e00000 	C:\WINDOWS\System32\USER32.dll
0x00007ff8b1a50000 - 0x00007ff8b1a72000 	C:\WINDOWS\System32\win32u.dll
0x00007ff8b2980000 - 0x00007ff8b29aa000 	C:\WINDOWS\System32\GDI32.dll
0x00007ff8b11b0000 - 0x00007ff8b12bb000 	C:\WINDOWS\System32\gdi32full.dll
0x00007ff8b1900000 - 0x00007ff8b199d000 	C:\WINDOWS\System32\msvcp_win.dll
0x00007ff8a0920000 - 0x00007ff8a0bba000 	C:\WINDOWS\WinSxS\amd64_microsoft.windows.common-controls_6595b64144ccf1df_6.0.19041.1110_none_60b5254171f9507e\COMCTL32.dll
0x00007ff8b2bc0000 - 0x00007ff8b2c5e000 	C:\WINDOWS\System32\msvcrt.dll
0x00007ff8b2a70000 - 0x00007ff8b2aa0000 	C:\WINDOWS\System32\IMM32.DLL
0x00007ff88e0e0000 - 0x00007ff88e17d000 	C:\Program Files\Android\Android Studio\jre\bin\msvcp140.dll
0x00007ff8310f0000 - 0x00007ff831bd5000 	C:\Program Files\Android\Android Studio\jre\bin\server\jvm.dll
0x00007ff8b2e00000 - 0x00007ff8b2eae000 	C:\WINDOWS\System32\ADVAPI32.dll
0x00007ff8b1de0000 - 0x00007ff8b1e7c000 	C:\WINDOWS\System32\sechost.dll
0x00007ff8b2030000 - 0x00007ff8b2155000 	C:\WINDOWS\System32\RPCRT4.dll
0x00007ff8b1af0000 - 0x00007ff8b1af8000 	C:\WINDOWS\System32\PSAPI.DLL
0x00007ff8a0230000 - 0x00007ff8a0257000 	C:\WINDOWS\SYSTEM32\WINMM.dll
0x00007ff8a8740000 - 0x00007ff8a874a000 	C:\WINDOWS\SYSTEM32\VERSION.dll
0x00007ff893f80000 - 0x00007ff893f89000 	C:\WINDOWS\SYSTEM32\WSOCK32.dll
0x00007ff8b3980000 - 0x00007ff8b39eb000 	C:\WINDOWS\System32\WS2_32.dll
0x00007ff8afa40000 - 0x00007ff8afa52000 	C:\WINDOWS\SYSTEM32\kernel.appcore.dll
0x00007ff86b2a0000 - 0x00007ff86b2b1000 	C:\Program Files\Android\Android Studio\jre\bin\verify.dll
0x00007ff8af040000 - 0x00007ff8af224000 	C:\WINDOWS\SYSTEM32\DBGHELP.DLL
0x00007ff89e5a0000 - 0x00007ff89e5cc000 	C:\WINDOWS\SYSTEM32\dbgcore.DLL
0x00007ff8b1870000 - 0x00007ff8b18f2000 	C:\WINDOWS\System32\bcryptPrimitives.dll
0x00007ff86b270000 - 0x00007ff86b299000 	C:\Program Files\Android\Android Studio\jre\bin\java.dll
0x00007ff86b310000 - 0x00007ff86b31b000 	C:\Program Files\Android\Android Studio\jre\bin\jimage.dll
0x00007ff86b250000 - 0x00007ff86b268000 	C:\Program Files\Android\Android Studio\jre\bin\zip.dll
0x00007ff8b2160000 - 0x00007ff8b28a4000 	C:\WINDOWS\System32\SHELL32.dll
0x00007ff8af290000 - 0x00007ff8afa24000 	C:\WINDOWS\SYSTEM32\windows.storage.dll
0x00007ff8b2f60000 - 0x00007ff8b32b4000 	C:\WINDOWS\System32\combase.dll
0x00007ff8b0c10000 - 0x00007ff8b0c40000 	C:\WINDOWS\SYSTEM32\Wldp.dll
0x00007ff8b3760000 - 0x00007ff8b380d000 	C:\WINDOWS\System32\SHCORE.dll
0x00007ff8b28c0000 - 0x00007ff8b2915000 	C:\WINDOWS\System32\shlwapi.dll
0x00007ff8b10f0000 - 0x00007ff8b110f000 	C:\WINDOWS\SYSTEM32\profapi.dll
0x00007ff86b330000 - 0x00007ff86b34a000 	C:\Program Files\Android\Android Studio\jre\bin\net.dll
0x00007ff8abd20000 - 0x00007ff8abe2a000 	C:\WINDOWS\SYSTEM32\WINHTTP.dll
0x00007ff8b0970000 - 0x00007ff8b09da000 	C:\WINDOWS\system32\mswsock.dll
0x00007ff839bb0000 - 0x00007ff839bc4000 	C:\Program Files\Android\Android Studio\jre\bin\nio.dll
0x00007ff89b3e0000 - 0x00007ff89b407000 	C:\Users\min20\.gradle\native\8bec1ad78214c89d9ad589b4d07fe93259594b29d510b10fafb7a158f7737e5d\windows-amd64\native-platform.dll
0x00007ff88a140000 - 0x00007ff88a27d000 	C:\Users\min20\.gradle\native\53dbd7edfb1c66fb8903c78663c9afc45aea4f116125fa6feffd364cf09443e8\windows-amd64\native-platform-file-events.dll
0x00007ff86b240000 - 0x00007ff86b24a000 	C:\Program Files\Android\Android Studio\jre\bin\management.dll
0x00007ff8522c0000 - 0x00007ff8522cd000 	C:\Program Files\Android\Android Studio\jre\bin\management_ext.dll
0x00007ff8b0b70000 - 0x00007ff8b0b88000 	C:\WINDOWS\SYSTEM32\CRYPTSP.dll
0x00007ff8b0280000 - 0x00007ff8b02b4000 	C:\WINDOWS\system32\rsaenh.dll
0x00007ff8b15e0000 - 0x00007ff8b1607000 	C:\WINDOWS\System32\bcrypt.dll
0x00007ff8b1070000 - 0x00007ff8b109e000 	C:\WINDOWS\SYSTEM32\USERENV.dll
0x00007ff8b0b60000 - 0x00007ff8b0b6c000 	C:\WINDOWS\SYSTEM32\CRYPTBASE.dll
0x00007ff8b0610000 - 0x00007ff8b064b000 	C:\WINDOWS\SYSTEM32\IPHLPAPI.DLL
0x00007ff8b32c0000 - 0x00007ff8b32c8000 	C:\WINDOWS\System32\NSI.dll
0x00007ff8a89c0000 - 0x00007ff8a89d7000 	C:\WINDOWS\SYSTEM32\dhcpcsvc6.DLL
0x00007ff8a9200000 - 0x00007ff8a921d000 	C:\WINDOWS\SYSTEM32\dhcpcsvc.DLL
0x00007ff8b06b0000 - 0x00007ff8b077b000 	C:\WINDOWS\SYSTEM32\DNSAPI.dll

dbghelp: loaded successfully - version: 4.0.5 - missing functions: none
symbol engine: initialized successfully - sym options: 0x614 - pdb path: .;C:\Program Files\Android\Android Studio\jre\bin;C:\WINDOWS\SYSTEM32;C:\WINDOWS\WinSxS\amd64_microsoft.windows.common-controls_6595b64144ccf1df_6.0.19041.1110_none_60b5254171f9507e;C:\Program Files\Android\Android Studio\jre\bin\server;C:\Users\min20\.gradle\native\8bec1ad78214c89d9ad589b4d07fe93259594b29d510b10fafb7a158f7737e5d\windows-amd64;C:\Users\min20\.gradle\native\53dbd7edfb1c66fb8903c78663c9afc45aea4f116125fa6feffd364cf09443e8\windows-amd64

VM Arguments:
jvm_args: --add-opens=java.base/java.util=ALL-UNNAMED --add-opens=java.base/java.lang=ALL-UNNAMED --add-opens=java.base/java.lang.invoke=ALL-UNNAMED --add-opens=java.base/java.util=ALL-UNNAMED --add-opens=java.prefs/java.util.prefs=ALL-UNNAMED --add-opens=java.prefs/java.util.prefs=ALL-UNNAMED --add-opens=java.base/java.nio.charset=ALL-UNNAMED --add-opens=java.base/java.net=ALL-UNNAMED --add-opens=java.base/java.util.concurrent.atomic=ALL-UNNAMED -Xmx2048m -Dfile.encoding=UTF-8 -Duser.country=KR -Duser.language=ko -Duser.variant 
java_command: org.gradle.launcher.daemon.bootstrap.GradleDaemon 7.0.2
java_class_path (initial): C:\Users\min20\.gradle\wrapper\dists\gradle-7.0.2-bin\857tjihv64xamwrf0h14cai3r\gradle-7.0.2\lib\gradle-launcher-7.0.2.jar
Launcher Type: SUN_STANDARD

[Global flags]
     intx CICompilerCount                          = 4                                         {product} {ergonomic}
     uint ConcGCThreads                            = 2                                         {product} {ergonomic}
     uint G1ConcRefinementThreads                  = 8                                         {product} {ergonomic}
   size_t G1HeapRegionSize                         = 1048576                                   {product} {ergonomic}
    uintx GCDrainStackTargetSize                   = 64                                        {product} {ergonomic}
   size_t InitialHeapSize                          = 266338304                                 {product} {ergonomic}
   size_t MarkStackSize                            = 4194304                                   {product} {ergonomic}
   size_t MaxHeapSize                              = 2147483648                                {product} {command line}
   size_t MaxNewSize                               = 1287651328                                {product} {ergonomic}
   size_t MinHeapDeltaBytes                        = 1048576                                   {product} {ergonomic}
    uintx NonNMethodCodeHeapSize                   = 5836300                                {pd product} {ergonomic}
    uintx NonProfiledCodeHeapSize                  = 122910970                              {pd product} {ergonomic}
    uintx ProfiledCodeHeapSize                     = 122910970                              {pd product} {ergonomic}
    uintx ReservedCodeCacheSize                    = 251658240                              {pd product} {ergonomic}
     bool SegmentedCodeCache                       = true                                      {product} {ergonomic}
     bool UseCompressedClassPointers               = true                                 {lp64_product} {ergonomic}
     bool UseCompressedOops                        = true                                 {lp64_product} {ergonomic}
     bool UseG1GC                                  = true                                      {product} {ergonomic}
     bool UseLargePagesIndividualAllocation        = false                                  {pd product} {ergonomic}

Logging:
Log output configuration:
 #0: stdout all=warning uptime,level,tags
 #1: stderr all=off uptime,level,tags

Environment Variables:
JAVA_HOME=C:\Program Files\Java\jdk-11.0.10
PATH=C:\Program Files\Common Files\Oracle\Java\javapath;C:\Program Files (x86)\Common Files\Oracle\Java\javapath;C:\windows\system32;C:\windows;C:\windows\System32\Wbem;C:\windows\System32\WindowsPowerShell\v1.0\;C:\windows\System32\OpenSSH\;C:\Program Files (x86)\NVIDIA Corporation\PhysX\Common;C:\Program Files\NVIDIA Corporation\NVIDIA NvDLISR;C:\Program Files\Intel\WiFi\bin\;C:\Program Files\Common Files\Intel\WirelessCommon\;C:\Users\min20\miniconda3\Scripts;C:\Program Files\Git\cmd;C:\Users\min20\devtool\apache-maven-3.6.3-bin\apache-maven-3.6.3\bin;C:\Users\min20\devtool\gradle-6.0-all\gradle-6.0\bin;C:\Program Files\Java\jdk1.8.0_271\bin;C:\Program Files\Java\jdk1.8.0_271\bin;C:\WINDOWS\system32;C:\WINDOWS;C:\WINDOWS\System32\Wbem;C:\WINDOWS\System32\WindowsPowerShell\v1.0\;C:\WINDOWS\System32\OpenSSH\;C:\MinGW\bin;C:\FlutterSDK\flutter\bin;C:\Program Files\nodejs\;C:\Users\min20\AppData\Local\Microsoft\WindowsApps;C:\users\min20\miniconda3\lib\site-packages (1.0.2);C:\Program Files\MySQL\MySQL Shell 8.0\bin\;C:\Users\min20\devtool\apache-maven-3.6.3-bin\apache-maven-3.6.3\bin;C:\Program Files\Java\jdk1.8.0_271\bin;C:\Users\min20\AppData\Local\atom\bin;C:\Users\min20\AppData\Local\Programs\Microsoft VS Code\bin;C:\Users\min20\AppData\Local\Microsoft\WindowsApps;C:\MinGW\bin;C:\Users\min20\AppData\Roaming\npm;C:\Users\min20\AppData\Local\GitHubDesktop\bin
USERNAME=min20
OS=Windows_NT
PROCESSOR_IDENTIFIER=Intel64 Family 6 Model 126 Stepping 5, GenuineIntel



---------------  S Y S T E M  ---------------

OS: Windows 10 , 64 bit Build 19041 (10.0.19041.1806)
OS uptime: 0 days 0:54 hours

CPU:total 8 (initial active 8) (4 cores per cpu, 2 threads per core) family 6 model 126 stepping 5 microcode 0xa0, cmov, cx8, fxsr, mmx, sse, sse2, sse3, ssse3, sse4.1, sse4.2, popcnt, avx, avx2, aes, clmul, erms, 3dnowpref, lzcnt, ht, tsc, tscinvbit, bmi1, bmi2, adx, evex, sha, fma

Memory: 4k page, system-wide physical 16145M (1970M free)
TotalPageFile size 17486M (AvailPageFile size 0M)
current process WorkingSet (physical memory assigned to process): 287M, peak: 326M
current process commit charge ("private bytes"): 441M, peak: 482M

vm_info: OpenJDK 64-Bit Server VM (11.0.12+7-b1504.28-7817840) for windows-amd64 JRE (11.0.12+7-b1504.28-7817840), built on Oct 13 2021 22:12:33 by "builder" with MS VC++ 14.0 (VS2015)

END.
